2019-12-31 17:36:47,736 [INFO] Initialized logging. log_filename = results_additional_exps/ann_depth_ids18_subset_layers_8/run_log.log
2019-12-31 17:36:47,736 [INFO] ================= Running experiment no. 8  ================= 

2019-12-31 17:36:47,736 [INFO] Experiment parameters given below
2019-12-31 17:36:47,736 [INFO] 
{'experiment_num': 8, 'results_dir': 'results_additional_exps/ann_depth_ids18_subset_layers_8', 'model_type': 'classifier', 'model': 'ann', 'normal_label': 'BENIGN', 'training_data_feed': 'preload', 'scaling_type': 'NA', 'ann_layer_units': [600, 500, 400, 256, 128, 64, 32, 16], 'ann_layer_activations': ['relu', 'relu', 'relu', 'relu', 'relu', 'relu', 'relu', 'relu', 'relu', 'relu'], 'ann_layer_dropout_rates': [0.2, 0.2, 0.2, 0.2, 0.2, 0.2, 0.2, 0.2, 0.2, 0.2], 'epochs': 200, 'early_stop_patience': 50, 'batch_size': 256, 'training_set': 'train_set_only', 'dataset_dir': '../Datasets/small_datasets/ids2018', 'description': 'ann_depth_ids18_subset_layers_8'}
2019-12-31 17:36:47,736 [INFO] Created tensorboard log directory: results_additional_exps/ann_depth_ids18_subset_layers_8/tf_logs_run_2019_12_31-17_36_47
2019-12-31 17:36:47,736 [INFO] Loading datsets from: ../Datasets/small_datasets/ids2018
2019-12-31 17:36:47,736 [INFO] Reading X, y files
2019-12-31 17:36:47,736 [INFO] Reading HDF dataset ../Datasets/small_datasets/ids2018/X_train.h5
2019-12-31 17:36:52,262 [INFO] Reading complete. time_to_read=4.53 seconds
2019-12-31 17:36:52,262 [INFO] Reading HDF dataset ../Datasets/small_datasets/ids2018/X_val.h5
2019-12-31 17:36:53,811 [INFO] Reading complete. time_to_read=1.55 seconds
2019-12-31 17:36:53,811 [INFO] Reading HDF dataset ../Datasets/small_datasets/ids2018/X_test.h5
2019-12-31 17:36:55,359 [INFO] Reading complete. time_to_read=1.55 seconds
2019-12-31 17:36:55,359 [INFO] Reading HDF dataset ../Datasets/small_datasets/ids2018/y_train.h5
2019-12-31 17:36:55,626 [INFO] Reading complete. time_to_read=0.27 seconds
2019-12-31 17:36:55,626 [INFO] Reading HDF dataset ../Datasets/small_datasets/ids2018/y_val.h5
2019-12-31 17:36:55,711 [INFO] Reading complete. time_to_read=0.09 seconds
2019-12-31 17:36:55,712 [INFO] Reading HDF dataset ../Datasets/small_datasets/ids2018/y_test.h5
2019-12-31 17:36:55,798 [INFO] Reading complete. time_to_read=0.09 seconds
2019-12-31 17:36:59,698 [INFO] Initializing model
2019-12-31 17:37:00,353 [INFO] _________________________________________________________________
2019-12-31 17:37:00,353 [INFO] Layer (type)                 Output Shape              Param #   
2019-12-31 17:37:00,353 [INFO] =================================================================
2019-12-31 17:37:00,353 [INFO] dense_36 (Dense)             (None, 600)               46800     
2019-12-31 17:37:00,354 [INFO] _________________________________________________________________
2019-12-31 17:37:00,354 [INFO] batch_normalization_29 (Batc (None, 600)               2400      
2019-12-31 17:37:00,354 [INFO] _________________________________________________________________
2019-12-31 17:37:00,354 [INFO] dropout_29 (Dropout)         (None, 600)               0         
2019-12-31 17:37:00,354 [INFO] _________________________________________________________________
2019-12-31 17:37:00,354 [INFO] dense_37 (Dense)             (None, 500)               300500    
2019-12-31 17:37:00,354 [INFO] _________________________________________________________________
2019-12-31 17:37:00,354 [INFO] batch_normalization_30 (Batc (None, 500)               2000      
2019-12-31 17:37:00,354 [INFO] _________________________________________________________________
2019-12-31 17:37:00,354 [INFO] dropout_30 (Dropout)         (None, 500)               0         
2019-12-31 17:37:00,354 [INFO] _________________________________________________________________
2019-12-31 17:37:00,354 [INFO] dense_38 (Dense)             (None, 400)               200400    
2019-12-31 17:37:00,354 [INFO] _________________________________________________________________
2019-12-31 17:37:00,354 [INFO] batch_normalization_31 (Batc (None, 400)               1600      
2019-12-31 17:37:00,354 [INFO] _________________________________________________________________
2019-12-31 17:37:00,354 [INFO] dropout_31 (Dropout)         (None, 400)               0         
2019-12-31 17:37:00,354 [INFO] _________________________________________________________________
2019-12-31 17:37:00,355 [INFO] dense_39 (Dense)             (None, 256)               102656    
2019-12-31 17:37:00,355 [INFO] _________________________________________________________________
2019-12-31 17:37:00,355 [INFO] batch_normalization_32 (Batc (None, 256)               1024      
2019-12-31 17:37:00,355 [INFO] _________________________________________________________________
2019-12-31 17:37:00,355 [INFO] dropout_32 (Dropout)         (None, 256)               0         
2019-12-31 17:37:00,355 [INFO] _________________________________________________________________
2019-12-31 17:37:00,355 [INFO] dense_40 (Dense)             (None, 128)               32896     
2019-12-31 17:37:00,355 [INFO] _________________________________________________________________
2019-12-31 17:37:00,355 [INFO] batch_normalization_33 (Batc (None, 128)               512       
2019-12-31 17:37:00,355 [INFO] _________________________________________________________________
2019-12-31 17:37:00,355 [INFO] dropout_33 (Dropout)         (None, 128)               0         
2019-12-31 17:37:00,355 [INFO] _________________________________________________________________
2019-12-31 17:37:00,355 [INFO] dense_41 (Dense)             (None, 64)                8256      
2019-12-31 17:37:00,355 [INFO] _________________________________________________________________
2019-12-31 17:37:00,355 [INFO] batch_normalization_34 (Batc (None, 64)                256       
2019-12-31 17:37:00,355 [INFO] _________________________________________________________________
2019-12-31 17:37:00,355 [INFO] dropout_34 (Dropout)         (None, 64)                0         
2019-12-31 17:37:00,356 [INFO] _________________________________________________________________
2019-12-31 17:37:00,356 [INFO] dense_42 (Dense)             (None, 32)                2080      
2019-12-31 17:37:00,356 [INFO] _________________________________________________________________
2019-12-31 17:37:00,356 [INFO] batch_normalization_35 (Batc (None, 32)                128       
2019-12-31 17:37:00,356 [INFO] _________________________________________________________________
2019-12-31 17:37:00,356 [INFO] dropout_35 (Dropout)         (None, 32)                0         
2019-12-31 17:37:00,356 [INFO] _________________________________________________________________
2019-12-31 17:37:00,356 [INFO] dense_43 (Dense)             (None, 16)                528       
2019-12-31 17:37:00,356 [INFO] _________________________________________________________________
2019-12-31 17:37:00,356 [INFO] batch_normalization_36 (Batc (None, 16)                64        
2019-12-31 17:37:00,356 [INFO] _________________________________________________________________
2019-12-31 17:37:00,356 [INFO] dropout_36 (Dropout)         (None, 16)                0         
2019-12-31 17:37:00,356 [INFO] _________________________________________________________________
2019-12-31 17:37:00,356 [INFO] dense_44 (Dense)             (None, 15)                255       
2019-12-31 17:37:00,356 [INFO] =================================================================
2019-12-31 17:37:00,357 [INFO] Total params: 702,355
2019-12-31 17:37:00,357 [INFO] Trainable params: 698,363
2019-12-31 17:37:00,357 [INFO] Non-trainable params: 3,992
2019-12-31 17:37:00,357 [INFO] _________________________________________________________________
2019-12-31 17:37:00,357 [INFO] Training model
2019-12-31 18:49:51,863 [INFO] epoch = 20. Intermediate model saved to results_additional_exps/ann_depth_ids18_subset_layers_8/ann_model_epoch_20.pickle
2019-12-31 19:59:33,441 [INFO] epoch = 40. Intermediate model saved to results_additional_exps/ann_depth_ids18_subset_layers_8/ann_model_epoch_40.pickle
2019-12-31 21:09:15,717 [INFO] epoch = 60. Intermediate model saved to results_additional_exps/ann_depth_ids18_subset_layers_8/ann_model_epoch_60.pickle
2019-12-31 22:18:58,284 [INFO] epoch = 80. Intermediate model saved to results_additional_exps/ann_depth_ids18_subset_layers_8/ann_model_epoch_80.pickle
2019-12-31 23:28:40,466 [INFO] epoch = 100. Intermediate model saved to results_additional_exps/ann_depth_ids18_subset_layers_8/ann_model_epoch_100.pickle
2020-01-01 00:38:22,709 [INFO] epoch = 120. Intermediate model saved to results_additional_exps/ann_depth_ids18_subset_layers_8/ann_model_epoch_120.pickle
2020-01-01 01:48:05,645 [INFO] epoch = 140. Intermediate model saved to results_additional_exps/ann_depth_ids18_subset_layers_8/ann_model_epoch_140.pickle
2020-01-01 02:57:47,461 [INFO] epoch = 160. Intermediate model saved to results_additional_exps/ann_depth_ids18_subset_layers_8/ann_model_epoch_160.pickle
2020-01-01 04:07:30,085 [INFO] epoch = 180. Intermediate model saved to results_additional_exps/ann_depth_ids18_subset_layers_8/ann_model_epoch_180.pickle
2020-01-01 05:14:25,936 [INFO] WeightRestorer::on_train_end(): restoring best weights
2020-01-01 05:17:17,601 [INFO] Last epoch loss evaluation: train_loss = 0.007359, val_loss = 0.007430
2020-01-01 05:17:17,601 [INFO] Training complete. time_to_train = 42017.24 sec, 700.29 min
2020-01-01 05:17:17,621 [INFO] Model saved to results_additional_exps/ann_depth_ids18_subset_layers_8/best_model.pickle
2020-01-01 05:17:17,624 [INFO] Training history saved to: results_additional_exps/ann_depth_ids18_subset_layers_8/training_error_history.csv
2020-01-01 05:17:17,773 [INFO] Plot saved to: results_additional_exps/ann_depth_ids18_subset_layers_8/training_error_history.png
2020-01-01 05:17:17,910 [INFO] Plot saved to: results_additional_exps/ann_depth_ids18_subset_layers_8/training_f1_history.png
2020-01-01 05:17:17,911 [INFO] Making predictions on training, validation, testing data
2020-01-01 05:20:39,701 [INFO] Evaluating predictions (results)
2020-01-01 05:20:51,884 [INFO] Dataset: Testing. Classification report below
2020-01-01 05:20:51,884 [INFO] 
                          precision    recall  f1-score   support

                  Benign       0.99      1.00      0.99    535650
                     Bot       1.00      1.00      1.00     11465
        Brute Force -Web       0.80      0.33      0.47        24
        Brute Force -XSS       1.00      0.33      0.50         9
        DDOS attack-HOIC       1.00      1.00      1.00     27447
    DDOS attack-LOIC-UDP       0.68      1.00      0.81        67
  DDoS attacks-LOIC-HTTP       0.99      1.00      1.00     23010
   DoS attacks-GoldenEye       0.99      1.00      1.00      1651
        DoS attacks-Hulk       1.00      1.00      1.00     18478
DoS attacks-SlowHTTPTest       0.75      0.51      0.61      5596
   DoS attacks-Slowloris       0.96      1.00      0.98       440
          FTP-BruteForce       0.71      0.88      0.79      7718
           Infilteration       0.48      0.01      0.02      6404
           SQL Injection       0.00      0.00      0.00         4
          SSH-Bruteforce       1.00      1.00      1.00      7525

               micro avg       0.98      0.98      0.98    645488
               macro avg       0.82      0.74      0.74    645488
            weighted avg       0.98      0.98      0.98    645488

2020-01-01 05:20:51,884 [INFO] Overall accuracy (micro avg): 0.9839454800089235
2020-01-01 05:21:05,720 [INFO] Average metrics for Testing dataset below
   average type  avg accuracy  avg precision  avg detection rate (recall)  avg false alarm rate  avg false negative rate  avg f1
0     Micro avg        0.9839         0.9839                       0.9839                0.0011                   0.0161  0.9839
1     Macro avg        0.9979         0.8239                       0.7372                0.0043                   0.2628  0.7438
2  Weighted avg        0.9912         0.9791                       0.9839                0.0485                   0.0161  0.9789
2020-01-01 05:21:17,885 [INFO] Dataset: Validation. Classification report below
2020-01-01 05:21:17,885 [INFO] 
                          precision    recall  f1-score   support

                  Benign       0.99      1.00      0.99    535650
                     Bot       1.00      1.00      1.00     11465
        Brute Force -Web       0.86      0.48      0.62        25
        Brute Force -XSS       1.00      0.67      0.80         9
        DDOS attack-HOIC       1.00      1.00      1.00     27447
    DDOS attack-LOIC-UDP       0.74      0.99      0.84        68
  DDoS attacks-LOIC-HTTP       0.99      1.00      1.00     23009
   DoS attacks-GoldenEye       1.00      1.00      1.00      1651
        DoS attacks-Hulk       1.00      1.00      1.00     18478
DoS attacks-SlowHTTPTest       0.76      0.51      0.61      5596
   DoS attacks-Slowloris       0.95      1.00      0.97       439
          FTP-BruteForce       0.71      0.89      0.79      7718
           Infilteration       0.46      0.01      0.02      6403
           SQL Injection       0.00      0.00      0.00         4
          SSH-Bruteforce       1.00      1.00      1.00      7525

               micro avg       0.98      0.98      0.98    645487
               macro avg       0.83      0.77      0.78    645487
            weighted avg       0.98      0.98      0.98    645487

2020-01-01 05:21:17,885 [INFO] Overall accuracy (micro avg): 0.9839872840196626
2020-01-01 05:21:31,716 [INFO] Average metrics for Validation dataset below
   average type  avg accuracy  avg precision  avg detection rate (recall)  avg false alarm rate  avg false negative rate  avg f1
0     Micro avg        0.9840         0.9840                       0.9840                0.0011                   0.0160  0.9840
1     Macro avg        0.9979         0.8299                       0.7684                0.0043                   0.2316  0.7753
2  Weighted avg        0.9912         0.9790                       0.9840                0.0484                   0.0160  0.9789
2020-01-01 05:22:11,492 [INFO] Dataset: Training. Classification report below
2020-01-01 05:22:11,492 [INFO] 
                          precision    recall  f1-score   support

                  Benign       0.99      1.00      0.99   1606949
                     Bot       1.00      1.00      1.00     34396
        Brute Force -Web       0.82      0.37      0.51        73
        Brute Force -XSS       1.00      0.50      0.67        26
        DDOS attack-HOIC       1.00      1.00      1.00     82341
    DDOS attack-LOIC-UDP       0.71      1.00      0.83       203
  DDoS attacks-LOIC-HTTP       0.99      1.00      1.00     69029
   DoS attacks-GoldenEye       1.00      1.00      1.00      4954
        DoS attacks-Hulk       1.00      1.00      1.00     55435
DoS attacks-SlowHTTPTest       0.76      0.51      0.61     16787
   DoS attacks-Slowloris       0.97      1.00      0.98      1318
          FTP-BruteForce       0.71      0.88      0.79     23153
           Infilteration       0.58      0.01      0.02     19210
           SQL Injection       0.00      0.00      0.00        12
          SSH-Bruteforce       1.00      1.00      1.00     22576

               micro avg       0.98      0.98      0.98   1936462
               macro avg       0.83      0.75      0.76   1936462
            weighted avg       0.98      0.98      0.98   1936462

2020-01-01 05:22:11,492 [INFO] Overall accuracy (micro avg): 0.9840094977334954
2020-01-01 05:22:56,687 [INFO] Average metrics for Training dataset below
   average type  avg accuracy  avg precision  avg detection rate (recall)  avg false alarm rate  avg false negative rate  avg f1
0     Micro avg        0.9840         0.9840                       0.9840                0.0011                   0.0160  0.9840
1     Macro avg        0.9979         0.8344                       0.7509                0.0043                   0.2491  0.7594
2  Weighted avg        0.9913         0.9801                       0.9840                0.0483                   0.0160  0.9790
2020-01-01 05:22:56,714 [INFO] Results saved to: results_additional_exps/ann_depth_ids18_subset_layers_8/ann_depth_ids18_subset_layers_8_results.xlsx
2020-01-01 05:22:56,719 [INFO] ================= Finished running experiment no. 8 ================= 

2020-01-01 05:22:56,796 [INFO] Created directory: results_additional_exps/ann_depth_ids18_subset_layers_9
