2019-12-20 18:33:58,156 [INFO] Initialized logging. log_filename = results_selected_models/selected_ids2017_ann_deep_rep1/run_log.log
2019-12-20 18:33:58,156 [INFO] ================= Running experiment no. 1  ================= 

2019-12-20 18:33:58,156 [INFO] Experiment parameters given below
2019-12-20 18:33:58,156 [INFO] 
{'experiment_num': 1, 'results_dir': 'results_selected_models/selected_ids2017_ann_deep_rep1', 'model_type': 'classifier', 'model': 'ann', 'normal_label': 'BENIGN', 'training_data_feed': 'preload', 'scaling_type': 'NA', 'ann_layer_units': [256, 128, 64, 32], 'ann_layer_activations': ['relu', 'relu', 'relu', 'relu'], 'ann_layer_dropout_rates': [0.2, 0.2, 0.2, 0.2], 'epochs': 300, 'early_stop_patience': 50, 'batch_size': 256, 'training_set': 'train_set_only', 'dataset_dir': '../Datasets/full_datasets/ids2017', 'description': 'selected_ids2017_ann_deep_rep1'}
2019-12-20 18:33:58,157 [INFO] Created tensorboard log directory: results_selected_models/selected_ids2017_ann_deep_rep1/tf_logs_run_2019_12_20-18_33_58
2019-12-20 18:33:58,157 [INFO] Loading datsets from: ../Datasets/full_datasets/ids2017
2019-12-20 18:33:58,157 [INFO] Reading X, y files
2019-12-20 18:33:58,157 [INFO] Reading HDF dataset ../Datasets/full_datasets/ids2017/X_train.h5
2019-12-20 18:34:02,355 [INFO] Reading complete. time_to_read=4.20 seconds
2019-12-20 18:34:02,356 [INFO] Reading HDF dataset ../Datasets/full_datasets/ids2017/X_val.h5
2019-12-20 18:34:03,780 [INFO] Reading complete. time_to_read=1.42 seconds
2019-12-20 18:34:03,780 [INFO] Reading HDF dataset ../Datasets/full_datasets/ids2017/X_test.h5
2019-12-20 18:34:05,198 [INFO] Reading complete. time_to_read=1.42 seconds
2019-12-20 18:34:05,198 [INFO] Reading HDF dataset ../Datasets/full_datasets/ids2017/y_train.h5
2019-12-20 18:34:05,445 [INFO] Reading complete. time_to_read=0.25 seconds
2019-12-20 18:34:05,445 [INFO] Reading HDF dataset ../Datasets/full_datasets/ids2017/y_val.h5
2019-12-20 18:34:05,521 [INFO] Reading complete. time_to_read=0.08 seconds
2019-12-20 18:34:05,521 [INFO] Reading HDF dataset ../Datasets/full_datasets/ids2017/y_test.h5
2019-12-20 18:34:05,598 [INFO] Reading complete. time_to_read=0.08 seconds
2019-12-20 18:34:09,102 [INFO] Initializing model
2019-12-20 18:34:09,102 [WARNING] From /home/hasitha/anaconda3/lib/python3.7/site-packages/keras/backend/tensorflow_backend.py:74: The name tf.get_default_graph is deprecated. Please use tf.compat.v1.get_default_graph instead.

2019-12-20 18:34:09,112 [WARNING] From /home/hasitha/anaconda3/lib/python3.7/site-packages/keras/backend/tensorflow_backend.py:517: The name tf.placeholder is deprecated. Please use tf.compat.v1.placeholder instead.

2019-12-20 18:34:09,113 [WARNING] From /home/hasitha/anaconda3/lib/python3.7/site-packages/keras/backend/tensorflow_backend.py:4138: The name tf.random_uniform is deprecated. Please use tf.random.uniform instead.

2019-12-20 18:34:09,171 [WARNING] From /home/hasitha/anaconda3/lib/python3.7/site-packages/keras/backend/tensorflow_backend.py:133: The name tf.placeholder_with_default is deprecated. Please use tf.compat.v1.placeholder_with_default instead.

2019-12-20 18:34:09,186 [WARNING] From /home/hasitha/anaconda3/lib/python3.7/site-packages/keras/backend/tensorflow_backend.py:3445: calling dropout (from tensorflow.python.ops.nn_ops) with keep_prob is deprecated and will be removed in a future version.
Instructions for updating:
Please use `rate` instead of `keep_prob`. Rate should be set to `rate = 1 - keep_prob`.
2019-12-20 18:34:09,428 [WARNING] From /home/hasitha/anaconda3/lib/python3.7/site-packages/keras/optimizers.py:790: The name tf.train.Optimizer is deprecated. Please use tf.compat.v1.train.Optimizer instead.

2019-12-20 18:34:09,440 [WARNING] From /home/hasitha/anaconda3/lib/python3.7/site-packages/keras/backend/tensorflow_backend.py:3376: The name tf.log is deprecated. Please use tf.math.log instead.

2019-12-20 18:34:09,443 [WARNING] From /home/hasitha/anaconda3/lib/python3.7/site-packages/tensorflow/python/ops/nn_impl.py:180: add_dispatch_support.<locals>.wrapper (from tensorflow.python.ops.array_ops) is deprecated and will be removed in a future version.
Instructions for updating:
Use tf.where in 2.0, which has the same broadcast rule as np.where
2019-12-20 18:34:09,452 [INFO] _________________________________________________________________
2019-12-20 18:34:09,452 [INFO] Layer (type)                 Output Shape              Param #   
2019-12-20 18:34:09,452 [INFO] =================================================================
2019-12-20 18:34:09,452 [INFO] dense_1 (Dense)              (None, 256)               20224     
2019-12-20 18:34:09,452 [INFO] _________________________________________________________________
2019-12-20 18:34:09,452 [INFO] batch_normalization_1 (Batch (None, 256)               1024      
2019-12-20 18:34:09,452 [INFO] _________________________________________________________________
2019-12-20 18:34:09,453 [INFO] dropout_1 (Dropout)          (None, 256)               0         
2019-12-20 18:34:09,453 [INFO] _________________________________________________________________
2019-12-20 18:34:09,453 [INFO] dense_2 (Dense)              (None, 128)               32896     
2019-12-20 18:34:09,453 [INFO] _________________________________________________________________
2019-12-20 18:34:09,453 [INFO] batch_normalization_2 (Batch (None, 128)               512       
2019-12-20 18:34:09,453 [INFO] _________________________________________________________________
2019-12-20 18:34:09,453 [INFO] dropout_2 (Dropout)          (None, 128)               0         
2019-12-20 18:34:09,453 [INFO] _________________________________________________________________
2019-12-20 18:34:09,453 [INFO] dense_3 (Dense)              (None, 64)                8256      
2019-12-20 18:34:09,453 [INFO] _________________________________________________________________
2019-12-20 18:34:09,454 [INFO] batch_normalization_3 (Batch (None, 64)                256       
2019-12-20 18:34:09,454 [INFO] _________________________________________________________________
2019-12-20 18:34:09,454 [INFO] dropout_3 (Dropout)          (None, 64)                0         
2019-12-20 18:34:09,454 [INFO] _________________________________________________________________
2019-12-20 18:34:09,454 [INFO] dense_4 (Dense)              (None, 32)                2080      
2019-12-20 18:34:09,454 [INFO] _________________________________________________________________
2019-12-20 18:34:09,454 [INFO] batch_normalization_4 (Batch (None, 32)                128       
2019-12-20 18:34:09,454 [INFO] _________________________________________________________________
2019-12-20 18:34:09,454 [INFO] dropout_4 (Dropout)          (None, 32)                0         
2019-12-20 18:34:09,454 [INFO] _________________________________________________________________
2019-12-20 18:34:09,454 [INFO] dense_5 (Dense)              (None, 12)                396       
2019-12-20 18:34:09,455 [INFO] =================================================================
2019-12-20 18:34:09,455 [INFO] Total params: 65,772
2019-12-20 18:34:09,455 [INFO] Trainable params: 64,812
2019-12-20 18:34:09,455 [INFO] Non-trainable params: 960
2019-12-20 18:34:09,455 [INFO] _________________________________________________________________
2019-12-20 18:34:09,455 [INFO] Training model
2019-12-20 18:34:11,082 [WARNING] From /home/hasitha/anaconda3/lib/python3.7/site-packages/keras/callbacks.py:850: The name tf.summary.merge_all is deprecated. Please use tf.compat.v1.summary.merge_all instead.

2019-12-20 18:34:11,082 [WARNING] From /home/hasitha/anaconda3/lib/python3.7/site-packages/keras/callbacks.py:853: The name tf.summary.FileWriter is deprecated. Please use tf.compat.v1.summary.FileWriter instead.

2019-12-20 19:01:38,865 [INFO] epoch = 30. Intermediate model saved to results_selected_models/selected_ids2017_ann_deep_rep1/ann_model_epoch_30.pickle
2019-12-20 19:28:25,647 [INFO] epoch = 60. Intermediate model saved to results_selected_models/selected_ids2017_ann_deep_rep1/ann_model_epoch_60.pickle
2019-12-20 19:55:09,639 [INFO] epoch = 90. Intermediate model saved to results_selected_models/selected_ids2017_ann_deep_rep1/ann_model_epoch_90.pickle
2019-12-20 20:21:57,390 [INFO] epoch = 120. Intermediate model saved to results_selected_models/selected_ids2017_ann_deep_rep1/ann_model_epoch_120.pickle
2019-12-20 20:48:39,077 [INFO] epoch = 150. Intermediate model saved to results_selected_models/selected_ids2017_ann_deep_rep1/ann_model_epoch_150.pickle
2019-12-20 21:15:20,724 [INFO] epoch = 180. Intermediate model saved to results_selected_models/selected_ids2017_ann_deep_rep1/ann_model_epoch_180.pickle
2019-12-20 21:42:01,095 [INFO] epoch = 210. Intermediate model saved to results_selected_models/selected_ids2017_ann_deep_rep1/ann_model_epoch_210.pickle
2019-12-20 22:08:45,155 [INFO] epoch = 240. Intermediate model saved to results_selected_models/selected_ids2017_ann_deep_rep1/ann_model_epoch_240.pickle
2019-12-20 22:35:35,258 [INFO] epoch = 270. Intermediate model saved to results_selected_models/selected_ids2017_ann_deep_rep1/ann_model_epoch_270.pickle
2019-12-20 22:39:18,675 [INFO] WeightRestorer::on_train_end(): restoring best weights
2019-12-20 22:40:02,494 [INFO] Last epoch loss evaluation: train_loss = 0.001821, val_loss = 0.001858
2019-12-20 22:40:02,495 [INFO] Training complete. time_to_train = 14753.04 sec, 245.88 min
2019-12-20 22:40:02,502 [INFO] Model saved to results_selected_models/selected_ids2017_ann_deep_rep1/best_model.pickle
2019-12-20 22:40:02,653 [INFO] Plot saved to: results_selected_models/selected_ids2017_ann_deep_rep1/training_error_history.png
2019-12-20 22:40:02,783 [INFO] Plot saved to: results_selected_models/selected_ids2017_ann_deep_rep1/training_f1_history.png
2019-12-20 22:40:02,783 [INFO] Making predictions on training, validation, testing data
2019-12-20 22:40:45,332 [INFO] Evaluating predictions (results)
2019-12-20 22:40:55,663 [INFO] Dataset: Testing. Classification report below
2019-12-20 22:40:55,663 [INFO] 
                        precision    recall  f1-score   support

                BENIGN       1.00      1.00      1.00    454265
                   Bot       0.97      0.39      0.56       391
                  DDoS       1.00      1.00      1.00     25605
         DoS GoldenEye       0.99      0.99      0.99      2058
              DoS Hulk       0.98      1.00      0.99     46025
      DoS Slowhttptest       0.89      0.99      0.94      1100
         DoS slowloris       0.99      0.99      0.99      1159
           FTP-Patator       1.00      1.00      1.00      1587
              PortScan       0.99      1.00      1.00     31761
           SSH-Patator       0.95      0.98      0.97      1179
Web Attack Brute Force       0.98      0.14      0.24       302
        Web Attack XSS       0.00      0.00      0.00       130

             micro avg       1.00      1.00      1.00    565562
             macro avg       0.90      0.79      0.81    565562
          weighted avg       1.00      1.00      1.00    565562

2019-12-20 22:40:55,663 [INFO] Overall accuracy (micro avg): 0.9960906142916249
2019-12-20 22:41:07,387 [INFO] Average metrics for Testing dataset below
   average type  avg accuracy  avg precision  avg detection rate (recall)  avg false alarm rate  avg false negative rate  avg f1
0     Micro avg        0.9961         0.9961                       0.9961                0.0004                   0.0039  0.9961
1     Macro avg        0.9993         0.8954                       0.7894                0.0008                   0.2106  0.8058
2  Weighted avg        0.9968         0.9959                       0.9961                0.0059                   0.0039  0.9957
2019-12-20 22:41:17,972 [INFO] Dataset: Validation. Classification report below
2019-12-20 22:41:17,972 [INFO] 
                        precision    recall  f1-score   support

                BENIGN       1.00      1.00      1.00    454264
                   Bot       0.97      0.36      0.53       391
                  DDoS       1.00      1.00      1.00     25605
         DoS GoldenEye       0.99      0.99      0.99      2059
              DoS Hulk       0.98      1.00      0.99     46025
      DoS Slowhttptest       0.89      0.99      0.94      1099
         DoS slowloris       0.99      0.98      0.99      1159
           FTP-Patator       0.99      1.00      1.00      1587
              PortScan       0.99      1.00      1.00     31761
           SSH-Patator       0.96      0.98      0.97      1180
Web Attack Brute Force       0.95      0.12      0.21       301
        Web Attack XSS       1.00      0.03      0.06       131

             micro avg       1.00      1.00      1.00    565562
             macro avg       0.98      0.79      0.80    565562
          weighted avg       1.00      1.00      1.00    565562

2019-12-20 22:41:17,972 [INFO] Overall accuracy (micro avg): 0.9961224410409468
2019-12-20 22:41:30,009 [INFO] Average metrics for Validation dataset below
   average type  avg accuracy  avg precision  avg detection rate (recall)  avg false alarm rate  avg false negative rate  avg f1
0     Micro avg        0.9961         0.9961                       0.9961                0.0004                   0.0039  0.9961
1     Macro avg        0.9994         0.9763                       0.7865                0.0008                   0.2135  0.8048
2  Weighted avg        0.9968         0.9961                       0.9961                0.0058                   0.0039  0.9957
2019-12-20 22:42:04,578 [INFO] Dataset: Training. Classification report below
2019-12-20 22:42:04,578 [INFO] 
                        precision    recall  f1-score   support

                BENIGN       1.00      1.00      1.00   1362791
                   Bot       0.97      0.37      0.54      1174
                  DDoS       1.00      1.00      1.00     76815
         DoS GoldenEye       0.99      0.99      0.99      6176
              DoS Hulk       0.98      1.00      0.99    138074
      DoS Slowhttptest       0.91      0.99      0.95      3300
         DoS slowloris       0.99      0.99      0.99      3478
           FTP-Patator       1.00      1.00      1.00      4761
              PortScan       0.99      1.00      1.00     95282
           SSH-Patator       0.97      0.99      0.98      3538
Web Attack Brute Force       0.99      0.12      0.22       904
        Web Attack XSS       1.00      0.03      0.06       391

             micro avg       1.00      1.00      1.00   1696684
             macro avg       0.98      0.79      0.81   1696684
          weighted avg       1.00      1.00      1.00   1696684

2019-12-20 22:42:04,578 [INFO] Overall accuracy (micro avg): 0.9962403134584873
2019-12-20 22:42:43,847 [INFO] Average metrics for Training dataset below
   average type  avg accuracy  avg precision  avg detection rate (recall)  avg false alarm rate  avg false negative rate  avg f1
0     Micro avg        0.9962         0.9962                       0.9962                0.0003                   0.0038  0.9962
1     Macro avg        0.9994         0.9825                       0.7893                0.0008                   0.2107  0.8084
2  Weighted avg        0.9969         0.9963                       0.9962                0.0058                   0.0038  0.9959
2019-12-20 22:42:43,873 [INFO] Results saved to: results_selected_models/selected_ids2017_ann_deep_rep1/selected_ids2017_ann_deep_rep1_results.xlsx
2019-12-20 22:42:43,880 [INFO] ================= Finished running experiment no. 1 ================= 

2019-12-20 22:42:43,956 [INFO] Created directory: results_selected_models/selected_ids2017_ann_deep_rep2
