2020-01-07 21:54:31,887 [INFO] Initialized logging. log_filename = results_additional_exps/ann_data_efficiency_ids18_p100/run_log.log
2020-01-07 21:54:31,887 [INFO] ================= Running experiment no. 10  ================= 

2020-01-07 21:54:31,887 [INFO] Experiment parameters given below
2020-01-07 21:54:31,887 [INFO] 
{'experiment_num': 10, 'results_dir': 'results_additional_exps/ann_data_efficiency_ids18_p100', 'model_type': 'classifier', 'model': 'ann', 'normal_label': 'BENIGN', 'training_data_feed': 'preload', 'split_random_seed': 42, 'dataset_split_ratio': -1, 'ann_layer_units': [64], 'ann_layer_activations': ['relu'], 'ann_layer_dropout_rates': [0.2], 'epochs': 100, 'early_stop_patience': 20, 'batch_size': 256, 'training_set': 'train_set_only', 'dataset_dir': '../Datasets/small_datasets/ids2018', 'description': 'ann_data_efficiency_ids18_p100'}
2020-01-07 21:54:31,887 [INFO] Created tensorboard log directory: results_additional_exps/ann_data_efficiency_ids18_p100/tf_logs_run_2020_01_07-21_54_31
2020-01-07 21:54:31,887 [INFO] Loading datsets from: ../Datasets/small_datasets/ids2018
2020-01-07 21:54:31,887 [INFO] Reading X, y files
2020-01-07 21:54:31,888 [INFO] Reading HDF dataset ../Datasets/small_datasets/ids2018/X_train.h5
2020-01-07 21:54:36,334 [INFO] Reading complete. time_to_read=4.45 seconds
2020-01-07 21:54:36,334 [INFO] Reading HDF dataset ../Datasets/small_datasets/ids2018/X_val.h5
2020-01-07 21:54:37,858 [INFO] Reading complete. time_to_read=1.52 seconds
2020-01-07 21:54:37,858 [INFO] Reading HDF dataset ../Datasets/small_datasets/ids2018/X_test.h5
2020-01-07 21:54:39,387 [INFO] Reading complete. time_to_read=1.53 seconds
2020-01-07 21:54:39,387 [INFO] Reading HDF dataset ../Datasets/small_datasets/ids2018/y_train.h5
2020-01-07 21:54:39,644 [INFO] Reading complete. time_to_read=0.26 seconds
2020-01-07 21:54:39,644 [INFO] Reading HDF dataset ../Datasets/small_datasets/ids2018/y_val.h5
2020-01-07 21:54:39,728 [INFO] Reading complete. time_to_read=0.08 seconds
2020-01-07 21:54:39,728 [INFO] Reading HDF dataset ../Datasets/small_datasets/ids2018/y_test.h5
2020-01-07 21:54:39,813 [INFO] Reading complete. time_to_read=0.09 seconds
2020-01-07 21:54:43,700 [INFO] Initializing model
2020-01-07 21:54:43,816 [INFO] _________________________________________________________________
2020-01-07 21:54:43,817 [INFO] Layer (type)                 Output Shape              Param #   
2020-01-07 21:54:43,817 [INFO] =================================================================
2020-01-07 21:54:43,817 [INFO] dense_5 (Dense)              (None, 64)                4992      
2020-01-07 21:54:43,817 [INFO] _________________________________________________________________
2020-01-07 21:54:43,817 [INFO] batch_normalization_3 (Batch (None, 64)                256       
2020-01-07 21:54:43,817 [INFO] _________________________________________________________________
2020-01-07 21:54:43,817 [INFO] dropout_3 (Dropout)          (None, 64)                0         
2020-01-07 21:54:43,817 [INFO] _________________________________________________________________
2020-01-07 21:54:43,817 [INFO] dense_6 (Dense)              (None, 15)                975       
2020-01-07 21:54:43,817 [INFO] =================================================================
2020-01-07 21:54:43,817 [INFO] Total params: 6,223
2020-01-07 21:54:43,817 [INFO] Trainable params: 6,095
2020-01-07 21:54:43,817 [INFO] Non-trainable params: 128
2020-01-07 21:54:43,817 [INFO] _________________________________________________________________
2020-01-07 21:54:43,817 [INFO] Training model
2020-01-07 22:00:24,596 [INFO] epoch = 10. Intermediate model saved to results_additional_exps/ann_data_efficiency_ids18_p100/ann_model_epoch_10.pickle
2020-01-07 22:05:47,487 [INFO] epoch = 20. Intermediate model saved to results_additional_exps/ann_data_efficiency_ids18_p100/ann_model_epoch_20.pickle
2020-01-07 22:11:10,227 [INFO] epoch = 30. Intermediate model saved to results_additional_exps/ann_data_efficiency_ids18_p100/ann_model_epoch_30.pickle
2020-01-07 22:16:34,695 [INFO] epoch = 40. Intermediate model saved to results_additional_exps/ann_data_efficiency_ids18_p100/ann_model_epoch_40.pickle
2020-01-07 22:21:59,929 [INFO] epoch = 50. Intermediate model saved to results_additional_exps/ann_data_efficiency_ids18_p100/ann_model_epoch_50.pickle
2020-01-07 22:27:25,534 [INFO] epoch = 60. Intermediate model saved to results_additional_exps/ann_data_efficiency_ids18_p100/ann_model_epoch_60.pickle
2020-01-07 22:32:51,534 [INFO] epoch = 70. Intermediate model saved to results_additional_exps/ann_data_efficiency_ids18_p100/ann_model_epoch_70.pickle
2020-01-07 22:34:05,623 [INFO] WeightRestorer::on_train_end(): restoring best weights
2020-01-07 22:34:52,092 [INFO] Last epoch loss evaluation: train_loss = 0.007798, val_loss = 0.007823
2020-01-07 22:34:52,092 [INFO] Training complete. time_to_train = 2408.27 sec, 40.14 min
2020-01-07 22:34:52,097 [INFO] Model saved to results_additional_exps/ann_data_efficiency_ids18_p100/best_model.pickle
2020-01-07 22:34:52,100 [INFO] Training history saved to: results_additional_exps/ann_data_efficiency_ids18_p100/training_error_history.csv
2020-01-07 22:34:52,237 [INFO] Plot saved to: results_additional_exps/ann_data_efficiency_ids18_p100/training_error_history.png
2020-01-07 22:34:52,366 [INFO] Plot saved to: results_additional_exps/ann_data_efficiency_ids18_p100/training_f1_history.png
2020-01-07 22:34:52,366 [INFO] Making predictions on training, validation, testing data
2020-01-07 22:35:35,058 [INFO] Evaluating predictions (results)
2020-01-07 22:35:47,223 [INFO] Dataset: Testing. Classification report below
2020-01-07 22:35:47,223 [INFO] 
                          precision    recall  f1-score   support

                  Benign       0.99      1.00      0.99    535650
                     Bot       1.00      1.00      1.00     11465
        Brute Force -Web       1.00      0.12      0.22        24
        Brute Force -XSS       1.00      0.33      0.50         9
        DDOS attack-HOIC       1.00      1.00      1.00     27447
    DDOS attack-LOIC-UDP       0.77      0.34      0.47        67
  DDoS attacks-LOIC-HTTP       0.99      0.99      0.99     23010
   DoS attacks-GoldenEye       0.99      1.00      0.99      1651
        DoS attacks-Hulk       1.00      1.00      1.00     18478
DoS attacks-SlowHTTPTest       0.71      0.54      0.62      5596
   DoS attacks-Slowloris       0.96      0.97      0.97       440
          FTP-BruteForce       0.72      0.84      0.78      7718
           Infilteration       0.45      0.01      0.02      6404
           SQL Injection       0.00      0.00      0.00         4
          SSH-Bruteforce       1.00      1.00      1.00      7525

               micro avg       0.98      0.98      0.98    645488
               macro avg       0.84      0.68      0.70    645488
            weighted avg       0.98      0.98      0.98    645488

2020-01-07 22:35:47,224 [INFO] Overall accuracy (micro avg): 0.9834915598740798
2020-01-07 22:36:01,049 [INFO] Average metrics for Testing dataset below
   average type  avg accuracy  avg precision  avg detection rate (recall)  avg false alarm rate  avg false negative rate  avg f1
0     Micro avg        0.9835         0.9835                       0.9835                0.0012                   0.0165  0.9835
1     Macro avg        0.9978         0.8391                       0.6770                0.0044                   0.3230  0.7038
2  Weighted avg        0.9910         0.9783                       0.9835                0.0495                   0.0165  0.9786
2020-01-07 22:36:13,188 [INFO] Dataset: Validation. Classification report below
2020-01-07 22:36:13,188 [INFO] 
                          precision    recall  f1-score   support

                  Benign       0.99      1.00      0.99    535650
                     Bot       1.00      1.00      1.00     11465
        Brute Force -Web       1.00      0.20      0.33        25
        Brute Force -XSS       1.00      0.67      0.80         9
        DDOS attack-HOIC       1.00      1.00      1.00     27447
    DDOS attack-LOIC-UDP       0.70      0.34      0.46        68
  DDoS attacks-LOIC-HTTP       0.99      0.99      0.99     23009
   DoS attacks-GoldenEye       0.99      0.99      0.99      1651
        DoS attacks-Hulk       1.00      1.00      1.00     18478
DoS attacks-SlowHTTPTest       0.72      0.54      0.62      5596
   DoS attacks-Slowloris       0.94      0.98      0.96       439
          FTP-BruteForce       0.72      0.85      0.78      7718
           Infilteration       0.44      0.01      0.03      6403
           SQL Injection       0.00      0.00      0.00         4
          SSH-Bruteforce       1.00      1.00      1.00      7525

               micro avg       0.98      0.98      0.98    645487
               macro avg       0.83      0.70      0.73    645487
            weighted avg       0.98      0.98      0.98    645487

2020-01-07 22:36:13,188 [INFO] Overall accuracy (micro avg): 0.9835132233491921
2020-01-07 22:36:27,015 [INFO] Average metrics for Validation dataset below
   average type  avg accuracy  avg precision  avg detection rate (recall)  avg false alarm rate  avg false negative rate  avg f1
0     Micro avg        0.9835         0.9835                       0.9835                0.0012                   0.0165  0.9835
1     Macro avg        0.9978         0.8330                       0.7046                0.0044                   0.2954  0.7299
2  Weighted avg        0.9910         0.9783                       0.9835                0.0494                   0.0165  0.9786
2020-01-07 22:37:06,584 [INFO] Dataset: Training. Classification report below
2020-01-07 22:37:06,584 [INFO] 
                          precision    recall  f1-score   support

                  Benign       0.99      1.00      0.99   1606949
                     Bot       1.00      1.00      1.00     34396
        Brute Force -Web       1.00      0.12      0.22        73
        Brute Force -XSS       1.00      0.50      0.67        26
        DDOS attack-HOIC       1.00      1.00      1.00     82341
    DDOS attack-LOIC-UDP       0.74      0.35      0.48       203
  DDoS attacks-LOIC-HTTP       0.99      0.99      0.99     69029
   DoS attacks-GoldenEye       0.99      1.00      0.99      4954
        DoS attacks-Hulk       1.00      1.00      1.00     55435
DoS attacks-SlowHTTPTest       0.72      0.54      0.61     16787
   DoS attacks-Slowloris       0.96      0.99      0.98      1318
          FTP-BruteForce       0.72      0.85      0.78     23153
           Infilteration       0.50      0.01      0.03     19210
           SQL Injection       0.00      0.00      0.00        12
          SSH-Bruteforce       1.00      1.00      1.00     22576

               micro avg       0.98      0.98      0.98   1936462
               macro avg       0.84      0.69      0.72   1936462
            weighted avg       0.98      0.98      0.98   1936462

2020-01-07 22:37:06,584 [INFO] Overall accuracy (micro avg): 0.983540601364757
2020-01-07 22:37:51,528 [INFO] Average metrics for Training dataset below
   average type  avg accuracy  avg precision  avg detection rate (recall)  avg false alarm rate  avg false negative rate  avg f1
0     Micro avg        0.9835         0.9835                       0.9835                0.0012                   0.0165  0.9835
1     Macro avg        0.9978         0.8411                       0.6904                0.0044                   0.3096  0.7162
2  Weighted avg        0.9910         0.9789                       0.9835                0.0492                   0.0165  0.9787
2020-01-07 22:37:51,554 [INFO] Results saved to: results_additional_exps/ann_data_efficiency_ids18_p100/ann_data_efficiency_ids18_p100_results.xlsx
2020-01-07 22:37:51,562 [INFO] ================= Finished running experiment no. 10 ================= 

2020-01-07 22:37:51,639 [INFO] ================= Finished running 3 experiments ================= 

