2019-12-23 12:04:34,170 [INFO] Initialized logging. log_filename = results_selected_models/selected_kdd99_ae_ann_shallow_rep1/run_log.log
2019-12-23 12:04:34,170 [INFO] ================= Running experiment no. 1  ================= 

2019-12-23 12:04:34,170 [INFO] Experiment parameters given below
2019-12-23 12:04:34,170 [INFO] 
{'experiment_num': 1, 'results_dir': 'results_selected_models/selected_kdd99_ae_ann_shallow_rep1', 'model_type': 'classifier', 'model': 'ae_ann', 'normal_label': 'normal', 'scaling_type': 'NA', 'unsupervised_ratio': 0.5, 'ae_encoder_units': [32], 'ae_encoder_activations': ['relu'], 'ae_encoder_dropout_rates': [0.2], 'ae_encoder_l1_param': -1, 'ae_decoder_units': '', 'ae_decoder_activations': '', 'ae_decoder_dropout_rates': '', 'output_activation': 'relu', 'loss_function': 'mean_squared_error', 'ae_epochs': 200, 'ann_layer_units': [32], 'ann_layer_activations': ['relu'], 'ann_layer_dropout_rates': [0.2], 'ann_epochs': 200, 'early_stop_patience': 50, 'batch_size': 256, 'dataset_dir': '../Datasets/full_datasets/kdd99_five_classes', 'description': 'selected_kdd99_ae_ann_shallow_rep1'}
2019-12-23 12:04:34,170 [INFO] Created tensorboard log directory: results_selected_models/selected_kdd99_ae_ann_shallow_rep1/tf_logs_run_2019_12_23-12_04_34
2019-12-23 12:04:34,171 [INFO] Loading datsets from: ../Datasets/full_datasets/kdd99_five_classes
2019-12-23 12:04:34,171 [INFO] Reading X, y files
2019-12-23 12:04:34,171 [INFO] Reading HDF dataset ../Datasets/full_datasets/kdd99_five_classes/X_train.h5
2019-12-23 12:04:34,180 [INFO] NumExpr defaulting to 8 threads.
2019-12-23 12:04:40,597 [INFO] Reading complete. time_to_read=6.43 seconds
2019-12-23 12:04:40,598 [INFO] Reading HDF dataset ../Datasets/full_datasets/kdd99_five_classes/X_val.h5
2019-12-23 12:04:42,219 [INFO] Reading complete. time_to_read=1.62 seconds
2019-12-23 12:04:42,219 [INFO] Reading HDF dataset ../Datasets/full_datasets/kdd99_five_classes/X_test.h5
2019-12-23 12:04:42,673 [INFO] Reading complete. time_to_read=0.45 seconds
2019-12-23 12:04:42,674 [INFO] Reading HDF dataset ../Datasets/full_datasets/kdd99_five_classes/y_train.h5
2019-12-23 12:04:42,890 [INFO] Reading complete. time_to_read=0.22 seconds
2019-12-23 12:04:42,890 [INFO] Reading HDF dataset ../Datasets/full_datasets/kdd99_five_classes/y_val.h5
2019-12-23 12:04:42,944 [INFO] Reading complete. time_to_read=0.05 seconds
2019-12-23 12:04:42,945 [INFO] Reading HDF dataset ../Datasets/full_datasets/kdd99_five_classes/y_test.h5
2019-12-23 12:04:42,964 [INFO] Reading complete. time_to_read=0.02 seconds
2019-12-23 12:04:50,199 [INFO] Initializing model
2019-12-23 12:04:50,213 [WARNING] From /home/sunanda/anaconda3/envs/ml_env_cpu/lib/python3.7/site-packages/tensorflow/python/framework/op_def_library.py:263: colocate_with (from tensorflow.python.framework.ops) is deprecated and will be removed in a future version.
Instructions for updating:
Colocations handled automatically by placer.
2019-12-23 12:04:50,285 [WARNING] From /home/sunanda/anaconda3/envs/ml_env_cpu/lib/python3.7/site-packages/keras/backend/tensorflow_backend.py:3445: calling dropout (from tensorflow.python.ops.nn_ops) with keep_prob is deprecated and will be removed in a future version.
Instructions for updating:
Please use `rate` instead of `keep_prob`. Rate should be set to `rate = 1 - keep_prob`.
2019-12-23 12:04:50,323 [INFO] _________________________________________________________________
2019-12-23 12:04:50,323 [INFO] Layer (type)                 Output Shape              Param #   
2019-12-23 12:04:50,323 [INFO] =================================================================
2019-12-23 12:04:50,323 [INFO] dense_1 (Dense)              (None, 32)                3968      
2019-12-23 12:04:50,323 [INFO] _________________________________________________________________
2019-12-23 12:04:50,323 [INFO] batch_normalization_1 (Batch (None, 32)                128       
2019-12-23 12:04:50,324 [INFO] _________________________________________________________________
2019-12-23 12:04:50,324 [INFO] dropout_1 (Dropout)          (None, 32)                0         
2019-12-23 12:04:50,324 [INFO] _________________________________________________________________
2019-12-23 12:04:50,324 [INFO] dense_2 (Dense)              (None, 123)               4059      
2019-12-23 12:04:50,324 [INFO] =================================================================
2019-12-23 12:04:50,324 [INFO] Total params: 8,155
2019-12-23 12:04:50,324 [INFO] Trainable params: 8,091
2019-12-23 12:04:50,324 [INFO] Non-trainable params: 64
2019-12-23 12:04:50,324 [INFO] _________________________________________________________________
2019-12-23 12:04:50,442 [INFO] _________________________________________________________________
2019-12-23 12:04:50,442 [INFO] Layer (type)                 Output Shape              Param #   
2019-12-23 12:04:50,442 [INFO] =================================================================
2019-12-23 12:04:50,442 [INFO] dense_3 (Dense)              (None, 32)                1056      
2019-12-23 12:04:50,442 [INFO] _________________________________________________________________
2019-12-23 12:04:50,443 [INFO] batch_normalization_2 (Batch (None, 32)                128       
2019-12-23 12:04:50,443 [INFO] _________________________________________________________________
2019-12-23 12:04:50,443 [INFO] dropout_2 (Dropout)          (None, 32)                0         
2019-12-23 12:04:50,443 [INFO] _________________________________________________________________
2019-12-23 12:04:50,443 [INFO] dense_4 (Dense)              (None, 5)                 165       
2019-12-23 12:04:50,443 [INFO] =================================================================
2019-12-23 12:04:50,443 [INFO] Total params: 1,349
2019-12-23 12:04:50,443 [INFO] Trainable params: 1,285
2019-12-23 12:04:50,443 [INFO] Non-trainable params: 64
2019-12-23 12:04:50,443 [INFO] _________________________________________________________________
2019-12-23 12:04:50,443 [INFO] Training model
2019-12-23 12:04:50,444 [INFO] Splitting train set into 2 sets (unsupervised, supervised), random_seed = None
2019-12-23 12:05:31,066 [INFO] Split sizes (instances). total = 3918744, unsupervised = 1959372, supervised = 1959372, unsupervised dataset hash = 7c246928c08fe90eed4d92888ab4408bb2eaafc6
2019-12-23 12:05:31,066 [INFO] Training autoencoder
2019-12-23 12:05:31,474 [WARNING] From /home/sunanda/anaconda3/envs/ml_env_cpu/lib/python3.7/site-packages/tensorflow/python/ops/math_ops.py:3066: to_int32 (from tensorflow.python.ops.math_ops) is deprecated and will be removed in a future version.
Instructions for updating:
Use tf.cast instead.
2019-12-23 12:15:51,924 [INFO] epoch = 20. Intermediate model saved to results_selected_models/selected_kdd99_ae_ann_shallow_rep1/ae_model_epoch_20.pickle
2019-12-23 12:25:40,228 [INFO] epoch = 40. Intermediate model saved to results_selected_models/selected_kdd99_ae_ann_shallow_rep1/ae_model_epoch_40.pickle
2019-12-23 12:32:02,957 [INFO] WeightRestorer::on_train_end(): restoring best weights
2019-12-23 12:33:05,304 [INFO] Last epoch loss evaluation: train_loss = 0.491331, val_loss = 0.466428
2019-12-23 12:33:05,304 [INFO] Training autoencoder complete
2019-12-23 12:33:05,304 [INFO] Encoding data for supervised training
2019-12-23 12:33:50,017 [INFO] Encoding complete
2019-12-23 12:33:50,018 [INFO] Training neural network layers (after autoencoder)
2019-12-23 12:44:21,510 [INFO] epoch = 20. Intermediate model saved to results_selected_models/selected_kdd99_ae_ann_shallow_rep1/ann_model_epoch_20.pickle
2019-12-23 12:54:34,123 [INFO] epoch = 40. Intermediate model saved to results_selected_models/selected_kdd99_ae_ann_shallow_rep1/ann_model_epoch_40.pickle
2019-12-23 13:04:46,615 [INFO] epoch = 60. Intermediate model saved to results_selected_models/selected_kdd99_ae_ann_shallow_rep1/ann_model_epoch_60.pickle
2019-12-23 13:14:59,528 [INFO] epoch = 80. Intermediate model saved to results_selected_models/selected_kdd99_ae_ann_shallow_rep1/ann_model_epoch_80.pickle
2019-12-23 13:25:12,412 [INFO] epoch = 100. Intermediate model saved to results_selected_models/selected_kdd99_ae_ann_shallow_rep1/ann_model_epoch_100.pickle
2019-12-23 13:35:25,364 [INFO] epoch = 120. Intermediate model saved to results_selected_models/selected_kdd99_ae_ann_shallow_rep1/ann_model_epoch_120.pickle
2019-12-23 13:45:37,577 [INFO] epoch = 140. Intermediate model saved to results_selected_models/selected_kdd99_ae_ann_shallow_rep1/ann_model_epoch_140.pickle
2019-12-23 13:55:49,125 [INFO] epoch = 160. Intermediate model saved to results_selected_models/selected_kdd99_ae_ann_shallow_rep1/ann_model_epoch_160.pickle
2019-12-23 14:06:00,392 [INFO] epoch = 180. Intermediate model saved to results_selected_models/selected_kdd99_ae_ann_shallow_rep1/ann_model_epoch_180.pickle
2019-12-23 14:15:55,167 [INFO] WeightRestorer::on_train_end(): restoring best weights
2019-12-23 14:16:43,169 [INFO] Last epoch loss evaluation: train_loss = 0.000454, val_loss = 0.000637
2019-12-23 14:16:43,191 [INFO] Training complete. time_to_train = 7912.75 sec, 131.88 min
2019-12-23 14:16:43,199 [INFO] Model saved to results_selected_models/selected_kdd99_ae_ann_shallow_rep1/best_model.pickle
2019-12-23 14:16:43,393 [INFO] Plot saved to: results_selected_models/selected_kdd99_ae_ann_shallow_rep1/training_error_history.png
2019-12-23 14:16:43,583 [INFO] Plot saved to: results_selected_models/selected_kdd99_ae_ann_shallow_rep1/training_f1_history.png
2019-12-23 14:16:43,584 [INFO] Making predictions on training, validation, testing data
2019-12-23 14:19:13,538 [INFO] Evaluating predictions (results)
2019-12-23 14:19:22,321 [INFO] Dataset: Testing. Classification report below
2019-12-23 14:19:22,321 [INFO] 
              precision    recall  f1-score   support

         dos       1.00      0.97      0.99    229853
     normal.       0.73      0.98      0.84     60593
       probe       0.76      0.74      0.75      4166
         r2l       0.97      0.02      0.05     13781
         u2r       0.06      0.01      0.01      2636

    accuracy                           0.92    311029
   macro avg       0.70      0.55      0.53    311029
weighted avg       0.93      0.92      0.90    311029

2019-12-23 14:19:22,321 [INFO] Overall accuracy (micro avg): 0.9225795665355964
2019-12-23 14:19:31,614 [INFO] Average metrics for Testing dataset below
   average type  avg accuracy  avg precision  avg detection rate (recall)  avg false alarm rate  avg false negative rate  avg f1
0     Micro avg        0.9226         0.9226                       0.9226                0.0194                   0.0774  0.9226
1     Macro avg        0.9690         0.7029                       0.5460                0.0197                   0.4540  0.5259
2  Weighted avg        0.9682         0.9330                       0.9226                0.0213                   0.0774  0.9037
2019-12-23 14:20:01,852 [INFO] Dataset: Validation. Classification report below
2019-12-23 14:20:01,852 [INFO] 
              precision    recall  f1-score   support

         dos       1.00      1.00      1.00    776675
     normal.       1.00      1.00      1.00    194556
       probe       0.99      0.98      0.99      8221
         r2l       0.95      0.77      0.85       225
         u2r       0.33      0.20      0.25        10

    accuracy                           1.00    979687
   macro avg       0.85      0.79      0.82    979687
weighted avg       1.00      1.00      1.00    979687

2019-12-23 14:20:01,852 [INFO] Overall accuracy (micro avg): 0.9996825516721157
2019-12-23 14:20:34,487 [INFO] Average metrics for Validation dataset below
   average type  avg accuracy  avg precision  avg detection rate (recall)  avg false alarm rate  avg false negative rate  avg f1
0     Micro avg        0.9997         0.9997                       0.9997                0.0001                   0.0003  0.9997
1     Macro avg        0.9999         0.8540                       0.7905                0.0001                   0.2095  0.8171
2  Weighted avg        0.9999         0.9997                       0.9997                0.0003                   0.0003  0.9997
2019-12-23 14:22:48,006 [INFO] Dataset: Training. Classification report below
2019-12-23 14:22:48,006 [INFO] 
              precision    recall  f1-score   support

         dos       1.00      1.00      1.00   3106695
     normal.       1.00      1.00      1.00    778225
       probe       0.99      0.98      0.99     32881
         r2l       0.95      0.81      0.88       901
         u2r       0.59      0.45      0.51        42

    accuracy                           1.00   3918744
   macro avg       0.91      0.85      0.88   3918744
weighted avg       1.00      1.00      1.00   3918744

2019-12-23 14:22:48,006 [INFO] Overall accuracy (micro avg): 0.999708069728464
2019-12-23 14:25:12,113 [INFO] Average metrics for Training dataset below
   average type  avg accuracy  avg precision  avg detection rate (recall)  avg false alarm rate  avg false negative rate  avg f1
0     Micro avg        0.9997         0.9997                       0.9997                0.0001                   0.0003  0.9997
1     Macro avg        0.9999         0.9066                       0.8503                0.0001                   0.1497  0.8755
2  Weighted avg        0.9999         0.9997                       0.9997                0.0003                   0.0003  0.9997
2019-12-23 14:25:12,160 [INFO] Results saved to: results_selected_models/selected_kdd99_ae_ann_shallow_rep1/selected_kdd99_ae_ann_shallow_rep1_results.xlsx
2019-12-23 14:25:12,167 [INFO] ================= Finished running experiment no. 1 ================= 

2019-12-23 14:25:12,192 [INFO] Created directory: results_selected_models/selected_kdd99_ae_ann_shallow_rep2
