2019-12-22 18:53:58,353 [INFO] Initialized logging. log_filename = results_selected_models/selected_ids18_subset_ann_shallow_rep4/run_log.log
2019-12-22 18:53:58,353 [INFO] ================= Running experiment no. 4  ================= 

2019-12-22 18:53:58,353 [INFO] Experiment parameters given below
2019-12-22 18:53:58,353 [INFO] 
{'experiment_num': 4, 'results_dir': 'results_selected_models/selected_ids18_subset_ann_shallow_rep4', 'model_type': 'classifier', 'model': 'ann', 'normal_label': 'BENIGN', 'training_data_feed': 'preload', 'scaling_type': 'NA', 'ann_layer_units': [512], 'ann_layer_activations': ['relu'], 'ann_layer_dropout_rates': [0.2], 'epochs': 300, 'early_stop_patience': 50, 'batch_size': 256, 'training_set': 'train_set_only', 'dataset_dir': '../Datasets/small_datasets/ids2018', 'description': 'selected_ids18_subset_ann_shallow_rep4'}
2019-12-22 18:53:58,353 [INFO] Created tensorboard log directory: results_selected_models/selected_ids18_subset_ann_shallow_rep4/tf_logs_run_2019_12_22-18_53_58
2019-12-22 18:53:58,353 [INFO] Loading datsets from: ../Datasets/small_datasets/ids2018
2019-12-22 18:53:58,354 [INFO] Reading X, y files
2019-12-22 18:53:58,354 [INFO] Reading HDF dataset ../Datasets/small_datasets/ids2018/X_train.h5
2019-12-22 18:54:02,383 [INFO] Reading complete. time_to_read=4.03 seconds
2019-12-22 18:54:02,383 [INFO] Reading HDF dataset ../Datasets/small_datasets/ids2018/X_val.h5
2019-12-22 18:54:03,763 [INFO] Reading complete. time_to_read=1.38 seconds
2019-12-22 18:54:03,763 [INFO] Reading HDF dataset ../Datasets/small_datasets/ids2018/X_test.h5
2019-12-22 18:54:05,140 [INFO] Reading complete. time_to_read=1.38 seconds
2019-12-22 18:54:05,140 [INFO] Reading HDF dataset ../Datasets/small_datasets/ids2018/y_train.h5
2019-12-22 18:54:05,430 [INFO] Reading complete. time_to_read=0.29 seconds
2019-12-22 18:54:05,431 [INFO] Reading HDF dataset ../Datasets/small_datasets/ids2018/y_val.h5
2019-12-22 18:54:05,532 [INFO] Reading complete. time_to_read=0.10 seconds
2019-12-22 18:54:05,533 [INFO] Reading HDF dataset ../Datasets/small_datasets/ids2018/y_test.h5
2019-12-22 18:54:05,634 [INFO] Reading complete. time_to_read=0.10 seconds
2019-12-22 18:54:08,991 [INFO] Initializing model
2019-12-22 18:54:09,122 [INFO] _________________________________________________________________
2019-12-22 18:54:09,122 [INFO] Layer (type)                 Output Shape              Param #   
2019-12-22 18:54:09,122 [INFO] =================================================================
2019-12-22 18:54:09,122 [INFO] dense_37 (Dense)             (None, 512)               39936     
2019-12-22 18:54:09,122 [INFO] _________________________________________________________________
2019-12-22 18:54:09,122 [INFO] batch_normalization_19 (Batc (None, 512)               2048      
2019-12-22 18:54:09,122 [INFO] _________________________________________________________________
2019-12-22 18:54:09,122 [INFO] dropout_19 (Dropout)         (None, 512)               0         
2019-12-22 18:54:09,122 [INFO] _________________________________________________________________
2019-12-22 18:54:09,122 [INFO] dense_38 (Dense)             (None, 15)                7695      
2019-12-22 18:54:09,122 [INFO] =================================================================
2019-12-22 18:54:09,123 [INFO] Total params: 49,679
2019-12-22 18:54:09,123 [INFO] Trainable params: 48,655
2019-12-22 18:54:09,123 [INFO] Non-trainable params: 1,024
2019-12-22 18:54:09,123 [INFO] _________________________________________________________________
2019-12-22 18:54:09,123 [INFO] Training model
2019-12-22 19:31:42,856 [INFO] epoch = 30. Intermediate model saved to results_selected_models/selected_ids18_subset_ann_shallow_rep4/ann_model_epoch_30.pickle
2019-12-22 20:08:17,599 [INFO] epoch = 60. Intermediate model saved to results_selected_models/selected_ids18_subset_ann_shallow_rep4/ann_model_epoch_60.pickle
2019-12-22 20:44:54,913 [INFO] epoch = 90. Intermediate model saved to results_selected_models/selected_ids18_subset_ann_shallow_rep4/ann_model_epoch_90.pickle
2019-12-22 21:21:30,123 [INFO] epoch = 120. Intermediate model saved to results_selected_models/selected_ids18_subset_ann_shallow_rep4/ann_model_epoch_120.pickle
2019-12-22 21:58:07,757 [INFO] epoch = 150. Intermediate model saved to results_selected_models/selected_ids18_subset_ann_shallow_rep4/ann_model_epoch_150.pickle
2019-12-22 22:04:37,216 [INFO] WeightRestorer::on_train_end(): restoring best weights
2019-12-22 22:06:20,275 [INFO] Last epoch loss evaluation: train_loss = 0.007703, val_loss = 0.007739
2019-12-22 22:06:20,276 [INFO] Training complete. time_to_train = 11531.15 sec, 192.19 min
2019-12-22 22:06:20,281 [INFO] Model saved to results_selected_models/selected_ids18_subset_ann_shallow_rep4/best_model.pickle
2019-12-22 22:06:20,479 [INFO] Plot saved to: results_selected_models/selected_ids18_subset_ann_shallow_rep4/training_error_history.png
2019-12-22 22:06:20,672 [INFO] Plot saved to: results_selected_models/selected_ids18_subset_ann_shallow_rep4/training_f1_history.png
2019-12-22 22:06:20,673 [INFO] Making predictions on training, validation, testing data
2019-12-22 22:08:12,670 [INFO] Evaluating predictions (results)
2019-12-22 22:08:35,855 [INFO] Dataset: Testing. Classification report below
2019-12-22 22:08:35,855 [INFO] 
                          precision    recall  f1-score   support

                  Benign       0.99      1.00      0.99    535650
                     Bot       1.00      1.00      1.00     11465
        Brute Force -Web       1.00      0.33      0.50        24
        Brute Force -XSS       1.00      0.33      0.50         9
        DDOS attack-HOIC       1.00      1.00      1.00     27447
    DDOS attack-LOIC-UDP       0.70      1.00      0.82        67
  DDoS attacks-LOIC-HTTP       0.99      1.00      0.99     23010
   DoS attacks-GoldenEye       0.99      1.00      1.00      1651
        DoS attacks-Hulk       1.00      1.00      1.00     18478
DoS attacks-SlowHTTPTest       0.72      0.53      0.61      5596
   DoS attacks-Slowloris       0.96      0.98      0.97       440
          FTP-BruteForce       0.71      0.85      0.78      7718
           Infilteration       0.42      0.01      0.02      6404
           SQL Injection       1.00      0.75      0.86         4
          SSH-Bruteforce       1.00      1.00      1.00      7525

                accuracy                           0.98    645488
               macro avg       0.90      0.79      0.80    645488
            weighted avg       0.98      0.98      0.98    645488

2019-12-22 22:08:35,855 [INFO] Overall accuracy (micro avg): 0.9834884614431252
2019-12-22 22:09:00,775 [INFO] Average metrics for Testing dataset below
   average type  avg accuracy  avg precision  avg detection rate (recall)  avg false alarm rate  avg false negative rate  avg f1
0     Micro avg        0.9835         0.9835                       0.9835                0.0012                   0.0165  0.9835
1     Macro avg        0.9978         0.8987                       0.7856                0.0043                   0.2144  0.8029
2  Weighted avg        0.9910         0.9780                       0.9835                0.0483                   0.0165  0.9786
2019-12-22 22:09:23,925 [INFO] Dataset: Validation. Classification report below
2019-12-22 22:09:23,926 [INFO] 
                          precision    recall  f1-score   support

                  Benign       0.99      1.00      0.99    535650
                     Bot       1.00      1.00      1.00     11465
        Brute Force -Web       1.00      0.48      0.65        25
        Brute Force -XSS       1.00      0.67      0.80         9
        DDOS attack-HOIC       1.00      1.00      1.00     27447
    DDOS attack-LOIC-UDP       0.76      0.99      0.86        68
  DDoS attacks-LOIC-HTTP       0.99      1.00      0.99     23009
   DoS attacks-GoldenEye       1.00      1.00      1.00      1651
        DoS attacks-Hulk       1.00      1.00      1.00     18478
DoS attacks-SlowHTTPTest       0.73      0.52      0.61      5596
   DoS attacks-Slowloris       0.95      0.98      0.97       439
          FTP-BruteForce       0.71      0.86      0.78      7718
           Infilteration       0.47      0.01      0.03      6403
           SQL Injection       0.50      0.25      0.33         4
          SSH-Bruteforce       1.00      1.00      1.00      7525

                accuracy                           0.98    645487
               macro avg       0.87      0.78      0.80    645487
            weighted avg       0.98      0.98      0.98    645487

2019-12-22 22:09:23,926 [INFO] Overall accuracy (micro avg): 0.9835720936285316
2019-12-22 22:09:48,869 [INFO] Average metrics for Validation dataset below
   average type  avg accuracy  avg precision  avg detection rate (recall)  avg false alarm rate  avg false negative rate  avg f1
0     Micro avg        0.9836         0.9836                       0.9836                0.0012                   0.0164  0.9836
1     Macro avg        0.9978         0.8732                       0.7841                0.0043                   0.2159  0.8006
2  Weighted avg        0.9910         0.9787                       0.9836                0.0481                   0.0164  0.9787
2019-12-22 22:11:04,524 [INFO] Dataset: Training. Classification report below
2019-12-22 22:11:04,524 [INFO] 
                          precision    recall  f1-score   support

                  Benign       0.99      1.00      0.99   1606949
                     Bot       1.00      1.00      1.00     34396
        Brute Force -Web       0.96      0.37      0.53        73
        Brute Force -XSS       0.87      0.50      0.63        26
        DDOS attack-HOIC       1.00      1.00      1.00     82341
    DDOS attack-LOIC-UDP       0.73      1.00      0.85       203
  DDoS attacks-LOIC-HTTP       0.99      1.00      0.99     69029
   DoS attacks-GoldenEye       1.00      1.00      1.00      4954
        DoS attacks-Hulk       1.00      1.00      1.00     55435
DoS attacks-SlowHTTPTest       0.73      0.53      0.61     16787
   DoS attacks-Slowloris       0.97      0.99      0.98      1318
          FTP-BruteForce       0.71      0.86      0.78     23153
           Infilteration       0.50      0.02      0.03     19210
           SQL Injection       0.80      0.33      0.47        12
          SSH-Bruteforce       1.00      1.00      1.00     22576

                accuracy                           0.98   1936462
               macro avg       0.88      0.77      0.79   1936462
            weighted avg       0.98      0.98      0.98   1936462

2019-12-22 22:11:04,524 [INFO] Overall accuracy (micro avg): 0.9836067012933897
2019-12-22 22:12:26,167 [INFO] Average metrics for Training dataset below
   average type  avg accuracy  avg precision  avg detection rate (recall)  avg false alarm rate  avg false negative rate  avg f1
0     Micro avg        0.9836         0.9836                       0.9836                0.0012                   0.0164  0.9836
1     Macro avg        0.9978         0.8827                       0.7725                0.0043                   0.2275  0.7913
2  Weighted avg        0.9910         0.9789                       0.9836                0.0480                   0.0164  0.9788
2019-12-22 22:12:26,241 [INFO] Results saved to: results_selected_models/selected_ids18_subset_ann_shallow_rep4/selected_ids18_subset_ann_shallow_rep4_results.xlsx
2019-12-22 22:12:26,245 [INFO] ================= Finished running experiment no. 4 ================= 

2019-12-22 22:12:26,295 [INFO] Created directory: results_selected_models/selected_ids18_subset_ann_shallow_rep5
