2020-01-07 22:09:37,270 [INFO] Initialized logging. log_filename = results_additional_exps/ann_data_efficiency_ids18_p40/run_log.log
2020-01-07 22:09:37,270 [INFO] ================= Running experiment no. 4  ================= 

2020-01-07 22:09:37,270 [INFO] Experiment parameters given below
2020-01-07 22:09:37,270 [INFO] 
{'experiment_num': 4, 'results_dir': 'results_additional_exps/ann_data_efficiency_ids18_p40', 'model_type': 'classifier', 'model': 'ann', 'normal_label': 'BENIGN', 'training_data_feed': 'preload', 'split_random_seed': 42, 'dataset_split_ratio': 0.6, 'ann_layer_units': [64], 'ann_layer_activations': ['relu'], 'ann_layer_dropout_rates': [0.2], 'epochs': 100, 'early_stop_patience': 20, 'batch_size': 256, 'training_set': 'train_set_only', 'dataset_dir': '../Datasets/small_datasets/ids2018', 'description': 'ann_data_efficiency_ids18_p40'}
2020-01-07 22:09:37,270 [INFO] Created tensorboard log directory: results_additional_exps/ann_data_efficiency_ids18_p40/tf_logs_run_2020_01_07-22_09_37
2020-01-07 22:09:37,270 [INFO] Loading datsets from: ../Datasets/small_datasets/ids2018
2020-01-07 22:09:37,270 [INFO] Reading X, y files
2020-01-07 22:09:37,270 [INFO] Reading HDF dataset ../Datasets/small_datasets/ids2018/X_train.h5
2020-01-07 22:09:41,595 [INFO] Reading complete. time_to_read=4.32 seconds
2020-01-07 22:09:41,595 [INFO] Reading HDF dataset ../Datasets/small_datasets/ids2018/X_val.h5
2020-01-07 22:09:43,077 [INFO] Reading complete. time_to_read=1.48 seconds
2020-01-07 22:09:43,077 [INFO] Reading HDF dataset ../Datasets/small_datasets/ids2018/X_test.h5
2020-01-07 22:09:44,561 [INFO] Reading complete. time_to_read=1.48 seconds
2020-01-07 22:09:44,561 [INFO] Reading HDF dataset ../Datasets/small_datasets/ids2018/y_train.h5
2020-01-07 22:09:44,779 [INFO] Reading complete. time_to_read=0.22 seconds
2020-01-07 22:09:44,779 [INFO] Reading HDF dataset ../Datasets/small_datasets/ids2018/y_val.h5
2020-01-07 22:09:44,856 [INFO] Reading complete. time_to_read=0.08 seconds
2020-01-07 22:09:44,856 [INFO] Reading HDF dataset ../Datasets/small_datasets/ids2018/y_test.h5
2020-01-07 22:09:44,933 [INFO] Reading complete. time_to_read=0.08 seconds
2020-01-07 22:09:48,565 [INFO] Initializing model
2020-01-07 22:09:48,669 [INFO] _________________________________________________________________
2020-01-07 22:09:48,669 [INFO] Layer (type)                 Output Shape              Param #   
2020-01-07 22:09:48,669 [INFO] =================================================================
2020-01-07 22:09:48,669 [INFO] dense_7 (Dense)              (None, 64)                4992      
2020-01-07 22:09:48,669 [INFO] _________________________________________________________________
2020-01-07 22:09:48,669 [INFO] batch_normalization_4 (Batch (None, 64)                256       
2020-01-07 22:09:48,670 [INFO] _________________________________________________________________
2020-01-07 22:09:48,670 [INFO] dropout_4 (Dropout)          (None, 64)                0         
2020-01-07 22:09:48,670 [INFO] _________________________________________________________________
2020-01-07 22:09:48,670 [INFO] dense_8 (Dense)              (None, 15)                975       
2020-01-07 22:09:48,670 [INFO] =================================================================
2020-01-07 22:09:48,670 [INFO] Total params: 6,223
2020-01-07 22:09:48,670 [INFO] Trainable params: 6,095
2020-01-07 22:09:48,670 [INFO] Non-trainable params: 128
2020-01-07 22:09:48,670 [INFO] _________________________________________________________________
2020-01-07 22:09:48,670 [INFO] Training model
2020-01-07 22:09:48,670 [INFO] Splitting train set into 2 sets (set1, set2), random_seed = 42
2020-01-07 22:10:09,127 [INFO] Split sizes (instances). total = 1936462, set1 = 1161877, set2 = 774585, set1 dataset hash = e211c42470e527b7db137c5b520de34e615b428e
2020-01-07 22:12:48,414 [INFO] epoch = 10. Intermediate model saved to results_additional_exps/ann_data_efficiency_ids18_p40/ann_model_epoch_10.pickle
2020-01-07 22:15:17,565 [INFO] epoch = 20. Intermediate model saved to results_additional_exps/ann_data_efficiency_ids18_p40/ann_model_epoch_20.pickle
2020-01-07 22:17:46,304 [INFO] epoch = 30. Intermediate model saved to results_additional_exps/ann_data_efficiency_ids18_p40/ann_model_epoch_30.pickle
2020-01-07 22:20:15,575 [INFO] epoch = 40. Intermediate model saved to results_additional_exps/ann_data_efficiency_ids18_p40/ann_model_epoch_40.pickle
2020-01-07 22:22:44,368 [INFO] epoch = 50. Intermediate model saved to results_additional_exps/ann_data_efficiency_ids18_p40/ann_model_epoch_50.pickle
2020-01-07 22:25:13,428 [INFO] epoch = 60. Intermediate model saved to results_additional_exps/ann_data_efficiency_ids18_p40/ann_model_epoch_60.pickle
2020-01-07 22:27:42,560 [INFO] epoch = 70. Intermediate model saved to results_additional_exps/ann_data_efficiency_ids18_p40/ann_model_epoch_70.pickle
2020-01-07 22:30:11,601 [INFO] epoch = 80. Intermediate model saved to results_additional_exps/ann_data_efficiency_ids18_p40/ann_model_epoch_80.pickle
2020-01-07 22:32:40,432 [INFO] epoch = 90. Intermediate model saved to results_additional_exps/ann_data_efficiency_ids18_p40/ann_model_epoch_90.pickle
2020-01-07 22:35:01,024 [INFO] WeightRestorer::on_train_end(): restoring best weights
2020-01-07 22:35:18,498 [INFO] Last epoch loss evaluation: train_loss = 0.007811, val_loss = 0.007842
2020-01-07 22:35:18,544 [INFO] Training complete. time_to_train = 1529.87 sec, 25.50 min
2020-01-07 22:35:18,547 [INFO] Model saved to results_additional_exps/ann_data_efficiency_ids18_p40/best_model.pickle
2020-01-07 22:35:18,549 [INFO] Training history saved to: results_additional_exps/ann_data_efficiency_ids18_p40/training_error_history.csv
2020-01-07 22:35:18,726 [INFO] Plot saved to: results_additional_exps/ann_data_efficiency_ids18_p40/training_error_history.png
2020-01-07 22:35:18,899 [INFO] Plot saved to: results_additional_exps/ann_data_efficiency_ids18_p40/training_f1_history.png
2020-01-07 22:35:18,899 [INFO] Making predictions on training, validation, testing data
2020-01-07 22:35:49,380 [INFO] Evaluating predictions (results)
2020-01-07 22:36:01,342 [INFO] Dataset: Testing. Classification report below
2020-01-07 22:36:01,343 [INFO] 
                          precision    recall  f1-score   support

                  Benign       0.99      1.00      0.99    535650
                     Bot       1.00      1.00      1.00     11465
        Brute Force -Web       1.00      0.21      0.34        24
        Brute Force -XSS       1.00      0.33      0.50         9
        DDOS attack-HOIC       1.00      1.00      1.00     27447
    DDOS attack-LOIC-UDP       0.61      0.16      0.26        67
  DDoS attacks-LOIC-HTTP       0.99      0.99      0.99     23010
   DoS attacks-GoldenEye       0.99      1.00      0.99      1651
        DoS attacks-Hulk       1.00      1.00      1.00     18478
DoS attacks-SlowHTTPTest       0.74      0.45      0.56      5596
   DoS attacks-Slowloris       0.96      0.97      0.97       440
          FTP-BruteForce       0.69      0.88      0.78      7718
           Infilteration       0.45      0.01      0.02      6404
           SQL Injection       1.00      0.25      0.40         4
          SSH-Bruteforce       1.00      1.00      1.00      7525

               micro avg       0.98      0.98      0.98    645488
               macro avg       0.89      0.68      0.72    645488
            weighted avg       0.98      0.98      0.98    645488

2020-01-07 22:36:01,343 [INFO] Overall accuracy (micro avg): 0.9831553801155095
2020-01-07 22:36:14,956 [INFO] Average metrics for Testing dataset below
   average type  avg accuracy  avg precision  avg detection rate (recall)  avg false alarm rate  avg false negative rate  avg f1
0     Micro avg        0.9832         0.9832                       0.9832                0.0012                   0.0168  0.9832
1     Macro avg        0.9978         0.8944                       0.6840                0.0044                   0.3160  0.7201
2  Weighted avg        0.9910         0.9780                       0.9832                0.0498                   0.0168  0.9780
2020-01-07 22:36:26,961 [INFO] Dataset: Validation. Classification report below
2020-01-07 22:36:26,961 [INFO] 
                          precision    recall  f1-score   support

                  Benign       0.99      1.00      0.99    535650
                     Bot       1.00      1.00      1.00     11465
        Brute Force -Web       1.00      0.28      0.44        25
        Brute Force -XSS       1.00      0.67      0.80         9
        DDOS attack-HOIC       1.00      1.00      1.00     27447
    DDOS attack-LOIC-UDP       0.61      0.21      0.31        68
  DDoS attacks-LOIC-HTTP       0.99      0.99      0.99     23009
   DoS attacks-GoldenEye       1.00      0.99      0.99      1651
        DoS attacks-Hulk       1.00      1.00      1.00     18478
DoS attacks-SlowHTTPTest       0.75      0.45      0.56      5596
   DoS attacks-Slowloris       0.94      0.97      0.96       439
          FTP-BruteForce       0.69      0.89      0.78      7718
           Infilteration       0.47      0.01      0.02      6403
           SQL Injection       0.00      0.00      0.00         4
          SSH-Bruteforce       1.00      1.00      1.00      7525

               micro avg       0.98      0.98      0.98    645487
               macro avg       0.83      0.70      0.72    645487
            weighted avg       0.98      0.98      0.98    645487

2020-01-07 22:36:26,963 [INFO] Overall accuracy (micro avg): 0.9832219703882495
2020-01-07 22:36:40,579 [INFO] Average metrics for Validation dataset below
   average type  avg accuracy  avg precision  avg detection rate (recall)  avg false alarm rate  avg false negative rate  avg f1
0     Micro avg        0.9832         0.9832                       0.9832                0.0012                   0.0168  0.9832
1     Macro avg        0.9978         0.8292                       0.6975                0.0044                   0.3025  0.7227
2  Weighted avg        0.9910         0.9784                       0.9832                0.0497                   0.0168  0.9781
2020-01-07 22:37:19,805 [INFO] Dataset: Training. Classification report below
2020-01-07 22:37:19,805 [INFO] 
                          precision    recall  f1-score   support

                  Benign       0.99      1.00      0.99   1606949
                     Bot       1.00      1.00      1.00     34396
        Brute Force -Web       1.00      0.26      0.41        73
        Brute Force -XSS       1.00      0.50      0.67        26
        DDOS attack-HOIC       1.00      1.00      1.00     82341
    DDOS attack-LOIC-UDP       0.64      0.17      0.27       203
  DDoS attacks-LOIC-HTTP       0.99      0.99      0.99     69029
   DoS attacks-GoldenEye       0.99      1.00      1.00      4954
        DoS attacks-Hulk       1.00      1.00      1.00     55435
DoS attacks-SlowHTTPTest       0.74      0.45      0.56     16787
   DoS attacks-Slowloris       0.97      0.99      0.98      1318
          FTP-BruteForce       0.69      0.89      0.78     23153
           Infilteration       0.50      0.01      0.02     19210
           SQL Injection       1.00      0.25      0.40        12
          SSH-Bruteforce       1.00      1.00      1.00     22576

               micro avg       0.98      0.98      0.98   1936462
               macro avg       0.90      0.70      0.74   1936462
            weighted avg       0.98      0.98      0.98   1936462

2020-01-07 22:37:19,805 [INFO] Overall accuracy (micro avg): 0.9832199134297497
2020-01-07 22:38:04,332 [INFO] Average metrics for Training dataset below
   average type  avg accuracy  avg precision  avg detection rate (recall)  avg false alarm rate  avg false negative rate  avg f1
0     Micro avg        0.9832         0.9832                       0.9832                0.0012                   0.0168  0.9832
1     Macro avg        0.9978         0.9006                       0.7003                0.0044                   0.2997  0.7374
2  Weighted avg        0.9910         0.9787                       0.9832                0.0496                   0.0168  0.9781
2020-01-07 22:38:04,390 [INFO] Results saved to: results_additional_exps/ann_data_efficiency_ids18_p40/ann_data_efficiency_ids18_p40_results.xlsx
2020-01-07 22:38:04,394 [INFO] ================= Finished running experiment no. 4 ================= 

2020-01-07 22:38:04,474 [INFO] Created directory: results_additional_exps/ann_data_efficiency_ids18_p50
