2020-01-07 11:32:58,772 [INFO] Initialized logging. log_filename = results_additional_exps/semi_sup_perf_ids17_ae_ann_rep1/run_log.log
2020-01-07 11:32:58,772 [INFO] ================= Running experiment no. 1  ================= 

2020-01-07 11:32:58,772 [INFO] Experiment parameters given below
2020-01-07 11:32:58,772 [INFO] 
{'experiment_num': 1, 'results_dir': 'results_additional_exps/semi_sup_perf_ids17_ae_ann_rep1', 'model_type': 'classifier', 'model': 'ae_ann', 'normal_label': 'BENIGN', 'split_random_seed': 42, 'unsupervised_ratio': 0.75, 'ae_encoder_units': [64], 'ae_encoder_activations': ['relu'], 'ae_encoder_dropout_rates': [0.2], 'ae_encoder_l1_param': -1, 'ae_decoder_units': '', 'ae_decoder_activations': '', 'ae_decoder_dropout_rates': '', 'output_activation': 'sigmoid', 'loss_function': 'binary_crossentropy', 'ae_epochs': 200, 'ann_layer_units': [64], 'ann_layer_activations': ['relu'], 'ann_layer_dropout_rates': [0.2], 'ann_epochs': 200, 'early_stop_patience': 50, 'batch_size': 256, 'dataset_dir': '../Datasets/full_datasets/ids2017', 'description': 'semi_sup_perf_ids17_ae_ann_rep1'}
2020-01-07 11:32:58,772 [INFO] Created tensorboard log directory: results_additional_exps/semi_sup_perf_ids17_ae_ann_rep1/tf_logs_run_2020_01_07-11_32_58
2020-01-07 11:32:58,772 [INFO] Loading datsets from: ../Datasets/full_datasets/ids2017
2020-01-07 11:32:58,773 [INFO] Reading X, y files
2020-01-07 11:32:58,773 [INFO] Reading HDF dataset ../Datasets/full_datasets/ids2017/X_train.h5
2020-01-07 11:33:02,587 [INFO] Reading complete. time_to_read=3.81 seconds
2020-01-07 11:33:02,587 [INFO] Reading HDF dataset ../Datasets/full_datasets/ids2017/X_val.h5
2020-01-07 11:33:03,871 [INFO] Reading complete. time_to_read=1.28 seconds
2020-01-07 11:33:03,872 [INFO] Reading HDF dataset ../Datasets/full_datasets/ids2017/X_test.h5
2020-01-07 11:33:05,157 [INFO] Reading complete. time_to_read=1.29 seconds
2020-01-07 11:33:05,157 [INFO] Reading HDF dataset ../Datasets/full_datasets/ids2017/y_train.h5
2020-01-07 11:33:05,417 [INFO] Reading complete. time_to_read=0.26 seconds
2020-01-07 11:33:05,417 [INFO] Reading HDF dataset ../Datasets/full_datasets/ids2017/y_val.h5
2020-01-07 11:33:05,505 [INFO] Reading complete. time_to_read=0.09 seconds
2020-01-07 11:33:05,505 [INFO] Reading HDF dataset ../Datasets/full_datasets/ids2017/y_test.h5
2020-01-07 11:33:05,589 [INFO] Reading complete. time_to_read=0.08 seconds
2020-01-07 11:33:08,551 [INFO] Initializing model
2020-01-07 11:33:08,676 [INFO] _________________________________________________________________
2020-01-07 11:33:08,676 [INFO] Layer (type)                 Output Shape              Param #   
2020-01-07 11:33:08,676 [INFO] =================================================================
2020-01-07 11:33:08,676 [INFO] dense_13 (Dense)             (None, 64)                5056      
2020-01-07 11:33:08,676 [INFO] _________________________________________________________________
2020-01-07 11:33:08,676 [INFO] batch_normalization_7 (Batch (None, 64)                256       
2020-01-07 11:33:08,676 [INFO] _________________________________________________________________
2020-01-07 11:33:08,676 [INFO] dropout_7 (Dropout)          (None, 64)                0         
2020-01-07 11:33:08,676 [INFO] _________________________________________________________________
2020-01-07 11:33:08,677 [INFO] dense_14 (Dense)             (None, 78)                5070      
2020-01-07 11:33:08,677 [INFO] =================================================================
2020-01-07 11:33:08,677 [INFO] Total params: 10,382
2020-01-07 11:33:08,677 [INFO] Trainable params: 10,254
2020-01-07 11:33:08,677 [INFO] Non-trainable params: 128
2020-01-07 11:33:08,677 [INFO] _________________________________________________________________
2020-01-07 11:33:08,797 [INFO] _________________________________________________________________
2020-01-07 11:33:08,797 [INFO] Layer (type)                 Output Shape              Param #   
2020-01-07 11:33:08,797 [INFO] =================================================================
2020-01-07 11:33:08,797 [INFO] dense_15 (Dense)             (None, 64)                4160      
2020-01-07 11:33:08,797 [INFO] _________________________________________________________________
2020-01-07 11:33:08,797 [INFO] batch_normalization_8 (Batch (None, 64)                256       
2020-01-07 11:33:08,797 [INFO] _________________________________________________________________
2020-01-07 11:33:08,797 [INFO] dropout_8 (Dropout)          (None, 64)                0         
2020-01-07 11:33:08,797 [INFO] _________________________________________________________________
2020-01-07 11:33:08,798 [INFO] dense_16 (Dense)             (None, 12)                780       
2020-01-07 11:33:08,798 [INFO] =================================================================
2020-01-07 11:33:08,798 [INFO] Total params: 5,196
2020-01-07 11:33:08,798 [INFO] Trainable params: 5,068
2020-01-07 11:33:08,798 [INFO] Non-trainable params: 128
2020-01-07 11:33:08,798 [INFO] _________________________________________________________________
2020-01-07 11:33:08,798 [INFO] Training model
2020-01-07 11:33:08,798 [INFO] Splitting train set into 2 sets (unsupervised, supervised), random_seed = 42
2020-01-07 11:33:33,121 [INFO] Split sizes (instances). total = 1696684, unsupervised = 1272513, supervised = 424171, unsupervised dataset hash = 07eca414d7fa8ed059bf34ec454d369f9e002f85
2020-01-07 11:33:33,121 [INFO] Training autoencoder
2020-01-07 11:41:19,763 [INFO] epoch = 20. Intermediate model saved to results_additional_exps/semi_sup_perf_ids17_ae_ann_rep1/ae_model_epoch_20.pickle
2020-01-07 11:48:45,756 [INFO] epoch = 40. Intermediate model saved to results_additional_exps/semi_sup_perf_ids17_ae_ann_rep1/ae_model_epoch_40.pickle
2020-01-07 11:56:11,677 [INFO] epoch = 60. Intermediate model saved to results_additional_exps/semi_sup_perf_ids17_ae_ann_rep1/ae_model_epoch_60.pickle
2020-01-07 12:03:37,875 [INFO] epoch = 80. Intermediate model saved to results_additional_exps/semi_sup_perf_ids17_ae_ann_rep1/ae_model_epoch_80.pickle
2020-01-07 12:11:03,812 [INFO] epoch = 100. Intermediate model saved to results_additional_exps/semi_sup_perf_ids17_ae_ann_rep1/ae_model_epoch_100.pickle
2020-01-07 12:18:29,940 [INFO] epoch = 120. Intermediate model saved to results_additional_exps/semi_sup_perf_ids17_ae_ann_rep1/ae_model_epoch_120.pickle
2020-01-07 12:25:55,874 [INFO] epoch = 140. Intermediate model saved to results_additional_exps/semi_sup_perf_ids17_ae_ann_rep1/ae_model_epoch_140.pickle
2020-01-07 12:25:55,874 [INFO] WeightRestorer::on_train_end(): restoring best weights
2020-01-07 12:26:43,318 [INFO] Last epoch loss evaluation: train_loss = -4.165374, val_loss = -4.167122
2020-01-07 12:26:43,318 [INFO] Training autoencoder complete
2020-01-07 12:26:43,318 [INFO] Encoding data for supervised training
2020-01-07 12:27:02,921 [INFO] Encoding complete
2020-01-07 12:27:02,922 [INFO] Training neural network layers (after autoencoder)
2020-01-07 12:33:19,583 [INFO] epoch = 20. Intermediate model saved to results_additional_exps/semi_sup_perf_ids17_ae_ann_rep1/ann_model_epoch_20.pickle
2020-01-07 12:39:26,974 [INFO] epoch = 40. Intermediate model saved to results_additional_exps/semi_sup_perf_ids17_ae_ann_rep1/ann_model_epoch_40.pickle
2020-01-07 12:45:34,963 [INFO] epoch = 60. Intermediate model saved to results_additional_exps/semi_sup_perf_ids17_ae_ann_rep1/ann_model_epoch_60.pickle
2020-01-07 12:51:43,229 [INFO] epoch = 80. Intermediate model saved to results_additional_exps/semi_sup_perf_ids17_ae_ann_rep1/ann_model_epoch_80.pickle
2020-01-07 12:57:51,672 [INFO] epoch = 100. Intermediate model saved to results_additional_exps/semi_sup_perf_ids17_ae_ann_rep1/ann_model_epoch_100.pickle
2020-01-07 13:04:00,268 [INFO] epoch = 120. Intermediate model saved to results_additional_exps/semi_sup_perf_ids17_ae_ann_rep1/ann_model_epoch_120.pickle
2020-01-07 13:10:08,833 [INFO] epoch = 140. Intermediate model saved to results_additional_exps/semi_sup_perf_ids17_ae_ann_rep1/ann_model_epoch_140.pickle
2020-01-07 13:14:20,942 [INFO] WeightRestorer::on_train_end(): restoring best weights
2020-01-07 13:14:43,807 [INFO] Last epoch loss evaluation: train_loss = 0.003118, val_loss = 0.003357
2020-01-07 13:14:43,814 [INFO] Training complete. time_to_train = 6095.02 sec, 101.58 min
2020-01-07 13:14:43,824 [INFO] Model saved to results_additional_exps/semi_sup_perf_ids17_ae_ann_rep1/best_model.pickle
2020-01-07 13:14:43,826 [INFO] Training history saved to: results_additional_exps/semi_sup_perf_ids17_ae_ann_rep1/training_error_history.csv
2020-01-07 13:14:44,016 [INFO] Plot saved to: results_additional_exps/semi_sup_perf_ids17_ae_ann_rep1/training_error_history.png
2020-01-07 13:14:44,198 [INFO] Plot saved to: results_additional_exps/semi_sup_perf_ids17_ae_ann_rep1/training_f1_history.png
2020-01-07 13:14:44,198 [INFO] Making predictions on training, validation, testing data
2020-01-07 13:16:37,777 [INFO] Evaluating predictions (results)
2020-01-07 13:16:57,615 [INFO] Dataset: Testing. Classification report below
2020-01-07 13:16:57,615 [INFO] 
                        precision    recall  f1-score   support

                BENIGN       1.00      1.00      1.00    454265
                   Bot       0.97      0.35      0.52       391
                  DDoS       1.00      1.00      1.00     25605
         DoS GoldenEye       0.99      0.97      0.98      2058
              DoS Hulk       0.98      0.99      0.98     46025
      DoS Slowhttptest       0.88      0.99      0.93      1100
         DoS slowloris       0.99      0.96      0.97      1159
           FTP-Patator       1.00      0.99      0.99      1587
              PortScan       0.99      0.99      0.99     31761
           SSH-Patator       0.96      0.97      0.96      1179
Web Attack Brute Force       1.00      0.08      0.15       302
        Web Attack XSS       0.00      0.00      0.00       130

              accuracy                           0.99    565562
             macro avg       0.90      0.77      0.79    565562
          weighted avg       0.99      0.99      0.99    565562

2020-01-07 13:16:57,615 [INFO] Overall accuracy (micro avg): 0.9944568411597667
2020-01-07 13:17:18,927 [INFO] Average metrics for Testing dataset below
   average type  avg accuracy  avg precision  avg detection rate (recall)  avg false alarm rate  avg false negative rate  avg f1
0     Micro avg        0.9945         0.9945                       0.9945                0.0005                   0.0055  0.9945
1     Macro avg        0.9991         0.8957                       0.7738                0.0014                   0.2262  0.7897
2  Weighted avg        0.9954         0.9943                       0.9945                0.0113                   0.0055  0.9940
2020-01-07 13:17:38,913 [INFO] Dataset: Validation. Classification report below
2020-01-07 13:17:38,913 [INFO] 
                        precision    recall  f1-score   support

                BENIGN       1.00      1.00      1.00    454264
                   Bot       0.98      0.31      0.47       391
                  DDoS       1.00      1.00      1.00     25605
         DoS GoldenEye       0.99      0.97      0.98      2059
              DoS Hulk       0.98      0.99      0.98     46025
      DoS Slowhttptest       0.88      0.98      0.93      1099
         DoS slowloris       0.98      0.95      0.97      1159
           FTP-Patator       1.00      0.99      0.99      1587
              PortScan       0.99      0.99      0.99     31761
           SSH-Patator       0.97      0.96      0.96      1180
Web Attack Brute Force       0.93      0.04      0.08       301
        Web Attack XSS       1.00      0.03      0.06       131

              accuracy                           0.99    565562
             macro avg       0.97      0.77      0.78    565562
          weighted avg       0.99      0.99      0.99    565562

2020-01-07 13:17:38,913 [INFO] Overall accuracy (micro avg): 0.9945646984769132
2020-01-07 13:18:00,439 [INFO] Average metrics for Validation dataset below
   average type  avg accuracy  avg precision  avg detection rate (recall)  avg false alarm rate  avg false negative rate  avg f1
0     Micro avg        0.9946         0.9946                       0.9946                0.0005                   0.0054  0.9946
1     Macro avg        0.9991         0.9741                       0.7673                0.0014                   0.2327  0.7843
2  Weighted avg        0.9955         0.9946                       0.9946                0.0112                   0.0054  0.9941
2020-01-07 13:19:07,280 [INFO] Dataset: Training. Classification report below
2020-01-07 13:19:07,280 [INFO] 
                        precision    recall  f1-score   support

                BENIGN       1.00      1.00      1.00   1362791
                   Bot       0.98      0.35      0.52      1174
                  DDoS       1.00      1.00      1.00     76815
         DoS GoldenEye       0.99      0.97      0.98      6176
              DoS Hulk       0.98      0.99      0.98    138074
      DoS Slowhttptest       0.90      0.98      0.94      3300
         DoS slowloris       0.99      0.97      0.98      3478
           FTP-Patator       1.00      0.99      0.99      4761
              PortScan       0.99      0.99      0.99     95282
           SSH-Patator       0.97      0.97      0.97      3538
Web Attack Brute Force       1.00      0.07      0.12       904
        Web Attack XSS       1.00      0.03      0.06       391

              accuracy                           0.99   1696684
             macro avg       0.98      0.78      0.79   1696684
          weighted avg       0.99      0.99      0.99   1696684

2020-01-07 13:19:07,280 [INFO] Overall accuracy (micro avg): 0.9947297198535496
2020-01-07 13:20:19,297 [INFO] Average metrics for Training dataset below
   average type  avg accuracy  avg precision  avg detection rate (recall)  avg false alarm rate  avg false negative rate  avg f1
0     Micro avg        0.9947         0.9947                       0.9947                0.0005                   0.0053  0.9947
1     Macro avg        0.9991         0.9826                       0.7755                0.0014                   0.2245  0.7944
2  Weighted avg        0.9956         0.9948                       0.9947                0.0110                   0.0053  0.9943
2020-01-07 13:20:19,362 [INFO] Results saved to: results_additional_exps/semi_sup_perf_ids17_ae_ann_rep1/semi_sup_perf_ids17_ae_ann_rep1_results.xlsx
2020-01-07 13:20:19,366 [INFO] ================= Finished running experiment no. 1 ================= 

2020-01-07 13:20:19,408 [INFO] Created directory: results_additional_exps/semi_sup_perf_ids17_ae_ann_rep2
