2019-12-26 23:51:50,832 [INFO] Initialized logging. log_filename = results_selected_models/selected_nsl_lstm_deep_rep4/run_log.log
2019-12-26 23:51:50,832 [INFO] ================= Running experiment no. 4  ================= 

2019-12-26 23:51:50,832 [INFO] Experiment parameters given below
2019-12-26 23:51:50,832 [INFO] 
{'experiment_num': 4, 'results_dir': 'results_selected_models/selected_nsl_lstm_deep_rep4', 'model': 'lstm', 'model_type': 'classifier', 'normal_label': 'normal', 'lstm_time_steps': 19, 'lstm_layer_units': [64, 35], 'lstm_layer_activations': ['relu', 'relu'], 'lstm_layer_dropout_rates': [0.2, 0.5], 'batch_size': 256, 'epochs': 300, 'early_stop_patience': 50, 'dataset_dir': '../Datasets/small_datasets/nsl_kdd_five_classes', 'description': 'selected_nsl_lstm_deep_rep4'}
2019-12-26 23:51:50,832 [INFO] Created tensorboard log directory: results_selected_models/selected_nsl_lstm_deep_rep4/tf_logs_run_2019_12_26-23_51_50
2019-12-26 23:51:50,833 [INFO] Loading datsets from: ../Datasets/small_datasets/nsl_kdd_five_classes
2019-12-26 23:51:50,833 [INFO] Reading X, y files
2019-12-26 23:51:50,833 [INFO] Reading HDF dataset ../Datasets/small_datasets/nsl_kdd_five_classes/X_train.h5
2019-12-26 23:51:51,095 [INFO] Reading complete. time_to_read=0.26 seconds
2019-12-26 23:51:51,095 [INFO] Reading HDF dataset ../Datasets/small_datasets/nsl_kdd_five_classes/X_val.h5
2019-12-26 23:51:51,162 [INFO] Reading complete. time_to_read=0.07 seconds
2019-12-26 23:51:51,163 [INFO] Reading HDF dataset ../Datasets/small_datasets/nsl_kdd_five_classes/X_test.h5
2019-12-26 23:51:51,225 [INFO] Reading complete. time_to_read=0.06 seconds
2019-12-26 23:51:51,226 [INFO] Reading HDF dataset ../Datasets/small_datasets/nsl_kdd_five_classes/y_train.h5
2019-12-26 23:51:51,233 [INFO] Reading complete. time_to_read=0.01 seconds
2019-12-26 23:51:51,233 [INFO] Reading HDF dataset ../Datasets/small_datasets/nsl_kdd_five_classes/y_val.h5
2019-12-26 23:51:51,237 [INFO] Reading complete. time_to_read=0.00 seconds
2019-12-26 23:51:51,238 [INFO] Reading HDF dataset ../Datasets/small_datasets/nsl_kdd_five_classes/y_test.h5
2019-12-26 23:51:51,241 [INFO] Reading complete. time_to_read=0.00 seconds
2019-12-26 23:51:51,398 [INFO] Preparing flow sequences
2019-12-26 23:51:53,311 [INFO] Extracting flows complete. time_taken = 1.91 sec
2019-12-26 23:51:53,362 [INFO] Initializing model
2019-12-26 23:51:53,808 [INFO] _________________________________________________________________
2019-12-26 23:51:53,808 [INFO] Layer (type)                 Output Shape              Param #   
2019-12-26 23:51:53,808 [INFO] =================================================================
2019-12-26 23:51:53,808 [INFO] lstm_7 (LSTM)                (None, 19, 64)            47872     
2019-12-26 23:51:53,808 [INFO] _________________________________________________________________
2019-12-26 23:51:53,808 [INFO] batch_normalization_7 (Batch (None, 19, 64)            256       
2019-12-26 23:51:53,809 [INFO] _________________________________________________________________
2019-12-26 23:51:53,809 [INFO] dropout_7 (Dropout)          (None, 19, 64)            0         
2019-12-26 23:51:53,809 [INFO] _________________________________________________________________
2019-12-26 23:51:53,809 [INFO] lstm_8 (LSTM)                (None, 19, 35)            14000     
2019-12-26 23:51:53,809 [INFO] _________________________________________________________________
2019-12-26 23:51:53,809 [INFO] batch_normalization_8 (Batch (None, 19, 35)            140       
2019-12-26 23:51:53,809 [INFO] _________________________________________________________________
2019-12-26 23:51:53,809 [INFO] dropout_8 (Dropout)          (None, 19, 35)            0         
2019-12-26 23:51:53,809 [INFO] _________________________________________________________________
2019-12-26 23:51:53,809 [INFO] time_distributed_4 (TimeDist (None, 19, 5)             180       
2019-12-26 23:51:53,809 [INFO] =================================================================
2019-12-26 23:51:53,809 [INFO] Total params: 62,448
2019-12-26 23:51:53,809 [INFO] Trainable params: 62,250
2019-12-26 23:51:53,809 [INFO] Non-trainable params: 198
2019-12-26 23:51:53,809 [INFO] _________________________________________________________________
2019-12-26 23:51:53,809 [INFO] Training model
2019-12-26 23:52:29,816 [INFO] epoch = 30. Intermediate model saved to results_selected_models/selected_nsl_lstm_deep_rep4/_model_epoch_30.pickle
2019-12-26 23:52:58,802 [INFO] epoch = 60. Intermediate model saved to results_selected_models/selected_nsl_lstm_deep_rep4/_model_epoch_60.pickle
2019-12-26 23:53:27,742 [INFO] epoch = 90. Intermediate model saved to results_selected_models/selected_nsl_lstm_deep_rep4/_model_epoch_90.pickle
2019-12-26 23:53:48,128 [INFO] WeightRestorer::on_train_end(): restoring best weights
2019-12-26 23:53:49,125 [INFO] Last epoch loss evaluation: train_loss = 0.003922, val_loss = 0.009665
2019-12-26 23:53:49,125 [INFO] Training complete. time_to_train = 115.32 sec, 1.92 min
2019-12-26 23:53:49,131 [INFO] Model saved to results_selected_models/selected_nsl_lstm_deep_rep4/best_model.pickle
2019-12-26 23:53:49,133 [INFO] Training history saved to: results_selected_models/selected_nsl_lstm_deep_rep4/training_error_history.csv
2019-12-26 23:53:49,263 [INFO] Plot saved to: results_selected_models/selected_nsl_lstm_deep_rep4/training_error_history.png
2019-12-26 23:53:49,392 [INFO] Plot saved to: results_selected_models/selected_nsl_lstm_deep_rep4/training_f1_history.png
2019-12-26 23:53:49,392 [INFO] Making predictions on training, validation, testing data
2019-12-26 23:53:50,095 [INFO] Evaluating predictions (results)
2019-12-26 23:53:50,408 [INFO] Dataset: Testing. Classification report below
2019-12-26 23:53:50,408 [INFO] 
              precision    recall  f1-score   support

         dos       0.95      0.84      0.89      7453
      normal       0.68      0.93      0.79      9707
       probe       0.68      0.68      0.68      2420
         r2l       0.93      0.12      0.21      2421
         u2r       0.67      0.01      0.02       533

   micro avg       0.76      0.76      0.76     22534
   macro avg       0.78      0.52      0.52     22534
weighted avg       0.80      0.76      0.73     22534

2019-12-26 23:53:50,408 [INFO] Overall accuracy (micro avg): 0.763823555516109
2019-12-26 23:53:50,762 [INFO] Average metrics for Testing dataset below
   average type  avg accuracy  avg precision  avg detection rate (recall)  avg false alarm rate  avg false negative rate  avg f1
0     Micro avg        0.7638         0.7638                       0.7638                0.0590                   0.2362  0.7638
1     Macro avg        0.9055         0.7820                       0.5152                0.0776                   0.4848  0.5174
2  Weighted avg        0.8662         0.7970                       0.7638                0.1521                   0.2362  0.7297
2019-12-26 23:53:51,110 [INFO] Dataset: Validation. Classification report below
2019-12-26 23:53:51,110 [INFO] 
              precision    recall  f1-score   support

         dos       1.00      1.00      1.00      9186
      normal       0.99      0.99      0.99     13469
       probe       0.98      0.98      0.98      2330
         r2l       0.85      0.82      0.84       199
         u2r       1.00      0.20      0.33        10

   micro avg       0.99      0.99      0.99     25194
   macro avg       0.97      0.80      0.83     25194
weighted avg       0.99      0.99      0.99     25194

2019-12-26 23:53:51,110 [INFO] Overall accuracy (micro avg): 0.9928951337620068
2019-12-26 23:53:51,491 [INFO] Average metrics for Validation dataset below
   average type  avg accuracy  avg precision  avg detection rate (recall)  avg false alarm rate  avg false negative rate  avg f1
0     Micro avg        0.9929         0.9929                       0.9929                0.0018                   0.0071  0.9929
1     Macro avg        0.9972         0.9653                       0.7989                0.0023                   0.2011  0.8287
2  Weighted avg        0.9956         0.9929                       0.9929                0.0046                   0.0071  0.9928
2019-12-26 23:53:52,998 [INFO] Dataset: Training. Classification report below
2019-12-26 23:53:52,998 [INFO] 
              precision    recall  f1-score   support

         dos       1.00      1.00      1.00     36740
      normal       1.00      1.00      1.00     53873
       probe       0.99      0.99      0.99      9325
         r2l       0.94      0.90      0.92       796
         u2r       0.92      0.29      0.44        42

   micro avg       1.00      1.00      1.00    100776
   macro avg       0.97      0.84      0.87    100776
weighted avg       1.00      1.00      1.00    100776

2019-12-26 23:53:52,998 [INFO] Overall accuracy (micro avg): 0.9970727157259665
2019-12-26 23:53:54,703 [INFO] Average metrics for Training dataset below
   average type  avg accuracy  avg precision  avg detection rate (recall)  avg false alarm rate  avg false negative rate  avg f1
0     Micro avg        0.9971         0.9971                       0.9971                0.0007                   0.0029  0.9971
1     Macro avg        0.9988         0.9712                       0.8355                0.0010                   0.1645  0.8696
2  Weighted avg        0.9982         0.9970                       0.9971                0.0022                   0.0029  0.9970
2019-12-26 23:53:54,723 [INFO] Results saved to: results_selected_models/selected_nsl_lstm_deep_rep4/selected_nsl_lstm_deep_rep4_results.xlsx
2019-12-26 23:53:54,724 [INFO] ================= Finished running experiment no. 4 ================= 

2019-12-26 23:53:54,727 [INFO] Created directory: results_selected_models/selected_nsl_lstm_deep_rep5
