2019-12-20 17:17:48,755 [INFO] Initialized logging. log_filename = results_selected_models/selected_nsl_rf_3/run_log.log
2019-12-20 17:17:48,755 [INFO] ================= Running experiment no. 3  ================= 

2019-12-20 17:17:48,755 [INFO] Experiment parameters given below
2019-12-20 17:17:48,755 [INFO] 
{'experiment_num': 3, 'results_dir': 'results_selected_models/selected_nsl_rf_3', 'model_type': 'classifier', 'model': 'rf', 'normal_label': 'normal', 'training_data_feed': 'preload', 'scaling_type': 'NA', 'num_trees': 100, 'min_samples_for_split': 2, 'randomize_state': 1, 'training_set': 'train_set_only', 'dataset_dir': '../Datasets/small_datasets/nsl_kdd_five_classes', 'description': 'selected_nsl_rf_3'}
2019-12-20 17:17:48,756 [INFO] Created tensorboard log directory: results_selected_models/selected_nsl_rf_3/tf_logs_run_2019_12_20-17_17_48
2019-12-20 17:17:48,756 [INFO] Loading datsets from: ../Datasets/small_datasets/nsl_kdd_five_classes
2019-12-20 17:17:48,756 [INFO] Reading X, y files
2019-12-20 17:17:48,756 [INFO] Reading HDF dataset ../Datasets/small_datasets/nsl_kdd_five_classes/X_train.h5
2019-12-20 17:17:48,999 [INFO] Reading complete. time_to_read=0.24 seconds
2019-12-20 17:17:48,999 [INFO] Reading HDF dataset ../Datasets/small_datasets/nsl_kdd_five_classes/X_val.h5
2019-12-20 17:17:49,064 [INFO] Reading complete. time_to_read=0.06 seconds
2019-12-20 17:17:49,064 [INFO] Reading HDF dataset ../Datasets/small_datasets/nsl_kdd_five_classes/X_test.h5
2019-12-20 17:17:49,122 [INFO] Reading complete. time_to_read=0.06 seconds
2019-12-20 17:17:49,124 [INFO] Reading HDF dataset ../Datasets/small_datasets/nsl_kdd_five_classes/y_train.h5
2019-12-20 17:17:49,131 [INFO] Reading complete. time_to_read=0.01 seconds
2019-12-20 17:17:49,131 [INFO] Reading HDF dataset ../Datasets/small_datasets/nsl_kdd_five_classes/y_val.h5
2019-12-20 17:17:49,135 [INFO] Reading complete. time_to_read=0.00 seconds
2019-12-20 17:17:49,135 [INFO] Reading HDF dataset ../Datasets/small_datasets/nsl_kdd_five_classes/y_test.h5
2019-12-20 17:17:49,138 [INFO] Reading complete. time_to_read=0.00 seconds
2019-12-20 17:17:49,324 [INFO] Initializing model
2019-12-20 17:17:49,324 [INFO] Training model
2019-12-20 17:17:54,506 [INFO] Training complete. time_to_train = 5.18 sec, 0.09 min
2019-12-20 17:17:54,522 [INFO] Model saved to results_selected_models/selected_nsl_rf_3/best_model.pickle
2019-12-20 17:17:54,523 [INFO] Making predictions on training, validation, testing data
2019-12-20 17:17:56,487 [INFO] Evaluating predictions (results)
2019-12-20 17:17:56,748 [INFO] Dataset: Testing. Classification report below
2019-12-20 17:17:56,749 [INFO] 
              precision    recall  f1-score   support

         dos       0.93      0.80      0.86      7458
      normal       0.66      0.97      0.79      9711
       probe       0.86      0.59      0.70      2421
         r2l       0.99      0.05      0.09      2421
         u2r       0.50      0.00      0.00       533

   micro avg       0.75      0.75      0.75     22544
   macro avg       0.79      0.48      0.49     22544
weighted avg       0.80      0.75      0.71     22544

2019-12-20 17:17:56,749 [INFO] Overall accuracy (micro avg): 0.7539034776437189
2019-12-20 17:17:57,046 [INFO] Average metrics for Testing dataset below
   average type  avg accuracy  avg precision  avg detection rate (recall)  avg false alarm rate  avg false negative rate  avg f1
0     Micro avg        0.7539         0.7539                       0.7539                0.0615                   0.2461  0.7539
1     Macro avg        0.9016         0.7893                       0.4840                0.0842                   0.5160  0.4898
2  Weighted avg        0.8565         0.8035                       0.7539                0.1747                   0.2461  0.7097
2019-12-20 17:17:57,380 [INFO] Dataset: Validation. Classification report below
2019-12-20 17:17:57,380 [INFO] 
              precision    recall  f1-score   support

         dos       1.00      1.00      1.00      9186
      normal       1.00      1.00      1.00     13469
       probe       1.00      1.00      1.00      2331
         r2l       0.99      0.92      0.96       199
         u2r       0.80      0.40      0.53        10

   micro avg       1.00      1.00      1.00     25195
   macro avg       0.96      0.86      0.90     25195
weighted avg       1.00      1.00      1.00     25195

2019-12-20 17:17:57,380 [INFO] Overall accuracy (micro avg): 0.9984123834094066
2019-12-20 17:17:57,736 [INFO] Average metrics for Validation dataset below
   average type  avg accuracy  avg precision  avg detection rate (recall)  avg false alarm rate  avg false negative rate  avg f1
0     Micro avg        0.9984         0.9984                       0.9984                0.0004                   0.0016  0.9984
1     Macro avg        0.9994         0.9581                       0.8641                0.0006                   0.1359  0.8975
2  Weighted avg        0.9991         0.9984                       0.9984                0.0012                   0.0016  0.9984
2019-12-20 17:17:59,176 [INFO] Dataset: Training. Classification report below
2019-12-20 17:17:59,176 [INFO] 
              precision    recall  f1-score   support

         dos       1.00      1.00      1.00     36741
      normal       1.00      1.00      1.00     53874
       probe       1.00      1.00      1.00      9325
         r2l       1.00      1.00      1.00       796
         u2r       1.00      0.98      0.99        42

   micro avg       1.00      1.00      1.00    100778
   macro avg       1.00      1.00      1.00    100778
weighted avg       1.00      1.00      1.00    100778

2019-12-20 17:17:59,176 [INFO] Overall accuracy (micro avg): 0.999960308797555
2019-12-20 17:18:00,796 [INFO] Average metrics for Training dataset below
   average type  avg accuracy  avg precision  avg detection rate (recall)  avg false alarm rate  avg false negative rate  avg f1
0     Micro avg        1.0000         1.0000                       1.0000                0.0000                   0.0000  1.0000
1     Macro avg        1.0000         1.0000                       0.9952                0.0000                   0.0048  0.9976
2  Weighted avg        1.0000         1.0000                       1.0000                0.0000                   0.0000  1.0000
2019-12-20 17:18:00,834 [INFO] Results saved to: results_selected_models/selected_nsl_rf_3/selected_nsl_rf_3_results.xlsx
2019-12-20 17:18:00,834 [INFO] ================= Finished running experiment no. 3 ================= 

2019-12-20 17:18:00,839 [INFO] Created directory: results_selected_models/selected_nsl_rf_4
