2020-01-15 00:09:18,414 [INFO] Initialized logging. log_filename = results_additional_exps/train_time_kdd99_ann_shallow_rep1/run_log.log
2020-01-15 00:09:18,414 [INFO] ================= Running experiment no. 1  ================= 

2020-01-15 00:09:18,414 [INFO] Experiment parameters given below
2020-01-15 00:09:18,414 [INFO] 
{'experiment_num': 1, 'results_dir': 'results_additional_exps/train_time_kdd99_ann_shallow_rep1', 'model_type': 'classifier', 'model': 'ann', 'normal_label': 'normal', 'training_data_feed': 'preload', 'scaling_type': 'NA', 'ann_layer_units': [256], 'ann_layer_activations': ['relu'], 'ann_layer_dropout_rates': [0.2], 'epochs': 100, 'early_stop_patience': 100, 'batch_size': 256, 'goal_metric': 0.921328918, 'training_set': 'train_set_only', 'dataset_dir': '../Datasets/full_datasets/kdd99_five_classes', 'description': 'train_time_kdd99_ann_shallow_rep1'}
2020-01-15 00:09:18,414 [INFO] Created tensorboard log directory: results_additional_exps/train_time_kdd99_ann_shallow_rep1/tf_logs_run_2020_01_15-00_09_18
2020-01-15 00:09:18,414 [INFO] Loading datsets from: ../Datasets/full_datasets/kdd99_five_classes
2020-01-15 00:09:18,415 [INFO] Reading X, y files
2020-01-15 00:09:18,415 [INFO] Reading HDF dataset ../Datasets/full_datasets/kdd99_five_classes/X_train.h5
2020-01-15 00:09:18,424 [INFO] NumExpr defaulting to 8 threads.
2020-01-15 00:09:24,850 [INFO] Reading complete. time_to_read=6.44 seconds
2020-01-15 00:09:24,850 [INFO] Reading HDF dataset ../Datasets/full_datasets/kdd99_five_classes/X_val.h5
2020-01-15 00:09:26,475 [INFO] Reading complete. time_to_read=1.62 seconds
2020-01-15 00:09:26,475 [INFO] Reading HDF dataset ../Datasets/full_datasets/kdd99_five_classes/X_test.h5
2020-01-15 00:09:26,929 [INFO] Reading complete. time_to_read=0.45 seconds
2020-01-15 00:09:26,929 [INFO] Reading HDF dataset ../Datasets/full_datasets/kdd99_five_classes/y_train.h5
2020-01-15 00:09:27,150 [INFO] Reading complete. time_to_read=0.22 seconds
2020-01-15 00:09:27,150 [INFO] Reading HDF dataset ../Datasets/full_datasets/kdd99_five_classes/y_val.h5
2020-01-15 00:09:27,205 [INFO] Reading complete. time_to_read=0.06 seconds
2020-01-15 00:09:27,205 [INFO] Reading HDF dataset ../Datasets/full_datasets/kdd99_five_classes/y_test.h5
2020-01-15 00:09:27,224 [INFO] Reading complete. time_to_read=0.02 seconds
2020-01-15 00:09:34,445 [INFO] Initializing model
2020-01-15 00:09:34,459 [WARNING] From /home/sunanda/anaconda3/envs/ml_env_cpu/lib/python3.7/site-packages/tensorflow/python/framework/op_def_library.py:263: colocate_with (from tensorflow.python.framework.ops) is deprecated and will be removed in a future version.
Instructions for updating:
Colocations handled automatically by placer.
2020-01-15 00:09:34,537 [WARNING] From /home/sunanda/anaconda3/envs/ml_env_cpu/lib/python3.7/site-packages/keras/backend/tensorflow_backend.py:3445: calling dropout (from tensorflow.python.ops.nn_ops) with keep_prob is deprecated and will be removed in a future version.
Instructions for updating:
Please use `rate` instead of `keep_prob`. Rate should be set to `rate = 1 - keep_prob`.
2020-01-15 00:09:34,579 [INFO] _________________________________________________________________
2020-01-15 00:09:34,579 [INFO] Layer (type)                 Output Shape              Param #   
2020-01-15 00:09:34,580 [INFO] =================================================================
2020-01-15 00:09:34,580 [INFO] dense_1 (Dense)              (None, 256)               31744     
2020-01-15 00:09:34,580 [INFO] _________________________________________________________________
2020-01-15 00:09:34,580 [INFO] batch_normalization_1 (Batch (None, 256)               1024      
2020-01-15 00:09:34,580 [INFO] _________________________________________________________________
2020-01-15 00:09:34,580 [INFO] dropout_1 (Dropout)          (None, 256)               0         
2020-01-15 00:09:34,580 [INFO] _________________________________________________________________
2020-01-15 00:09:34,580 [INFO] dense_2 (Dense)              (None, 5)                 1285      
2020-01-15 00:09:34,580 [INFO] =================================================================
2020-01-15 00:09:34,580 [INFO] Total params: 34,053
2020-01-15 00:09:34,580 [INFO] Trainable params: 33,541
2020-01-15 00:09:34,581 [INFO] Non-trainable params: 512
2020-01-15 00:09:34,581 [INFO] _________________________________________________________________
2020-01-15 00:09:34,581 [INFO] Training model
2020-01-15 00:09:34,988 [WARNING] From /home/sunanda/anaconda3/envs/ml_env_cpu/lib/python3.7/site-packages/tensorflow/python/ops/math_ops.py:3066: to_int32 (from tensorflow.python.ops.math_ops) is deprecated and will be removed in a future version.
Instructions for updating:
Use tf.cast instead.
2020-01-15 00:14:22,121 [INFO] StopperOnGoal: reached goal_metric (accuracy). Stopping training. goal_metric = 0.9213, current_metric = 0.9233, num_epochs = 3
2020-01-15 00:14:22,122 [INFO] WeightRestorer::on_train_end(): restoring best weights
2020-01-15 00:16:01,049 [INFO] Last epoch loss evaluation: train_loss = 0.000440, val_loss = 0.000493
2020-01-15 00:16:01,049 [INFO] Training complete. time_to_train = 386.47 sec, 6.44 min
2020-01-15 00:16:01,128 [INFO] Model saved to results_additional_exps/train_time_kdd99_ann_shallow_rep1/best_model.pickle
2020-01-15 00:16:01,130 [INFO] Training history saved to: results_additional_exps/train_time_kdd99_ann_shallow_rep1/training_error_history.csv
2020-01-15 00:16:01,335 [INFO] Plot saved to: results_additional_exps/train_time_kdd99_ann_shallow_rep1/training_error_history.png
2020-01-15 00:16:01,523 [INFO] Plot saved to: results_additional_exps/train_time_kdd99_ann_shallow_rep1/training_f1_history.png
2020-01-15 00:16:01,523 [INFO] Making predictions on training, validation, testing data
2020-01-15 00:17:29,528 [INFO] Making predictions complete. time_to_predict = 88.00 sec, 1.47 min
2020-01-15 00:17:29,650 [INFO] Evaluating predictions (results)
2020-01-15 00:17:38,513 [INFO] Dataset: Testing. Classification report below
2020-01-15 00:17:38,513 [INFO] 
              precision    recall  f1-score   support

         dos       1.00      0.97      0.99    229853
     normal.       0.73      0.98      0.84     60593
       probe       0.79      0.81      0.80      4166
         r2l       0.90      0.03      0.05     13781
         u2r       0.00      0.00      0.00      2636

    accuracy                           0.92    311029
   macro avg       0.68      0.56      0.53    311029
weighted avg       0.93      0.92      0.90    311029

2020-01-15 00:17:38,513 [INFO] Overall accuracy (micro avg): 0.9234347922540985
2020-01-15 00:17:47,890 [INFO] Average metrics for Testing dataset below
   average type  avg accuracy  avg precision  avg detection rate (recall)  avg false alarm rate  avg false negative rate  avg f1
0     Micro avg        0.9234         0.9234                       0.9234                0.0191                   0.0766  0.9234
1     Macro avg        0.9694         0.6828                       0.5589                0.0194                   0.4411  0.5342
2  Weighted avg        0.9681         0.9299                       0.9234                0.0203                   0.0766  0.9044
2020-01-15 00:18:18,309 [INFO] Dataset: Validation. Classification report below
2020-01-15 00:18:18,309 [INFO] 
              precision    recall  f1-score   support

         dos       1.00      1.00      1.00    776675
     normal.       1.00      1.00      1.00    194556
       probe       1.00      0.99      0.99      8221
         r2l       0.91      0.66      0.77       225
         u2r       0.00      0.00      0.00        10

    accuracy                           1.00    979687
   macro avg       0.78      0.73      0.75    979687
weighted avg       1.00      1.00      1.00    979687

2020-01-15 00:18:18,309 [INFO] Overall accuracy (micro avg): 0.9997550237984173
2020-01-15 00:18:51,134 [INFO] Average metrics for Validation dataset below
   average type  avg accuracy  avg precision  avg detection rate (recall)  avg false alarm rate  avg false negative rate  avg f1
0     Micro avg        0.9998         0.9998                       0.9998                0.0001                   0.0002  0.9998
1     Macro avg        0.9999         0.7817                       0.7309                0.0001                   0.2691  0.7523
2  Weighted avg        0.9999         0.9997                       0.9998                0.0002                   0.0002  0.9997
2020-01-15 00:21:05,132 [INFO] Dataset: Training. Classification report below
2020-01-15 00:21:05,133 [INFO] 
              precision    recall  f1-score   support

         dos       1.00      1.00      1.00   3106695
     normal.       1.00      1.00      1.00    778225
       probe       1.00      0.99      0.99     32881
         r2l       0.91      0.69      0.78       901
         u2r       0.00      0.00      0.00        42

    accuracy                           1.00   3918744
   macro avg       0.78      0.74      0.76   3918744
weighted avg       1.00      1.00      1.00   3918744

2020-01-15 00:21:05,133 [INFO] Overall accuracy (micro avg): 0.9997636997976903
2020-01-15 00:23:29,691 [INFO] Average metrics for Training dataset below
   average type  avg accuracy  avg precision  avg detection rate (recall)  avg false alarm rate  avg false negative rate  avg f1
0     Micro avg        0.9998         0.9998                       0.9998                0.0001                   0.0002  0.9998
1     Macro avg        0.9999         0.7813                       0.7361                0.0001                   0.2639  0.7556
2  Weighted avg        0.9999         0.9997                       0.9998                0.0002                   0.0002  0.9998
2020-01-15 00:23:29,739 [INFO] Results saved to: results_additional_exps/train_time_kdd99_ann_shallow_rep1/train_time_kdd99_ann_shallow_rep1_results.xlsx
2020-01-15 00:23:29,745 [INFO] ================= Finished running experiment no. 1 ================= 

2020-01-15 00:23:29,771 [INFO] Created directory: results_additional_exps/train_time_kdd99_ann_shallow_rep2
