2019-12-20 17:16:32,459 [INFO] Initialized logging. log_filename = results_selected_models/selected_nsl_ann_shallow_rep1/run_log.log
2019-12-20 17:16:32,459 [INFO] ================= Running experiment no. 1  ================= 

2019-12-20 17:16:32,459 [INFO] Experiment parameters given below
2019-12-20 17:16:32,459 [INFO] 
{'experiment_num': 1, 'results_dir': 'results_selected_models/selected_nsl_ann_shallow_rep1', 'model_type': 'classifier', 'model': 'ann', 'normal_label': 'normal', 'training_data_feed': 'preload', 'scaling_type': 'NA', 'ann_layer_units': [256], 'ann_layer_activations': ['relu'], 'ann_layer_dropout_rates': [0.2], 'epochs': 300, 'early_stop_patience': 50, 'batch_size': 256, 'training_set': 'train_set_only', 'dataset_dir': '../Datasets/small_datasets/nsl_kdd_five_classes', 'description': 'selected_nsl_ann_shallow_rep1'}
2019-12-20 17:16:32,459 [INFO] Created tensorboard log directory: results_selected_models/selected_nsl_ann_shallow_rep1/tf_logs_run_2019_12_20-17_16_32
2019-12-20 17:16:32,459 [INFO] Loading datsets from: ../Datasets/small_datasets/nsl_kdd_five_classes
2019-12-20 17:16:32,461 [INFO] Reading X, y files
2019-12-20 17:16:32,461 [INFO] Reading HDF dataset ../Datasets/small_datasets/nsl_kdd_five_classes/X_train.h5
2019-12-20 17:16:32,491 [INFO] NumExpr defaulting to 8 threads.
2019-12-20 17:16:32,796 [INFO] Reading complete. time_to_read=0.33 seconds
2019-12-20 17:16:32,796 [INFO] Reading HDF dataset ../Datasets/small_datasets/nsl_kdd_five_classes/X_val.h5
2019-12-20 17:16:32,880 [INFO] Reading complete. time_to_read=0.08 seconds
2019-12-20 17:16:32,880 [INFO] Reading HDF dataset ../Datasets/small_datasets/nsl_kdd_five_classes/X_test.h5
2019-12-20 17:16:32,959 [INFO] Reading complete. time_to_read=0.08 seconds
2019-12-20 17:16:32,959 [INFO] Reading HDF dataset ../Datasets/small_datasets/nsl_kdd_five_classes/y_train.h5
2019-12-20 17:16:32,975 [INFO] Reading complete. time_to_read=0.02 seconds
2019-12-20 17:16:32,975 [INFO] Reading HDF dataset ../Datasets/small_datasets/nsl_kdd_five_classes/y_val.h5
2019-12-20 17:16:32,985 [INFO] Reading complete. time_to_read=0.01 seconds
2019-12-20 17:16:32,985 [INFO] Reading HDF dataset ../Datasets/small_datasets/nsl_kdd_five_classes/y_test.h5
2019-12-20 17:16:32,997 [INFO] Reading complete. time_to_read=0.01 seconds
2019-12-20 17:16:33,124 [INFO] Initializing model
2019-12-20 17:16:33,148 [WARNING] From /home/sunanda/anaconda3/envs/ml_env_cpu/lib/python3.7/site-packages/tensorflow/python/framework/op_def_library.py:263: colocate_with (from tensorflow.python.framework.ops) is deprecated and will be removed in a future version.
Instructions for updating:
Colocations handled automatically by placer.
2019-12-20 17:16:33,230 [WARNING] From /home/sunanda/anaconda3/envs/ml_env_cpu/lib/python3.7/site-packages/keras/backend/tensorflow_backend.py:3445: calling dropout (from tensorflow.python.ops.nn_ops) with keep_prob is deprecated and will be removed in a future version.
Instructions for updating:
Please use `rate` instead of `keep_prob`. Rate should be set to `rate = 1 - keep_prob`.
2019-12-20 17:16:33,275 [INFO] _________________________________________________________________
2019-12-20 17:16:33,276 [INFO] Layer (type)                 Output Shape              Param #   
2019-12-20 17:16:33,276 [INFO] =================================================================
2019-12-20 17:16:33,276 [INFO] dense_1 (Dense)              (None, 256)               31488     
2019-12-20 17:16:33,276 [INFO] _________________________________________________________________
2019-12-20 17:16:33,276 [INFO] batch_normalization_1 (Batch (None, 256)               1024      
2019-12-20 17:16:33,276 [INFO] _________________________________________________________________
2019-12-20 17:16:33,276 [INFO] dropout_1 (Dropout)          (None, 256)               0         
2019-12-20 17:16:33,276 [INFO] _________________________________________________________________
2019-12-20 17:16:33,276 [INFO] dense_2 (Dense)              (None, 5)                 1285      
2019-12-20 17:16:33,276 [INFO] =================================================================
2019-12-20 17:16:33,277 [INFO] Total params: 33,797
2019-12-20 17:16:33,277 [INFO] Trainable params: 33,285
2019-12-20 17:16:33,277 [INFO] Non-trainable params: 512
2019-12-20 17:16:33,277 [INFO] _________________________________________________________________
2019-12-20 17:16:33,277 [INFO] Training model
2019-12-20 17:16:34,217 [WARNING] From /home/sunanda/anaconda3/envs/ml_env_cpu/lib/python3.7/site-packages/tensorflow/python/ops/math_ops.py:3066: to_int32 (from tensorflow.python.ops.math_ops) is deprecated and will be removed in a future version.
Instructions for updating:
Use tf.cast instead.
2019-12-20 17:17:53,111 [INFO] epoch = 30. Intermediate model saved to results_selected_models/selected_nsl_ann_shallow_rep1/ann_model_epoch_30.pickle
2019-12-20 17:19:08,132 [INFO] epoch = 60. Intermediate model saved to results_selected_models/selected_nsl_ann_shallow_rep1/ann_model_epoch_60.pickle
2019-12-20 17:20:23,258 [INFO] epoch = 90. Intermediate model saved to results_selected_models/selected_nsl_ann_shallow_rep1/ann_model_epoch_90.pickle
2019-12-20 17:21:23,670 [INFO] WeightRestorer::on_train_end(): restoring best weights
2019-12-20 17:21:26,331 [INFO] Last epoch loss evaluation: train_loss = 0.002914, val_loss = 0.005796
2019-12-20 17:21:26,333 [INFO] Training complete. time_to_train = 293.06 sec, 4.88 min
2019-12-20 17:21:26,337 [INFO] Model saved to results_selected_models/selected_nsl_ann_shallow_rep1/best_model.pickle
2019-12-20 17:21:26,527 [INFO] Plot saved to: results_selected_models/selected_nsl_ann_shallow_rep1/training_error_history.png
2019-12-20 17:21:26,684 [INFO] Plot saved to: results_selected_models/selected_nsl_ann_shallow_rep1/training_f1_history.png
2019-12-20 17:21:26,685 [INFO] Making predictions on training, validation, testing data
2019-12-20 17:21:29,433 [INFO] Evaluating predictions (results)
2019-12-20 17:21:30,146 [INFO] Dataset: Testing. Classification report below
2019-12-20 17:21:30,146 [INFO] 
              precision    recall  f1-score   support

         dos       0.96      0.84      0.90      7458
      normal       0.69      0.95      0.80      9711
       probe       0.76      0.69      0.72      2421
         r2l       0.97      0.11      0.19      2421
         u2r       0.19      0.06      0.09       533

    accuracy                           0.77     22544
   macro avg       0.71      0.53      0.54     22544
weighted avg       0.80      0.77      0.74     22544

2019-12-20 17:21:30,146 [INFO] Overall accuracy (micro avg): 0.7731990773598296
2019-12-20 17:21:30,760 [INFO] Average metrics for Testing dataset below
   average type  avg accuracy  avg precision  avg detection rate (recall)  avg false alarm rate  avg false negative rate  avg f1
0     Micro avg        0.7732         0.7732                       0.7732                0.0567                   0.2268  0.7732
1     Macro avg        0.9093         0.7137                       0.5276                0.0752                   0.4724  0.5387
2  Weighted avg        0.8720         0.8036                       0.7732                0.1493                   0.2268  0.7400
2019-12-20 17:21:31,440 [INFO] Dataset: Validation. Classification report below
2019-12-20 17:21:31,440 [INFO] 
              precision    recall  f1-score   support

         dos       1.00      1.00      1.00      9186
      normal       1.00      1.00      1.00     13469
       probe       0.99      0.99      0.99      2331
         r2l       0.96      0.89      0.92       199
         u2r       0.55      0.60      0.57        10

    accuracy                           1.00     25195
   macro avg       0.90      0.90      0.90     25195
weighted avg       1.00      1.00      1.00     25195

2019-12-20 17:21:31,443 [INFO] Overall accuracy (micro avg): 0.9969041476483429
2019-12-20 17:21:32,125 [INFO] Average metrics for Validation dataset below
   average type  avg accuracy  avg precision  avg detection rate (recall)  avg false alarm rate  avg false negative rate  avg f1
0     Micro avg        0.9969         0.9969                       0.9969                0.0008                   0.0031  0.9969
1     Macro avg        0.9988         0.8985                       0.8970                0.0011                   0.1030  0.8973
2  Weighted avg        0.9981         0.9969                       0.9969                0.0022                   0.0031  0.9969
2019-12-20 17:21:34,997 [INFO] Dataset: Training. Classification report below
2019-12-20 17:21:34,997 [INFO] 
              precision    recall  f1-score   support

         dos       1.00      1.00      1.00     36741
      normal       1.00      1.00      1.00     53874
       probe       1.00      0.99      1.00      9325
         r2l       0.97      0.93      0.95       796
         u2r       0.82      0.79      0.80        42

    accuracy                           1.00    100778
   macro avg       0.96      0.94      0.95    100778
weighted avg       1.00      1.00      1.00    100778

2019-12-20 17:21:34,997 [INFO] Overall accuracy (micro avg): 0.9978765206691936
2019-12-20 17:21:38,061 [INFO] Average metrics for Training dataset below
   average type  avg accuracy  avg precision  avg detection rate (recall)  avg false alarm rate  avg false negative rate  avg f1
0     Micro avg        0.9979         0.9979                       0.9979                0.0005                   0.0021  0.9979
1     Macro avg        0.9992         0.9577                       0.9408                0.0008                   0.0592  0.9491
2  Weighted avg        0.9987         0.9979                       0.9979                0.0017                   0.0021  0.9979
2019-12-20 17:21:38,184 [INFO] Results saved to: results_selected_models/selected_nsl_ann_shallow_rep1/selected_nsl_ann_shallow_rep1_results.xlsx
2019-12-20 17:21:38,185 [INFO] ================= Finished running experiment no. 1 ================= 

2019-12-20 17:21:38,185 [INFO] Created directory: results_selected_models/selected_nsl_ann_shallow_rep2
