2020-01-08 13:09:55,326 [INFO] Initialized logging. log_filename = results_additional_exps/semi_sup_perf_ids18_subset_dbn_rep3/run_log.log
2020-01-08 13:09:55,327 [INFO] ================= Running experiment no. 3  ================= 

2020-01-08 13:09:55,327 [INFO] Experiment parameters given below
2020-01-08 13:09:55,327 [INFO] 
{'experiment_num': 3, 'results_dir': 'results_additional_exps/semi_sup_perf_ids18_subset_dbn_rep3', 'model_type': 'classifier', 'model': 'dbn', 'normal_label': 'BENIGN', 'dbn_layer_units': [64], 'ann_layer_activations': ['relu'], 'ann_layer_dropout_rates': [0.2], 'random_seed': 42, 'unsupervised_ratio': 0.75, 'dbn_learning_rate': 0.0001, 'pretrain_epochs': 50, 'fine_tune_epochs': 200, 'early_stop_patience': 50, 'batch_size': 256, 'dataset_dir': '../Datasets/small_datasets/ids2018', 'description': 'semi_sup_perf_ids18_subset_dbn_rep3'}
2020-01-08 13:09:55,327 [INFO] Created tensorboard log directory: results_additional_exps/semi_sup_perf_ids18_subset_dbn_rep3/tf_logs_run_2020_01_08-13_09_55
2020-01-08 13:09:55,327 [INFO] Loading datsets from: ../Datasets/small_datasets/ids2018
2020-01-08 13:09:55,327 [INFO] Reading X, y files
2020-01-08 13:09:55,327 [INFO] Reading HDF dataset ../Datasets/small_datasets/ids2018/X_train.h5
2020-01-08 13:09:59,337 [INFO] Reading complete. time_to_read=4.01 seconds
2020-01-08 13:09:59,337 [INFO] Reading HDF dataset ../Datasets/small_datasets/ids2018/X_val.h5
2020-01-08 13:10:00,704 [INFO] Reading complete. time_to_read=1.37 seconds
2020-01-08 13:10:00,704 [INFO] Reading HDF dataset ../Datasets/small_datasets/ids2018/X_test.h5
2020-01-08 13:10:02,073 [INFO] Reading complete. time_to_read=1.37 seconds
2020-01-08 13:10:02,073 [INFO] Reading HDF dataset ../Datasets/small_datasets/ids2018/y_train.h5
2020-01-08 13:10:02,346 [INFO] Reading complete. time_to_read=0.27 seconds
2020-01-08 13:10:02,346 [INFO] Reading HDF dataset ../Datasets/small_datasets/ids2018/y_val.h5
2020-01-08 13:10:02,440 [INFO] Reading complete. time_to_read=0.09 seconds
2020-01-08 13:10:02,440 [INFO] Reading HDF dataset ../Datasets/small_datasets/ids2018/y_test.h5
2020-01-08 13:10:02,535 [INFO] Reading complete. time_to_read=0.09 seconds
2020-01-08 13:10:05,938 [INFO] Initializing model
2020-01-08 13:10:05,940 [INFO] Training model
2020-01-08 13:10:05,940 [INFO] Splitting train set into 2 sets (unsupervised, supervised), random_seed = None
2020-01-08 13:10:35,701 [INFO] Split sizes (instances). total = 1936462, unsupervised = 1452346, supervised = 484116, unsupervised dataset hash = 4b58ec54610aa6fab9c2e34ff129680f9e45f4bd
2020-01-08 13:10:35,701 [INFO] Pretraining Deep Belief Network
2020-01-08 13:28:02,027 [INFO] Pretraining Complete
2020-01-08 13:28:02,027 [INFO] Getting pretrained weights
2020-01-08 13:28:02,027 [INFO] Creating and initializing feed forward neural network
2020-01-08 13:28:02,147 [INFO] _________________________________________________________________
2020-01-08 13:28:02,147 [INFO] Layer (type)                 Output Shape              Param #   
2020-01-08 13:28:02,148 [INFO] =================================================================
2020-01-08 13:28:02,148 [INFO] dense_5 (Dense)              (None, 64)                4992      
2020-01-08 13:28:02,148 [INFO] _________________________________________________________________
2020-01-08 13:28:02,148 [INFO] batch_normalization_3 (Batch (None, 64)                256       
2020-01-08 13:28:02,148 [INFO] _________________________________________________________________
2020-01-08 13:28:02,148 [INFO] dropout_3 (Dropout)          (None, 64)                0         
2020-01-08 13:28:02,148 [INFO] _________________________________________________________________
2020-01-08 13:28:02,148 [INFO] dense_6 (Dense)              (None, 15)                975       
2020-01-08 13:28:02,148 [INFO] =================================================================
2020-01-08 13:28:02,148 [INFO] Total params: 6,223
2020-01-08 13:28:02,149 [INFO] Trainable params: 6,095
2020-01-08 13:28:02,149 [INFO] Non-trainable params: 128
2020-01-08 13:28:02,149 [INFO] _________________________________________________________________
2020-01-08 13:28:02,332 [INFO] Fine-tuning final neural network
2020-01-08 13:34:39,937 [INFO] epoch = 20. Intermediate model saved to results_additional_exps/semi_sup_perf_ids18_subset_dbn_rep3/ann_model_epoch_20.pickle
2020-01-08 13:41:14,089 [INFO] epoch = 40. Intermediate model saved to results_additional_exps/semi_sup_perf_ids18_subset_dbn_rep3/ann_model_epoch_40.pickle
2020-01-08 13:47:43,170 [INFO] epoch = 60. Intermediate model saved to results_additional_exps/semi_sup_perf_ids18_subset_dbn_rep3/ann_model_epoch_60.pickle
2020-01-08 13:54:12,482 [INFO] epoch = 80. Intermediate model saved to results_additional_exps/semi_sup_perf_ids18_subset_dbn_rep3/ann_model_epoch_80.pickle
2020-01-08 14:00:42,188 [INFO] epoch = 100. Intermediate model saved to results_additional_exps/semi_sup_perf_ids18_subset_dbn_rep3/ann_model_epoch_100.pickle
2020-01-08 14:07:11,611 [INFO] epoch = 120. Intermediate model saved to results_additional_exps/semi_sup_perf_ids18_subset_dbn_rep3/ann_model_epoch_120.pickle
2020-01-08 14:13:41,019 [INFO] epoch = 140. Intermediate model saved to results_additional_exps/semi_sup_perf_ids18_subset_dbn_rep3/ann_model_epoch_140.pickle
2020-01-08 14:20:10,359 [INFO] epoch = 160. Intermediate model saved to results_additional_exps/semi_sup_perf_ids18_subset_dbn_rep3/ann_model_epoch_160.pickle
2020-01-08 14:26:39,760 [INFO] epoch = 180. Intermediate model saved to results_additional_exps/semi_sup_perf_ids18_subset_dbn_rep3/ann_model_epoch_180.pickle
2020-01-08 14:33:01,688 [INFO] WeightRestorer::on_train_end(): restoring best weights
2020-01-08 14:33:22,769 [INFO] Last epoch loss evaluation: train_loss = 0.008142, val_loss = 0.008211
2020-01-08 14:33:22,774 [INFO] Training complete. time_to_train = 4996.83 sec, 83.28 min
2020-01-08 14:33:22,779 [INFO] Model saved to results_additional_exps/semi_sup_perf_ids18_subset_dbn_rep3/best_model.pickle
2020-01-08 14:33:22,782 [INFO] Training history saved to: results_additional_exps/semi_sup_perf_ids18_subset_dbn_rep3/training_error_history.csv
2020-01-08 14:33:22,981 [INFO] Plot saved to: results_additional_exps/semi_sup_perf_ids18_subset_dbn_rep3/training_error_history.png
2020-01-08 14:33:23,170 [INFO] Plot saved to: results_additional_exps/semi_sup_perf_ids18_subset_dbn_rep3/training_f1_history.png
2020-01-08 14:33:23,170 [INFO] Making predictions on training, validation, testing data
2020-01-08 14:34:14,432 [INFO] Evaluating predictions (results)
2020-01-08 14:34:37,641 [INFO] Dataset: Testing. Classification report below
2020-01-08 14:34:37,641 [INFO] 
                          precision    recall  f1-score   support

                  Benign       0.99      1.00      0.99    535650
                     Bot       1.00      1.00      1.00     11465
        Brute Force -Web       0.00      0.00      0.00        24
        Brute Force -XSS       0.00      0.00      0.00         9
        DDOS attack-HOIC       1.00      1.00      1.00     27447
    DDOS attack-LOIC-UDP       0.97      0.45      0.61        67
  DDoS attacks-LOIC-HTTP       0.99      0.99      0.99     23010
   DoS attacks-GoldenEye       0.99      0.98      0.98      1651
        DoS attacks-Hulk       1.00      1.00      1.00     18478
DoS attacks-SlowHTTPTest       0.74      0.44      0.55      5596
   DoS attacks-Slowloris       0.99      0.73      0.84       440
          FTP-BruteForce       0.69      0.89      0.77      7718
           Infilteration       0.44      0.01      0.03      6404
           SQL Injection       0.00      0.00      0.00         4
          SSH-Bruteforce       1.00      1.00      1.00      7525

                accuracy                           0.98    645488
               macro avg       0.72      0.63      0.65    645488
            weighted avg       0.98      0.98      0.98    645488

2020-01-08 14:34:37,642 [INFO] Overall accuracy (micro avg): 0.9828300448652803
2020-01-08 14:35:02,603 [INFO] Average metrics for Testing dataset below
   average type  avg accuracy  avg precision  avg detection rate (recall)  avg false alarm rate  avg false negative rate  avg f1
0     Micro avg        0.9828         0.9828                       0.9828                0.0012                   0.0172  0.9828
1     Macro avg        0.9977         0.7194                       0.6324                0.0045                   0.3676  0.6515
2  Weighted avg        0.9907         0.9777                       0.9828                0.0507                   0.0172  0.9778
2020-01-08 14:35:25,720 [INFO] Dataset: Validation. Classification report below
2020-01-08 14:35:25,721 [INFO] 
                          precision    recall  f1-score   support

                  Benign       0.99      1.00      0.99    535650
                     Bot       1.00      1.00      1.00     11465
        Brute Force -Web       0.00      0.00      0.00        25
        Brute Force -XSS       0.00      0.00      0.00         9
        DDOS attack-HOIC       1.00      1.00      1.00     27447
    DDOS attack-LOIC-UDP       0.89      0.37      0.52        68
  DDoS attacks-LOIC-HTTP       0.99      0.99      0.99     23009
   DoS attacks-GoldenEye       0.99      0.99      0.99      1651
        DoS attacks-Hulk       1.00      1.00      1.00     18478
DoS attacks-SlowHTTPTest       0.75      0.44      0.56      5596
   DoS attacks-Slowloris       0.99      0.78      0.87       439
          FTP-BruteForce       0.69      0.89      0.78      7718
           Infilteration       0.42      0.01      0.03      6403
           SQL Injection       0.00      0.00      0.00         4
          SSH-Bruteforce       1.00      1.00      1.00      7525

                accuracy                           0.98    645487
               macro avg       0.71      0.63      0.65    645487
            weighted avg       0.98      0.98      0.98    645487

2020-01-08 14:35:25,721 [INFO] Overall accuracy (micro avg): 0.9829648002206086
2020-01-08 14:35:50,637 [INFO] Average metrics for Validation dataset below
   average type  avg accuracy  avg precision  avg detection rate (recall)  avg false alarm rate  avg false negative rate  avg f1
0     Micro avg        0.9830         0.9830                       0.9830                0.0012                   0.0170  0.9830
1     Macro avg        0.9977         0.7138                       0.6317                0.0045                   0.3683  0.6483
2  Weighted avg        0.9908         0.9777                       0.9830                0.0504                   0.0170  0.9779
2020-01-08 14:37:06,423 [INFO] Dataset: Training. Classification report below
2020-01-08 14:37:06,424 [INFO] 
                          precision    recall  f1-score   support

                  Benign       0.99      1.00      0.99   1606949
                     Bot       1.00      1.00      1.00     34396
        Brute Force -Web       0.00      0.00      0.00        73
        Brute Force -XSS       0.00      0.00      0.00        26
        DDOS attack-HOIC       1.00      1.00      1.00     82341
    DDOS attack-LOIC-UDP       0.85      0.43      0.57       203
  DDoS attacks-LOIC-HTTP       0.99      0.99      0.99     69029
   DoS attacks-GoldenEye       0.99      0.99      0.99      4954
        DoS attacks-Hulk       1.00      1.00      1.00     55435
DoS attacks-SlowHTTPTest       0.74      0.44      0.55     16787
   DoS attacks-Slowloris       0.99      0.76      0.86      1318
          FTP-BruteForce       0.69      0.89      0.77     23153
           Infilteration       0.49      0.02      0.03     19210
           SQL Injection       0.00      0.00      0.00        12
          SSH-Bruteforce       1.00      1.00      1.00     22576

                accuracy                           0.98   1936462
               macro avg       0.72      0.63      0.65   1936462
            weighted avg       0.98      0.98      0.98   1936462

2020-01-08 14:37:06,424 [INFO] Overall accuracy (micro avg): 0.9829338246761362
2020-01-08 14:38:28,123 [INFO] Average metrics for Training dataset below
   average type  avg accuracy  avg precision  avg detection rate (recall)  avg false alarm rate  avg false negative rate  avg f1
0     Micro avg        0.9829         0.9829                       0.9829                0.0012                   0.0171  0.9829
1     Macro avg        0.9977         0.7156                       0.6340                0.0045                   0.3660  0.6506
2  Weighted avg        0.9908         0.9783                       0.9829                0.0503                   0.0171  0.9779
2020-01-08 14:38:28,288 [INFO] Results saved to: results_additional_exps/semi_sup_perf_ids18_subset_dbn_rep3/semi_sup_perf_ids18_subset_dbn_rep3_results.xlsx
2020-01-08 14:38:28,294 [INFO] ================= Finished running experiment no. 3 ================= 

2020-01-08 14:38:28,342 [INFO] ================= Finished running 3 experiments ================= 

