2020-01-13 22:25:15,232 [INFO] Initialized logging. log_filename = results_additional_exps/train_time_ids2017_ann_deep_rep3/run_log.log
2020-01-13 22:25:15,232 [INFO] ================= Running experiment no. 3  ================= 

2020-01-13 22:25:15,232 [INFO] Experiment parameters given below
2020-01-13 22:25:15,232 [INFO] 
{'experiment_num': 3, 'results_dir': 'results_additional_exps/train_time_ids2017_ann_deep_rep3', 'model_type': 'classifier', 'model': 'ann', 'normal_label': 'BENIGN', 'training_data_feed': 'preload', 'scaling_type': 'NA', 'ann_layer_units': [256, 128, 64, 32], 'ann_layer_activations': ['relu', 'relu', 'relu', 'relu'], 'ann_layer_dropout_rates': [0.2, 0.2, 0.2, 0.2], 'epochs': 100, 'early_stop_patience': 100, 'batch_size': 256, 'goal_metric': 0.994231669, 'training_set': 'train_set_only', 'dataset_dir': '../Datasets/full_datasets/ids2017', 'description': 'train_time_ids2017_ann_deep_rep3'}
2020-01-13 22:25:15,232 [INFO] Created tensorboard log directory: results_additional_exps/train_time_ids2017_ann_deep_rep3/tf_logs_run_2020_01_13-22_25_15
2020-01-13 22:25:15,232 [INFO] Loading datsets from: ../Datasets/full_datasets/ids2017
2020-01-13 22:25:15,233 [INFO] Reading X, y files
2020-01-13 22:25:15,233 [INFO] Reading HDF dataset ../Datasets/full_datasets/ids2017/X_train.h5
2020-01-13 22:25:19,078 [INFO] Reading complete. time_to_read=3.85 seconds
2020-01-13 22:25:19,079 [INFO] Reading HDF dataset ../Datasets/full_datasets/ids2017/X_val.h5
2020-01-13 22:25:20,364 [INFO] Reading complete. time_to_read=1.29 seconds
2020-01-13 22:25:20,364 [INFO] Reading HDF dataset ../Datasets/full_datasets/ids2017/X_test.h5
2020-01-13 22:25:21,649 [INFO] Reading complete. time_to_read=1.29 seconds
2020-01-13 22:25:21,650 [INFO] Reading HDF dataset ../Datasets/full_datasets/ids2017/y_train.h5
2020-01-13 22:25:21,916 [INFO] Reading complete. time_to_read=0.27 seconds
2020-01-13 22:25:21,917 [INFO] Reading HDF dataset ../Datasets/full_datasets/ids2017/y_val.h5
2020-01-13 22:25:22,002 [INFO] Reading complete. time_to_read=0.09 seconds
2020-01-13 22:25:22,002 [INFO] Reading HDF dataset ../Datasets/full_datasets/ids2017/y_test.h5
2020-01-13 22:25:22,087 [INFO] Reading complete. time_to_read=0.09 seconds
2020-01-13 22:25:25,119 [INFO] Initializing model
2020-01-13 22:25:25,513 [INFO] _________________________________________________________________
2020-01-13 22:25:25,513 [INFO] Layer (type)                 Output Shape              Param #   
2020-01-13 22:25:25,513 [INFO] =================================================================
2020-01-13 22:25:25,513 [INFO] dense_23 (Dense)             (None, 256)               20224     
2020-01-13 22:25:25,513 [INFO] _________________________________________________________________
2020-01-13 22:25:25,513 [INFO] batch_normalization_18 (Batc (None, 256)               1024      
2020-01-13 22:25:25,513 [INFO] _________________________________________________________________
2020-01-13 22:25:25,513 [INFO] dropout_18 (Dropout)         (None, 256)               0         
2020-01-13 22:25:25,514 [INFO] _________________________________________________________________
2020-01-13 22:25:25,514 [INFO] dense_24 (Dense)             (None, 128)               32896     
2020-01-13 22:25:25,514 [INFO] _________________________________________________________________
2020-01-13 22:25:25,514 [INFO] batch_normalization_19 (Batc (None, 128)               512       
2020-01-13 22:25:25,514 [INFO] _________________________________________________________________
2020-01-13 22:25:25,514 [INFO] dropout_19 (Dropout)         (None, 128)               0         
2020-01-13 22:25:25,514 [INFO] _________________________________________________________________
2020-01-13 22:25:25,514 [INFO] dense_25 (Dense)             (None, 64)                8256      
2020-01-13 22:25:25,514 [INFO] _________________________________________________________________
2020-01-13 22:25:25,514 [INFO] batch_normalization_20 (Batc (None, 64)                256       
2020-01-13 22:25:25,514 [INFO] _________________________________________________________________
2020-01-13 22:25:25,514 [INFO] dropout_20 (Dropout)         (None, 64)                0         
2020-01-13 22:25:25,515 [INFO] _________________________________________________________________
2020-01-13 22:25:25,515 [INFO] dense_26 (Dense)             (None, 32)                2080      
2020-01-13 22:25:25,515 [INFO] _________________________________________________________________
2020-01-13 22:25:25,515 [INFO] batch_normalization_21 (Batc (None, 32)                128       
2020-01-13 22:25:25,515 [INFO] _________________________________________________________________
2020-01-13 22:25:25,515 [INFO] dropout_21 (Dropout)         (None, 32)                0         
2020-01-13 22:25:25,515 [INFO] _________________________________________________________________
2020-01-13 22:25:25,515 [INFO] dense_27 (Dense)             (None, 12)                396       
2020-01-13 22:25:25,515 [INFO] =================================================================
2020-01-13 22:25:25,516 [INFO] Total params: 65,772
2020-01-13 22:25:25,516 [INFO] Trainable params: 64,812
2020-01-13 22:25:25,516 [INFO] Non-trainable params: 960
2020-01-13 22:25:25,516 [INFO] _________________________________________________________________
2020-01-13 22:25:25,516 [INFO] Training model
2020-01-13 22:48:41,722 [INFO] epoch = 10. Intermediate model saved to results_additional_exps/train_time_ids2017_ann_deep_rep3/ann_model_epoch_10.pickle
2020-01-13 23:02:43,931 [INFO] StopperOnGoal: reached goal_metric (accuracy). Stopping training. goal_metric = 0.9942, current_metric = 0.9954, num_epochs = 17
2020-01-13 23:02:43,933 [INFO] WeightRestorer::on_train_end(): restoring best weights
2020-01-13 23:04:45,776 [INFO] Last epoch loss evaluation: train_loss = 0.002713, val_loss = 0.002748
2020-01-13 23:04:45,777 [INFO] Training complete. time_to_train = 2360.26 sec, 39.34 min
2020-01-13 23:04:45,788 [INFO] Model saved to results_additional_exps/train_time_ids2017_ann_deep_rep3/best_model.pickle
2020-01-13 23:04:45,790 [INFO] Training history saved to: results_additional_exps/train_time_ids2017_ann_deep_rep3/training_error_history.csv
2020-01-13 23:04:45,989 [INFO] Plot saved to: results_additional_exps/train_time_ids2017_ann_deep_rep3/training_error_history.png
2020-01-13 23:04:46,174 [INFO] Plot saved to: results_additional_exps/train_time_ids2017_ann_deep_rep3/training_f1_history.png
2020-01-13 23:04:46,174 [INFO] Making predictions on training, validation, testing data
2020-01-13 23:07:09,462 [INFO] Making predictions complete. time_to_predict = 143.29 sec, 2.39 min
2020-01-13 23:07:09,525 [INFO] Evaluating predictions (results)
2020-01-13 23:07:29,433 [INFO] Dataset: Testing. Classification report below
2020-01-13 23:07:29,433 [INFO] 
                        precision    recall  f1-score   support

                BENIGN       1.00      1.00      1.00    454265
                   Bot       0.97      0.36      0.53       391
                  DDoS       1.00      1.00      1.00     25605
         DoS GoldenEye       0.98      0.99      0.98      2058
              DoS Hulk       0.98      0.99      0.99     46025
      DoS Slowhttptest       0.88      0.98      0.93      1100
         DoS slowloris       0.97      0.98      0.98      1159
           FTP-Patator       0.98      0.99      0.99      1587
              PortScan       0.99      1.00      1.00     31761
           SSH-Patator       0.94      0.98      0.96      1179
Web Attack Brute Force       1.00      0.09      0.16       302
        Web Attack XSS       0.00      0.00      0.00       130

              accuracy                           1.00    565562
             macro avg       0.89      0.78      0.79    565562
          weighted avg       1.00      1.00      1.00    565562

2020-01-13 23:07:29,433 [INFO] Overall accuracy (micro avg): 0.9954187162503846
2020-01-13 23:07:50,851 [INFO] Average metrics for Testing dataset below
   average type  avg accuracy  avg precision  avg detection rate (recall)  avg false alarm rate  avg false negative rate  avg f1
0     Micro avg        0.9954         0.9954                       0.9954                0.0004                   0.0046  0.9954
1     Macro avg        0.9992         0.8907                       0.7799                0.0011                   0.2201  0.7920
2  Weighted avg        0.9962         0.9952                       0.9954                0.0085                   0.0046  0.9950
2020-01-13 23:08:10,919 [INFO] Dataset: Validation. Classification report below
2020-01-13 23:08:10,919 [INFO] 
                        precision    recall  f1-score   support

                BENIGN       1.00      1.00      1.00    454264
                   Bot       0.98      0.33      0.49       391
                  DDoS       1.00      1.00      1.00     25605
         DoS GoldenEye       0.98      0.98      0.98      2059
              DoS Hulk       0.98      0.99      0.99     46025
      DoS Slowhttptest       0.88      0.98      0.93      1099
         DoS slowloris       0.97      0.98      0.98      1159
           FTP-Patator       0.97      0.99      0.98      1587
              PortScan       0.99      1.00      1.00     31761
           SSH-Patator       0.94      0.98      0.96      1180
Web Attack Brute Force       0.88      0.05      0.09       301
        Web Attack XSS       0.00      0.00      0.00       131

              accuracy                           1.00    565562
             macro avg       0.88      0.77      0.78    565562
          weighted avg       1.00      1.00      1.00    565562

2020-01-13 23:08:10,919 [INFO] Overall accuracy (micro avg): 0.9954859060545086
2020-01-13 23:08:32,513 [INFO] Average metrics for Validation dataset below
   average type  avg accuracy  avg precision  avg detection rate (recall)  avg false alarm rate  avg false negative rate  avg f1
0     Micro avg        0.9955         0.9955                       0.9955                0.0004                   0.0045  0.9955
1     Macro avg        0.9992         0.8805                       0.7720                0.0011                   0.2280  0.7815
2  Weighted avg        0.9963         0.9952                       0.9955                0.0084                   0.0045  0.9950
2020-01-13 23:09:39,550 [INFO] Dataset: Training. Classification report below
2020-01-13 23:09:39,550 [INFO] 
                        precision    recall  f1-score   support

                BENIGN       1.00      1.00      1.00   1362791
                   Bot       0.98      0.36      0.53      1174
                  DDoS       1.00      1.00      1.00     76815
         DoS GoldenEye       0.98      0.99      0.98      6176
              DoS Hulk       0.98      0.99      0.99    138074
      DoS Slowhttptest       0.89      0.97      0.93      3300
         DoS slowloris       0.97      0.98      0.98      3478
           FTP-Patator       0.98      0.99      0.98      4761
              PortScan       0.99      1.00      1.00     95282
           SSH-Patator       0.95      0.98      0.97      3538
Web Attack Brute Force       0.98      0.07      0.13       904
        Web Attack XSS       0.00      0.00      0.00       391

              accuracy                           1.00   1696684
             macro avg       0.89      0.78      0.79   1696684
          weighted avg       1.00      1.00      1.00   1696684

2020-01-13 23:09:39,550 [INFO] Overall accuracy (micro avg): 0.9955902218680673
2020-01-13 23:10:51,803 [INFO] Average metrics for Training dataset below
   average type  avg accuracy  avg precision  avg detection rate (recall)  avg false alarm rate  avg false negative rate  avg f1
0     Micro avg        0.9956         0.9956                       0.9956                0.0004                   0.0044  0.9956
1     Macro avg        0.9993         0.8926                       0.7777                0.0011                   0.2223  0.7900
2  Weighted avg        0.9964         0.9954                       0.9956                0.0084                   0.0044  0.9952
2020-01-13 23:10:51,868 [INFO] Results saved to: results_additional_exps/train_time_ids2017_ann_deep_rep3/train_time_ids2017_ann_deep_rep3_results.xlsx
2020-01-13 23:10:51,872 [INFO] ================= Finished running experiment no. 3 ================= 

2020-01-13 23:10:51,917 [INFO] Created directory: results_additional_exps/train_time_kdd99_ann_deep_rep1
