2019-12-26 13:24:04,017 [INFO] Initialized logging. log_filename = results_selected_models/selected_ids17_lstm_shallow_rep2/run_log.log
2019-12-26 13:24:04,018 [INFO] ================= Running experiment no. 2  ================= 

2019-12-26 13:24:04,018 [INFO] Experiment parameters given below
2019-12-26 13:24:04,018 [INFO] 
{'experiment_num': 2, 'results_dir': 'results_selected_models/selected_ids17_lstm_shallow_rep2', 'model': 'lstm', 'model_type': 'classifier', 'normal_label': 'BENIGN', 'lstm_time_steps': 32, 'lstm_layer_units': [32], 'lstm_layer_activations': ['relu'], 'lstm_layer_dropout_rates': [0.2], 'batch_size': 256, 'epochs': 300, 'early_stop_patience': 50, 'dataset_dir': '../Datasets/full_datasets/ids2017', 'description': 'selected_ids17_lstm_shallow_rep2'}
2019-12-26 13:24:04,018 [INFO] Created tensorboard log directory: results_selected_models/selected_ids17_lstm_shallow_rep2/tf_logs_run_2019_12_26-13_24_04
2019-12-26 13:24:04,018 [INFO] Loading datsets from: ../Datasets/full_datasets/ids2017
2019-12-26 13:24:04,018 [INFO] Reading X, y files
2019-12-26 13:24:04,018 [INFO] Reading HDF dataset ../Datasets/full_datasets/ids2017/X_train.h5
2019-12-26 13:24:08,208 [INFO] Reading complete. time_to_read=4.19 seconds
2019-12-26 13:24:08,209 [INFO] Reading HDF dataset ../Datasets/full_datasets/ids2017/X_val.h5
2019-12-26 13:24:09,632 [INFO] Reading complete. time_to_read=1.42 seconds
2019-12-26 13:24:09,632 [INFO] Reading HDF dataset ../Datasets/full_datasets/ids2017/X_test.h5
2019-12-26 13:24:11,059 [INFO] Reading complete. time_to_read=1.43 seconds
2019-12-26 13:24:11,059 [INFO] Reading HDF dataset ../Datasets/full_datasets/ids2017/y_train.h5
2019-12-26 13:24:11,289 [INFO] Reading complete. time_to_read=0.23 seconds
2019-12-26 13:24:11,289 [INFO] Reading HDF dataset ../Datasets/full_datasets/ids2017/y_val.h5
2019-12-26 13:24:11,362 [INFO] Reading complete. time_to_read=0.07 seconds
2019-12-26 13:24:11,363 [INFO] Reading HDF dataset ../Datasets/full_datasets/ids2017/y_test.h5
2019-12-26 13:24:11,435 [INFO] Reading complete. time_to_read=0.07 seconds
2019-12-26 13:24:13,853 [INFO] Preparing flow sequences
2019-12-26 13:24:35,714 [INFO] Extracting flows complete. time_taken = 21.86 sec
2019-12-26 13:24:36,854 [INFO] Initializing model
2019-12-26 13:24:37,092 [INFO] _________________________________________________________________
2019-12-26 13:24:37,092 [INFO] Layer (type)                 Output Shape              Param #   
2019-12-26 13:24:37,092 [INFO] =================================================================
2019-12-26 13:24:37,092 [INFO] lstm_7 (LSTM)                (None, 32, 32)            14208     
2019-12-26 13:24:37,092 [INFO] _________________________________________________________________
2019-12-26 13:24:37,092 [INFO] batch_normalization_7 (Batch (None, 32, 32)            128       
2019-12-26 13:24:37,092 [INFO] _________________________________________________________________
2019-12-26 13:24:37,092 [INFO] dropout_7 (Dropout)          (None, 32, 32)            0         
2019-12-26 13:24:37,092 [INFO] _________________________________________________________________
2019-12-26 13:24:37,093 [INFO] time_distributed_7 (TimeDist (None, 32, 12)            396       
2019-12-26 13:24:37,093 [INFO] =================================================================
2019-12-26 13:24:37,093 [INFO] Total params: 14,732
2019-12-26 13:24:37,093 [INFO] Trainable params: 14,668
2019-12-26 13:24:37,093 [INFO] Non-trainable params: 64
2019-12-26 13:24:37,093 [INFO] _________________________________________________________________
2019-12-26 13:24:37,093 [INFO] Training model
2019-12-26 13:28:25,032 [INFO] epoch = 30. Intermediate model saved to results_selected_models/selected_ids17_lstm_shallow_rep2/_model_epoch_30.pickle
2019-12-26 13:32:04,133 [INFO] epoch = 60. Intermediate model saved to results_selected_models/selected_ids17_lstm_shallow_rep2/_model_epoch_60.pickle
2019-12-26 13:35:43,808 [INFO] epoch = 90. Intermediate model saved to results_selected_models/selected_ids17_lstm_shallow_rep2/_model_epoch_90.pickle
2019-12-26 13:39:23,407 [INFO] epoch = 120. Intermediate model saved to results_selected_models/selected_ids17_lstm_shallow_rep2/_model_epoch_120.pickle
2019-12-26 13:42:13,454 [INFO] WeightRestorer::on_train_end(): restoring best weights
2019-12-26 13:42:19,634 [INFO] Last epoch loss evaluation: train_loss = 0.002296, val_loss = 0.002441
2019-12-26 13:42:19,634 [INFO] Training complete. time_to_train = 1062.54 sec, 17.71 min
2019-12-26 13:42:19,638 [INFO] Model saved to results_selected_models/selected_ids17_lstm_shallow_rep2/best_model.pickle
2019-12-26 13:42:19,640 [INFO] Training history saved to: results_selected_models/selected_ids17_lstm_shallow_rep2/training_error_history.csv
2019-12-26 13:42:19,782 [INFO] Plot saved to: results_selected_models/selected_ids17_lstm_shallow_rep2/training_error_history.png
2019-12-26 13:42:19,903 [INFO] Plot saved to: results_selected_models/selected_ids17_lstm_shallow_rep2/training_f1_history.png
2019-12-26 13:42:19,904 [INFO] Making predictions on training, validation, testing data
2019-12-26 13:42:26,692 [INFO] Evaluating predictions (results)
2019-12-26 13:42:37,056 [INFO] Dataset: Testing. Classification report below
2019-12-26 13:42:37,056 [INFO] 
                        precision    recall  f1-score   support

                BENIGN       1.00      1.00      1.00    454243
                   Bot       0.99      0.36      0.53       391
                  DDoS       1.00      1.00      1.00     25604
         DoS GoldenEye       0.99      0.98      0.98      2058
              DoS Hulk       0.97      0.99      0.98     46023
      DoS Slowhttptest       0.88      0.98      0.93      1100
         DoS slowloris       0.98      0.97      0.98      1159
           FTP-Patator       0.99      0.99      0.99      1586
              PortScan       0.99      1.00      1.00     31761
           SSH-Patator       0.94      0.98      0.96      1179
Web Attack Brute Force       0.97      0.11      0.20       302
        Web Attack XSS       0.00      0.00      0.00       130

             micro avg       0.99      0.99      0.99    565536
             macro avg       0.89      0.78      0.80    565536
          weighted avg       0.99      0.99      0.99    565536

2019-12-26 13:42:37,057 [INFO] Overall accuracy (micro avg): 0.9948668166129123
2019-12-26 13:42:48,839 [INFO] Average metrics for Testing dataset below
   average type  avg accuracy  avg precision  avg detection rate (recall)  avg false alarm rate  avg false negative rate  avg f1
0     Micro avg        0.9949         0.9949                       0.9949                0.0005                   0.0051  0.9949
1     Macro avg        0.9991         0.8926                       0.7799                0.0011                   0.2201  0.7951
2  Weighted avg        0.9957         0.9947                       0.9949                0.0081                   0.0051  0.9945
2019-12-26 13:42:59,246 [INFO] Dataset: Validation. Classification report below
2019-12-26 13:42:59,246 [INFO] 
                        precision    recall  f1-score   support

                BENIGN       1.00      1.00      1.00    454243
                   Bot       0.98      0.31      0.47       391
                  DDoS       1.00      1.00      1.00     25605
         DoS GoldenEye       0.99      0.97      0.98      2059
              DoS Hulk       0.97      0.99      0.98     46023
      DoS Slowhttptest       0.89      0.98      0.93      1099
         DoS slowloris       0.98      0.97      0.98      1159
           FTP-Patator       0.99      0.99      0.99      1587
              PortScan       0.99      1.00      1.00     31758
           SSH-Patator       0.94      0.97      0.96      1180
Web Attack Brute Force       0.90      0.06      0.12       301
        Web Attack XSS       1.00      0.02      0.03       131

             micro avg       0.99      0.99      0.99    565536
             macro avg       0.97      0.77      0.79    565536
          weighted avg       0.99      0.99      0.99    565536

2019-12-26 13:42:59,246 [INFO] Overall accuracy (micro avg): 0.9949799835907882
2019-12-26 13:43:11,084 [INFO] Average metrics for Validation dataset below
   average type  avg accuracy  avg precision  avg detection rate (recall)  avg false alarm rate  avg false negative rate  avg f1
0     Micro avg        0.9950         0.9950                       0.9950                0.0005                   0.0050  0.9950
1     Macro avg        0.9992         0.9705                       0.7722                0.0011                   0.2278  0.7866
2  Weighted avg        0.9958         0.9950                       0.9950                0.0081                   0.0050  0.9945
2019-12-26 13:43:45,242 [INFO] Dataset: Training. Classification report below
2019-12-26 13:43:45,242 [INFO] 
                        precision    recall  f1-score   support

                BENIGN       1.00      1.00      1.00   1362781
                   Bot       0.98      0.35      0.52      1174
                  DDoS       1.00      1.00      1.00     76815
         DoS GoldenEye       0.99      0.98      0.99      6176
              DoS Hulk       0.97      0.99      0.98    138073
      DoS Slowhttptest       0.90      0.99      0.94      3300
         DoS slowloris       0.99      0.98      0.99      3478
           FTP-Patator       0.99      0.99      0.99      4761
              PortScan       0.99      1.00      1.00     95281
           SSH-Patator       0.96      0.98      0.97      3538
Web Attack Brute Force       0.85      0.09      0.17       904
        Web Attack XSS       1.00      0.03      0.05       391

             micro avg       1.00      1.00      1.00   1696672
             macro avg       0.97      0.78      0.80   1696672
          weighted avg       1.00      1.00      0.99   1696672

2019-12-26 13:43:45,242 [INFO] Overall accuracy (micro avg): 0.9952424511042794
2019-12-26 13:44:24,057 [INFO] Average metrics for Training dataset below
   average type  avg accuracy  avg precision  avg detection rate (recall)  avg false alarm rate  avg false negative rate  avg f1
0     Micro avg        0.9952         0.9952                       0.9952                0.0004                   0.0048  0.9952
1     Macro avg        0.9992         0.9687                       0.7815                0.0010                   0.2185  0.7988
2  Weighted avg        0.9960         0.9952                       0.9952                0.0076                   0.0048  0.9948
2019-12-26 13:44:24,082 [INFO] Results saved to: results_selected_models/selected_ids17_lstm_shallow_rep2/selected_ids17_lstm_shallow_rep2_results.xlsx
2019-12-26 13:44:24,086 [INFO] ================= Finished running experiment no. 2 ================= 

2019-12-26 13:44:24,156 [INFO] Created directory: results_selected_models/selected_ids17_lstm_shallow_rep3
