2020-01-14 12:44:45,235 [INFO] Initialized logging. log_filename = results_additional_exps/train_time_nsl_ae_ann_deep_rep3/run_log.log
2020-01-14 12:44:45,235 [INFO] ================= Running experiment no. 3  ================= 

2020-01-14 12:44:45,235 [INFO] Experiment parameters given below
2020-01-14 12:44:45,235 [INFO] 
{'experiment_num': 3, 'results_dir': 'results_additional_exps/train_time_nsl_ae_ann_deep_rep3', 'model_type': 'classifier', 'model': 'ae_ann', 'normal_label': 'normal', 'scaling_type': 'NA', 'unsupervised_ratio': 0.25, 'ae_encoder_units': [128, 64, 32], 'ae_encoder_activations': ['relu', 'relu', 'relu'], 'ae_encoder_dropout_rates': [0.2, 0.2, 0.2], 'ae_encoder_l1_param': -1, 'ae_decoder_units': [64, 128], 'ae_decoder_activations': ['relu', 'relu'], 'ae_decoder_dropout_rates': [0.2, 0.2], 'output_activation': 'sigmoid', 'loss_function': 'binary_crossentropy', 'ae_epochs': 10, 'ann_layer_units': [64], 'ann_layer_activations': ['relu'], 'ann_layer_dropout_rates': [0.2], 'ann_epochs': 100, 'early_stop_patience': 100, 'batch_size': 256, 'goal_metric': 0.749049194, 'training_set': 'train_set_only', 'dataset_dir': '../Datasets/small_datasets/nsl_kdd_five_classes', 'description': 'train_time_nsl_ae_ann_deep_rep3'}
2020-01-14 12:44:45,235 [INFO] Created tensorboard log directory: results_additional_exps/train_time_nsl_ae_ann_deep_rep3/tf_logs_run_2020_01_14-12_44_45
2020-01-14 12:44:45,235 [INFO] Loading datsets from: ../Datasets/small_datasets/nsl_kdd_five_classes
2020-01-14 12:44:45,235 [INFO] Reading X, y files
2020-01-14 12:44:45,235 [INFO] Reading HDF dataset ../Datasets/small_datasets/nsl_kdd_five_classes/X_train.h5
2020-01-14 12:44:45,498 [INFO] Reading complete. time_to_read=0.26 seconds
2020-01-14 12:44:45,498 [INFO] Reading HDF dataset ../Datasets/small_datasets/nsl_kdd_five_classes/X_val.h5
2020-01-14 12:44:45,564 [INFO] Reading complete. time_to_read=0.07 seconds
2020-01-14 12:44:45,564 [INFO] Reading HDF dataset ../Datasets/small_datasets/nsl_kdd_five_classes/X_test.h5
2020-01-14 12:44:45,622 [INFO] Reading complete. time_to_read=0.06 seconds
2020-01-14 12:44:45,622 [INFO] Reading HDF dataset ../Datasets/small_datasets/nsl_kdd_five_classes/y_train.h5
2020-01-14 12:44:45,630 [INFO] Reading complete. time_to_read=0.01 seconds
2020-01-14 12:44:45,630 [INFO] Reading HDF dataset ../Datasets/small_datasets/nsl_kdd_five_classes/y_val.h5
2020-01-14 12:44:45,634 [INFO] Reading complete. time_to_read=0.00 seconds
2020-01-14 12:44:45,635 [INFO] Reading HDF dataset ../Datasets/small_datasets/nsl_kdd_five_classes/y_test.h5
2020-01-14 12:44:45,638 [INFO] Reading complete. time_to_read=0.00 seconds
2020-01-14 12:44:45,834 [INFO] Initializing model
2020-01-14 12:44:46,345 [INFO] _________________________________________________________________
2020-01-14 12:44:46,345 [INFO] Layer (type)                 Output Shape              Param #   
2020-01-14 12:44:46,345 [INFO] =================================================================
2020-01-14 12:44:46,345 [INFO] dense_17 (Dense)             (None, 128)               15744     
2020-01-14 12:44:46,345 [INFO] _________________________________________________________________
2020-01-14 12:44:46,345 [INFO] batch_normalization_13 (Batc (None, 128)               512       
2020-01-14 12:44:46,345 [INFO] _________________________________________________________________
2020-01-14 12:44:46,345 [INFO] dropout_13 (Dropout)         (None, 128)               0         
2020-01-14 12:44:46,345 [INFO] _________________________________________________________________
2020-01-14 12:44:46,345 [INFO] dense_18 (Dense)             (None, 64)                8256      
2020-01-14 12:44:46,345 [INFO] _________________________________________________________________
2020-01-14 12:44:46,345 [INFO] batch_normalization_14 (Batc (None, 64)                256       
2020-01-14 12:44:46,346 [INFO] _________________________________________________________________
2020-01-14 12:44:46,346 [INFO] dropout_14 (Dropout)         (None, 64)                0         
2020-01-14 12:44:46,346 [INFO] _________________________________________________________________
2020-01-14 12:44:46,346 [INFO] dense_19 (Dense)             (None, 32)                2080      
2020-01-14 12:44:46,346 [INFO] _________________________________________________________________
2020-01-14 12:44:46,346 [INFO] batch_normalization_15 (Batc (None, 32)                128       
2020-01-14 12:44:46,346 [INFO] _________________________________________________________________
2020-01-14 12:44:46,346 [INFO] dropout_15 (Dropout)         (None, 32)                0         
2020-01-14 12:44:46,346 [INFO] _________________________________________________________________
2020-01-14 12:44:46,346 [INFO] dense_20 (Dense)             (None, 64)                2112      
2020-01-14 12:44:46,346 [INFO] _________________________________________________________________
2020-01-14 12:44:46,346 [INFO] batch_normalization_16 (Batc (None, 64)                256       
2020-01-14 12:44:46,346 [INFO] _________________________________________________________________
2020-01-14 12:44:46,346 [INFO] dropout_16 (Dropout)         (None, 64)                0         
2020-01-14 12:44:46,346 [INFO] _________________________________________________________________
2020-01-14 12:44:46,346 [INFO] dense_21 (Dense)             (None, 128)               8320      
2020-01-14 12:44:46,346 [INFO] _________________________________________________________________
2020-01-14 12:44:46,346 [INFO] batch_normalization_17 (Batc (None, 128)               512       
2020-01-14 12:44:46,347 [INFO] _________________________________________________________________
2020-01-14 12:44:46,347 [INFO] dropout_17 (Dropout)         (None, 128)               0         
2020-01-14 12:44:46,347 [INFO] _________________________________________________________________
2020-01-14 12:44:46,347 [INFO] dense_22 (Dense)             (None, 122)               15738     
2020-01-14 12:44:46,347 [INFO] =================================================================
2020-01-14 12:44:46,347 [INFO] Total params: 53,914
2020-01-14 12:44:46,347 [INFO] Trainable params: 53,082
2020-01-14 12:44:46,347 [INFO] Non-trainable params: 832
2020-01-14 12:44:46,347 [INFO] _________________________________________________________________
2020-01-14 12:44:46,451 [INFO] _________________________________________________________________
2020-01-14 12:44:46,451 [INFO] Layer (type)                 Output Shape              Param #   
2020-01-14 12:44:46,451 [INFO] =================================================================
2020-01-14 12:44:46,451 [INFO] dense_23 (Dense)             (None, 64)                2112      
2020-01-14 12:44:46,451 [INFO] _________________________________________________________________
2020-01-14 12:44:46,451 [INFO] batch_normalization_18 (Batc (None, 64)                256       
2020-01-14 12:44:46,451 [INFO] _________________________________________________________________
2020-01-14 12:44:46,451 [INFO] dropout_18 (Dropout)         (None, 64)                0         
2020-01-14 12:44:46,451 [INFO] _________________________________________________________________
2020-01-14 12:44:46,451 [INFO] dense_24 (Dense)             (None, 5)                 325       
2020-01-14 12:44:46,451 [INFO] =================================================================
2020-01-14 12:44:46,452 [INFO] Total params: 2,693
2020-01-14 12:44:46,452 [INFO] Trainable params: 2,565
2020-01-14 12:44:46,452 [INFO] Non-trainable params: 128
2020-01-14 12:44:46,452 [INFO] _________________________________________________________________
2020-01-14 12:44:46,452 [INFO] Training model
2020-01-14 12:44:46,452 [INFO] Splitting train set into 2 sets (unsupervised, supervised), random_seed = None
2020-01-14 12:44:47,276 [INFO] Split sizes (instances). total = 100778, unsupervised = 25194, supervised = 75584, unsupervised dataset hash = 950586e2c8296a24ebeddf6231bcd2c9ac120a1f
2020-01-14 12:44:47,276 [INFO] Training autoencoder
2020-01-14 12:44:59,901 [INFO] WeightRestorer::on_train_end(): restoring best weights
2020-01-14 12:45:01,490 [INFO] Last epoch loss evaluation: train_loss = -2.996238, val_loss = -2.970453
2020-01-14 12:45:01,490 [INFO] Training autoencoder complete
2020-01-14 12:45:01,490 [INFO] Encoding data for supervised training
2020-01-14 12:45:03,772 [INFO] Encoding complete
2020-01-14 12:45:03,772 [INFO] Training neural network layers (after autoencoder)
2020-01-14 12:45:27,239 [INFO] epoch = 10. Intermediate model saved to results_additional_exps/train_time_nsl_ae_ann_deep_rep3/ann_model_epoch_10.pickle
2020-01-14 12:45:32,496 [INFO] StopperOnGoal: reached goal_metric (accuracy). Stopping training. goal_metric = 0.7490, current_metric = 0.7516, num_epochs = 13
2020-01-14 12:45:32,496 [INFO] WeightRestorer::on_train_end(): restoring best weights
2020-01-14 12:45:34,821 [INFO] Last epoch loss evaluation: train_loss = 0.015397, val_loss = 0.015585
2020-01-14 12:45:34,824 [INFO] Training complete. time_to_train = 48.37 sec, 0.81 min
2020-01-14 12:45:36,356 [INFO] Model saved to results_additional_exps/train_time_nsl_ae_ann_deep_rep3/best_model.pickle
2020-01-14 12:45:36,357 [INFO] Training history saved to: results_additional_exps/train_time_nsl_ae_ann_deep_rep3/training_error_history.csv
2020-01-14 12:45:36,492 [INFO] Plot saved to: results_additional_exps/train_time_nsl_ae_ann_deep_rep3/training_error_history.png
2020-01-14 12:45:36,616 [INFO] Plot saved to: results_additional_exps/train_time_nsl_ae_ann_deep_rep3/training_f1_history.png
2020-01-14 12:45:36,616 [INFO] Making predictions on training, validation, testing data
2020-01-14 12:45:42,465 [INFO] Making predictions complete. time_to_predict = 5.85 sec, 0.10 min
2020-01-14 12:45:42,471 [INFO] Evaluating predictions (results)
2020-01-14 12:45:42,757 [INFO] Dataset: Testing. Classification report below
2020-01-14 12:45:42,757 [INFO] 
              precision    recall  f1-score   support

         dos       0.91      0.79      0.84      7458
      normal       0.66      0.97      0.79      9711
       probe       0.85      0.57      0.68      2421
         r2l       0.98      0.07      0.13      2421
         u2r       0.00      0.00      0.00       533

   micro avg       0.75      0.75      0.75     22544
   macro avg       0.68      0.48      0.49     22544
weighted avg       0.78      0.75      0.70     22544

2020-01-14 12:45:42,757 [INFO] Overall accuracy (micro avg): 0.7476046841731725
2020-01-14 12:45:43,093 [INFO] Average metrics for Testing dataset below
   average type  avg accuracy  avg precision  avg detection rate (recall)  avg false alarm rate  avg false negative rate  avg f1
0     Micro avg        0.7476         0.7476                       0.7476                0.0631                   0.2524  0.7476
1     Macro avg        0.8990         0.6796                       0.4788                0.0859                   0.5212  0.4873
2  Weighted avg        0.8529         0.7818                       0.7476                0.1770                   0.2524  0.7047
2020-01-14 12:45:43,440 [INFO] Dataset: Validation. Classification report below
2020-01-14 12:45:43,441 [INFO] 
              precision    recall  f1-score   support

         dos       0.99      1.00      0.99      9186
      normal       0.99      0.99      0.99     13469
       probe       0.98      0.96      0.97      2331
         r2l       0.92      0.53      0.67       199
         u2r       0.00      0.00      0.00        10

   micro avg       0.99      0.99      0.99     25195
   macro avg       0.77      0.70      0.72     25195
weighted avg       0.99      0.99      0.99     25195

2020-01-14 12:45:43,441 [INFO] Overall accuracy (micro avg): 0.9864655685651915
2020-01-14 12:45:43,819 [INFO] Average metrics for Validation dataset below
   average type  avg accuracy  avg precision  avg detection rate (recall)  avg false alarm rate  avg false negative rate  avg f1
0     Micro avg        0.9865         0.9865                       0.9865                0.0034                   0.0135  0.9865
1     Macro avg        0.9946         0.7745                       0.6953                0.0048                   0.3047  0.7242
2  Weighted avg        0.9914         0.9858                       0.9865                0.0105                   0.0135  0.9857
2020-01-14 12:45:45,447 [INFO] Dataset: Training. Classification report below
2020-01-14 12:45:45,447 [INFO] 
              precision    recall  f1-score   support

         dos       0.99      1.00      0.99     36741
      normal       0.99      0.99      0.99     53874
       probe       0.98      0.96      0.97      9325
         r2l       0.93      0.51      0.66       796
         u2r       0.00      0.00      0.00        42

   micro avg       0.99      0.99      0.99    100778
   macro avg       0.78      0.69      0.72    100778
weighted avg       0.99      0.99      0.99    100778

2020-01-14 12:45:45,447 [INFO] Overall accuracy (micro avg): 0.9866240647760424
2020-01-14 12:45:47,157 [INFO] Average metrics for Training dataset below
   average type  avg accuracy  avg precision  avg detection rate (recall)  avg false alarm rate  avg false negative rate  avg f1
0     Micro avg        0.9866         0.9866                       0.9866                0.0033                   0.0134  0.9866
1     Macro avg        0.9946         0.7776                       0.6912                0.0049                   0.3088  0.7219
2  Weighted avg        0.9915         0.9860                       0.9866                0.0111                   0.0134  0.9858
2020-01-14 12:45:47,177 [INFO] Results saved to: results_additional_exps/train_time_nsl_ae_ann_deep_rep3/train_time_nsl_ae_ann_deep_rep3_results.xlsx
2020-01-14 12:45:47,177 [INFO] ================= Finished running experiment no. 3 ================= 

2020-01-14 12:45:47,181 [INFO] Created directory: results_additional_exps/train_time_ids17_ae_ann_deep_rep1
