2019-12-21 10:44:53,890 [INFO] Initialized logging. log_filename = results_selected_models/selected_nsl_ae_ann_shallow_rep2/run_log.log
2019-12-21 10:44:53,890 [INFO] ================= Running experiment no. 2  ================= 

2019-12-21 10:44:53,890 [INFO] Experiment parameters given below
2019-12-21 10:44:53,890 [INFO] 
{'experiment_num': 2, 'results_dir': 'results_selected_models/selected_nsl_ae_ann_shallow_rep2', 'model_type': 'classifier', 'model': 'ae_ann', 'normal_label': 'normal', 'scaling_type': 'NA', 'unsupervised_ratio': 0.5, 'ae_encoder_units': [32], 'ae_encoder_activations': ['relu'], 'ae_encoder_dropout_rates': [0.2], 'ae_encoder_l1_param': -1, 'ae_decoder_units': '', 'ae_decoder_activations': '', 'ae_decoder_dropout_rates': '', 'output_activation': 'sigmoid', 'loss_function': 'binary_crossentropy', 'ae_epochs': 200, 'ann_layer_units': [32], 'ann_layer_activations': ['relu'], 'ann_layer_dropout_rates': [0.2], 'ann_epochs': 200, 'early_stop_patience': 50, 'batch_size': 256, 'dataset_dir': '../Datasets/small_datasets/nsl_kdd_five_classes', 'description': 'selected_nsl_ae_ann_shallow_rep2'}
2019-12-21 10:44:53,891 [INFO] Created tensorboard log directory: results_selected_models/selected_nsl_ae_ann_shallow_rep2/tf_logs_run_2019_12_21-10_44_53
2019-12-21 10:44:53,891 [INFO] Loading datsets from: ../Datasets/small_datasets/nsl_kdd_five_classes
2019-12-21 10:44:53,891 [INFO] Reading X, y files
2019-12-21 10:44:53,891 [INFO] Reading HDF dataset ../Datasets/small_datasets/nsl_kdd_five_classes/X_train.h5
2019-12-21 10:44:54,136 [INFO] Reading complete. time_to_read=0.24 seconds
2019-12-21 10:44:54,136 [INFO] Reading HDF dataset ../Datasets/small_datasets/nsl_kdd_five_classes/X_val.h5
2019-12-21 10:44:54,200 [INFO] Reading complete. time_to_read=0.06 seconds
2019-12-21 10:44:54,200 [INFO] Reading HDF dataset ../Datasets/small_datasets/nsl_kdd_five_classes/X_test.h5
2019-12-21 10:44:54,259 [INFO] Reading complete. time_to_read=0.06 seconds
2019-12-21 10:44:54,259 [INFO] Reading HDF dataset ../Datasets/small_datasets/nsl_kdd_five_classes/y_train.h5
2019-12-21 10:44:54,266 [INFO] Reading complete. time_to_read=0.01 seconds
2019-12-21 10:44:54,266 [INFO] Reading HDF dataset ../Datasets/small_datasets/nsl_kdd_five_classes/y_val.h5
2019-12-21 10:44:54,270 [INFO] Reading complete. time_to_read=0.00 seconds
2019-12-21 10:44:54,270 [INFO] Reading HDF dataset ../Datasets/small_datasets/nsl_kdd_five_classes/y_test.h5
2019-12-21 10:44:54,273 [INFO] Reading complete. time_to_read=0.00 seconds
2019-12-21 10:44:54,459 [INFO] Initializing model
2019-12-21 10:44:54,564 [INFO] _________________________________________________________________
2019-12-21 10:44:54,564 [INFO] Layer (type)                 Output Shape              Param #   
2019-12-21 10:44:54,564 [INFO] =================================================================
2019-12-21 10:44:54,565 [INFO] dense_5 (Dense)              (None, 32)                3936      
2019-12-21 10:44:54,565 [INFO] _________________________________________________________________
2019-12-21 10:44:54,565 [INFO] batch_normalization_3 (Batch (None, 32)                128       
2019-12-21 10:44:54,565 [INFO] _________________________________________________________________
2019-12-21 10:44:54,565 [INFO] dropout_3 (Dropout)          (None, 32)                0         
2019-12-21 10:44:54,565 [INFO] _________________________________________________________________
2019-12-21 10:44:54,565 [INFO] dense_6 (Dense)              (None, 122)               4026      
2019-12-21 10:44:54,565 [INFO] =================================================================
2019-12-21 10:44:54,565 [INFO] Total params: 8,090
2019-12-21 10:44:54,565 [INFO] Trainable params: 8,026
2019-12-21 10:44:54,565 [INFO] Non-trainable params: 64
2019-12-21 10:44:54,565 [INFO] _________________________________________________________________
2019-12-21 10:44:54,670 [INFO] _________________________________________________________________
2019-12-21 10:44:54,670 [INFO] Layer (type)                 Output Shape              Param #   
2019-12-21 10:44:54,670 [INFO] =================================================================
2019-12-21 10:44:54,670 [INFO] dense_7 (Dense)              (None, 32)                1056      
2019-12-21 10:44:54,670 [INFO] _________________________________________________________________
2019-12-21 10:44:54,670 [INFO] batch_normalization_4 (Batch (None, 32)                128       
2019-12-21 10:44:54,670 [INFO] _________________________________________________________________
2019-12-21 10:44:54,670 [INFO] dropout_4 (Dropout)          (None, 32)                0         
2019-12-21 10:44:54,670 [INFO] _________________________________________________________________
2019-12-21 10:44:54,670 [INFO] dense_8 (Dense)              (None, 5)                 165       
2019-12-21 10:44:54,670 [INFO] =================================================================
2019-12-21 10:44:54,671 [INFO] Total params: 1,349
2019-12-21 10:44:54,671 [INFO] Trainable params: 1,285
2019-12-21 10:44:54,671 [INFO] Non-trainable params: 64
2019-12-21 10:44:54,671 [INFO] _________________________________________________________________
2019-12-21 10:44:54,671 [INFO] Training model
2019-12-21 10:44:54,671 [INFO] Splitting train set into 2 sets (unsupervised, supervised)
2019-12-21 10:44:55,276 [INFO] Split sizes (instances). total = 100778, unsupervised = 50389, supervised = 50389
2019-12-21 10:44:55,276 [INFO] Training autoencoder
2019-12-21 10:45:11,231 [INFO] epoch = 20. Intermediate model saved to results_selected_models/selected_nsl_ae_ann_shallow_rep2/ae_model_epoch_20.pickle
2019-12-21 10:45:25,150 [INFO] epoch = 40. Intermediate model saved to results_selected_models/selected_nsl_ae_ann_shallow_rep2/ae_model_epoch_40.pickle
2019-12-21 10:45:39,054 [INFO] epoch = 60. Intermediate model saved to results_selected_models/selected_nsl_ae_ann_shallow_rep2/ae_model_epoch_60.pickle
2019-12-21 10:45:52,948 [INFO] epoch = 80. Intermediate model saved to results_selected_models/selected_nsl_ae_ann_shallow_rep2/ae_model_epoch_80.pickle
2019-12-21 10:46:06,866 [INFO] epoch = 100. Intermediate model saved to results_selected_models/selected_nsl_ae_ann_shallow_rep2/ae_model_epoch_100.pickle
2019-12-21 10:46:20,758 [INFO] epoch = 120. Intermediate model saved to results_selected_models/selected_nsl_ae_ann_shallow_rep2/ae_model_epoch_120.pickle
2019-12-21 10:46:34,753 [INFO] epoch = 140. Intermediate model saved to results_selected_models/selected_nsl_ae_ann_shallow_rep2/ae_model_epoch_140.pickle
2019-12-21 10:46:48,668 [INFO] epoch = 160. Intermediate model saved to results_selected_models/selected_nsl_ae_ann_shallow_rep2/ae_model_epoch_160.pickle
2019-12-21 10:47:02,624 [INFO] epoch = 180. Intermediate model saved to results_selected_models/selected_nsl_ae_ann_shallow_rep2/ae_model_epoch_180.pickle
2019-12-21 10:47:15,896 [INFO] WeightRestorer::on_train_end(): restoring best weights
2019-12-21 10:47:17,022 [INFO] Last epoch loss evaluation: train_loss = -3.249095, val_loss = -3.223242
2019-12-21 10:47:17,022 [INFO] Training autoencoder complete
2019-12-21 10:47:17,022 [INFO] Encoding data for supervised training
2019-12-21 10:47:17,844 [INFO] Encoding complete
2019-12-21 10:47:17,845 [INFO] Training neural network layers (after autoencoder)
2019-12-21 10:47:29,553 [INFO] epoch = 20. Intermediate model saved to results_selected_models/selected_nsl_ae_ann_shallow_rep2/ann_model_epoch_20.pickle
2019-12-21 10:47:39,679 [INFO] epoch = 40. Intermediate model saved to results_selected_models/selected_nsl_ae_ann_shallow_rep2/ann_model_epoch_40.pickle
2019-12-21 10:47:49,802 [INFO] epoch = 60. Intermediate model saved to results_selected_models/selected_nsl_ae_ann_shallow_rep2/ann_model_epoch_60.pickle
2019-12-21 10:47:59,931 [INFO] epoch = 80. Intermediate model saved to results_selected_models/selected_nsl_ae_ann_shallow_rep2/ann_model_epoch_80.pickle
2019-12-21 10:48:10,033 [INFO] epoch = 100. Intermediate model saved to results_selected_models/selected_nsl_ae_ann_shallow_rep2/ann_model_epoch_100.pickle
2019-12-21 10:48:20,169 [INFO] epoch = 120. Intermediate model saved to results_selected_models/selected_nsl_ae_ann_shallow_rep2/ann_model_epoch_120.pickle
2019-12-21 10:48:30,219 [INFO] epoch = 140. Intermediate model saved to results_selected_models/selected_nsl_ae_ann_shallow_rep2/ann_model_epoch_140.pickle
2019-12-21 10:48:40,277 [INFO] epoch = 160. Intermediate model saved to results_selected_models/selected_nsl_ae_ann_shallow_rep2/ann_model_epoch_160.pickle
2019-12-21 10:48:50,465 [INFO] epoch = 180. Intermediate model saved to results_selected_models/selected_nsl_ae_ann_shallow_rep2/ann_model_epoch_180.pickle
2019-12-21 10:49:00,419 [INFO] WeightRestorer::on_train_end(): restoring best weights
2019-12-21 10:49:01,358 [INFO] Last epoch loss evaluation: train_loss = 0.005339, val_loss = 0.008795
2019-12-21 10:49:01,362 [INFO] Training complete. time_to_train = 246.69 sec, 4.11 min
2019-12-21 10:49:01,369 [INFO] Model saved to results_selected_models/selected_nsl_ae_ann_shallow_rep2/best_model.pickle
2019-12-21 10:49:01,562 [INFO] Plot saved to: results_selected_models/selected_nsl_ae_ann_shallow_rep2/training_error_history.png
2019-12-21 10:49:01,741 [INFO] Plot saved to: results_selected_models/selected_nsl_ae_ann_shallow_rep2/training_f1_history.png
2019-12-21 10:49:01,742 [INFO] Making predictions on training, validation, testing data
2019-12-21 10:49:04,494 [INFO] Evaluating predictions (results)
2019-12-21 10:49:04,755 [INFO] Dataset: Testing. Classification report below
2019-12-21 10:49:04,755 [INFO] 
              precision    recall  f1-score   support

         dos       0.96      0.82      0.88      7458
      normal       0.68      0.93      0.78      9711
       probe       0.71      0.73      0.72      2421
         r2l       0.90      0.15      0.25      2421
         u2r       0.86      0.02      0.04       533

   micro avg       0.77      0.77      0.77     22544
   macro avg       0.82      0.53      0.54     22544
weighted avg       0.80      0.77      0.74     22544

2019-12-21 10:49:04,755 [INFO] Overall accuracy (micro avg): 0.7661905606813343
2019-12-21 10:49:05,051 [INFO] Average metrics for Testing dataset below
   average type  avg accuracy  avg precision  avg detection rate (recall)  avg false alarm rate  avg false negative rate  avg f1
0     Micro avg        0.7662         0.7662                       0.7662                0.0585                   0.2338  0.7662
1     Macro avg        0.9065         0.8215                       0.5303                0.0772                   0.4697  0.5374
2  Weighted avg        0.8650         0.8030                       0.7662                0.1521                   0.2338  0.7361
2019-12-21 10:49:05,382 [INFO] Dataset: Validation. Classification report below
2019-12-21 10:49:05,382 [INFO] 
              precision    recall  f1-score   support

         dos       1.00      1.00      1.00      9186
      normal       0.99      1.00      1.00     13469
       probe       0.99      0.99      0.99      2331
         r2l       0.89      0.80      0.84       199
         u2r       1.00      0.30      0.46        10

   micro avg       0.99      0.99      0.99     25195
   macro avg       0.97      0.82      0.86     25195
weighted avg       0.99      0.99      0.99     25195

2019-12-21 10:49:05,382 [INFO] Overall accuracy (micro avg): 0.9942051994443342
2019-12-21 10:49:05,737 [INFO] Average metrics for Validation dataset below
   average type  avg accuracy  avg precision  avg detection rate (recall)  avg false alarm rate  avg false negative rate  avg f1
0     Micro avg        0.9942         0.9942                       0.9942                0.0014                   0.0058  0.9942
1     Macro avg        0.9977         0.9734                       0.8170                0.0019                   0.1830  0.8571
2  Weighted avg        0.9965         0.9941                       0.9942                0.0039                   0.0058  0.9941
2019-12-21 10:49:07,170 [INFO] Dataset: Training. Classification report below
2019-12-21 10:49:07,170 [INFO] 
              precision    recall  f1-score   support

         dos       1.00      1.00      1.00     36741
      normal       0.99      1.00      1.00     53874
       probe       0.99      0.99      0.99      9325
         r2l       0.90      0.81      0.85       796
         u2r       0.72      0.50      0.59        42

   micro avg       0.99      0.99      0.99    100778
   macro avg       0.92      0.86      0.89    100778
weighted avg       0.99      0.99      0.99    100778

2019-12-21 10:49:07,170 [INFO] Overall accuracy (micro avg): 0.9946218420687055
2019-12-21 10:49:08,783 [INFO] Average metrics for Training dataset below
   average type  avg accuracy  avg precision  avg detection rate (recall)  avg false alarm rate  avg false negative rate  avg f1
0     Micro avg        0.9946         0.9946                       0.9946                0.0013                   0.0054  0.9946
1     Macro avg        0.9978         0.9220                       0.8574                0.0019                   0.1426  0.8850
2  Weighted avg        0.9967         0.9945                       0.9946                0.0039                   0.0054  0.9945
2019-12-21 10:49:08,821 [INFO] Results saved to: results_selected_models/selected_nsl_ae_ann_shallow_rep2/selected_nsl_ae_ann_shallow_rep2_results.xlsx
2019-12-21 10:49:08,821 [INFO] ================= Finished running experiment no. 2 ================= 

2019-12-21 10:49:08,824 [INFO] Created directory: results_selected_models/selected_nsl_ae_ann_shallow_rep3
