2019-12-24 01:41:49,188 [INFO] Initialized logging. log_filename = results_selected_models/selected_ids18_subset_dbn_shallow_rep3/run_log.log
2019-12-24 01:41:49,188 [INFO] ================= Running experiment no. 3  ================= 

2019-12-24 01:41:49,188 [INFO] Experiment parameters given below
2019-12-24 01:41:49,188 [INFO] 
{'experiment_num': 3, 'results_dir': 'results_selected_models/selected_ids18_subset_dbn_shallow_rep3', 'model_type': 'classifier', 'model': 'dbn', 'normal_label': 'BENIGN', 'scaling_type': 'NA', 'dbn_layer_units': [32], 'ann_layer_activations': ['relu'], 'ann_layer_dropout_rates': [0.2], 'unsupervised_ratio': 0.5, 'dbn_learning_rate': 0.0001, 'pretrain_epochs': 50, 'fine_tune_epochs': 300, 'early_stop_patience': 50, 'batch_size': 256, 'dataset_dir': '../Datasets/small_datasets/ids2018', 'description': 'selected_ids18_subset_dbn_shallow_rep3'}
2019-12-24 01:41:49,188 [INFO] Created tensorboard log directory: results_selected_models/selected_ids18_subset_dbn_shallow_rep3/tf_logs_run_2019_12_24-01_41_49
2019-12-24 01:41:49,188 [INFO] Loading datsets from: ../Datasets/small_datasets/ids2018
2019-12-24 01:41:49,188 [INFO] Reading X, y files
2019-12-24 01:41:49,188 [INFO] Reading HDF dataset ../Datasets/small_datasets/ids2018/X_train.h5
2019-12-24 01:41:53,628 [INFO] Reading complete. time_to_read=4.44 seconds
2019-12-24 01:41:53,628 [INFO] Reading HDF dataset ../Datasets/small_datasets/ids2018/X_val.h5
2019-12-24 01:41:55,172 [INFO] Reading complete. time_to_read=1.54 seconds
2019-12-24 01:41:55,172 [INFO] Reading HDF dataset ../Datasets/small_datasets/ids2018/X_test.h5
2019-12-24 01:41:56,720 [INFO] Reading complete. time_to_read=1.55 seconds
2019-12-24 01:41:56,720 [INFO] Reading HDF dataset ../Datasets/small_datasets/ids2018/y_train.h5
2019-12-24 01:41:56,987 [INFO] Reading complete. time_to_read=0.27 seconds
2019-12-24 01:41:56,988 [INFO] Reading HDF dataset ../Datasets/small_datasets/ids2018/y_val.h5
2019-12-24 01:41:57,074 [INFO] Reading complete. time_to_read=0.09 seconds
2019-12-24 01:41:57,074 [INFO] Reading HDF dataset ../Datasets/small_datasets/ids2018/y_test.h5
2019-12-24 01:41:57,161 [INFO] Reading complete. time_to_read=0.09 seconds
2019-12-24 01:42:01,094 [INFO] Initializing model
2019-12-24 01:42:01,095 [INFO] Training model
2019-12-24 01:42:01,095 [INFO] Splitting train set into 2 sets (unsupervised, supervised), random_seed = None
2019-12-24 01:42:24,486 [INFO] Split sizes (instances). total = 1936462, unsupervised = 968231, supervised = 968231, unsupervised dataset hash = 3d7dd553214ab8ddc353fe1f76cf392969e184dd
2019-12-24 01:42:24,486 [INFO] Pretraining Deep Belief Network
2019-12-24 01:48:56,683 [INFO] Pretraining Complete
2019-12-24 01:48:56,683 [INFO] Getting pretrained weights
2019-12-24 01:48:56,683 [INFO] Creating and initializing feed forward neural network
2019-12-24 01:48:56,800 [INFO] _________________________________________________________________
2019-12-24 01:48:56,800 [INFO] Layer (type)                 Output Shape              Param #   
2019-12-24 01:48:56,800 [INFO] =================================================================
2019-12-24 01:48:56,800 [INFO] dense_25 (Dense)             (None, 32)                2496      
2019-12-24 01:48:56,800 [INFO] _________________________________________________________________
2019-12-24 01:48:56,800 [INFO] batch_normalization_13 (Batc (None, 32)                128       
2019-12-24 01:48:56,800 [INFO] _________________________________________________________________
2019-12-24 01:48:56,800 [INFO] dropout_13 (Dropout)         (None, 32)                0         
2019-12-24 01:48:56,800 [INFO] _________________________________________________________________
2019-12-24 01:48:56,801 [INFO] dense_26 (Dense)             (None, 15)                495       
2019-12-24 01:48:56,801 [INFO] =================================================================
2019-12-24 01:48:56,801 [INFO] Total params: 3,119
2019-12-24 01:48:56,801 [INFO] Trainable params: 3,055
2019-12-24 01:48:56,801 [INFO] Non-trainable params: 64
2019-12-24 01:48:56,801 [INFO] _________________________________________________________________
2019-12-24 01:48:57,823 [INFO] Fine-tuning final neural network
2019-12-24 02:01:53,895 [INFO] epoch = 30. Intermediate model saved to results_selected_models/selected_ids18_subset_dbn_shallow_rep3/ann_model_epoch_30.pickle
2019-12-24 02:14:33,368 [INFO] epoch = 60. Intermediate model saved to results_selected_models/selected_ids18_subset_dbn_shallow_rep3/ann_model_epoch_60.pickle
2019-12-24 02:27:16,491 [INFO] epoch = 90. Intermediate model saved to results_selected_models/selected_ids18_subset_dbn_shallow_rep3/ann_model_epoch_90.pickle
2019-12-24 02:39:59,615 [INFO] epoch = 120. Intermediate model saved to results_selected_models/selected_ids18_subset_dbn_shallow_rep3/ann_model_epoch_120.pickle
2019-12-24 02:52:46,810 [INFO] epoch = 150. Intermediate model saved to results_selected_models/selected_ids18_subset_dbn_shallow_rep3/ann_model_epoch_150.pickle
2019-12-24 03:05:36,508 [INFO] epoch = 180. Intermediate model saved to results_selected_models/selected_ids18_subset_dbn_shallow_rep3/ann_model_epoch_180.pickle
2019-12-24 03:18:27,706 [INFO] epoch = 210. Intermediate model saved to results_selected_models/selected_ids18_subset_dbn_shallow_rep3/ann_model_epoch_210.pickle
2019-12-24 03:31:16,760 [INFO] epoch = 240. Intermediate model saved to results_selected_models/selected_ids18_subset_dbn_shallow_rep3/ann_model_epoch_240.pickle
2019-12-24 03:44:06,469 [INFO] epoch = 270. Intermediate model saved to results_selected_models/selected_ids18_subset_dbn_shallow_rep3/ann_model_epoch_270.pickle
2019-12-24 03:56:41,564 [INFO] WeightRestorer::on_train_end(): restoring best weights
2019-12-24 03:57:16,627 [INFO] Last epoch loss evaluation: train_loss = 0.007926, val_loss = 0.007995
2019-12-24 03:57:16,674 [INFO] Training complete. time_to_train = 8115.58 sec, 135.26 min
2019-12-24 03:57:16,678 [INFO] Model saved to results_selected_models/selected_ids18_subset_dbn_shallow_rep3/best_model.pickle
2019-12-24 03:57:16,831 [INFO] Plot saved to: results_selected_models/selected_ids18_subset_dbn_shallow_rep3/training_error_history.png
2019-12-24 03:57:16,983 [INFO] Plot saved to: results_selected_models/selected_ids18_subset_dbn_shallow_rep3/training_f1_history.png
2019-12-24 03:57:16,983 [INFO] Making predictions on training, validation, testing data
2019-12-24 03:58:20,894 [INFO] Evaluating predictions (results)
2019-12-24 03:58:33,089 [INFO] Dataset: Testing. Classification report below
2019-12-24 03:58:33,089 [INFO] 
                          precision    recall  f1-score   support

                  Benign       0.99      1.00      0.99    535650
                     Bot       1.00      1.00      1.00     11465
        Brute Force -Web       0.00      0.00      0.00        24
        Brute Force -XSS       0.00      0.00      0.00         9
        DDOS attack-HOIC       1.00      1.00      1.00     27447
    DDOS attack-LOIC-UDP       0.68      1.00      0.81        67
  DDoS attacks-LOIC-HTTP       0.99      0.99      0.99     23010
   DoS attacks-GoldenEye       0.99      1.00      0.99      1651
        DoS attacks-Hulk       1.00      1.00      1.00     18478
DoS attacks-SlowHTTPTest       0.72      0.47      0.57      5596
   DoS attacks-Slowloris       0.89      0.97      0.93       440
          FTP-BruteForce       0.69      0.87      0.77      7718
           Infilteration       0.41      0.01      0.02      6404
           SQL Injection       0.00      0.00      0.00         4
          SSH-Bruteforce       1.00      1.00      1.00      7525

               micro avg       0.98      0.98      0.98    645488
               macro avg       0.69      0.69      0.67    645488
            weighted avg       0.98      0.98      0.98    645488

2019-12-24 03:58:33,089 [INFO] Overall accuracy (micro avg): 0.9831677738393277
2019-12-24 03:58:46,942 [INFO] Average metrics for Testing dataset below
   average type  avg accuracy  avg precision  avg detection rate (recall)  avg false alarm rate  avg false negative rate  avg f1
0     Micro avg        0.9832         0.9832                       0.9832                0.0012                   0.0168  0.9832
1     Macro avg        0.9978         0.6903                       0.6868                0.0044                   0.3132  0.6710
2  Weighted avg        0.9910         0.9776                       0.9832                0.0492                   0.0168  0.9781
2019-12-24 03:58:59,118 [INFO] Dataset: Validation. Classification report below
2019-12-24 03:58:59,118 [INFO] 
                          precision    recall  f1-score   support

                  Benign       0.99      1.00      0.99    535650
                     Bot       1.00      1.00      1.00     11465
        Brute Force -Web       0.00      0.00      0.00        25
        Brute Force -XSS       0.00      0.00      0.00         9
        DDOS attack-HOIC       1.00      1.00      1.00     27447
    DDOS attack-LOIC-UDP       0.72      1.00      0.84        68
  DDoS attacks-LOIC-HTTP       0.99      1.00      0.99     23009
   DoS attacks-GoldenEye       0.99      1.00      0.99      1651
        DoS attacks-Hulk       1.00      1.00      1.00     18478
DoS attacks-SlowHTTPTest       0.73      0.46      0.57      5596
   DoS attacks-Slowloris       0.89      0.97      0.93       439
          FTP-BruteForce       0.69      0.88      0.77      7718
           Infilteration       0.36      0.01      0.01      6403
           SQL Injection       0.00      0.00      0.00         4
          SSH-Bruteforce       1.00      1.00      1.00      7525

               micro avg       0.98      0.98      0.98    645487
               macro avg       0.69      0.69      0.67    645487
            weighted avg       0.98      0.98      0.98    645487

2019-12-24 03:58:59,118 [INFO] Overall accuracy (micro avg): 0.9831832399413156
2019-12-24 03:59:12,955 [INFO] Average metrics for Validation dataset below
   average type  avg accuracy  avg precision  avg detection rate (recall)  avg false alarm rate  avg false negative rate  avg f1
0     Micro avg        0.9832         0.9832                       0.9832                0.0012                   0.0168  0.9832
1     Macro avg        0.9978         0.6912                       0.6868                0.0044                   0.3132  0.6733
2  Weighted avg        0.9910         0.9772                       0.9832                0.0493                   0.0168  0.9781
2019-12-24 03:59:52,820 [INFO] Dataset: Training. Classification report below
2019-12-24 03:59:52,820 [INFO] 
                          precision    recall  f1-score   support

                  Benign       0.99      1.00      0.99   1606949
                     Bot       1.00      1.00      1.00     34396
        Brute Force -Web       0.00      0.00      0.00        73
        Brute Force -XSS       0.00      0.00      0.00        26
        DDOS attack-HOIC       1.00      1.00      1.00     82341
    DDOS attack-LOIC-UDP       0.71      1.00      0.83       203
  DDoS attacks-LOIC-HTTP       0.99      1.00      0.99     69029
   DoS attacks-GoldenEye       0.99      1.00      0.99      4954
        DoS attacks-Hulk       1.00      1.00      1.00     55435
DoS attacks-SlowHTTPTest       0.73      0.46      0.56     16787
   DoS attacks-Slowloris       0.92      0.99      0.95      1318
          FTP-BruteForce       0.69      0.87      0.77     23153
           Infilteration       0.44      0.01      0.02     19210
           SQL Injection       0.00      0.00      0.00        12
          SSH-Bruteforce       1.00      1.00      1.00     22576

               micro avg       0.98      0.98      0.98   1936462
               macro avg       0.70      0.69      0.67   1936462
            weighted avg       0.98      0.98      0.98   1936462

2019-12-24 03:59:52,820 [INFO] Overall accuracy (micro avg): 0.9832188806183648
2019-12-24 04:00:38,087 [INFO] Average metrics for Training dataset below
   average type  avg accuracy  avg precision  avg detection rate (recall)  avg false alarm rate  avg false negative rate  avg f1
0     Micro avg        0.9832         0.9832                       0.9832                0.0012                   0.0168  0.9832
1     Macro avg        0.9978         0.6965                       0.6878                0.0044                   0.3122  0.6740
2  Weighted avg        0.9910         0.9780                       0.9832                0.0491                   0.0168  0.9781
2019-12-24 04:00:38,121 [INFO] Results saved to: results_selected_models/selected_ids18_subset_dbn_shallow_rep3/selected_ids18_subset_dbn_shallow_rep3_results.xlsx
2019-12-24 04:00:38,126 [INFO] ================= Finished running experiment no. 3 ================= 

2019-12-24 04:00:38,208 [INFO] Created directory: results_selected_models/selected_ids18_subset_dbn_shallow_rep4
