2019-12-21 13:44:47,792 [INFO] Initialized logging. log_filename = results_selected_models/selected_kdd99_ann_deep_rep3/run_log.log
2019-12-21 13:44:47,792 [INFO] ================= Running experiment no. 3  ================= 

2019-12-21 13:44:47,792 [INFO] Experiment parameters given below
2019-12-21 13:44:47,792 [INFO] 
{'experiment_num': 3, 'results_dir': 'results_selected_models/selected_kdd99_ann_deep_rep3', 'model_type': 'classifier', 'model': 'ann', 'normal_label': 'normal', 'training_data_feed': 'preload', 'scaling_type': 'NA', 'ann_layer_units': [64, 32, 66], 'ann_layer_activations': ['relu', 'relu', 'relu'], 'ann_layer_dropout_rates': [0.2, 0.2, 0.2], 'epochs': 300, 'early_stop_patience': 50, 'batch_size': 256, 'training_set': 'train_set_only', 'dataset_dir': '../Datasets/full_datasets/kdd99_five_classes', 'description': 'selected_kdd99_ann_deep_rep3'}
2019-12-21 13:44:47,792 [INFO] Created tensorboard log directory: results_selected_models/selected_kdd99_ann_deep_rep3/tf_logs_run_2019_12_21-13_44_47
2019-12-21 13:44:47,792 [INFO] Loading datsets from: ../Datasets/full_datasets/kdd99_five_classes
2019-12-21 13:44:47,804 [INFO] Reading X, y files
2019-12-21 13:44:47,804 [INFO] Reading HDF dataset ../Datasets/full_datasets/kdd99_five_classes/X_train.h5
2019-12-21 13:44:56,938 [INFO] Reading complete. time_to_read=9.13 seconds
2019-12-21 13:44:56,939 [INFO] Reading HDF dataset ../Datasets/full_datasets/kdd99_five_classes/X_val.h5
2019-12-21 13:44:59,180 [INFO] Reading complete. time_to_read=2.24 seconds
2019-12-21 13:44:59,180 [INFO] Reading HDF dataset ../Datasets/full_datasets/kdd99_five_classes/X_test.h5
2019-12-21 13:44:59,850 [INFO] Reading complete. time_to_read=0.67 seconds
2019-12-21 13:44:59,850 [INFO] Reading HDF dataset ../Datasets/full_datasets/kdd99_five_classes/y_train.h5
2019-12-21 13:45:00,379 [INFO] Reading complete. time_to_read=0.53 seconds
2019-12-21 13:45:00,379 [INFO] Reading HDF dataset ../Datasets/full_datasets/kdd99_five_classes/y_val.h5
2019-12-21 13:45:00,501 [INFO] Reading complete. time_to_read=0.12 seconds
2019-12-21 13:45:00,501 [INFO] Reading HDF dataset ../Datasets/full_datasets/kdd99_five_classes/y_test.h5
2019-12-21 13:45:00,548 [INFO] Reading complete. time_to_read=0.05 seconds
2019-12-21 13:45:47,891 [INFO] Initializing model
2019-12-21 13:45:50,270 [INFO] _________________________________________________________________
2019-12-21 13:45:50,272 [INFO] Layer (type)                 Output Shape              Param #   
2019-12-21 13:45:50,273 [INFO] =================================================================
2019-12-21 13:45:50,275 [INFO] dense_34 (Dense)             (None, 64)                7936      
2019-12-21 13:45:50,277 [INFO] _________________________________________________________________
2019-12-21 13:45:50,278 [INFO] batch_normalization_27 (Batc (None, 64)                256       
2019-12-21 13:45:50,279 [INFO] _________________________________________________________________
2019-12-21 13:45:50,280 [INFO] dropout_27 (Dropout)         (None, 64)                0         
2019-12-21 13:45:50,280 [INFO] _________________________________________________________________
2019-12-21 13:45:50,282 [INFO] dense_35 (Dense)             (None, 32)                2080      
2019-12-21 13:45:50,283 [INFO] _________________________________________________________________
2019-12-21 13:45:50,283 [INFO] batch_normalization_28 (Batc (None, 32)                128       
2019-12-21 13:45:50,285 [INFO] _________________________________________________________________
2019-12-21 13:45:50,286 [INFO] dropout_28 (Dropout)         (None, 32)                0         
2019-12-21 13:45:50,287 [INFO] _________________________________________________________________
2019-12-21 13:45:50,288 [INFO] dense_36 (Dense)             (None, 66)                2178      
2019-12-21 13:45:50,289 [INFO] _________________________________________________________________
2019-12-21 13:45:50,290 [INFO] batch_normalization_29 (Batc (None, 66)                264       
2019-12-21 13:45:50,291 [INFO] _________________________________________________________________
2019-12-21 13:45:50,292 [INFO] dropout_29 (Dropout)         (None, 66)                0         
2019-12-21 13:45:50,293 [INFO] _________________________________________________________________
2019-12-21 13:45:50,294 [INFO] dense_37 (Dense)             (None, 5)                 335       
2019-12-21 13:45:50,295 [INFO] =================================================================
2019-12-21 13:45:50,297 [INFO] Total params: 13,177
2019-12-21 13:45:50,298 [INFO] Trainable params: 12,853
2019-12-21 13:45:50,299 [INFO] Non-trainable params: 324
2019-12-21 13:45:50,300 [INFO] _________________________________________________________________
2019-12-21 13:45:50,301 [INFO] Training model
2019-12-21 14:42:32,704 [INFO] epoch = 30. Intermediate model saved to results_selected_models/selected_kdd99_ann_deep_rep3/ann_model_epoch_30.pickle
2019-12-21 15:35:40,113 [INFO] epoch = 60. Intermediate model saved to results_selected_models/selected_kdd99_ann_deep_rep3/ann_model_epoch_60.pickle
2019-12-21 16:28:50,945 [INFO] epoch = 90. Intermediate model saved to results_selected_models/selected_kdd99_ann_deep_rep3/ann_model_epoch_90.pickle
2019-12-21 16:59:22,450 [INFO] WeightRestorer::on_train_end(): restoring best weights
2019-12-21 17:01:31,672 [INFO] Last epoch loss evaluation: train_loss = 0.000192, val_loss = 0.000247
2019-12-21 17:01:31,673 [INFO] Training complete. time_to_train = 11741.37 sec, 195.69 min
2019-12-21 17:01:31,682 [INFO] Model saved to results_selected_models/selected_kdd99_ann_deep_rep3/best_model.pickle
2019-12-21 17:01:32,244 [INFO] Plot saved to: results_selected_models/selected_kdd99_ann_deep_rep3/training_error_history.png
2019-12-21 17:01:32,368 [INFO] Plot saved to: results_selected_models/selected_kdd99_ann_deep_rep3/training_f1_history.png
2019-12-21 17:01:32,371 [INFO] Making predictions on training, validation, testing data
2019-12-21 17:03:44,480 [INFO] Evaluating predictions (results)
2019-12-21 17:03:49,154 [INFO] Dataset: Testing. Classification report below
2019-12-21 17:03:49,154 [INFO] 
              precision    recall  f1-score   support

         dos       1.00      0.97      0.99    229853
     normal.       0.73      0.98      0.84     60593
       probe       0.77      0.83      0.80      4166
         r2l       0.97      0.04      0.07     13781
         u2r       0.95      0.01      0.02      2636

   micro avg       0.92      0.92      0.92    311029
   macro avg       0.89      0.57      0.54    311029
weighted avg       0.94      0.92      0.91    311029

2019-12-21 17:03:49,155 [INFO] Overall accuracy (micro avg): 0.9246983400261712
2019-12-21 17:03:54,597 [INFO] Average metrics for Testing dataset below
   average type  avg accuracy  avg precision  avg detection rate (recall)  avg false alarm rate  avg false negative rate  avg f1
0     Micro avg        0.9247         0.9247                       0.9247                0.0188                   0.0753  0.9247
1     Macro avg        0.9699         0.8855                       0.5660                0.0192                   0.4340  0.5420
2  Weighted avg        0.9688         0.9415                       0.9247                0.0207                   0.0753  0.9062
2019-12-21 17:04:10,960 [INFO] Dataset: Validation. Classification report below
2019-12-21 17:04:10,960 [INFO] 
              precision    recall  f1-score   support

         dos       1.00      1.00      1.00    776675
     normal.       1.00      1.00      1.00    194556
       probe       1.00      0.99      1.00      8221
         r2l       0.90      0.90      0.90       225
         u2r       0.57      0.40      0.47        10

   micro avg       1.00      1.00      1.00    979687
   macro avg       0.89      0.86      0.87    979687
weighted avg       1.00      1.00      1.00    979687

2019-12-21 17:04:10,960 [INFO] Overall accuracy (micro avg): 0.9998642423549562
2019-12-21 17:04:29,547 [INFO] Average metrics for Validation dataset below
   average type  avg accuracy  avg precision  avg detection rate (recall)  avg false alarm rate  avg false negative rate  avg f1
0     Micro avg        0.9999         0.9999                       0.9999                0.0000                   0.0001  0.9999
1     Macro avg        0.9999         0.8942                       0.8593                0.0000                   0.1407  0.8737
2  Weighted avg        1.0000         0.9999                       0.9999                0.0001                   0.0001  0.9999
2019-12-21 17:05:41,550 [INFO] Dataset: Training. Classification report below
2019-12-21 17:05:41,550 [INFO] 
              precision    recall  f1-score   support

         dos       1.00      1.00      1.00   3106695
     normal.       1.00      1.00      1.00    778225
       probe       1.00      1.00      1.00     32881
         r2l       0.88      0.94      0.91       901
         u2r       0.83      0.60      0.69        42

   micro avg       1.00      1.00      1.00   3918744
   macro avg       0.94      0.91      0.92   3918744
weighted avg       1.00      1.00      1.00   3918744

2019-12-21 17:05:41,550 [INFO] Overall accuracy (micro avg): 0.9998828706340603
2019-12-21 17:07:03,456 [INFO] Average metrics for Training dataset below
   average type  avg accuracy  avg precision  avg detection rate (recall)  avg false alarm rate  avg false negative rate  avg f1
0     Micro avg        0.9999         0.9999                       0.9999                0.0000                   0.0001  0.9999
1     Macro avg        1.0000         0.9430                       0.9065                0.0000                   0.0935  0.9206
2  Weighted avg        1.0000         0.9999                       0.9999                0.0001                   0.0001  0.9999
2019-12-21 17:07:03,507 [INFO] Results saved to: results_selected_models/selected_kdd99_ann_deep_rep3/selected_kdd99_ann_deep_rep3_results.xlsx
2019-12-21 17:07:03,515 [INFO] ================= Finished running experiment no. 3 ================= 

2019-12-21 17:07:03,788 [INFO] Created directory: results_selected_models/selected_kdd99_ann_deep_rep4
