2019-12-23 23:27:36,623 [INFO] Initialized logging. log_filename = results_selected_models/selected_ids18_subset_dbn_shallow_rep2/run_log.log
2019-12-23 23:27:36,623 [INFO] ================= Running experiment no. 2  ================= 

2019-12-23 23:27:36,623 [INFO] Experiment parameters given below
2019-12-23 23:27:36,623 [INFO] 
{'experiment_num': 2, 'results_dir': 'results_selected_models/selected_ids18_subset_dbn_shallow_rep2', 'model_type': 'classifier', 'model': 'dbn', 'normal_label': 'BENIGN', 'scaling_type': 'NA', 'dbn_layer_units': [32], 'ann_layer_activations': ['relu'], 'ann_layer_dropout_rates': [0.2], 'unsupervised_ratio': 0.5, 'dbn_learning_rate': 0.0001, 'pretrain_epochs': 50, 'fine_tune_epochs': 300, 'early_stop_patience': 50, 'batch_size': 256, 'dataset_dir': '../Datasets/small_datasets/ids2018', 'description': 'selected_ids18_subset_dbn_shallow_rep2'}
2019-12-23 23:27:36,623 [INFO] Created tensorboard log directory: results_selected_models/selected_ids18_subset_dbn_shallow_rep2/tf_logs_run_2019_12_23-23_27_36
2019-12-23 23:27:36,623 [INFO] Loading datsets from: ../Datasets/small_datasets/ids2018
2019-12-23 23:27:36,623 [INFO] Reading X, y files
2019-12-23 23:27:36,623 [INFO] Reading HDF dataset ../Datasets/small_datasets/ids2018/X_train.h5
2019-12-23 23:27:41,091 [INFO] Reading complete. time_to_read=4.47 seconds
2019-12-23 23:27:41,091 [INFO] Reading HDF dataset ../Datasets/small_datasets/ids2018/X_val.h5
2019-12-23 23:27:42,627 [INFO] Reading complete. time_to_read=1.54 seconds
2019-12-23 23:27:42,627 [INFO] Reading HDF dataset ../Datasets/small_datasets/ids2018/X_test.h5
2019-12-23 23:27:44,161 [INFO] Reading complete. time_to_read=1.53 seconds
2019-12-23 23:27:44,162 [INFO] Reading HDF dataset ../Datasets/small_datasets/ids2018/y_train.h5
2019-12-23 23:27:44,422 [INFO] Reading complete. time_to_read=0.26 seconds
2019-12-23 23:27:44,422 [INFO] Reading HDF dataset ../Datasets/small_datasets/ids2018/y_val.h5
2019-12-23 23:27:44,510 [INFO] Reading complete. time_to_read=0.09 seconds
2019-12-23 23:27:44,510 [INFO] Reading HDF dataset ../Datasets/small_datasets/ids2018/y_test.h5
2019-12-23 23:27:44,597 [INFO] Reading complete. time_to_read=0.09 seconds
2019-12-23 23:27:48,529 [INFO] Initializing model
2019-12-23 23:27:48,529 [INFO] Training model
2019-12-23 23:27:48,529 [INFO] Splitting train set into 2 sets (unsupervised, supervised), random_seed = None
2019-12-23 23:28:11,937 [INFO] Split sizes (instances). total = 1936462, unsupervised = 968231, supervised = 968231, unsupervised dataset hash = 0866581d1416733ae4d4af268010d5a95bce4774
2019-12-23 23:28:11,937 [INFO] Pretraining Deep Belief Network
2019-12-23 23:34:42,926 [INFO] Pretraining Complete
2019-12-23 23:34:42,927 [INFO] Getting pretrained weights
2019-12-23 23:34:42,927 [INFO] Creating and initializing feed forward neural network
2019-12-23 23:34:43,044 [INFO] _________________________________________________________________
2019-12-23 23:34:43,044 [INFO] Layer (type)                 Output Shape              Param #   
2019-12-23 23:34:43,044 [INFO] =================================================================
2019-12-23 23:34:43,044 [INFO] dense_23 (Dense)             (None, 32)                2496      
2019-12-23 23:34:43,044 [INFO] _________________________________________________________________
2019-12-23 23:34:43,044 [INFO] batch_normalization_12 (Batc (None, 32)                128       
2019-12-23 23:34:43,044 [INFO] _________________________________________________________________
2019-12-23 23:34:43,044 [INFO] dropout_12 (Dropout)         (None, 32)                0         
2019-12-23 23:34:43,044 [INFO] _________________________________________________________________
2019-12-23 23:34:43,045 [INFO] dense_24 (Dense)             (None, 15)                495       
2019-12-23 23:34:43,045 [INFO] =================================================================
2019-12-23 23:34:43,045 [INFO] Total params: 3,119
2019-12-23 23:34:43,045 [INFO] Trainable params: 3,055
2019-12-23 23:34:43,045 [INFO] Non-trainable params: 64
2019-12-23 23:34:43,045 [INFO] _________________________________________________________________
2019-12-23 23:34:43,964 [INFO] Fine-tuning final neural network
2019-12-23 23:47:17,637 [INFO] epoch = 30. Intermediate model saved to results_selected_models/selected_ids18_subset_dbn_shallow_rep2/ann_model_epoch_30.pickle
2019-12-23 23:59:36,900 [INFO] epoch = 60. Intermediate model saved to results_selected_models/selected_ids18_subset_dbn_shallow_rep2/ann_model_epoch_60.pickle
2019-12-24 00:11:55,010 [INFO] epoch = 90. Intermediate model saved to results_selected_models/selected_ids18_subset_dbn_shallow_rep2/ann_model_epoch_90.pickle
2019-12-24 00:24:14,741 [INFO] epoch = 120. Intermediate model saved to results_selected_models/selected_ids18_subset_dbn_shallow_rep2/ann_model_epoch_120.pickle
2019-12-24 00:36:32,179 [INFO] epoch = 150. Intermediate model saved to results_selected_models/selected_ids18_subset_dbn_shallow_rep2/ann_model_epoch_150.pickle
2019-12-24 00:48:50,321 [INFO] epoch = 180. Intermediate model saved to results_selected_models/selected_ids18_subset_dbn_shallow_rep2/ann_model_epoch_180.pickle
2019-12-24 01:01:09,922 [INFO] epoch = 210. Intermediate model saved to results_selected_models/selected_ids18_subset_dbn_shallow_rep2/ann_model_epoch_210.pickle
2019-12-24 01:13:28,970 [INFO] epoch = 240. Intermediate model saved to results_selected_models/selected_ids18_subset_dbn_shallow_rep2/ann_model_epoch_240.pickle
2019-12-24 01:25:49,047 [INFO] epoch = 270. Intermediate model saved to results_selected_models/selected_ids18_subset_dbn_shallow_rep2/ann_model_epoch_270.pickle
2019-12-24 01:37:56,696 [INFO] WeightRestorer::on_train_end(): restoring best weights
2019-12-24 01:38:29,988 [INFO] Last epoch loss evaluation: train_loss = 0.007925, val_loss = 0.007955
2019-12-24 01:38:30,033 [INFO] Training complete. time_to_train = 7841.50 sec, 130.69 min
2019-12-24 01:38:30,036 [INFO] Model saved to results_selected_models/selected_ids18_subset_dbn_shallow_rep2/best_model.pickle
2019-12-24 01:38:30,182 [INFO] Plot saved to: results_selected_models/selected_ids18_subset_dbn_shallow_rep2/training_error_history.png
2019-12-24 01:38:30,305 [INFO] Plot saved to: results_selected_models/selected_ids18_subset_dbn_shallow_rep2/training_f1_history.png
2019-12-24 01:38:30,305 [INFO] Making predictions on training, validation, testing data
2019-12-24 01:39:31,726 [INFO] Evaluating predictions (results)
2019-12-24 01:39:43,914 [INFO] Dataset: Testing. Classification report below
2019-12-24 01:39:43,914 [INFO] 
                          precision    recall  f1-score   support

                  Benign       0.99      1.00      0.99    535650
                     Bot       1.00      1.00      1.00     11465
        Brute Force -Web       0.00      0.00      0.00        24
        Brute Force -XSS       0.00      0.00      0.00         9
        DDOS attack-HOIC       1.00      1.00      1.00     27447
    DDOS attack-LOIC-UDP       0.73      0.99      0.84        67
  DDoS attacks-LOIC-HTTP       0.99      0.99      0.99     23010
   DoS attacks-GoldenEye       0.99      1.00      1.00      1651
        DoS attacks-Hulk       1.00      1.00      1.00     18478
DoS attacks-SlowHTTPTest       0.73      0.45      0.56      5596
   DoS attacks-Slowloris       0.97      0.96      0.96       440
          FTP-BruteForce       0.69      0.88      0.77      7718
           Infilteration       0.45      0.01      0.01      6404
           SQL Injection       0.00      0.00      0.00         4
          SSH-Bruteforce       1.00      1.00      1.00      7525

               micro avg       0.98      0.98      0.98    645488
               macro avg       0.70      0.69      0.67    645488
            weighted avg       0.98      0.98      0.98    645488

2019-12-24 01:39:43,914 [INFO] Overall accuracy (micro avg): 0.9832607267679647
2019-12-24 01:39:57,762 [INFO] Average metrics for Testing dataset below
   average type  avg accuracy  avg precision  avg detection rate (recall)  avg false alarm rate  avg false negative rate  avg f1
0     Micro avg        0.9833         0.9833                       0.9833                0.0012                   0.0167  0.9833
1     Macro avg        0.9978         0.7022                       0.6850                0.0044                   0.3150  0.6750
2  Weighted avg        0.9911         0.9781                       0.9833                0.0495                   0.0167  0.9781
2019-12-24 01:40:09,994 [INFO] Dataset: Validation. Classification report below
2019-12-24 01:40:09,995 [INFO] 
                          precision    recall  f1-score   support

                  Benign       0.99      1.00      0.99    535650
                     Bot       1.00      1.00      1.00     11465
        Brute Force -Web       0.00      0.00      0.00        25
        Brute Force -XSS       0.00      0.00      0.00         9
        DDOS attack-HOIC       1.00      1.00      1.00     27447
    DDOS attack-LOIC-UDP       0.80      0.97      0.88        68
  DDoS attacks-LOIC-HTTP       0.99      1.00      0.99     23009
   DoS attacks-GoldenEye       0.99      1.00      1.00      1651
        DoS attacks-Hulk       1.00      1.00      1.00     18478
DoS attacks-SlowHTTPTest       0.74      0.45      0.56      5596
   DoS attacks-Slowloris       0.95      0.95      0.95       439
          FTP-BruteForce       0.69      0.88      0.77      7718
           Infilteration       0.42      0.01      0.01      6403
           SQL Injection       0.00      0.00      0.00         4
          SSH-Bruteforce       1.00      1.00      1.00      7525

               micro avg       0.98      0.98      0.98    645487
               macro avg       0.71      0.68      0.68    645487
            weighted avg       0.98      0.98      0.98    645487

2019-12-24 01:40:09,995 [INFO] Overall accuracy (micro avg): 0.9832684469245702
2019-12-24 01:40:23,899 [INFO] Average metrics for Validation dataset below
   average type  avg accuracy  avg precision  avg detection rate (recall)  avg false alarm rate  avg false negative rate  avg f1
0     Micro avg        0.9833         0.9833                       0.9833                0.0012                   0.0167  0.9833
1     Macro avg        0.9978         0.7051                       0.6838                0.0044                   0.3162  0.6774
2  Weighted avg        0.9910         0.9778                       0.9833                0.0494                   0.0167  0.9781
2019-12-24 01:41:03,793 [INFO] Dataset: Training. Classification report below
2019-12-24 01:41:03,793 [INFO] 
                          precision    recall  f1-score   support

                  Benign       0.99      1.00      0.99   1606949
                     Bot       1.00      1.00      1.00     34396
        Brute Force -Web       0.00      0.00      0.00        73
        Brute Force -XSS       0.00      0.00      0.00        26
        DDOS attack-HOIC       1.00      1.00      1.00     82341
    DDOS attack-LOIC-UDP       0.74      0.97      0.84       203
  DDoS attacks-LOIC-HTTP       0.99      0.99      0.99     69029
   DoS attacks-GoldenEye       0.99      1.00      1.00      4954
        DoS attacks-Hulk       1.00      1.00      1.00     55435
DoS attacks-SlowHTTPTest       0.73      0.45      0.56     16787
   DoS attacks-Slowloris       0.97      0.97      0.97      1318
          FTP-BruteForce       0.69      0.88      0.77     23153
           Infilteration       0.50      0.01      0.01     19210
           SQL Injection       0.00      0.00      0.00        12
          SSH-Bruteforce       1.00      1.00      1.00     22576

               micro avg       0.98      0.98      0.98   1936462
               macro avg       0.71      0.68      0.68   1936462
            weighted avg       0.98      0.98      0.98   1936462

2019-12-24 01:41:03,794 [INFO] Overall accuracy (micro avg): 0.9832891117925371
2019-12-24 01:41:49,073 [INFO] Average metrics for Training dataset below
   average type  avg accuracy  avg precision  avg detection rate (recall)  avg false alarm rate  avg false negative rate  avg f1
0     Micro avg        0.9833         0.9833                       0.9833                0.0012                   0.0167  0.9833
1     Macro avg        0.9978         0.7073                       0.6846                0.0044                   0.3154  0.6758
2  Weighted avg        0.9911         0.9787                       0.9833                0.0494                   0.0167  0.9781
2019-12-24 01:41:49,101 [INFO] Results saved to: results_selected_models/selected_ids18_subset_dbn_shallow_rep2/selected_ids18_subset_dbn_shallow_rep2_results.xlsx
2019-12-24 01:41:49,106 [INFO] ================= Finished running experiment no. 2 ================= 

2019-12-24 01:41:49,188 [INFO] Created directory: results_selected_models/selected_ids18_subset_dbn_shallow_rep3
