2019-12-24 02:08:05,117 [INFO] Initialized logging. log_filename = results_additional_exps/ann_data_efficiency_nsl_p70/run_log.log
2019-12-24 02:08:05,117 [INFO] ================= Running experiment no. 7  ================= 

2019-12-24 02:08:05,117 [INFO] Experiment parameters given below
2019-12-24 02:08:05,117 [INFO] 
{'experiment_num': 7, 'results_dir': 'results_additional_exps/ann_data_efficiency_nsl_p70', 'model_type': 'classifier', 'model': 'ann', 'normal_label': 'normal', 'training_data_feed': 'preload', 'split_random_seed': 42, 'dataset_split_ratio': 0.3, 'ann_layer_units': [64], 'ann_layer_activations': ['relu'], 'ann_layer_dropout_rates': [0.2], 'epochs': 100, 'early_stop_patience': 20, 'batch_size': 256, 'training_set': 'train_set_only', 'dataset_dir': '../Datasets/small_datasets/nsl_kdd_five_classes', 'description': 'ann_data_efficiency_nsl_p70'}
2019-12-24 02:08:05,117 [INFO] Created tensorboard log directory: results_additional_exps/ann_data_efficiency_nsl_p70/tf_logs_run_2019_12_24-02_08_05
2019-12-24 02:08:05,117 [INFO] Loading datsets from: ../Datasets/small_datasets/nsl_kdd_five_classes
2019-12-24 02:08:05,117 [INFO] Reading X, y files
2019-12-24 02:08:05,117 [INFO] Reading HDF dataset ../Datasets/small_datasets/nsl_kdd_five_classes/X_train.h5
2019-12-24 02:08:05,366 [INFO] Reading complete. time_to_read=0.25 seconds
2019-12-24 02:08:05,366 [INFO] Reading HDF dataset ../Datasets/small_datasets/nsl_kdd_five_classes/X_val.h5
2019-12-24 02:08:05,429 [INFO] Reading complete. time_to_read=0.06 seconds
2019-12-24 02:08:05,429 [INFO] Reading HDF dataset ../Datasets/small_datasets/nsl_kdd_five_classes/X_test.h5
2019-12-24 02:08:05,485 [INFO] Reading complete. time_to_read=0.06 seconds
2019-12-24 02:08:05,486 [INFO] Reading HDF dataset ../Datasets/small_datasets/nsl_kdd_five_classes/y_train.h5
2019-12-24 02:08:05,493 [INFO] Reading complete. time_to_read=0.01 seconds
2019-12-24 02:08:05,493 [INFO] Reading HDF dataset ../Datasets/small_datasets/nsl_kdd_five_classes/y_val.h5
2019-12-24 02:08:05,497 [INFO] Reading complete. time_to_read=0.00 seconds
2019-12-24 02:08:05,497 [INFO] Reading HDF dataset ../Datasets/small_datasets/nsl_kdd_five_classes/y_test.h5
2019-12-24 02:08:05,500 [INFO] Reading complete. time_to_read=0.00 seconds
2019-12-24 02:08:05,685 [INFO] Initializing model
2019-12-24 02:08:05,790 [INFO] _________________________________________________________________
2019-12-24 02:08:05,790 [INFO] Layer (type)                 Output Shape              Param #   
2019-12-24 02:08:05,790 [INFO] =================================================================
2019-12-24 02:08:05,790 [INFO] dense_13 (Dense)             (None, 64)                7872      
2019-12-24 02:08:05,790 [INFO] _________________________________________________________________
2019-12-24 02:08:05,790 [INFO] batch_normalization_7 (Batch (None, 64)                256       
2019-12-24 02:08:05,790 [INFO] _________________________________________________________________
2019-12-24 02:08:05,791 [INFO] dropout_7 (Dropout)          (None, 64)                0         
2019-12-24 02:08:05,791 [INFO] _________________________________________________________________
2019-12-24 02:08:05,791 [INFO] dense_14 (Dense)             (None, 5)                 325       
2019-12-24 02:08:05,791 [INFO] =================================================================
2019-12-24 02:08:05,791 [INFO] Total params: 8,453
2019-12-24 02:08:05,791 [INFO] Trainable params: 8,325
2019-12-24 02:08:05,791 [INFO] Non-trainable params: 128
2019-12-24 02:08:05,791 [INFO] _________________________________________________________________
2019-12-24 02:08:05,791 [INFO] Training model
2019-12-24 02:08:05,791 [INFO] Splitting train set into 2 sets (set1, set2), random_seed = 42
2019-12-24 02:08:06,437 [INFO] Split sizes (instances). total = 100778, set1 = 30233, set2 = 70545, set1 dataset hash = f138064a9de3d5c4575f10c672fbbe1b418030c6
2019-12-24 02:08:18,636 [INFO] epoch = 10. Intermediate model saved to results_additional_exps/ann_data_efficiency_nsl_p70/ann_model_epoch_10.pickle
2019-12-24 02:08:28,089 [INFO] epoch = 20. Intermediate model saved to results_additional_exps/ann_data_efficiency_nsl_p70/ann_model_epoch_20.pickle
2019-12-24 02:08:37,546 [INFO] epoch = 30. Intermediate model saved to results_additional_exps/ann_data_efficiency_nsl_p70/ann_model_epoch_30.pickle
2019-12-24 02:08:46,978 [INFO] epoch = 40. Intermediate model saved to results_additional_exps/ann_data_efficiency_nsl_p70/ann_model_epoch_40.pickle
2019-12-24 02:08:56,465 [INFO] epoch = 50. Intermediate model saved to results_additional_exps/ann_data_efficiency_nsl_p70/ann_model_epoch_50.pickle
2019-12-24 02:09:05,892 [INFO] epoch = 60. Intermediate model saved to results_additional_exps/ann_data_efficiency_nsl_p70/ann_model_epoch_60.pickle
2019-12-24 02:09:15,335 [INFO] epoch = 70. Intermediate model saved to results_additional_exps/ann_data_efficiency_nsl_p70/ann_model_epoch_70.pickle
2019-12-24 02:09:24,128 [INFO] WeightRestorer::on_train_end(): restoring best weights
2019-12-24 02:09:25,656 [INFO] Last epoch loss evaluation: train_loss = 0.003557, val_loss = 0.006855
2019-12-24 02:09:25,659 [INFO] Training complete. time_to_train = 79.87 sec, 1.33 min
2019-12-24 02:09:25,680 [INFO] Model saved to results_additional_exps/ann_data_efficiency_nsl_p70/best_model.pickle
2019-12-24 02:09:25,682 [INFO] Training history saved to: results_additional_exps/ann_data_efficiency_nsl_p70/training_error_history.csv
2019-12-24 02:09:25,860 [INFO] Plot saved to: results_additional_exps/ann_data_efficiency_nsl_p70/training_error_history.png
2019-12-24 02:09:26,029 [INFO] Plot saved to: results_additional_exps/ann_data_efficiency_nsl_p70/training_f1_history.png
2019-12-24 02:09:26,029 [INFO] Making predictions on training, validation, testing data
2019-12-24 02:09:27,815 [INFO] Evaluating predictions (results)
2019-12-24 02:09:28,079 [INFO] Dataset: Testing. Classification report below
2019-12-24 02:09:28,079 [INFO] 
              precision    recall  f1-score   support

         dos       0.97      0.83      0.90      7458
      normal       0.68      0.97      0.80      9711
       probe       0.86      0.68      0.76      2421
         r2l       0.87      0.11      0.19      2421
         u2r       0.94      0.03      0.05       533

   micro avg       0.78      0.78      0.78     22544
   macro avg       0.86      0.53      0.54     22544
weighted avg       0.82      0.78      0.75     22544

2019-12-24 02:09:28,079 [INFO] Overall accuracy (micro avg): 0.7805624556422995
2019-12-24 02:09:28,374 [INFO] Average metrics for Testing dataset below
   average type  avg accuracy  avg precision  avg detection rate (recall)  avg false alarm rate  avg false negative rate  avg f1
0     Micro avg        0.7806         0.7806                       0.7806                0.0549                   0.2194  0.7806
1     Macro avg        0.9122         0.8644                       0.5251                0.0750                   0.4749  0.5413
2  Weighted avg        0.8729         0.8224                       0.7806                0.1555                   0.2194  0.7453
2019-12-24 02:09:28,708 [INFO] Dataset: Validation. Classification report below
2019-12-24 02:09:28,708 [INFO] 
              precision    recall  f1-score   support

         dos       1.00      1.00      1.00      9186
      normal       1.00      1.00      1.00     13469
       probe       0.99      0.99      0.99      2331
         r2l       0.95      0.87      0.91       199
         u2r       0.75      0.30      0.43        10

   micro avg       1.00      1.00      1.00     25195
   macro avg       0.94      0.83      0.86     25195
weighted avg       1.00      1.00      1.00     25195

2019-12-24 02:09:28,708 [INFO] Overall accuracy (micro avg): 0.9961500297678111
2019-12-24 02:09:29,065 [INFO] Average metrics for Validation dataset below
   average type  avg accuracy  avg precision  avg detection rate (recall)  avg false alarm rate  avg false negative rate  avg f1
0     Micro avg        0.9962         0.9962                       0.9962                0.0010                   0.0038  0.9962
1     Macro avg        0.9985         0.9360                       0.8327                0.0013                   0.1673  0.8648
2  Weighted avg        0.9977         0.9961                       0.9962                0.0026                   0.0038  0.9961
2019-12-24 02:09:30,510 [INFO] Dataset: Training. Classification report below
2019-12-24 02:09:30,510 [INFO] 
              precision    recall  f1-score   support

         dos       1.00      1.00      1.00     36741
      normal       1.00      1.00      1.00     53874
       probe       1.00      0.99      0.99      9325
         r2l       0.97      0.91      0.94       796
         u2r       1.00      0.50      0.67        42

   micro avg       1.00      1.00      1.00    100778
   macro avg       0.99      0.88      0.92    100778
weighted avg       1.00      1.00      1.00    100778

2019-12-24 02:09:30,510 [INFO] Overall accuracy (micro avg): 0.9971720018257954
2019-12-24 02:09:32,130 [INFO] Average metrics for Training dataset below
   average type  avg accuracy  avg precision  avg detection rate (recall)  avg false alarm rate  avg false negative rate  avg f1
0     Micro avg        0.9972         0.9972                       0.9972                0.0007                   0.0028  0.9972
1     Macro avg        0.9989         0.9915                       0.8792                0.0010                   0.1208  0.9185
2  Weighted avg        0.9982         0.9972                       0.9972                0.0023                   0.0028  0.9971
2019-12-24 02:09:32,169 [INFO] Results saved to: results_additional_exps/ann_data_efficiency_nsl_p70/ann_data_efficiency_nsl_p70_results.xlsx
2019-12-24 02:09:32,169 [INFO] ================= Finished running experiment no. 7 ================= 

2019-12-24 02:09:32,172 [INFO] Created directory: results_additional_exps/ann_data_efficiency_nsl_p80
