2020-05-09 18:21:59,269 [INFO] Initialized logging. log_filename = results_selected_models/selected_ids18_full_dbn_deep_rep1/run_log.log
2020-05-09 18:21:59,269 [INFO] ================= Running experiment no. 1  ================= 

2020-05-09 18:21:59,269 [INFO] Experiment parameters given below
2020-05-09 18:21:59,269 [INFO] 
{'experiment_num': 1, 'results_dir': 'results_selected_models/selected_ids18_full_dbn_deep_rep1', 'model_type': 'classifier', 'model': 'dbn', 'normal_label': 'BENIGN', 'scaling_type': 'NA', 'dbn_layer_units': [128, 64, 32], 'ann_layer_activations': ['relu', 'relu', 'relu'], 'ann_layer_dropout_rates': [0.2, 0.2, 0.2], 'unsupervised_ratio': 0.5, 'dbn_learning_rate': 0.0001, 'pretrain_epochs': 12, 'fine_tune_epochs': 80, 'early_stop_patience': 20, 'batch_size': 8192, 'dataset_dir': '../Datasets/full_datasets/ids2018', 'description': 'selected_ids18_full_dbn_deep_rep1'}
2020-05-09 18:21:59,269 [INFO] Created tensorboard log directory: results_selected_models/selected_ids18_full_dbn_deep_rep1/tf_logs_run_2020_05_09-18_21_59
2020-05-09 18:21:59,269 [INFO] Loading datsets from: ../Datasets/full_datasets/ids2018
2020-05-09 18:21:59,270 [INFO] Reading X, y files
2020-05-09 18:21:59,270 [INFO] Reading HDF dataset ../Datasets/full_datasets/ids2018/X_train_1.h5
2020-05-09 18:21:59,276 [INFO] Note: NumExpr detected 24 cores but "NUMEXPR_MAX_THREADS" not set, so enforcing safe limit of 8.
2020-05-09 18:21:59,276 [INFO] NumExpr defaulting to 8 threads.
2020-05-09 18:22:00,745 [INFO] Reading complete. time_to_read=1.47 seconds
2020-05-09 18:22:00,745 [INFO] Reading HDF dataset ../Datasets/full_datasets/ids2018/X_train_10.h5
2020-05-09 18:22:02,207 [INFO] Reading complete. time_to_read=1.46 seconds
2020-05-09 18:22:02,207 [INFO] Reading HDF dataset ../Datasets/full_datasets/ids2018/X_train_11.h5
2020-05-09 18:22:03,670 [INFO] Reading complete. time_to_read=1.46 seconds
2020-05-09 18:22:03,671 [INFO] Reading HDF dataset ../Datasets/full_datasets/ids2018/X_train_12.h5
2020-05-09 18:22:04,972 [INFO] Reading complete. time_to_read=1.30 seconds
2020-05-09 18:22:04,972 [INFO] Reading HDF dataset ../Datasets/full_datasets/ids2018/X_train_13.h5
2020-05-09 18:22:05,834 [INFO] Reading complete. time_to_read=0.86 seconds
2020-05-09 18:22:05,834 [INFO] Reading HDF dataset ../Datasets/full_datasets/ids2018/X_train_2.h5
2020-05-09 18:22:07,163 [INFO] Reading complete. time_to_read=1.33 seconds
2020-05-09 18:22:07,163 [INFO] Reading HDF dataset ../Datasets/full_datasets/ids2018/X_train_3.h5
2020-05-09 18:22:08,625 [INFO] Reading complete. time_to_read=1.46 seconds
2020-05-09 18:22:08,625 [INFO] Reading HDF dataset ../Datasets/full_datasets/ids2018/X_train_4.h5
2020-05-09 18:22:11,422 [INFO] Reading complete. time_to_read=2.80 seconds
2020-05-09 18:22:11,422 [INFO] Reading HDF dataset ../Datasets/full_datasets/ids2018/X_train_5.h5
2020-05-09 18:22:14,174 [INFO] Reading complete. time_to_read=2.75 seconds
2020-05-09 18:22:14,174 [INFO] Reading HDF dataset ../Datasets/full_datasets/ids2018/X_train_6.h5
2020-05-09 18:22:16,922 [INFO] Reading complete. time_to_read=2.75 seconds
2020-05-09 18:22:16,922 [INFO] Reading HDF dataset ../Datasets/full_datasets/ids2018/X_train_7.h5
2020-05-09 18:22:19,682 [INFO] Reading complete. time_to_read=2.76 seconds
2020-05-09 18:22:19,682 [INFO] Reading HDF dataset ../Datasets/full_datasets/ids2018/X_train_8.h5
2020-05-09 18:22:20,151 [INFO] Reading complete. time_to_read=0.47 seconds
2020-05-09 18:22:20,151 [INFO] Reading HDF dataset ../Datasets/full_datasets/ids2018/X_train_9.h5
2020-05-09 18:22:21,606 [INFO] Reading complete. time_to_read=1.45 seconds
2020-05-09 18:22:21,606 [INFO] Reading HDF dataset ../Datasets/full_datasets/ids2018/X_val_1.h5
2020-05-09 18:22:22,096 [INFO] Reading complete. time_to_read=0.49 seconds
2020-05-09 18:22:22,096 [INFO] Reading HDF dataset ../Datasets/full_datasets/ids2018/X_val_10.h5
2020-05-09 18:22:22,589 [INFO] Reading complete. time_to_read=0.49 seconds
2020-05-09 18:22:22,589 [INFO] Reading HDF dataset ../Datasets/full_datasets/ids2018/X_val_11.h5
2020-05-09 18:22:23,081 [INFO] Reading complete. time_to_read=0.49 seconds
2020-05-09 18:22:23,082 [INFO] Reading HDF dataset ../Datasets/full_datasets/ids2018/X_val_12.h5
2020-05-09 18:22:23,520 [INFO] Reading complete. time_to_read=0.44 seconds
2020-05-09 18:22:23,520 [INFO] Reading HDF dataset ../Datasets/full_datasets/ids2018/X_val_13.h5
2020-05-09 18:22:23,807 [INFO] Reading complete. time_to_read=0.29 seconds
2020-05-09 18:22:23,807 [INFO] Reading HDF dataset ../Datasets/full_datasets/ids2018/X_val_2.h5
2020-05-09 18:22:24,256 [INFO] Reading complete. time_to_read=0.45 seconds
2020-05-09 18:22:24,256 [INFO] Reading HDF dataset ../Datasets/full_datasets/ids2018/X_val_3.h5
2020-05-09 18:22:24,749 [INFO] Reading complete. time_to_read=0.49 seconds
2020-05-09 18:22:24,749 [INFO] Reading HDF dataset ../Datasets/full_datasets/ids2018/X_val_4.h5
2020-05-09 18:22:25,688 [INFO] Reading complete. time_to_read=0.94 seconds
2020-05-09 18:22:25,688 [INFO] Reading HDF dataset ../Datasets/full_datasets/ids2018/X_val_5.h5
2020-05-09 18:22:26,610 [INFO] Reading complete. time_to_read=0.92 seconds
2020-05-09 18:22:26,610 [INFO] Reading HDF dataset ../Datasets/full_datasets/ids2018/X_val_6.h5
2020-05-09 18:22:27,537 [INFO] Reading complete. time_to_read=0.93 seconds
2020-05-09 18:22:27,537 [INFO] Reading HDF dataset ../Datasets/full_datasets/ids2018/X_val_7.h5
2020-05-09 18:22:28,467 [INFO] Reading complete. time_to_read=0.93 seconds
2020-05-09 18:22:28,467 [INFO] Reading HDF dataset ../Datasets/full_datasets/ids2018/X_val_8.h5
2020-05-09 18:22:28,626 [INFO] Reading complete. time_to_read=0.16 seconds
2020-05-09 18:22:28,626 [INFO] Reading HDF dataset ../Datasets/full_datasets/ids2018/X_val_9.h5
2020-05-09 18:22:29,116 [INFO] Reading complete. time_to_read=0.49 seconds
2020-05-09 18:22:29,116 [INFO] Reading HDF dataset ../Datasets/full_datasets/ids2018/X_test_1.h5
2020-05-09 18:22:29,608 [INFO] Reading complete. time_to_read=0.49 seconds
2020-05-09 18:22:29,608 [INFO] Reading HDF dataset ../Datasets/full_datasets/ids2018/X_test_10.h5
2020-05-09 18:22:30,101 [INFO] Reading complete. time_to_read=0.49 seconds
2020-05-09 18:22:30,101 [INFO] Reading HDF dataset ../Datasets/full_datasets/ids2018/X_test_11.h5
2020-05-09 18:22:30,597 [INFO] Reading complete. time_to_read=0.50 seconds
2020-05-09 18:22:30,597 [INFO] Reading HDF dataset ../Datasets/full_datasets/ids2018/X_test_12.h5
2020-05-09 18:22:31,033 [INFO] Reading complete. time_to_read=0.44 seconds
2020-05-09 18:22:31,033 [INFO] Reading HDF dataset ../Datasets/full_datasets/ids2018/X_test_13.h5
2020-05-09 18:22:31,318 [INFO] Reading complete. time_to_read=0.28 seconds
2020-05-09 18:22:31,318 [INFO] Reading HDF dataset ../Datasets/full_datasets/ids2018/X_test_2.h5
2020-05-09 18:22:31,765 [INFO] Reading complete. time_to_read=0.45 seconds
2020-05-09 18:22:31,765 [INFO] Reading HDF dataset ../Datasets/full_datasets/ids2018/X_test_3.h5
2020-05-09 18:22:32,256 [INFO] Reading complete. time_to_read=0.49 seconds
2020-05-09 18:22:32,256 [INFO] Reading HDF dataset ../Datasets/full_datasets/ids2018/X_test_4.h5
2020-05-09 18:22:33,193 [INFO] Reading complete. time_to_read=0.94 seconds
2020-05-09 18:22:33,193 [INFO] Reading HDF dataset ../Datasets/full_datasets/ids2018/X_test_5.h5
2020-05-09 18:22:34,113 [INFO] Reading complete. time_to_read=0.92 seconds
2020-05-09 18:22:34,113 [INFO] Reading HDF dataset ../Datasets/full_datasets/ids2018/X_test_6.h5
2020-05-09 18:22:35,035 [INFO] Reading complete. time_to_read=0.92 seconds
2020-05-09 18:22:35,035 [INFO] Reading HDF dataset ../Datasets/full_datasets/ids2018/X_test_7.h5
2020-05-09 18:22:35,959 [INFO] Reading complete. time_to_read=0.92 seconds
2020-05-09 18:22:35,959 [INFO] Reading HDF dataset ../Datasets/full_datasets/ids2018/X_test_8.h5
2020-05-09 18:22:36,118 [INFO] Reading complete. time_to_read=0.16 seconds
2020-05-09 18:22:36,118 [INFO] Reading HDF dataset ../Datasets/full_datasets/ids2018/X_test_9.h5
2020-05-09 18:22:36,607 [INFO] Reading complete. time_to_read=0.49 seconds
2020-05-09 18:22:36,607 [INFO] Reading HDF dataset ../Datasets/full_datasets/ids2018/y_train_1.h5
2020-05-09 18:22:36,921 [INFO] Reading complete. time_to_read=0.31 seconds
2020-05-09 18:22:36,921 [INFO] Reading HDF dataset ../Datasets/full_datasets/ids2018/y_train_10.h5
2020-05-09 18:22:37,247 [INFO] Reading complete. time_to_read=0.33 seconds
2020-05-09 18:22:37,247 [INFO] Reading HDF dataset ../Datasets/full_datasets/ids2018/y_train_11.h5
2020-05-09 18:22:37,580 [INFO] Reading complete. time_to_read=0.33 seconds
2020-05-09 18:22:37,580 [INFO] Reading HDF dataset ../Datasets/full_datasets/ids2018/y_train_12.h5
2020-05-09 18:22:37,934 [INFO] Reading complete. time_to_read=0.35 seconds
2020-05-09 18:22:37,934 [INFO] Reading HDF dataset ../Datasets/full_datasets/ids2018/y_train_13.h5
2020-05-09 18:22:38,124 [INFO] Reading complete. time_to_read=0.19 seconds
2020-05-09 18:22:38,124 [INFO] Reading HDF dataset ../Datasets/full_datasets/ids2018/y_train_2.h5
2020-05-09 18:22:38,482 [INFO] Reading complete. time_to_read=0.36 seconds
2020-05-09 18:22:38,482 [INFO] Reading HDF dataset ../Datasets/full_datasets/ids2018/y_train_3.h5
2020-05-09 18:22:38,836 [INFO] Reading complete. time_to_read=0.35 seconds
2020-05-09 18:22:38,836 [INFO] Reading HDF dataset ../Datasets/full_datasets/ids2018/y_train_4.h5
2020-05-09 18:22:39,493 [INFO] Reading complete. time_to_read=0.66 seconds
2020-05-09 18:22:39,493 [INFO] Reading HDF dataset ../Datasets/full_datasets/ids2018/y_train_5.h5
2020-05-09 18:22:40,057 [INFO] Reading complete. time_to_read=0.56 seconds
2020-05-09 18:22:40,057 [INFO] Reading HDF dataset ../Datasets/full_datasets/ids2018/y_train_6.h5
2020-05-09 18:22:40,621 [INFO] Reading complete. time_to_read=0.56 seconds
2020-05-09 18:22:40,621 [INFO] Reading HDF dataset ../Datasets/full_datasets/ids2018/y_train_7.h5
2020-05-09 18:22:41,183 [INFO] Reading complete. time_to_read=0.56 seconds
2020-05-09 18:22:41,183 [INFO] Reading HDF dataset ../Datasets/full_datasets/ids2018/y_train_8.h5
2020-05-09 18:22:41,287 [INFO] Reading complete. time_to_read=0.10 seconds
2020-05-09 18:22:41,287 [INFO] Reading HDF dataset ../Datasets/full_datasets/ids2018/y_train_9.h5
2020-05-09 18:22:41,611 [INFO] Reading complete. time_to_read=0.32 seconds
2020-05-09 18:22:41,611 [INFO] Reading HDF dataset ../Datasets/full_datasets/ids2018/y_val_1.h5
2020-05-09 18:22:41,719 [INFO] Reading complete. time_to_read=0.11 seconds
2020-05-09 18:22:41,719 [INFO] Reading HDF dataset ../Datasets/full_datasets/ids2018/y_val_10.h5
2020-05-09 18:22:41,831 [INFO] Reading complete. time_to_read=0.11 seconds
2020-05-09 18:22:41,831 [INFO] Reading HDF dataset ../Datasets/full_datasets/ids2018/y_val_11.h5
2020-05-09 18:22:41,944 [INFO] Reading complete. time_to_read=0.11 seconds
2020-05-09 18:22:41,944 [INFO] Reading HDF dataset ../Datasets/full_datasets/ids2018/y_val_12.h5
2020-05-09 18:22:42,100 [INFO] Reading complete. time_to_read=0.16 seconds
2020-05-09 18:22:42,100 [INFO] Reading HDF dataset ../Datasets/full_datasets/ids2018/y_val_13.h5
2020-05-09 18:22:42,166 [INFO] Reading complete. time_to_read=0.07 seconds
2020-05-09 18:22:42,166 [INFO] Reading HDF dataset ../Datasets/full_datasets/ids2018/y_val_2.h5
2020-05-09 18:22:42,289 [INFO] Reading complete. time_to_read=0.12 seconds
2020-05-09 18:22:42,290 [INFO] Reading HDF dataset ../Datasets/full_datasets/ids2018/y_val_3.h5
2020-05-09 18:22:42,401 [INFO] Reading complete. time_to_read=0.11 seconds
2020-05-09 18:22:42,401 [INFO] Reading HDF dataset ../Datasets/full_datasets/ids2018/y_val_4.h5
2020-05-09 18:22:42,620 [INFO] Reading complete. time_to_read=0.22 seconds
2020-05-09 18:22:42,620 [INFO] Reading HDF dataset ../Datasets/full_datasets/ids2018/y_val_5.h5
2020-05-09 18:22:42,815 [INFO] Reading complete. time_to_read=0.19 seconds
2020-05-09 18:22:42,815 [INFO] Reading HDF dataset ../Datasets/full_datasets/ids2018/y_val_6.h5
2020-05-09 18:22:43,009 [INFO] Reading complete. time_to_read=0.19 seconds
2020-05-09 18:22:43,009 [INFO] Reading HDF dataset ../Datasets/full_datasets/ids2018/y_val_7.h5
2020-05-09 18:22:43,204 [INFO] Reading complete. time_to_read=0.20 seconds
2020-05-09 18:22:43,205 [INFO] Reading HDF dataset ../Datasets/full_datasets/ids2018/y_val_8.h5
2020-05-09 18:22:43,243 [INFO] Reading complete. time_to_read=0.04 seconds
2020-05-09 18:22:43,243 [INFO] Reading HDF dataset ../Datasets/full_datasets/ids2018/y_val_9.h5
2020-05-09 18:22:43,357 [INFO] Reading complete. time_to_read=0.11 seconds
2020-05-09 18:22:43,357 [INFO] Reading HDF dataset ../Datasets/full_datasets/ids2018/y_test_1.h5
2020-05-09 18:22:43,481 [INFO] Reading complete. time_to_read=0.12 seconds
2020-05-09 18:22:43,481 [INFO] Reading HDF dataset ../Datasets/full_datasets/ids2018/y_test_10.h5
2020-05-09 18:22:43,593 [INFO] Reading complete. time_to_read=0.11 seconds
2020-05-09 18:22:43,594 [INFO] Reading HDF dataset ../Datasets/full_datasets/ids2018/y_test_11.h5
2020-05-09 18:22:43,707 [INFO] Reading complete. time_to_read=0.11 seconds
2020-05-09 18:22:43,707 [INFO] Reading HDF dataset ../Datasets/full_datasets/ids2018/y_test_12.h5
2020-05-09 18:22:43,825 [INFO] Reading complete. time_to_read=0.12 seconds
2020-05-09 18:22:43,825 [INFO] Reading HDF dataset ../Datasets/full_datasets/ids2018/y_test_13.h5
2020-05-09 18:22:43,890 [INFO] Reading complete. time_to_read=0.07 seconds
2020-05-09 18:22:43,890 [INFO] Reading HDF dataset ../Datasets/full_datasets/ids2018/y_test_2.h5
2020-05-09 18:22:44,014 [INFO] Reading complete. time_to_read=0.12 seconds
2020-05-09 18:22:44,014 [INFO] Reading HDF dataset ../Datasets/full_datasets/ids2018/y_test_3.h5
2020-05-09 18:22:44,126 [INFO] Reading complete. time_to_read=0.11 seconds
2020-05-09 18:22:44,126 [INFO] Reading HDF dataset ../Datasets/full_datasets/ids2018/y_test_4.h5
2020-05-09 18:22:44,345 [INFO] Reading complete. time_to_read=0.22 seconds
2020-05-09 18:22:44,346 [INFO] Reading HDF dataset ../Datasets/full_datasets/ids2018/y_test_5.h5
2020-05-09 18:22:44,540 [INFO] Reading complete. time_to_read=0.19 seconds
2020-05-09 18:22:44,540 [INFO] Reading HDF dataset ../Datasets/full_datasets/ids2018/y_test_6.h5
2020-05-09 18:22:44,736 [INFO] Reading complete. time_to_read=0.20 seconds
2020-05-09 18:22:44,736 [INFO] Reading HDF dataset ../Datasets/full_datasets/ids2018/y_test_7.h5
2020-05-09 18:22:44,947 [INFO] Reading complete. time_to_read=0.21 seconds
2020-05-09 18:22:44,947 [INFO] Reading HDF dataset ../Datasets/full_datasets/ids2018/y_test_8.h5
2020-05-09 18:22:44,986 [INFO] Reading complete. time_to_read=0.04 seconds
2020-05-09 18:22:44,986 [INFO] Reading HDF dataset ../Datasets/full_datasets/ids2018/y_test_9.h5
2020-05-09 18:22:45,098 [INFO] Reading complete. time_to_read=0.11 seconds
2020-05-09 18:22:51,976 [INFO] Initializing model
2020-05-09 18:22:51,976 [INFO] Training model
2020-05-09 18:22:51,976 [INFO] Splitting train set into 2 sets (unsupervised, supervised), random_seed = None
2020-05-09 18:24:29,052 [INFO] Split sizes (instances). total = 9682309, unsupervised = 4841154, supervised = 4841155, unsupervised dataset hash = 3170f9fb5fc10e4d355036cbc22a384a60956118
2020-05-09 18:24:29,053 [INFO] Pretraining Deep Belief Network
2020-05-09 18:56:47,694 [INFO] Pretraining Complete
2020-05-09 18:56:47,703 [INFO] Getting pretrained weights
2020-05-09 18:56:47,703 [INFO] Creating and initializing feed forward neural network
2020-05-09 18:56:49,732 [INFO] Model: "sequential_1"
2020-05-09 18:56:49,733 [INFO] _________________________________________________________________
2020-05-09 18:56:49,733 [INFO] Layer (type)                 Output Shape              Param #   
2020-05-09 18:56:49,733 [INFO] =================================================================
2020-05-09 18:56:49,733 [INFO] dense_1 (Dense)              (None, 128)               9984      
2020-05-09 18:56:49,733 [INFO] _________________________________________________________________
2020-05-09 18:56:49,734 [INFO] batch_normalization_1 (Batch (None, 128)               512       
2020-05-09 18:56:49,734 [INFO] _________________________________________________________________
2020-05-09 18:56:49,734 [INFO] dropout_1 (Dropout)          (None, 128)               0         
2020-05-09 18:56:49,734 [INFO] _________________________________________________________________
2020-05-09 18:56:49,734 [INFO] dense_2 (Dense)              (None, 64)                8256      
2020-05-09 18:56:49,734 [INFO] _________________________________________________________________
2020-05-09 18:56:49,734 [INFO] batch_normalization_2 (Batch (None, 64)                256       
2020-05-09 18:56:49,734 [INFO] _________________________________________________________________
2020-05-09 18:56:49,734 [INFO] dropout_2 (Dropout)          (None, 64)                0         
2020-05-09 18:56:49,734 [INFO] _________________________________________________________________
2020-05-09 18:56:49,734 [INFO] dense_3 (Dense)              (None, 32)                2080      
2020-05-09 18:56:49,734 [INFO] _________________________________________________________________
2020-05-09 18:56:49,735 [INFO] batch_normalization_3 (Batch (None, 32)                128       
2020-05-09 18:56:49,735 [INFO] _________________________________________________________________
2020-05-09 18:56:49,735 [INFO] dropout_3 (Dropout)          (None, 32)                0         
2020-05-09 18:56:49,735 [INFO] _________________________________________________________________
2020-05-09 18:56:49,735 [INFO] dense_4 (Dense)              (None, 15)                495       
2020-05-09 18:56:49,735 [INFO] =================================================================
2020-05-09 18:56:49,735 [INFO] Total params: 21,711
2020-05-09 18:56:49,735 [INFO] Trainable params: 21,263
2020-05-09 18:56:49,735 [INFO] Non-trainable params: 448
2020-05-09 18:56:49,735 [INFO] _________________________________________________________________
2020-05-09 18:56:49,740 [INFO] Fine-tuning final neural network
2020-05-09 19:07:58,757 [INFO] WeightRestorer::on_train_end(): restoring best weights
2020-05-09 19:07:58,867 [INFO] Training complete. time_to_train = 2706.89 sec, 45.11 min
2020-05-09 19:07:58,910 [INFO] Model saved to results_selected_models/selected_ids18_full_dbn_deep_rep1/best_model.pickle
2020-05-09 19:07:58,949 [INFO] Training history saved to: results_selected_models/selected_ids18_full_dbn_deep_rep1/training_error_history.csv
2020-05-09 19:07:59,153 [INFO] Plot saved to: results_selected_models/selected_ids18_full_dbn_deep_rep1/training_error_history.png
2020-05-09 19:07:59,153 [INFO] Making predictions on training, validation, testing data
2020-05-09 19:09:36,707 [INFO] Making predictions complete. time_to_predict = 97.55 sec, 1.63 min
2020-05-09 19:09:36,789 [INFO] Evaluating predictions (results)
2020-05-09 19:11:21,074 [INFO] Average metrics for Testing dataset below
   average type  avg accuracy  avg precision  avg detection rate (recall)  avg false alarm rate  avg false negative rate    avg f1
0     Micro avg      0.983845       0.983845                     0.983845              0.001154                 0.016155  0.983845
1     Macro avg      0.997846       0.906720                     0.781819              0.004343                 0.218181  0.803259
2  Weighted avg      0.991170       0.979315                     0.983845              0.048985                 0.016155  0.978794
2020-05-09 19:11:21,112 [INFO] Results saved to: results_selected_models/selected_ids18_full_dbn_deep_rep1/selected_ids18_full_dbn_deep_rep1_results.xlsx
2020-05-09 19:11:21,116 [INFO] ================= Finished running experiment no. 1 ================= 

2020-05-09 19:11:21,555 [INFO] Created directory: results_selected_models/selected_ids18_full_dbn_deep_rep2
