2020-01-11 16:15:19,443 [INFO] Initialized logging. log_filename = results_additional_exps/semi_sup_perf_ids18_subset_ae_ann_rep3/run_log.log
2020-01-11 16:15:19,443 [INFO] ================= Running experiment no. 3  ================= 

2020-01-11 16:15:19,443 [INFO] Experiment parameters given below
2020-01-11 16:15:19,443 [INFO] 
{'experiment_num': 3, 'results_dir': 'results_additional_exps/semi_sup_perf_ids18_subset_ae_ann_rep3', 'model_type': 'classifier', 'model': 'ae_ann', 'normal_label': 'BENIGN', 'split_random_seed': 42, 'unsupervised_ratio': 0.5, 'ae_encoder_units': [64], 'ae_encoder_activations': ['relu'], 'ae_encoder_dropout_rates': [0.2], 'ae_encoder_l1_param': -1, 'ae_decoder_units': '', 'ae_decoder_activations': '', 'ae_decoder_dropout_rates': '', 'output_activation': 'sigmoid', 'loss_function': 'binary_crossentropy', 'ae_epochs': 200, 'ann_layer_units': [64], 'ann_layer_activations': ['relu'], 'ann_layer_dropout_rates': [0.2], 'ann_epochs': 200, 'early_stop_patience': 50, 'batch_size': 256, 'dataset_dir': '../Datasets/small_datasets/ids2018', 'description': 'semi_sup_perf_ids18_subset_ae_ann_rep3'}
2020-01-11 16:15:19,443 [INFO] Created tensorboard log directory: results_additional_exps/semi_sup_perf_ids18_subset_ae_ann_rep3/tf_logs_run_2020_01_11-16_15_19
2020-01-11 16:15:19,443 [INFO] Loading datsets from: ../Datasets/small_datasets/ids2018
2020-01-11 16:15:19,443 [INFO] Reading X, y files
2020-01-11 16:15:19,443 [INFO] Reading HDF dataset ../Datasets/small_datasets/ids2018/X_train.h5
2020-01-11 16:15:23,896 [INFO] Reading complete. time_to_read=4.45 seconds
2020-01-11 16:15:23,896 [INFO] Reading HDF dataset ../Datasets/small_datasets/ids2018/X_val.h5
2020-01-11 16:15:25,432 [INFO] Reading complete. time_to_read=1.54 seconds
2020-01-11 16:15:25,432 [INFO] Reading HDF dataset ../Datasets/small_datasets/ids2018/X_test.h5
2020-01-11 16:15:26,968 [INFO] Reading complete. time_to_read=1.54 seconds
2020-01-11 16:15:26,969 [INFO] Reading HDF dataset ../Datasets/small_datasets/ids2018/y_train.h5
2020-01-11 16:15:27,216 [INFO] Reading complete. time_to_read=0.25 seconds
2020-01-11 16:15:27,216 [INFO] Reading HDF dataset ../Datasets/small_datasets/ids2018/y_val.h5
2020-01-11 16:15:27,300 [INFO] Reading complete. time_to_read=0.08 seconds
2020-01-11 16:15:27,301 [INFO] Reading HDF dataset ../Datasets/small_datasets/ids2018/y_test.h5
2020-01-11 16:15:27,386 [INFO] Reading complete. time_to_read=0.09 seconds
2020-01-11 16:15:31,282 [INFO] Initializing model
2020-01-11 16:15:31,404 [INFO] _________________________________________________________________
2020-01-11 16:15:31,404 [INFO] Layer (type)                 Output Shape              Param #   
2020-01-11 16:15:31,404 [INFO] =================================================================
2020-01-11 16:15:31,404 [INFO] dense_9 (Dense)              (None, 64)                4992      
2020-01-11 16:15:31,404 [INFO] _________________________________________________________________
2020-01-11 16:15:31,404 [INFO] batch_normalization_5 (Batch (None, 64)                256       
2020-01-11 16:15:31,404 [INFO] _________________________________________________________________
2020-01-11 16:15:31,404 [INFO] dropout_5 (Dropout)          (None, 64)                0         
2020-01-11 16:15:31,404 [INFO] _________________________________________________________________
2020-01-11 16:15:31,404 [INFO] dense_10 (Dense)             (None, 77)                5005      
2020-01-11 16:15:31,404 [INFO] =================================================================
2020-01-11 16:15:31,405 [INFO] Total params: 10,253
2020-01-11 16:15:31,405 [INFO] Trainable params: 10,125
2020-01-11 16:15:31,405 [INFO] Non-trainable params: 128
2020-01-11 16:15:31,405 [INFO] _________________________________________________________________
2020-01-11 16:15:31,516 [INFO] _________________________________________________________________
2020-01-11 16:15:31,516 [INFO] Layer (type)                 Output Shape              Param #   
2020-01-11 16:15:31,516 [INFO] =================================================================
2020-01-11 16:15:31,516 [INFO] dense_11 (Dense)             (None, 64)                4160      
2020-01-11 16:15:31,516 [INFO] _________________________________________________________________
2020-01-11 16:15:31,516 [INFO] batch_normalization_6 (Batch (None, 64)                256       
2020-01-11 16:15:31,516 [INFO] _________________________________________________________________
2020-01-11 16:15:31,516 [INFO] dropout_6 (Dropout)          (None, 64)                0         
2020-01-11 16:15:31,516 [INFO] _________________________________________________________________
2020-01-11 16:15:31,516 [INFO] dense_12 (Dense)             (None, 15)                975       
2020-01-11 16:15:31,517 [INFO] =================================================================
2020-01-11 16:15:31,517 [INFO] Total params: 5,391
2020-01-11 16:15:31,517 [INFO] Trainable params: 5,263
2020-01-11 16:15:31,517 [INFO] Non-trainable params: 128
2020-01-11 16:15:31,517 [INFO] _________________________________________________________________
2020-01-11 16:15:31,517 [INFO] Training model
2020-01-11 16:15:31,517 [INFO] Splitting train set into 2 sets (unsupervised, supervised), random_seed = 42
2020-01-11 16:15:56,082 [INFO] Split sizes (instances). total = 1936462, unsupervised = 968231, supervised = 968231, unsupervised dataset hash = df2add71ad9b72cb5233a111509b2b74ff33670a
2020-01-11 16:15:56,082 [INFO] Training autoencoder
2020-01-11 16:21:49,367 [INFO] epoch = 20. Intermediate model saved to results_additional_exps/semi_sup_perf_ids18_subset_ae_ann_rep3/ae_model_epoch_20.pickle
2020-01-11 16:27:27,855 [INFO] epoch = 40. Intermediate model saved to results_additional_exps/semi_sup_perf_ids18_subset_ae_ann_rep3/ae_model_epoch_40.pickle
2020-01-11 16:33:06,271 [INFO] epoch = 60. Intermediate model saved to results_additional_exps/semi_sup_perf_ids18_subset_ae_ann_rep3/ae_model_epoch_60.pickle
2020-01-11 16:38:44,353 [INFO] epoch = 80. Intermediate model saved to results_additional_exps/semi_sup_perf_ids18_subset_ae_ann_rep3/ae_model_epoch_80.pickle
2020-01-11 16:44:23,056 [INFO] epoch = 100. Intermediate model saved to results_additional_exps/semi_sup_perf_ids18_subset_ae_ann_rep3/ae_model_epoch_100.pickle
2020-01-11 16:50:02,395 [INFO] epoch = 120. Intermediate model saved to results_additional_exps/semi_sup_perf_ids18_subset_ae_ann_rep3/ae_model_epoch_120.pickle
2020-01-11 16:55:41,441 [INFO] epoch = 140. Intermediate model saved to results_additional_exps/semi_sup_perf_ids18_subset_ae_ann_rep3/ae_model_epoch_140.pickle
2020-01-11 17:01:20,510 [INFO] epoch = 160. Intermediate model saved to results_additional_exps/semi_sup_perf_ids18_subset_ae_ann_rep3/ae_model_epoch_160.pickle
2020-01-11 17:06:59,669 [INFO] epoch = 180. Intermediate model saved to results_additional_exps/semi_sup_perf_ids18_subset_ae_ann_rep3/ae_model_epoch_180.pickle
2020-01-11 17:12:22,131 [INFO] WeightRestorer::on_train_end(): restoring best weights
2020-01-11 17:12:50,608 [INFO] Last epoch loss evaluation: train_loss = -3.676289, val_loss = -3.678330
2020-01-11 17:12:50,609 [INFO] Training autoencoder complete
2020-01-11 17:12:50,609 [INFO] Encoding data for supervised training
2020-01-11 17:13:14,234 [INFO] Encoding complete
2020-01-11 17:13:14,234 [INFO] Training neural network layers (after autoencoder)
2020-01-11 17:19:43,180 [INFO] epoch = 20. Intermediate model saved to results_additional_exps/semi_sup_perf_ids18_subset_ae_ann_rep3/ann_model_epoch_20.pickle
2020-01-11 17:26:06,265 [INFO] epoch = 40. Intermediate model saved to results_additional_exps/semi_sup_perf_ids18_subset_ae_ann_rep3/ann_model_epoch_40.pickle
2020-01-11 17:32:33,306 [INFO] epoch = 60. Intermediate model saved to results_additional_exps/semi_sup_perf_ids18_subset_ae_ann_rep3/ann_model_epoch_60.pickle
2020-01-11 17:39:03,127 [INFO] epoch = 80. Intermediate model saved to results_additional_exps/semi_sup_perf_ids18_subset_ae_ann_rep3/ann_model_epoch_80.pickle
2020-01-11 17:45:33,271 [INFO] epoch = 100. Intermediate model saved to results_additional_exps/semi_sup_perf_ids18_subset_ae_ann_rep3/ann_model_epoch_100.pickle
2020-01-11 17:52:03,347 [INFO] epoch = 120. Intermediate model saved to results_additional_exps/semi_sup_perf_ids18_subset_ae_ann_rep3/ann_model_epoch_120.pickle
2020-01-11 17:58:33,421 [INFO] epoch = 140. Intermediate model saved to results_additional_exps/semi_sup_perf_ids18_subset_ae_ann_rep3/ann_model_epoch_140.pickle
2020-01-11 18:05:03,711 [INFO] epoch = 160. Intermediate model saved to results_additional_exps/semi_sup_perf_ids18_subset_ae_ann_rep3/ann_model_epoch_160.pickle
2020-01-11 18:11:33,993 [INFO] epoch = 180. Intermediate model saved to results_additional_exps/semi_sup_perf_ids18_subset_ae_ann_rep3/ann_model_epoch_180.pickle
2020-01-11 18:17:55,453 [INFO] WeightRestorer::on_train_end(): restoring best weights
2020-01-11 18:18:25,221 [INFO] Last epoch loss evaluation: train_loss = 0.007546, val_loss = 0.007650
2020-01-11 18:18:25,269 [INFO] Training complete. time_to_train = 7373.75 sec, 122.90 min
2020-01-11 18:18:25,276 [INFO] Model saved to results_additional_exps/semi_sup_perf_ids18_subset_ae_ann_rep3/best_model.pickle
2020-01-11 18:18:25,279 [INFO] Training history saved to: results_additional_exps/semi_sup_perf_ids18_subset_ae_ann_rep3/training_error_history.csv
2020-01-11 18:18:25,413 [INFO] Plot saved to: results_additional_exps/semi_sup_perf_ids18_subset_ae_ann_rep3/training_error_history.png
2020-01-11 18:18:25,545 [INFO] Plot saved to: results_additional_exps/semi_sup_perf_ids18_subset_ae_ann_rep3/training_f1_history.png
2020-01-11 18:18:25,546 [INFO] Making predictions on training, validation, testing data
2020-01-11 18:20:02,385 [INFO] Evaluating predictions (results)
2020-01-11 18:20:14,545 [INFO] Dataset: Testing. Classification report below
2020-01-11 18:20:14,545 [INFO] 
                          precision    recall  f1-score   support

                  Benign       0.99      1.00      0.99    535650
                     Bot       1.00      1.00      1.00     11465
        Brute Force -Web       0.80      0.33      0.47        24
        Brute Force -XSS       1.00      0.33      0.50         9
        DDOS attack-HOIC       1.00      1.00      1.00     27447
    DDOS attack-LOIC-UDP       0.71      0.99      0.83        67
  DDoS attacks-LOIC-HTTP       0.99      1.00      1.00     23010
   DoS attacks-GoldenEye       0.99      1.00      1.00      1651
        DoS attacks-Hulk       1.00      1.00      1.00     18478
DoS attacks-SlowHTTPTest       0.75      0.49      0.59      5596
   DoS attacks-Slowloris       0.93      0.97      0.95       440
          FTP-BruteForce       0.70      0.88      0.78      7718
           Infilteration       0.46      0.01      0.02      6404
           SQL Injection       0.25      0.25      0.25         4
          SSH-Bruteforce       1.00      1.00      1.00      7525

               micro avg       0.98      0.98      0.98    645488
               macro avg       0.84      0.75      0.76    645488
            weighted avg       0.98      0.98      0.98    645488

2020-01-11 18:20:14,545 [INFO] Overall accuracy (micro avg): 0.983657325930149
2020-01-11 18:20:28,370 [INFO] Average metrics for Testing dataset below
   average type  avg accuracy  avg precision  avg detection rate (recall)  avg false alarm rate  avg false negative rate  avg f1
0     Micro avg        0.9837         0.9837                       0.9837                0.0012                   0.0163  0.9837
1     Macro avg        0.9978         0.8383                       0.7498                0.0043                   0.2502  0.7584
2  Weighted avg        0.9911         0.9787                       0.9837                0.0487                   0.0163  0.9787
2020-01-11 18:20:40,504 [INFO] Dataset: Validation. Classification report below
2020-01-11 18:20:40,504 [INFO] 
                          precision    recall  f1-score   support

                  Benign       0.99      1.00      0.99    535650
                     Bot       1.00      1.00      1.00     11465
        Brute Force -Web       1.00      0.48      0.65        25
        Brute Force -XSS       0.86      0.67      0.75         9
        DDOS attack-HOIC       1.00      1.00      1.00     27447
    DDOS attack-LOIC-UDP       0.76      0.99      0.86        68
  DDoS attacks-LOIC-HTTP       0.99      1.00      1.00     23009
   DoS attacks-GoldenEye       1.00      1.00      1.00      1651
        DoS attacks-Hulk       1.00      1.00      1.00     18478
DoS attacks-SlowHTTPTest       0.76      0.48      0.59      5596
   DoS attacks-Slowloris       0.93      0.99      0.96       439
          FTP-BruteForce       0.70      0.89      0.78      7718
           Infilteration       0.51      0.01      0.03      6403
           SQL Injection       0.50      0.25      0.33         4
          SSH-Bruteforce       1.00      1.00      1.00      7525

               micro avg       0.98      0.98      0.98    645487
               macro avg       0.87      0.78      0.80    645487
            weighted avg       0.98      0.98      0.98    645487

2020-01-11 18:20:40,504 [INFO] Overall accuracy (micro avg): 0.9837533521201821
2020-01-11 18:20:54,300 [INFO] Average metrics for Validation dataset below
   average type  avg accuracy  avg precision  avg detection rate (recall)  avg false alarm rate  avg false negative rate  avg f1
0     Micro avg        0.9838         0.9838                       0.9838                0.0012                   0.0162  0.9838
1     Macro avg        0.9978         0.8659                       0.7830                0.0043                   0.2170  0.7954
2  Weighted avg        0.9912         0.9793                       0.9838                0.0484                   0.0162  0.9788
2020-01-11 18:21:33,934 [INFO] Dataset: Training. Classification report below
2020-01-11 18:21:33,934 [INFO] 
                          precision    recall  f1-score   support

                  Benign       0.99      1.00      0.99   1606949
                     Bot       1.00      1.00      1.00     34396
        Brute Force -Web       0.96      0.37      0.53        73
        Brute Force -XSS       0.93      0.50      0.65        26
        DDOS attack-HOIC       1.00      1.00      1.00     82341
    DDOS attack-LOIC-UDP       0.75      0.99      0.85       203
  DDoS attacks-LOIC-HTTP       0.99      1.00      1.00     69029
   DoS attacks-GoldenEye       1.00      1.00      1.00      4954
        DoS attacks-Hulk       1.00      1.00      1.00     55435
DoS attacks-SlowHTTPTest       0.75      0.48      0.58     16787
   DoS attacks-Slowloris       0.94      0.99      0.96      1318
          FTP-BruteForce       0.70      0.88      0.78     23153
           Infilteration       0.55      0.02      0.03     19210
           SQL Injection       0.67      0.33      0.44        12
          SSH-Bruteforce       1.00      1.00      1.00     22576

               micro avg       0.98      0.98      0.98   1936462
               macro avg       0.88      0.77      0.79   1936462
            weighted avg       0.98      0.98      0.98   1936462

2020-01-11 18:21:33,934 [INFO] Overall accuracy (micro avg): 0.9837197941400347
2020-01-11 18:22:18,949 [INFO] Average metrics for Training dataset below
   average type  avg accuracy  avg precision  avg detection rate (recall)  avg false alarm rate  avg false negative rate  avg f1
0     Micro avg        0.9837         0.9837                       0.9837                0.0012                   0.0163  0.9837
1     Macro avg        0.9978         0.8812                       0.7704                0.0043                   0.2296  0.7884
2  Weighted avg        0.9912         0.9796                       0.9837                0.0483                   0.0163  0.9788
2020-01-11 18:22:18,975 [INFO] Results saved to: results_additional_exps/semi_sup_perf_ids18_subset_ae_ann_rep3/semi_sup_perf_ids18_subset_ae_ann_rep3_results.xlsx
2020-01-11 18:22:18,983 [INFO] ================= Finished running experiment no. 3 ================= 

2020-01-11 18:22:19,059 [INFO] ================= Finished running 3 experiments ================= 

