2020-01-09 08:34:47,696 [INFO] Initialized logging. log_filename = results_additional_exps/ann_depth_ids18_subset_layers_10/run_log.log
2020-01-09 08:34:47,696 [INFO] ================= Running experiment no. 10  ================= 

2020-01-09 08:34:47,696 [INFO] Experiment parameters given below
2020-01-09 08:34:47,696 [INFO] 
{'experiment_num': 10, 'results_dir': 'results_additional_exps/ann_depth_ids18_subset_layers_10', 'model_type': 'classifier', 'model': 'ann', 'normal_label': 'BENIGN', 'training_data_feed': 'preload', 'scaling_type': 'NA', 'ann_layer_units': [64, 64, 64, 64, 64, 64, 64, 64, 64, 64], 'ann_layer_activations': ['relu', 'relu', 'relu', 'relu', 'relu', 'relu', 'relu', 'relu', 'relu', 'relu'], 'ann_layer_dropout_rates': [0.2, 0.2, 0.2, 0.2, 0.2, 0.2, 0.2, 0.2, 0.2, 0.2], 'epochs': 200, 'early_stop_patience': 50, 'batch_size': 256, 'training_set': 'train_set_only', 'dataset_dir': '../Datasets/small_datasets/ids2018', 'description': 'ann_depth_ids18_subset_layers_10'}
2020-01-09 08:34:47,696 [INFO] Created tensorboard log directory: results_additional_exps/ann_depth_ids18_subset_layers_10/tf_logs_run_2020_01_09-08_34_47
2020-01-09 08:34:47,696 [INFO] Loading datsets from: ../Datasets/small_datasets/ids2018
2020-01-09 08:34:47,696 [INFO] Reading X, y files
2020-01-09 08:34:47,696 [INFO] Reading HDF dataset ../Datasets/small_datasets/ids2018/X_train.h5
2020-01-09 08:34:52,228 [INFO] Reading complete. time_to_read=4.53 seconds
2020-01-09 08:34:52,228 [INFO] Reading HDF dataset ../Datasets/small_datasets/ids2018/X_val.h5
2020-01-09 08:34:53,783 [INFO] Reading complete. time_to_read=1.55 seconds
2020-01-09 08:34:53,783 [INFO] Reading HDF dataset ../Datasets/small_datasets/ids2018/X_test.h5
2020-01-09 08:34:55,336 [INFO] Reading complete. time_to_read=1.55 seconds
2020-01-09 08:34:55,336 [INFO] Reading HDF dataset ../Datasets/small_datasets/ids2018/y_train.h5
2020-01-09 08:34:55,598 [INFO] Reading complete. time_to_read=0.26 seconds
2020-01-09 08:34:55,598 [INFO] Reading HDF dataset ../Datasets/small_datasets/ids2018/y_val.h5
2020-01-09 08:34:55,684 [INFO] Reading complete. time_to_read=0.09 seconds
2020-01-09 08:34:55,684 [INFO] Reading HDF dataset ../Datasets/small_datasets/ids2018/y_test.h5
2020-01-09 08:34:55,770 [INFO] Reading complete. time_to_read=0.09 seconds
2020-01-09 08:34:59,641 [INFO] Initializing model
2020-01-09 08:35:00,439 [INFO] _________________________________________________________________
2020-01-09 08:35:00,439 [INFO] Layer (type)                 Output Shape              Param #   
2020-01-09 08:35:00,439 [INFO] =================================================================
2020-01-09 08:35:00,440 [INFO] dense_35 (Dense)             (None, 64)                4992      
2020-01-09 08:35:00,440 [INFO] _________________________________________________________________
2020-01-09 08:35:00,440 [INFO] batch_normalization_31 (Batc (None, 64)                256       
2020-01-09 08:35:00,440 [INFO] _________________________________________________________________
2020-01-09 08:35:00,440 [INFO] dropout_31 (Dropout)         (None, 64)                0         
2020-01-09 08:35:00,440 [INFO] _________________________________________________________________
2020-01-09 08:35:00,440 [INFO] dense_36 (Dense)             (None, 64)                4160      
2020-01-09 08:35:00,440 [INFO] _________________________________________________________________
2020-01-09 08:35:00,440 [INFO] batch_normalization_32 (Batc (None, 64)                256       
2020-01-09 08:35:00,440 [INFO] _________________________________________________________________
2020-01-09 08:35:00,440 [INFO] dropout_32 (Dropout)         (None, 64)                0         
2020-01-09 08:35:00,440 [INFO] _________________________________________________________________
2020-01-09 08:35:00,440 [INFO] dense_37 (Dense)             (None, 64)                4160      
2020-01-09 08:35:00,440 [INFO] _________________________________________________________________
2020-01-09 08:35:00,440 [INFO] batch_normalization_33 (Batc (None, 64)                256       
2020-01-09 08:35:00,440 [INFO] _________________________________________________________________
2020-01-09 08:35:00,440 [INFO] dropout_33 (Dropout)         (None, 64)                0         
2020-01-09 08:35:00,440 [INFO] _________________________________________________________________
2020-01-09 08:35:00,441 [INFO] dense_38 (Dense)             (None, 64)                4160      
2020-01-09 08:35:00,441 [INFO] _________________________________________________________________
2020-01-09 08:35:00,441 [INFO] batch_normalization_34 (Batc (None, 64)                256       
2020-01-09 08:35:00,441 [INFO] _________________________________________________________________
2020-01-09 08:35:00,441 [INFO] dropout_34 (Dropout)         (None, 64)                0         
2020-01-09 08:35:00,441 [INFO] _________________________________________________________________
2020-01-09 08:35:00,441 [INFO] dense_39 (Dense)             (None, 64)                4160      
2020-01-09 08:35:00,441 [INFO] _________________________________________________________________
2020-01-09 08:35:00,441 [INFO] batch_normalization_35 (Batc (None, 64)                256       
2020-01-09 08:35:00,441 [INFO] _________________________________________________________________
2020-01-09 08:35:00,441 [INFO] dropout_35 (Dropout)         (None, 64)                0         
2020-01-09 08:35:00,441 [INFO] _________________________________________________________________
2020-01-09 08:35:00,441 [INFO] dense_40 (Dense)             (None, 64)                4160      
2020-01-09 08:35:00,441 [INFO] _________________________________________________________________
2020-01-09 08:35:00,441 [INFO] batch_normalization_36 (Batc (None, 64)                256       
2020-01-09 08:35:00,441 [INFO] _________________________________________________________________
2020-01-09 08:35:00,441 [INFO] dropout_36 (Dropout)         (None, 64)                0         
2020-01-09 08:35:00,442 [INFO] _________________________________________________________________
2020-01-09 08:35:00,442 [INFO] dense_41 (Dense)             (None, 64)                4160      
2020-01-09 08:35:00,442 [INFO] _________________________________________________________________
2020-01-09 08:35:00,442 [INFO] batch_normalization_37 (Batc (None, 64)                256       
2020-01-09 08:35:00,442 [INFO] _________________________________________________________________
2020-01-09 08:35:00,442 [INFO] dropout_37 (Dropout)         (None, 64)                0         
2020-01-09 08:35:00,442 [INFO] _________________________________________________________________
2020-01-09 08:35:00,442 [INFO] dense_42 (Dense)             (None, 64)                4160      
2020-01-09 08:35:00,442 [INFO] _________________________________________________________________
2020-01-09 08:35:00,442 [INFO] batch_normalization_38 (Batc (None, 64)                256       
2020-01-09 08:35:00,442 [INFO] _________________________________________________________________
2020-01-09 08:35:00,442 [INFO] dropout_38 (Dropout)         (None, 64)                0         
2020-01-09 08:35:00,442 [INFO] _________________________________________________________________
2020-01-09 08:35:00,442 [INFO] dense_43 (Dense)             (None, 64)                4160      
2020-01-09 08:35:00,442 [INFO] _________________________________________________________________
2020-01-09 08:35:00,442 [INFO] batch_normalization_39 (Batc (None, 64)                256       
2020-01-09 08:35:00,442 [INFO] _________________________________________________________________
2020-01-09 08:35:00,442 [INFO] dropout_39 (Dropout)         (None, 64)                0         
2020-01-09 08:35:00,443 [INFO] _________________________________________________________________
2020-01-09 08:35:00,443 [INFO] dense_44 (Dense)             (None, 64)                4160      
2020-01-09 08:35:00,443 [INFO] _________________________________________________________________
2020-01-09 08:35:00,443 [INFO] batch_normalization_40 (Batc (None, 64)                256       
2020-01-09 08:35:00,443 [INFO] _________________________________________________________________
2020-01-09 08:35:00,443 [INFO] dropout_40 (Dropout)         (None, 64)                0         
2020-01-09 08:35:00,443 [INFO] _________________________________________________________________
2020-01-09 08:35:00,443 [INFO] dense_45 (Dense)             (None, 15)                975       
2020-01-09 08:35:00,443 [INFO] =================================================================
2020-01-09 08:35:00,443 [INFO] Total params: 45,967
2020-01-09 08:35:00,443 [INFO] Trainable params: 44,687
2020-01-09 08:35:00,443 [INFO] Non-trainable params: 1,280
2020-01-09 08:35:00,443 [INFO] _________________________________________________________________
2020-01-09 08:35:00,444 [INFO] Training model
2020-01-09 09:07:30,140 [INFO] epoch = 20. Intermediate model saved to results_additional_exps/ann_depth_ids18_subset_layers_10/ann_model_epoch_20.pickle
2020-01-09 09:38:35,791 [INFO] epoch = 40. Intermediate model saved to results_additional_exps/ann_depth_ids18_subset_layers_10/ann_model_epoch_40.pickle
2020-01-09 10:09:41,666 [INFO] epoch = 60. Intermediate model saved to results_additional_exps/ann_depth_ids18_subset_layers_10/ann_model_epoch_60.pickle
2020-01-09 10:40:48,235 [INFO] epoch = 80. Intermediate model saved to results_additional_exps/ann_depth_ids18_subset_layers_10/ann_model_epoch_80.pickle
2020-01-09 11:11:55,236 [INFO] epoch = 100. Intermediate model saved to results_additional_exps/ann_depth_ids18_subset_layers_10/ann_model_epoch_100.pickle
2020-01-09 11:43:03,595 [INFO] epoch = 120. Intermediate model saved to results_additional_exps/ann_depth_ids18_subset_layers_10/ann_model_epoch_120.pickle
2020-01-09 12:14:11,975 [INFO] epoch = 140. Intermediate model saved to results_additional_exps/ann_depth_ids18_subset_layers_10/ann_model_epoch_140.pickle
2020-01-09 12:45:19,776 [INFO] epoch = 160. Intermediate model saved to results_additional_exps/ann_depth_ids18_subset_layers_10/ann_model_epoch_160.pickle
2020-01-09 13:16:27,155 [INFO] epoch = 180. Intermediate model saved to results_additional_exps/ann_depth_ids18_subset_layers_10/ann_model_epoch_180.pickle
2020-01-09 13:46:22,638 [INFO] WeightRestorer::on_train_end(): restoring best weights
2020-01-09 13:47:53,857 [INFO] Last epoch loss evaluation: train_loss = 0.007853, val_loss = 0.007874
2020-01-09 13:47:53,857 [INFO] Training complete. time_to_train = 18773.41 sec, 312.89 min
2020-01-09 13:47:53,876 [INFO] Model saved to results_additional_exps/ann_depth_ids18_subset_layers_10/best_model.pickle
2020-01-09 13:47:53,879 [INFO] Training history saved to: results_additional_exps/ann_depth_ids18_subset_layers_10/training_error_history.csv
2020-01-09 13:47:54,036 [INFO] Plot saved to: results_additional_exps/ann_depth_ids18_subset_layers_10/training_error_history.png
2020-01-09 13:47:54,166 [INFO] Plot saved to: results_additional_exps/ann_depth_ids18_subset_layers_10/training_f1_history.png
2020-01-09 13:47:54,166 [INFO] Making predictions on training, validation, testing data
2020-01-09 13:49:37,424 [INFO] Evaluating predictions (results)
2020-01-09 13:49:49,578 [INFO] Dataset: Testing. Classification report below
2020-01-09 13:49:49,578 [INFO] 
                          precision    recall  f1-score   support

                  Benign       0.99      1.00      0.99    535650
                     Bot       1.00      1.00      1.00     11465
        Brute Force -Web       0.00      0.00      0.00        24
        Brute Force -XSS       0.00      0.00      0.00         9
        DDOS attack-HOIC       1.00      1.00      1.00     27447
    DDOS attack-LOIC-UDP       0.66      1.00      0.80        67
  DDoS attacks-LOIC-HTTP       0.99      0.99      0.99     23010
   DoS attacks-GoldenEye       0.99      1.00      1.00      1651
        DoS attacks-Hulk       1.00      1.00      1.00     18478
DoS attacks-SlowHTTPTest       0.52      0.99      0.68      5596
   DoS attacks-Slowloris       0.87      0.98      0.92       440
          FTP-BruteForce       0.98      0.34      0.50      7718
           Infilteration       0.00      0.00      0.00      6404
           SQL Injection       0.00      0.00      0.00         4
          SSH-Bruteforce       1.00      1.00      1.00      7525

               micro avg       0.98      0.98      0.98    645488
               macro avg       0.67      0.69      0.66    645488
            weighted avg       0.98      0.98      0.98    645488

2020-01-09 13:49:49,578 [INFO] Overall accuracy (micro avg): 0.9812668864487024
2020-01-09 13:50:03,376 [INFO] Average metrics for Testing dataset below
   average type  avg accuracy  avg precision  avg detection rate (recall)  avg false alarm rate  avg false negative rate  avg f1
0     Micro avg        0.9813         0.9813                       0.9813                0.0013                   0.0187  0.9813
1     Macro avg        0.9975         0.6672                       0.6863                0.0046                   0.3137  0.6587
2  Weighted avg        0.9909         0.9751                       0.9813                0.0502                   0.0187  0.9756
2020-01-09 13:50:15,488 [INFO] Dataset: Validation. Classification report below
2020-01-09 13:50:15,489 [INFO] 
                          precision    recall  f1-score   support

                  Benign       0.99      1.00      0.99    535650
                     Bot       1.00      1.00      1.00     11465
        Brute Force -Web       0.00      0.00      0.00        25
        Brute Force -XSS       0.00      0.00      0.00         9
        DDOS attack-HOIC       1.00      1.00      1.00     27447
    DDOS attack-LOIC-UDP       0.70      1.00      0.82        68
  DDoS attacks-LOIC-HTTP       0.99      0.99      0.99     23009
   DoS attacks-GoldenEye       0.99      1.00      1.00      1651
        DoS attacks-Hulk       1.00      1.00      1.00     18478
DoS attacks-SlowHTTPTest       0.52      0.99      0.68      5596
   DoS attacks-Slowloris       0.89      0.98      0.93       439
          FTP-BruteForce       0.98      0.33      0.49      7718
           Infilteration       0.00      0.00      0.00      6403
           SQL Injection       0.00      0.00      0.00         4
          SSH-Bruteforce       1.00      1.00      1.00      7525

               micro avg       0.98      0.98      0.98    645487
               macro avg       0.67      0.69      0.66    645487
            weighted avg       0.98      0.98      0.98    645487

2020-01-09 13:50:15,489 [INFO] Overall accuracy (micro avg): 0.981197142622547
2020-01-09 13:50:29,264 [INFO] Average metrics for Validation dataset below
   average type  avg accuracy  avg precision  avg detection rate (recall)  avg false alarm rate  avg false negative rate  avg f1
0     Micro avg        0.9812         0.9812                       0.9812                0.0013                   0.0188  0.9812
1     Macro avg        0.9975         0.6706                       0.6861                0.0046                   0.3139  0.6604
2  Weighted avg        0.9909         0.9751                       0.9812                0.0501                   0.0188  0.9755
2020-01-09 13:51:08,855 [INFO] Dataset: Training. Classification report below
2020-01-09 13:51:08,855 [INFO] 
                          precision    recall  f1-score   support

                  Benign       0.99      1.00      0.99   1606949
                     Bot       1.00      1.00      1.00     34396
        Brute Force -Web       0.00      0.00      0.00        73
        Brute Force -XSS       0.00      0.00      0.00        26
        DDOS attack-HOIC       1.00      1.00      1.00     82341
    DDOS attack-LOIC-UDP       0.70      1.00      0.82       203
  DDoS attacks-LOIC-HTTP       0.99      0.99      0.99     69029
   DoS attacks-GoldenEye       0.99      1.00      1.00      4954
        DoS attacks-Hulk       1.00      1.00      1.00     55435
DoS attacks-SlowHTTPTest       0.52      0.99      0.68     16787
   DoS attacks-Slowloris       0.90      0.99      0.94      1318
          FTP-BruteForce       0.98      0.33      0.49     23153
           Infilteration       0.00      0.00      0.00     19210
           SQL Injection       0.00      0.00      0.00        12
          SSH-Bruteforce       1.00      1.00      1.00     22576

               micro avg       0.98      0.98      0.98   1936462
               macro avg       0.67      0.69      0.66   1936462
            weighted avg       0.98      0.98      0.98   1936462

2020-01-09 13:51:08,855 [INFO] Overall accuracy (micro avg): 0.9812286530796887
2020-01-09 13:51:53,847 [INFO] Average metrics for Training dataset below
   average type  avg accuracy  avg precision  avg detection rate (recall)  avg false alarm rate  avg false negative rate  avg f1
0     Micro avg        0.9812         0.9812                       0.9812                0.0013                   0.0188  0.9812
1     Macro avg        0.9975         0.6716                       0.6869                0.0046                   0.3131  0.6613
2  Weighted avg        0.9909         0.9751                       0.9812                0.0501                   0.0188  0.9755
2020-01-09 13:51:53,874 [INFO] Results saved to: results_additional_exps/ann_depth_ids18_subset_layers_10/ann_depth_ids18_subset_layers_10_results.xlsx
2020-01-09 13:51:53,881 [INFO] ================= Finished running experiment no. 10 ================= 

2020-01-09 13:51:53,958 [INFO] ================= Finished running 5 experiments ================= 

