2020-01-14 12:20:10,108 [INFO] Initialized logging. log_filename = results_additional_exps/train_time_nsl_dbn_shallow_rep2/run_log.log
2020-01-14 12:20:10,109 [INFO] ================= Running experiment no. 2  ================= 

2020-01-14 12:20:10,109 [INFO] Experiment parameters given below
2020-01-14 12:20:10,109 [INFO] 
{'experiment_num': 2, 'results_dir': 'results_additional_exps/train_time_nsl_dbn_shallow_rep2', 'model_type': 'classifier', 'model': 'dbn', 'normal_label': 'normal', 'scaling_type': 'NA', 'dbn_layer_units': [32], 'ann_layer_activations': ['relu'], 'ann_layer_dropout_rates': [0.2], 'unsupervised_ratio': 0.5, 'dbn_learning_rate': 0.0001, 'pretrain_epochs': 10, 'fine_tune_epochs': 100, 'early_stop_patience': 100, 'batch_size': 256, 'goal_metric': 0.7445, 'training_set': 'train_set_only', 'dataset_dir': '../Datasets/small_datasets/nsl_kdd_five_classes', 'description': 'train_time_nsl_dbn_shallow_rep2'}
2020-01-14 12:20:10,109 [INFO] Created tensorboard log directory: results_additional_exps/train_time_nsl_dbn_shallow_rep2/tf_logs_run_2020_01_14-12_20_10
2020-01-14 12:20:10,109 [INFO] Loading datsets from: ../Datasets/small_datasets/nsl_kdd_five_classes
2020-01-14 12:20:10,109 [INFO] Reading X, y files
2020-01-14 12:20:10,109 [INFO] Reading HDF dataset ../Datasets/small_datasets/nsl_kdd_five_classes/X_train.h5
2020-01-14 12:20:10,352 [INFO] Reading complete. time_to_read=0.24 seconds
2020-01-14 12:20:10,352 [INFO] Reading HDF dataset ../Datasets/small_datasets/nsl_kdd_five_classes/X_val.h5
2020-01-14 12:20:10,416 [INFO] Reading complete. time_to_read=0.06 seconds
2020-01-14 12:20:10,416 [INFO] Reading HDF dataset ../Datasets/small_datasets/nsl_kdd_five_classes/X_test.h5
2020-01-14 12:20:10,474 [INFO] Reading complete. time_to_read=0.06 seconds
2020-01-14 12:20:10,475 [INFO] Reading HDF dataset ../Datasets/small_datasets/nsl_kdd_five_classes/y_train.h5
2020-01-14 12:20:10,482 [INFO] Reading complete. time_to_read=0.01 seconds
2020-01-14 12:20:10,482 [INFO] Reading HDF dataset ../Datasets/small_datasets/nsl_kdd_five_classes/y_val.h5
2020-01-14 12:20:10,486 [INFO] Reading complete. time_to_read=0.00 seconds
2020-01-14 12:20:10,486 [INFO] Reading HDF dataset ../Datasets/small_datasets/nsl_kdd_five_classes/y_test.h5
2020-01-14 12:20:10,489 [INFO] Reading complete. time_to_read=0.00 seconds
2020-01-14 12:20:10,675 [INFO] Initializing model
2020-01-14 12:20:10,676 [INFO] Training model
2020-01-14 12:20:10,676 [INFO] Splitting train set into 2 sets (unsupervised, supervised), random_seed = None
2020-01-14 12:20:11,301 [INFO] Split sizes (instances). total = 100778, unsupervised = 50389, supervised = 50389, unsupervised dataset hash = e138d613a70c0af3d3f0735769bf8c21ae5bbf7e
2020-01-14 12:20:11,301 [INFO] Pretraining Deep Belief Network
2020-01-14 12:20:16,771 [INFO] Pretraining Complete
2020-01-14 12:20:16,771 [INFO] Getting pretrained weights
2020-01-14 12:20:16,771 [INFO] Creating and initializing feed forward neural network
2020-01-14 12:20:16,940 [INFO] _________________________________________________________________
2020-01-14 12:20:16,940 [INFO] Layer (type)                 Output Shape              Param #   
2020-01-14 12:20:16,940 [INFO] =================================================================
2020-01-14 12:20:16,940 [INFO] dense_3 (Dense)              (None, 32)                3936      
2020-01-14 12:20:16,941 [INFO] _________________________________________________________________
2020-01-14 12:20:16,941 [INFO] batch_normalization_2 (Batch (None, 32)                128       
2020-01-14 12:20:16,941 [INFO] _________________________________________________________________
2020-01-14 12:20:16,941 [INFO] dropout_2 (Dropout)          (None, 32)                0         
2020-01-14 12:20:16,941 [INFO] _________________________________________________________________
2020-01-14 12:20:16,941 [INFO] dense_4 (Dense)              (None, 5)                 165       
2020-01-14 12:20:16,941 [INFO] =================================================================
2020-01-14 12:20:16,941 [INFO] Total params: 4,229
2020-01-14 12:20:16,941 [INFO] Trainable params: 4,165
2020-01-14 12:20:16,941 [INFO] Non-trainable params: 64
2020-01-14 12:20:16,941 [INFO] _________________________________________________________________
2020-01-14 12:20:17,039 [INFO] Fine-tuning final neural network
2020-01-14 12:20:19,421 [INFO] StopperOnGoal: reached goal_metric (accuracy). Stopping training. goal_metric = 0.7445, current_metric = 0.7558, num_epochs = 2
2020-01-14 12:20:19,421 [INFO] WeightRestorer::on_train_end(): restoring best weights
2020-01-14 12:20:20,302 [INFO] Last epoch loss evaluation: train_loss = 0.018406, val_loss = 0.018312
2020-01-14 12:20:20,306 [INFO] Training complete. time_to_train = 9.63 sec, 0.16 min
2020-01-14 12:20:20,414 [INFO] Model saved to results_additional_exps/train_time_nsl_dbn_shallow_rep2/best_model.pickle
2020-01-14 12:20:20,416 [INFO] Training history saved to: results_additional_exps/train_time_nsl_dbn_shallow_rep2/training_error_history.csv
2020-01-14 12:20:20,594 [INFO] Plot saved to: results_additional_exps/train_time_nsl_dbn_shallow_rep2/training_error_history.png
2020-01-14 12:20:20,764 [INFO] Plot saved to: results_additional_exps/train_time_nsl_dbn_shallow_rep2/training_f1_history.png
2020-01-14 12:20:20,765 [INFO] Making predictions on training, validation, testing data
2020-01-14 12:20:22,017 [INFO] Making predictions complete. time_to_predict = 1.25 sec, 0.02 min
2020-01-14 12:20:22,022 [INFO] Evaluating predictions (results)
2020-01-14 12:20:22,281 [INFO] Dataset: Testing. Classification report below
2020-01-14 12:20:22,281 [INFO] 
              precision    recall  f1-score   support

         dos       0.92      0.86      0.89      7458
      normal       0.67      0.93      0.78      9711
       probe       0.85      0.70      0.77      2421
         r2l       0.88      0.07      0.13      2421
         u2r       0.00      0.00      0.00       533

   micro avg       0.77      0.77      0.77     22544
   macro avg       0.66      0.51      0.51     22544
weighted avg       0.78      0.77      0.73     22544

2020-01-14 12:20:22,281 [INFO] Overall accuracy (micro avg): 0.7664123491838183
2020-01-14 12:20:22,577 [INFO] Average metrics for Testing dataset below
   average type  avg accuracy  avg precision  avg detection rate (recall)  avg false alarm rate  avg false negative rate  avg f1
0     Micro avg        0.7664         0.7664                       0.7664                0.0584                   0.2336  0.7664
1     Macro avg        0.9066         0.6640                       0.5112                0.0788                   0.4888  0.5125
2  Weighted avg        0.8631         0.7793                       0.7664                0.1605                   0.2336  0.7259
2020-01-14 12:20:22,909 [INFO] Dataset: Validation. Classification report below
2020-01-14 12:20:22,909 [INFO] 
              precision    recall  f1-score   support

         dos       0.99      1.00      0.99      9186
      normal       0.99      0.99      0.99     13469
       probe       0.98      0.98      0.98      2331
         r2l       0.81      0.58      0.68       199
         u2r       0.00      0.00      0.00        10

   micro avg       0.99      0.99      0.99     25195
   macro avg       0.75      0.71      0.73     25195
weighted avg       0.99      0.99      0.99     25195

2020-01-14 12:20:22,909 [INFO] Overall accuracy (micro avg): 0.9879738043262553
2020-01-14 12:20:23,265 [INFO] Average metrics for Validation dataset below
   average type  avg accuracy  avg precision  avg detection rate (recall)  avg false alarm rate  avg false negative rate  avg f1
0     Micro avg        0.9880         0.9880                       0.9880                0.0030                   0.0120  0.9880
1     Macro avg        0.9952         0.7536                       0.7098                0.0041                   0.2902  0.7280
2  Weighted avg        0.9922         0.9872                       0.9880                0.0084                   0.0120  0.9874
2020-01-14 12:20:24,707 [INFO] Dataset: Training. Classification report below
2020-01-14 12:20:24,707 [INFO] 
              precision    recall  f1-score   support

         dos       0.99      1.00      0.99     36741
      normal       0.99      0.99      0.99     53874
       probe       0.98      0.97      0.97      9325
         r2l       0.85      0.59      0.70       796
         u2r       0.00      0.00      0.00        42

   micro avg       0.99      0.99      0.99    100778
   macro avg       0.76      0.71      0.73    100778
weighted avg       0.99      0.99      0.99    100778

2020-01-14 12:20:24,707 [INFO] Overall accuracy (micro avg): 0.9881124848677291
2020-01-14 12:20:26,327 [INFO] Average metrics for Training dataset below
   average type  avg accuracy  avg precision  avg detection rate (recall)  avg false alarm rate  avg false negative rate  avg f1
0     Micro avg        0.9881         0.9881                       0.9881                0.0030                   0.0119  0.9881
1     Macro avg        0.9952         0.7614                       0.7102                0.0041                   0.2898  0.7311
2  Weighted avg        0.9924         0.9874                       0.9881                0.0086                   0.0119  0.9876
2020-01-14 12:20:26,366 [INFO] Results saved to: results_additional_exps/train_time_nsl_dbn_shallow_rep2/train_time_nsl_dbn_shallow_rep2_results.xlsx
2020-01-14 12:20:26,366 [INFO] ================= Finished running experiment no. 2 ================= 

2020-01-14 12:20:26,369 [INFO] Created directory: results_additional_exps/train_time_nsl_dbn_shallow_rep3
