2020-01-08 16:18:52,580 [INFO] Initialized logging. log_filename = results_additional_exps/ann_depth_ids18_subset_layers_6/run_log.log
2020-01-08 16:18:52,580 [INFO] ================= Running experiment no. 6  ================= 

2020-01-08 16:18:52,580 [INFO] Experiment parameters given below
2020-01-08 16:18:52,580 [INFO] 
{'experiment_num': 6, 'results_dir': 'results_additional_exps/ann_depth_ids18_subset_layers_6', 'model_type': 'classifier', 'model': 'ann', 'normal_label': 'BENIGN', 'training_data_feed': 'preload', 'scaling_type': 'NA', 'ann_layer_units': [64, 64, 64, 64, 64, 64], 'ann_layer_activations': ['relu', 'relu', 'relu', 'relu', 'relu', 'relu', 'relu', 'relu', 'relu', 'relu'], 'ann_layer_dropout_rates': [0.2, 0.2, 0.2, 0.2, 0.2, 0.2, 0.2, 0.2, 0.2, 0.2], 'epochs': 200, 'early_stop_patience': 50, 'batch_size': 256, 'training_set': 'train_set_only', 'dataset_dir': '../Datasets/small_datasets/ids2018', 'description': 'ann_depth_ids18_subset_layers_6'}
2020-01-08 16:18:52,580 [INFO] Created tensorboard log directory: results_additional_exps/ann_depth_ids18_subset_layers_6/tf_logs_run_2020_01_08-16_18_52
2020-01-08 16:18:52,580 [INFO] Loading datsets from: ../Datasets/small_datasets/ids2018
2020-01-08 16:18:52,581 [INFO] Reading X, y files
2020-01-08 16:18:52,581 [INFO] Reading HDF dataset ../Datasets/small_datasets/ids2018/X_train.h5
2020-01-08 16:18:57,113 [INFO] Reading complete. time_to_read=4.53 seconds
2020-01-08 16:18:57,113 [INFO] Reading HDF dataset ../Datasets/small_datasets/ids2018/X_val.h5
2020-01-08 16:18:58,644 [INFO] Reading complete. time_to_read=1.53 seconds
2020-01-08 16:18:58,644 [INFO] Reading HDF dataset ../Datasets/small_datasets/ids2018/X_test.h5
2020-01-08 16:19:00,171 [INFO] Reading complete. time_to_read=1.53 seconds
2020-01-08 16:19:00,171 [INFO] Reading HDF dataset ../Datasets/small_datasets/ids2018/y_train.h5
2020-01-08 16:19:00,458 [INFO] Reading complete. time_to_read=0.29 seconds
2020-01-08 16:19:00,458 [INFO] Reading HDF dataset ../Datasets/small_datasets/ids2018/y_val.h5
2020-01-08 16:19:00,543 [INFO] Reading complete. time_to_read=0.08 seconds
2020-01-08 16:19:00,543 [INFO] Reading HDF dataset ../Datasets/small_datasets/ids2018/y_test.h5
2020-01-08 16:19:00,627 [INFO] Reading complete. time_to_read=0.08 seconds
2020-01-08 16:19:04,534 [INFO] Initializing model
2020-01-08 16:19:04,535 [WARNING] From /home/hasitha/anaconda3/lib/python3.7/site-packages/keras/backend/tensorflow_backend.py:74: The name tf.get_default_graph is deprecated. Please use tf.compat.v1.get_default_graph instead.

2020-01-08 16:19:04,544 [WARNING] From /home/hasitha/anaconda3/lib/python3.7/site-packages/keras/backend/tensorflow_backend.py:517: The name tf.placeholder is deprecated. Please use tf.compat.v1.placeholder instead.

2020-01-08 16:19:04,545 [WARNING] From /home/hasitha/anaconda3/lib/python3.7/site-packages/keras/backend/tensorflow_backend.py:4138: The name tf.random_uniform is deprecated. Please use tf.random.uniform instead.

2020-01-08 16:19:04,603 [WARNING] From /home/hasitha/anaconda3/lib/python3.7/site-packages/keras/backend/tensorflow_backend.py:133: The name tf.placeholder_with_default is deprecated. Please use tf.compat.v1.placeholder_with_default instead.

2020-01-08 16:19:04,618 [WARNING] From /home/hasitha/anaconda3/lib/python3.7/site-packages/keras/backend/tensorflow_backend.py:3445: calling dropout (from tensorflow.python.ops.nn_ops) with keep_prob is deprecated and will be removed in a future version.
Instructions for updating:
Please use `rate` instead of `keep_prob`. Rate should be set to `rate = 1 - keep_prob`.
2020-01-08 16:19:05,056 [WARNING] From /home/hasitha/anaconda3/lib/python3.7/site-packages/keras/optimizers.py:790: The name tf.train.Optimizer is deprecated. Please use tf.compat.v1.train.Optimizer instead.

2020-01-08 16:19:05,068 [WARNING] From /home/hasitha/anaconda3/lib/python3.7/site-packages/keras/backend/tensorflow_backend.py:3376: The name tf.log is deprecated. Please use tf.math.log instead.

2020-01-08 16:19:05,071 [WARNING] From /home/hasitha/anaconda3/lib/python3.7/site-packages/tensorflow/python/ops/nn_impl.py:180: add_dispatch_support.<locals>.wrapper (from tensorflow.python.ops.array_ops) is deprecated and will be removed in a future version.
Instructions for updating:
Use tf.where in 2.0, which has the same broadcast rule as np.where
2020-01-08 16:19:05,080 [INFO] _________________________________________________________________
2020-01-08 16:19:05,081 [INFO] Layer (type)                 Output Shape              Param #   
2020-01-08 16:19:05,081 [INFO] =================================================================
2020-01-08 16:19:05,081 [INFO] dense_1 (Dense)              (None, 64)                4992      
2020-01-08 16:19:05,081 [INFO] _________________________________________________________________
2020-01-08 16:19:05,081 [INFO] batch_normalization_1 (Batch (None, 64)                256       
2020-01-08 16:19:05,081 [INFO] _________________________________________________________________
2020-01-08 16:19:05,081 [INFO] dropout_1 (Dropout)          (None, 64)                0         
2020-01-08 16:19:05,081 [INFO] _________________________________________________________________
2020-01-08 16:19:05,081 [INFO] dense_2 (Dense)              (None, 64)                4160      
2020-01-08 16:19:05,081 [INFO] _________________________________________________________________
2020-01-08 16:19:05,081 [INFO] batch_normalization_2 (Batch (None, 64)                256       
2020-01-08 16:19:05,081 [INFO] _________________________________________________________________
2020-01-08 16:19:05,081 [INFO] dropout_2 (Dropout)          (None, 64)                0         
2020-01-08 16:19:05,081 [INFO] _________________________________________________________________
2020-01-08 16:19:05,081 [INFO] dense_3 (Dense)              (None, 64)                4160      
2020-01-08 16:19:05,081 [INFO] _________________________________________________________________
2020-01-08 16:19:05,082 [INFO] batch_normalization_3 (Batch (None, 64)                256       
2020-01-08 16:19:05,082 [INFO] _________________________________________________________________
2020-01-08 16:19:05,082 [INFO] dropout_3 (Dropout)          (None, 64)                0         
2020-01-08 16:19:05,082 [INFO] _________________________________________________________________
2020-01-08 16:19:05,082 [INFO] dense_4 (Dense)              (None, 64)                4160      
2020-01-08 16:19:05,082 [INFO] _________________________________________________________________
2020-01-08 16:19:05,082 [INFO] batch_normalization_4 (Batch (None, 64)                256       
2020-01-08 16:19:05,082 [INFO] _________________________________________________________________
2020-01-08 16:19:05,082 [INFO] dropout_4 (Dropout)          (None, 64)                0         
2020-01-08 16:19:05,082 [INFO] _________________________________________________________________
2020-01-08 16:19:05,082 [INFO] dense_5 (Dense)              (None, 64)                4160      
2020-01-08 16:19:05,082 [INFO] _________________________________________________________________
2020-01-08 16:19:05,082 [INFO] batch_normalization_5 (Batch (None, 64)                256       
2020-01-08 16:19:05,082 [INFO] _________________________________________________________________
2020-01-08 16:19:05,082 [INFO] dropout_5 (Dropout)          (None, 64)                0         
2020-01-08 16:19:05,082 [INFO] _________________________________________________________________
2020-01-08 16:19:05,082 [INFO] dense_6 (Dense)              (None, 64)                4160      
2020-01-08 16:19:05,082 [INFO] _________________________________________________________________
2020-01-08 16:19:05,083 [INFO] batch_normalization_6 (Batch (None, 64)                256       
2020-01-08 16:19:05,083 [INFO] _________________________________________________________________
2020-01-08 16:19:05,083 [INFO] dropout_6 (Dropout)          (None, 64)                0         
2020-01-08 16:19:05,083 [INFO] _________________________________________________________________
2020-01-08 16:19:05,083 [INFO] dense_7 (Dense)              (None, 15)                975       
2020-01-08 16:19:05,083 [INFO] =================================================================
2020-01-08 16:19:05,083 [INFO] Total params: 28,303
2020-01-08 16:19:05,083 [INFO] Trainable params: 27,535
2020-01-08 16:19:05,083 [INFO] Non-trainable params: 768
2020-01-08 16:19:05,083 [INFO] _________________________________________________________________
2020-01-08 16:19:05,083 [INFO] Training model
2020-01-08 16:19:07,136 [WARNING] From /home/hasitha/anaconda3/lib/python3.7/site-packages/keras/callbacks.py:850: The name tf.summary.merge_all is deprecated. Please use tf.compat.v1.summary.merge_all instead.

2020-01-08 16:19:07,136 [WARNING] From /home/hasitha/anaconda3/lib/python3.7/site-packages/keras/callbacks.py:853: The name tf.summary.FileWriter is deprecated. Please use tf.compat.v1.summary.FileWriter instead.

2020-01-08 16:39:16,283 [INFO] epoch = 20. Intermediate model saved to results_additional_exps/ann_depth_ids18_subset_layers_6/ann_model_epoch_20.pickle
2020-01-08 16:58:54,026 [INFO] epoch = 40. Intermediate model saved to results_additional_exps/ann_depth_ids18_subset_layers_6/ann_model_epoch_40.pickle
2020-01-08 17:18:37,415 [INFO] epoch = 60. Intermediate model saved to results_additional_exps/ann_depth_ids18_subset_layers_6/ann_model_epoch_60.pickle
2020-01-08 17:38:21,254 [INFO] epoch = 80. Intermediate model saved to results_additional_exps/ann_depth_ids18_subset_layers_6/ann_model_epoch_80.pickle
2020-01-08 17:58:04,782 [INFO] epoch = 100. Intermediate model saved to results_additional_exps/ann_depth_ids18_subset_layers_6/ann_model_epoch_100.pickle
2020-01-08 18:17:49,046 [INFO] epoch = 120. Intermediate model saved to results_additional_exps/ann_depth_ids18_subset_layers_6/ann_model_epoch_120.pickle
2020-01-08 18:37:32,047 [INFO] epoch = 140. Intermediate model saved to results_additional_exps/ann_depth_ids18_subset_layers_6/ann_model_epoch_140.pickle
2020-01-08 18:57:14,306 [INFO] epoch = 160. Intermediate model saved to results_additional_exps/ann_depth_ids18_subset_layers_6/ann_model_epoch_160.pickle
2020-01-08 19:16:56,559 [INFO] epoch = 180. Intermediate model saved to results_additional_exps/ann_depth_ids18_subset_layers_6/ann_model_epoch_180.pickle
2020-01-08 19:35:50,472 [INFO] WeightRestorer::on_train_end(): restoring best weights
2020-01-08 19:36:38,206 [INFO] Last epoch loss evaluation: train_loss = 0.007632, val_loss = 0.007647
2020-01-08 19:36:38,206 [INFO] Training complete. time_to_train = 11853.12 sec, 197.55 min
2020-01-08 19:36:38,214 [INFO] Model saved to results_additional_exps/ann_depth_ids18_subset_layers_6/best_model.pickle
2020-01-08 19:36:38,217 [INFO] Training history saved to: results_additional_exps/ann_depth_ids18_subset_layers_6/training_error_history.csv
2020-01-08 19:36:38,365 [INFO] Plot saved to: results_additional_exps/ann_depth_ids18_subset_layers_6/training_error_history.png
2020-01-08 19:36:38,496 [INFO] Plot saved to: results_additional_exps/ann_depth_ids18_subset_layers_6/training_f1_history.png
2020-01-08 19:36:38,496 [INFO] Making predictions on training, validation, testing data
2020-01-08 19:37:30,939 [INFO] Evaluating predictions (results)
2020-01-08 19:37:43,142 [INFO] Dataset: Testing. Classification report below
2020-01-08 19:37:43,142 [INFO] 
                          precision    recall  f1-score   support

                  Benign       0.99      1.00      0.99    535650
                     Bot       1.00      1.00      1.00     11465
        Brute Force -Web       0.00      0.00      0.00        24
        Brute Force -XSS       0.50      0.33      0.40         9
        DDOS attack-HOIC       1.00      1.00      1.00     27447
    DDOS attack-LOIC-UDP       0.64      1.00      0.78        67
  DDoS attacks-LOIC-HTTP       0.99      0.99      0.99     23010
   DoS attacks-GoldenEye       0.99      1.00      1.00      1651
        DoS attacks-Hulk       1.00      1.00      1.00     18478
DoS attacks-SlowHTTPTest       0.76      0.43      0.55      5596
   DoS attacks-Slowloris       0.95      0.99      0.97       440
          FTP-BruteForce       0.68      0.90      0.78      7718
           Infilteration       0.55      0.00      0.01      6404
           SQL Injection       0.00      0.00      0.00         4
          SSH-Bruteforce       1.00      1.00      1.00      7525

               micro avg       0.98      0.98      0.98    645488
               macro avg       0.74      0.71      0.70    645488
            weighted avg       0.98      0.98      0.98    645488

2020-01-08 19:37:43,142 [INFO] Overall accuracy (micro avg): 0.9833134000941923
2020-01-08 19:37:56,986 [INFO] Average metrics for Testing dataset below
   average type  avg accuracy  avg precision  avg detection rate (recall)  avg false alarm rate  avg false negative rate  avg f1
0     Micro avg        0.9833         0.9833                       0.9833                0.0012                   0.0167  0.9833
1     Macro avg        0.9978         0.7369                       0.7100                0.0044                   0.2900  0.6979
2  Weighted avg        0.9911         0.9793                       0.9833                0.0494                   0.0167  0.9780
2020-01-08 19:38:09,185 [INFO] Dataset: Validation. Classification report below
2020-01-08 19:38:09,185 [INFO] 
                          precision    recall  f1-score   support

                  Benign       0.99      1.00      0.99    535650
                     Bot       1.00      1.00      1.00     11465
        Brute Force -Web       0.00      0.00      0.00        25
        Brute Force -XSS       0.55      0.67      0.60         9
        DDOS attack-HOIC       1.00      1.00      1.00     27447
    DDOS attack-LOIC-UDP       0.69      1.00      0.82        68
  DDoS attacks-LOIC-HTTP       0.99      1.00      0.99     23009
   DoS attacks-GoldenEye       1.00      1.00      1.00      1651
        DoS attacks-Hulk       1.00      1.00      1.00     18478
DoS attacks-SlowHTTPTest       0.77      0.43      0.55      5596
   DoS attacks-Slowloris       0.93      1.00      0.96       439
          FTP-BruteForce       0.69      0.91      0.78      7718
           Infilteration       0.41      0.00      0.01      6403
           SQL Injection       0.00      0.00      0.00         4
          SSH-Bruteforce       1.00      1.00      1.00      7525

               micro avg       0.98      0.98      0.98    645487
               macro avg       0.73      0.73      0.71    645487
            weighted avg       0.98      0.98      0.98    645487

2020-01-08 19:38:09,185 [INFO] Overall accuracy (micro avg): 0.9834063273156547
2020-01-08 19:38:23,052 [INFO] Average metrics for Validation dataset below
   average type  avg accuracy  avg precision  avg detection rate (recall)  avg false alarm rate  avg false negative rate  avg f1
0     Micro avg        0.9834         0.9834                       0.9834                0.0012                   0.0166  0.9834
1     Macro avg        0.9978         0.7344                       0.7329                0.0044                   0.2671  0.7136
2  Weighted avg        0.9911         0.9781                       0.9834                0.0492                   0.0166  0.9781
2020-01-08 19:39:02,639 [INFO] Dataset: Training. Classification report below
2020-01-08 19:39:02,640 [INFO] 
                          precision    recall  f1-score   support

                  Benign       0.99      1.00      0.99   1606949
                     Bot       1.00      1.00      1.00     34396
        Brute Force -Web       0.00      0.00      0.00        73
        Brute Force -XSS       0.59      0.50      0.54        26
        DDOS attack-HOIC       1.00      1.00      1.00     82341
    DDOS attack-LOIC-UDP       0.69      1.00      0.82       203
  DDoS attacks-LOIC-HTTP       0.99      0.99      0.99     69029
   DoS attacks-GoldenEye       1.00      1.00      1.00      4954
        DoS attacks-Hulk       1.00      1.00      1.00     55435
DoS attacks-SlowHTTPTest       0.76      0.43      0.55     16787
   DoS attacks-Slowloris       0.95      1.00      0.97      1318
          FTP-BruteForce       0.68      0.90      0.78     23153
           Infilteration       0.61      0.01      0.01     19210
           SQL Injection       0.00      0.00      0.00        12
          SSH-Bruteforce       1.00      1.00      1.00     22576

               micro avg       0.98      0.98      0.98   1936462
               macro avg       0.75      0.72      0.71   1936462
            weighted avg       0.98      0.98      0.98   1936462

2020-01-08 19:39:02,640 [INFO] Overall accuracy (micro avg): 0.9833784499773298
2020-01-08 19:39:47,621 [INFO] Average metrics for Training dataset below
   average type  avg accuracy  avg precision  avg detection rate (recall)  avg false alarm rate  avg false negative rate  avg f1
0     Micro avg        0.9834         0.9834                       0.9834                0.0012                   0.0166  0.9834
1     Macro avg        0.9978         0.7511                       0.7216                0.0044                   0.2784  0.7101
2  Weighted avg        0.9911         0.9800                       0.9834                0.0492                   0.0166  0.9781
2020-01-08 19:39:47,648 [INFO] Results saved to: results_additional_exps/ann_depth_ids18_subset_layers_6/ann_depth_ids18_subset_layers_6_results.xlsx
2020-01-08 19:39:47,655 [INFO] ================= Finished running experiment no. 6 ================= 

2020-01-08 19:39:47,734 [INFO] Created directory: results_additional_exps/ann_depth_ids18_subset_layers_7
