2020-01-08 13:57:13,038 [INFO] Initialized logging. log_filename = results_additional_exps/ann_depth_nsl_layers_1/run_log.log
2020-01-08 13:57:13,038 [INFO] ================= Running experiment no. 1  ================= 

2020-01-08 13:57:13,038 [INFO] Experiment parameters given below
2020-01-08 13:57:13,038 [INFO] 
{'experiment_num': 1, 'results_dir': 'results_additional_exps/ann_depth_nsl_layers_1', 'model_type': 'classifier', 'model': 'ann', 'normal_label': 'normal', 'training_data_feed': 'preload', 'scaling_type': 'NA', 'ann_layer_units': [64], 'ann_layer_activations': ['relu', 'relu', 'relu', 'relu', 'relu', 'relu', 'relu', 'relu', 'relu', 'relu'], 'ann_layer_dropout_rates': [0.2, 0.2, 0.2, 0.2, 0.2, 0.2, 0.2, 0.2, 0.2, 0.2], 'epochs': 200, 'early_stop_patience': 50, 'batch_size': 256, 'training_set': 'train_set_only', 'dataset_dir': '../Datasets/small_datasets/nsl_kdd_five_classes', 'description': 'ann_depth_nsl_layers_1'}
2020-01-08 13:57:13,038 [INFO] Created tensorboard log directory: results_additional_exps/ann_depth_nsl_layers_1/tf_logs_run_2020_01_08-13_57_13
2020-01-08 13:57:13,038 [INFO] Loading datsets from: ../Datasets/small_datasets/nsl_kdd_five_classes
2020-01-08 13:57:13,039 [INFO] Reading X, y files
2020-01-08 13:57:13,039 [INFO] Reading HDF dataset ../Datasets/small_datasets/nsl_kdd_five_classes/X_train.h5
2020-01-08 13:57:13,302 [INFO] Reading complete. time_to_read=0.26 seconds
2020-01-08 13:57:13,302 [INFO] Reading HDF dataset ../Datasets/small_datasets/nsl_kdd_five_classes/X_val.h5
2020-01-08 13:57:13,367 [INFO] Reading complete. time_to_read=0.07 seconds
2020-01-08 13:57:13,367 [INFO] Reading HDF dataset ../Datasets/small_datasets/nsl_kdd_five_classes/X_test.h5
2020-01-08 13:57:13,427 [INFO] Reading complete. time_to_read=0.06 seconds
2020-01-08 13:57:13,427 [INFO] Reading HDF dataset ../Datasets/small_datasets/nsl_kdd_five_classes/y_train.h5
2020-01-08 13:57:13,434 [INFO] Reading complete. time_to_read=0.01 seconds
2020-01-08 13:57:13,434 [INFO] Reading HDF dataset ../Datasets/small_datasets/nsl_kdd_five_classes/y_val.h5
2020-01-08 13:57:13,438 [INFO] Reading complete. time_to_read=0.00 seconds
2020-01-08 13:57:13,438 [INFO] Reading HDF dataset ../Datasets/small_datasets/nsl_kdd_five_classes/y_test.h5
2020-01-08 13:57:13,441 [INFO] Reading complete. time_to_read=0.00 seconds
2020-01-08 13:57:13,639 [INFO] Initializing model
2020-01-08 13:57:13,651 [WARNING] From /home/sunanda/test/ml_env/lib/python3.6/site-packages/tensorflow/python/framework/op_def_library.py:263: colocate_with (from tensorflow.python.framework.ops) is deprecated and will be removed in a future version.
Instructions for updating:
Colocations handled automatically by placer.
2020-01-08 13:57:13,715 [WARNING] From /home/sunanda/test/ml_env/lib/python3.6/site-packages/keras/backend/tensorflow_backend.py:3445: calling dropout (from tensorflow.python.ops.nn_ops) with keep_prob is deprecated and will be removed in a future version.
Instructions for updating:
Please use `rate` instead of `keep_prob`. Rate should be set to `rate = 1 - keep_prob`.
2020-01-08 13:57:13,753 [INFO] _________________________________________________________________
2020-01-08 13:57:13,753 [INFO] Layer (type)                 Output Shape              Param #   
2020-01-08 13:57:13,753 [INFO] =================================================================
2020-01-08 13:57:13,753 [INFO] dense_1 (Dense)              (None, 64)                7872      
2020-01-08 13:57:13,753 [INFO] _________________________________________________________________
2020-01-08 13:57:13,753 [INFO] batch_normalization_1 (Batch (None, 64)                256       
2020-01-08 13:57:13,753 [INFO] _________________________________________________________________
2020-01-08 13:57:13,753 [INFO] dropout_1 (Dropout)          (None, 64)                0         
2020-01-08 13:57:13,753 [INFO] _________________________________________________________________
2020-01-08 13:57:13,754 [INFO] dense_2 (Dense)              (None, 5)                 325       
2020-01-08 13:57:13,754 [INFO] =================================================================
2020-01-08 13:57:13,754 [INFO] Total params: 8,453
2020-01-08 13:57:13,754 [INFO] Trainable params: 8,325
2020-01-08 13:57:13,754 [INFO] Non-trainable params: 128
2020-01-08 13:57:13,754 [INFO] _________________________________________________________________
2020-01-08 13:57:13,754 [INFO] Training model
2020-01-08 13:57:14,127 [WARNING] From /home/sunanda/test/ml_env/lib/python3.6/site-packages/tensorflow/python/ops/math_ops.py:3066: to_int32 (from tensorflow.python.ops.math_ops) is deprecated and will be removed in a future version.
Instructions for updating:
Use tf.cast instead.
2020-01-08 13:57:37,461 [INFO] epoch = 20. Intermediate model saved to results_additional_exps/ann_depth_nsl_layers_1/ann_model_epoch_20.pickle
2020-01-08 13:57:59,288 [INFO] epoch = 40. Intermediate model saved to results_additional_exps/ann_depth_nsl_layers_1/ann_model_epoch_40.pickle
2020-01-08 13:58:21,094 [INFO] epoch = 60. Intermediate model saved to results_additional_exps/ann_depth_nsl_layers_1/ann_model_epoch_60.pickle
2020-01-08 13:58:42,866 [INFO] epoch = 80. Intermediate model saved to results_additional_exps/ann_depth_nsl_layers_1/ann_model_epoch_80.pickle
2020-01-08 13:59:04,549 [INFO] epoch = 100. Intermediate model saved to results_additional_exps/ann_depth_nsl_layers_1/ann_model_epoch_100.pickle
2020-01-08 13:59:26,364 [INFO] epoch = 120. Intermediate model saved to results_additional_exps/ann_depth_nsl_layers_1/ann_model_epoch_120.pickle
2020-01-08 13:59:48,057 [INFO] epoch = 140. Intermediate model saved to results_additional_exps/ann_depth_nsl_layers_1/ann_model_epoch_140.pickle
2020-01-08 14:00:05,650 [INFO] WeightRestorer::on_train_end(): restoring best weights
2020-01-08 14:00:07,027 [INFO] Last epoch loss evaluation: train_loss = 0.003135, val_loss = 0.005128
2020-01-08 14:00:07,027 [INFO] Training complete. time_to_train = 173.27 sec, 2.89 min
2020-01-08 14:00:07,030 [INFO] Model saved to results_additional_exps/ann_depth_nsl_layers_1/best_model.pickle
2020-01-08 14:00:07,034 [INFO] Training history saved to: results_additional_exps/ann_depth_nsl_layers_1/training_error_history.csv
2020-01-08 14:00:07,225 [INFO] Plot saved to: results_additional_exps/ann_depth_nsl_layers_1/training_error_history.png
2020-01-08 14:00:07,393 [INFO] Plot saved to: results_additional_exps/ann_depth_nsl_layers_1/training_f1_history.png
2020-01-08 14:00:07,393 [INFO] Making predictions on training, validation, testing data
2020-01-08 14:00:08,601 [INFO] Evaluating predictions (results)
2020-01-08 14:00:08,953 [INFO] Dataset: Testing. Classification report below
2020-01-08 14:00:08,953 [INFO] 
              precision    recall  f1-score   support

         dos       0.97      0.84      0.90      7458
      normal       0.68      0.97      0.80      9711
       probe       0.84      0.67      0.74      2421
         r2l       0.95      0.10      0.18      2421
         u2r       0.70      0.04      0.07       533

   micro avg       0.78      0.78      0.78     22544
   macro avg       0.83      0.52      0.54     22544
weighted avg       0.82      0.78      0.74     22544

2020-01-08 14:00:08,953 [INFO] Overall accuracy (micro avg): 0.7778122782114976
2020-01-08 14:00:09,250 [INFO] Average metrics for Testing dataset below
   average type  avg accuracy  avg precision  avg detection rate (recall)  avg false alarm rate  avg false negative rate  avg f1
0     Micro avg        0.7778         0.7778                       0.7778                0.0555                   0.2222  0.7778
1     Macro avg        0.9111         0.8274                       0.5226                0.0757                   0.4774  0.5387
2  Weighted avg        0.8716         0.8209                       0.7778                0.1564                   0.2222  0.7417
2020-01-08 14:00:09,583 [INFO] Dataset: Validation. Classification report below
2020-01-08 14:00:09,583 [INFO] 
              precision    recall  f1-score   support

         dos       1.00      1.00      1.00      9186
      normal       1.00      1.00      1.00     13469
       probe       0.99      0.99      0.99      2331
         r2l       0.94      0.88      0.91       199
         u2r       0.86      0.60      0.71        10

   micro avg       1.00      1.00      1.00     25195
   macro avg       0.96      0.89      0.92     25195
weighted avg       1.00      1.00      1.00     25195

2020-01-08 14:00:09,583 [INFO] Overall accuracy (micro avg): 0.9965866243302243
2020-01-08 14:00:09,939 [INFO] Average metrics for Validation dataset below
   average type  avg accuracy  avg precision  avg detection rate (recall)  avg false alarm rate  avg false negative rate  avg f1
0     Micro avg        0.9966         0.9966                       0.9966                0.0009                   0.0034  0.9966
1     Macro avg        0.9986         0.9570                       0.8941                0.0011                   0.1059  0.9208
2  Weighted avg        0.9979         0.9965                       0.9966                0.0023                   0.0034  0.9965
2020-01-08 14:00:11,380 [INFO] Dataset: Training. Classification report below
2020-01-08 14:00:11,380 [INFO] 
              precision    recall  f1-score   support

         dos       1.00      1.00      1.00     36741
      normal       1.00      1.00      1.00     53874
       probe       1.00      1.00      1.00      9325
         r2l       0.94      0.89      0.91       796
         u2r       0.97      0.74      0.84        42

   micro avg       1.00      1.00      1.00    100778
   macro avg       0.98      0.92      0.95    100778
weighted avg       1.00      1.00      1.00    100778

2020-01-08 14:00:11,380 [INFO] Overall accuracy (micro avg): 0.9974200718410764
2020-01-08 14:00:13,001 [INFO] Average metrics for Training dataset below
   average type  avg accuracy  avg precision  avg detection rate (recall)  avg false alarm rate  avg false negative rate  avg f1
0     Micro avg        0.9974         0.9974                       0.9974                0.0006                   0.0026  0.9974
1     Macro avg        0.9990         0.9795                       0.9240                0.0009                   0.0760  0.9485
2  Weighted avg        0.9984         0.9974                       0.9974                0.0019                   0.0026  0.9974
2020-01-08 14:00:13,041 [INFO] Results saved to: results_additional_exps/ann_depth_nsl_layers_1/ann_depth_nsl_layers_1_results.xlsx
2020-01-08 14:00:13,041 [INFO] ================= Finished running experiment no. 1 ================= 

2020-01-08 14:00:13,046 [INFO] Created directory: results_additional_exps/ann_depth_nsl_layers_2
