2019-12-27 06:25:31,078 [INFO] Initialized logging. log_filename = results_selected_models/selected_ids18_subset_ae_ann_deep_rep4/run_log.log
2019-12-27 06:25:31,078 [INFO] ================= Running experiment no. 4  ================= 

2019-12-27 06:25:31,078 [INFO] Experiment parameters given below
2019-12-27 06:25:31,078 [INFO] 
{'experiment_num': 4, 'results_dir': 'results_selected_models/selected_ids18_subset_ae_ann_deep_rep4', 'model_type': 'classifier', 'model': 'ae_ann', 'normal_label': 'BENIGN', 'scaling_type': 'NA', 'unsupervised_ratio': 0.25, 'ae_encoder_units': [128, 64, 32], 'ae_encoder_activations': ['relu', 'relu', 'relu'], 'ae_encoder_dropout_rates': [0.2, 0.2, 0.2], 'ae_encoder_l1_param': -1, 'ae_decoder_units': [64, 128], 'ae_decoder_activations': ['relu', 'relu'], 'ae_decoder_dropout_rates': [0.2, 0.2], 'output_activation': 'sigmoid', 'loss_function': 'binary_crossentropy', 'ae_epochs': 200, 'ann_layer_units': [64], 'ann_layer_activations': ['relu'], 'ann_layer_dropout_rates': [0.2], 'ann_epochs': 200, 'early_stop_patience': 50, 'batch_size': 256, 'dataset_dir': '../Datasets/small_datasets/ids2018', 'description': 'selected_ids18_subset_ae_ann_deep_rep4'}
2019-12-27 06:25:31,078 [INFO] Created tensorboard log directory: results_selected_models/selected_ids18_subset_ae_ann_deep_rep4/tf_logs_run_2019_12_27-06_25_31
2019-12-27 06:25:31,078 [INFO] Loading datsets from: ../Datasets/small_datasets/ids2018
2019-12-27 06:25:31,079 [INFO] Reading X, y files
2019-12-27 06:25:31,079 [INFO] Reading HDF dataset ../Datasets/small_datasets/ids2018/X_train.h5
2019-12-27 06:25:35,140 [INFO] Reading complete. time_to_read=4.06 seconds
2019-12-27 06:25:35,140 [INFO] Reading HDF dataset ../Datasets/small_datasets/ids2018/X_val.h5
2019-12-27 06:25:36,531 [INFO] Reading complete. time_to_read=1.39 seconds
2019-12-27 06:25:36,531 [INFO] Reading HDF dataset ../Datasets/small_datasets/ids2018/X_test.h5
2019-12-27 06:25:37,921 [INFO] Reading complete. time_to_read=1.39 seconds
2019-12-27 06:25:37,922 [INFO] Reading HDF dataset ../Datasets/small_datasets/ids2018/y_train.h5
2019-12-27 06:25:38,196 [INFO] Reading complete. time_to_read=0.27 seconds
2019-12-27 06:25:38,196 [INFO] Reading HDF dataset ../Datasets/small_datasets/ids2018/y_val.h5
2019-12-27 06:25:38,292 [INFO] Reading complete. time_to_read=0.10 seconds
2019-12-27 06:25:38,293 [INFO] Reading HDF dataset ../Datasets/small_datasets/ids2018/y_test.h5
2019-12-27 06:25:38,389 [INFO] Reading complete. time_to_read=0.10 seconds
2019-12-27 06:25:41,726 [INFO] Initializing model
2019-12-27 06:25:42,428 [INFO] _________________________________________________________________
2019-12-27 06:25:42,428 [INFO] Layer (type)                 Output Shape              Param #   
2019-12-27 06:25:42,429 [INFO] =================================================================
2019-12-27 06:25:42,429 [INFO] dense_165 (Dense)            (None, 128)               9984      
2019-12-27 06:25:42,429 [INFO] _________________________________________________________________
2019-12-27 06:25:42,429 [INFO] batch_normalization_119 (Bat (None, 128)               512       
2019-12-27 06:25:42,429 [INFO] _________________________________________________________________
2019-12-27 06:25:42,429 [INFO] dropout_119 (Dropout)        (None, 128)               0         
2019-12-27 06:25:42,429 [INFO] _________________________________________________________________
2019-12-27 06:25:42,429 [INFO] dense_166 (Dense)            (None, 64)                8256      
2019-12-27 06:25:42,429 [INFO] _________________________________________________________________
2019-12-27 06:25:42,429 [INFO] batch_normalization_120 (Bat (None, 64)                256       
2019-12-27 06:25:42,429 [INFO] _________________________________________________________________
2019-12-27 06:25:42,429 [INFO] dropout_120 (Dropout)        (None, 64)                0         
2019-12-27 06:25:42,430 [INFO] _________________________________________________________________
2019-12-27 06:25:42,430 [INFO] dense_167 (Dense)            (None, 32)                2080      
2019-12-27 06:25:42,430 [INFO] _________________________________________________________________
2019-12-27 06:25:42,430 [INFO] batch_normalization_121 (Bat (None, 32)                128       
2019-12-27 06:25:42,430 [INFO] _________________________________________________________________
2019-12-27 06:25:42,430 [INFO] dropout_121 (Dropout)        (None, 32)                0         
2019-12-27 06:25:42,430 [INFO] _________________________________________________________________
2019-12-27 06:25:42,430 [INFO] dense_168 (Dense)            (None, 64)                2112      
2019-12-27 06:25:42,430 [INFO] _________________________________________________________________
2019-12-27 06:25:42,430 [INFO] batch_normalization_122 (Bat (None, 64)                256       
2019-12-27 06:25:42,430 [INFO] _________________________________________________________________
2019-12-27 06:25:42,430 [INFO] dropout_122 (Dropout)        (None, 64)                0         
2019-12-27 06:25:42,431 [INFO] _________________________________________________________________
2019-12-27 06:25:42,431 [INFO] dense_169 (Dense)            (None, 128)               8320      
2019-12-27 06:25:42,431 [INFO] _________________________________________________________________
2019-12-27 06:25:42,431 [INFO] batch_normalization_123 (Bat (None, 128)               512       
2019-12-27 06:25:42,431 [INFO] _________________________________________________________________
2019-12-27 06:25:42,431 [INFO] dropout_123 (Dropout)        (None, 128)               0         
2019-12-27 06:25:42,431 [INFO] _________________________________________________________________
2019-12-27 06:25:42,431 [INFO] dense_170 (Dense)            (None, 77)                9933      
2019-12-27 06:25:42,431 [INFO] =================================================================
2019-12-27 06:25:42,432 [INFO] Total params: 42,349
2019-12-27 06:25:42,432 [INFO] Trainable params: 41,517
2019-12-27 06:25:42,432 [INFO] Non-trainable params: 832
2019-12-27 06:25:42,432 [INFO] _________________________________________________________________
2019-12-27 06:25:42,599 [INFO] _________________________________________________________________
2019-12-27 06:25:42,600 [INFO] Layer (type)                 Output Shape              Param #   
2019-12-27 06:25:42,600 [INFO] =================================================================
2019-12-27 06:25:42,600 [INFO] dense_171 (Dense)            (None, 64)                2112      
2019-12-27 06:25:42,600 [INFO] _________________________________________________________________
2019-12-27 06:25:42,600 [INFO] batch_normalization_124 (Bat (None, 64)                256       
2019-12-27 06:25:42,600 [INFO] _________________________________________________________________
2019-12-27 06:25:42,600 [INFO] dropout_124 (Dropout)        (None, 64)                0         
2019-12-27 06:25:42,600 [INFO] _________________________________________________________________
2019-12-27 06:25:42,600 [INFO] dense_172 (Dense)            (None, 15)                975       
2019-12-27 06:25:42,600 [INFO] =================================================================
2019-12-27 06:25:42,601 [INFO] Total params: 3,343
2019-12-27 06:25:42,601 [INFO] Trainable params: 3,215
2019-12-27 06:25:42,601 [INFO] Non-trainable params: 128
2019-12-27 06:25:42,601 [INFO] _________________________________________________________________
2019-12-27 06:25:42,601 [INFO] Training model
2019-12-27 06:25:42,601 [INFO] Splitting train set into 2 sets (unsupervised, supervised), random_seed = None
2019-12-27 06:26:14,142 [INFO] Split sizes (instances). total = 1936462, unsupervised = 484115, supervised = 1452347, unsupervised dataset hash = 98285dd0fbc87d4b14206f71ead8df971d2c98b5
2019-12-27 06:26:14,142 [INFO] Training autoencoder
2019-12-27 06:38:26,622 [INFO] epoch = 20. Intermediate model saved to results_selected_models/selected_ids18_subset_ae_ann_deep_rep4/ae_model_epoch_20.pickle
2019-12-27 06:49:34,129 [INFO] epoch = 40. Intermediate model saved to results_selected_models/selected_ids18_subset_ae_ann_deep_rep4/ae_model_epoch_40.pickle
2019-12-27 07:00:40,523 [INFO] epoch = 60. Intermediate model saved to results_selected_models/selected_ids18_subset_ae_ann_deep_rep4/ae_model_epoch_60.pickle
2019-12-27 07:11:48,251 [INFO] epoch = 80. Intermediate model saved to results_selected_models/selected_ids18_subset_ae_ann_deep_rep4/ae_model_epoch_80.pickle
2019-12-27 07:22:54,685 [INFO] epoch = 100. Intermediate model saved to results_selected_models/selected_ids18_subset_ae_ann_deep_rep4/ae_model_epoch_100.pickle
2019-12-27 07:34:02,195 [INFO] epoch = 120. Intermediate model saved to results_selected_models/selected_ids18_subset_ae_ann_deep_rep4/ae_model_epoch_120.pickle
2019-12-27 07:45:08,562 [INFO] epoch = 140. Intermediate model saved to results_selected_models/selected_ids18_subset_ae_ann_deep_rep4/ae_model_epoch_140.pickle
2019-12-27 07:56:16,129 [INFO] epoch = 160. Intermediate model saved to results_selected_models/selected_ids18_subset_ae_ann_deep_rep4/ae_model_epoch_160.pickle
2019-12-27 08:07:22,895 [INFO] epoch = 180. Intermediate model saved to results_selected_models/selected_ids18_subset_ae_ann_deep_rep4/ae_model_epoch_180.pickle
2019-12-27 08:17:57,256 [INFO] WeightRestorer::on_train_end(): restoring best weights
2019-12-27 08:19:33,798 [INFO] Last epoch loss evaluation: train_loss = -3.664756, val_loss = -3.668352
2019-12-27 08:19:33,798 [INFO] Training autoencoder complete
2019-12-27 08:19:33,798 [INFO] Encoding data for supervised training
2019-12-27 08:21:42,225 [INFO] Encoding complete
2019-12-27 08:21:42,226 [INFO] Training neural network layers (after autoencoder)
2019-12-27 08:44:43,199 [INFO] epoch = 20. Intermediate model saved to results_selected_models/selected_ids18_subset_ae_ann_deep_rep4/ann_model_epoch_20.pickle
2019-12-27 09:06:45,227 [INFO] epoch = 40. Intermediate model saved to results_selected_models/selected_ids18_subset_ae_ann_deep_rep4/ann_model_epoch_40.pickle
2019-12-27 09:28:59,582 [INFO] epoch = 60. Intermediate model saved to results_selected_models/selected_ids18_subset_ae_ann_deep_rep4/ann_model_epoch_60.pickle
2019-12-27 09:51:13,640 [INFO] epoch = 80. Intermediate model saved to results_selected_models/selected_ids18_subset_ae_ann_deep_rep4/ann_model_epoch_80.pickle
2019-12-27 10:13:23,804 [INFO] epoch = 100. Intermediate model saved to results_selected_models/selected_ids18_subset_ae_ann_deep_rep4/ann_model_epoch_100.pickle
2019-12-27 10:35:39,590 [INFO] epoch = 120. Intermediate model saved to results_selected_models/selected_ids18_subset_ae_ann_deep_rep4/ann_model_epoch_120.pickle
2019-12-27 10:57:56,040 [INFO] epoch = 140. Intermediate model saved to results_selected_models/selected_ids18_subset_ae_ann_deep_rep4/ann_model_epoch_140.pickle
2019-12-27 11:20:07,048 [INFO] epoch = 160. Intermediate model saved to results_selected_models/selected_ids18_subset_ae_ann_deep_rep4/ann_model_epoch_160.pickle
2019-12-27 11:42:21,342 [INFO] epoch = 180. Intermediate model saved to results_selected_models/selected_ids18_subset_ae_ann_deep_rep4/ann_model_epoch_180.pickle
2019-12-27 12:04:05,700 [INFO] WeightRestorer::on_train_end(): restoring best weights
2019-12-27 12:06:08,827 [INFO] Last epoch loss evaluation: train_loss = 0.007848, val_loss = 0.007874
2019-12-27 12:06:08,836 [INFO] Training complete. time_to_train = 20426.24 sec, 340.44 min
2019-12-27 12:06:08,873 [INFO] Model saved to results_selected_models/selected_ids18_subset_ae_ann_deep_rep4/best_model.pickle
2019-12-27 12:06:09,059 [INFO] Plot saved to: results_selected_models/selected_ids18_subset_ae_ann_deep_rep4/training_error_history.png
2019-12-27 12:06:09,253 [INFO] Plot saved to: results_selected_models/selected_ids18_subset_ae_ann_deep_rep4/training_f1_history.png
2019-12-27 12:06:09,254 [INFO] Making predictions on training, validation, testing data
2019-12-27 12:12:18,273 [INFO] Evaluating predictions (results)
2019-12-27 12:12:41,440 [INFO] Dataset: Testing. Classification report below
2019-12-27 12:12:41,440 [INFO] 
                          precision    recall  f1-score   support

                  Benign       0.99      1.00      0.99    535650
                     Bot       1.00      1.00      1.00     11465
        Brute Force -Web       0.00      0.00      0.00        24
        Brute Force -XSS       1.00      0.33      0.50         9
        DDOS attack-HOIC       1.00      1.00      1.00     27447
    DDOS attack-LOIC-UDP       0.71      1.00      0.83        67
  DDoS attacks-LOIC-HTTP       0.99      0.99      0.99     23010
   DoS attacks-GoldenEye       0.99      1.00      0.99      1651
        DoS attacks-Hulk       1.00      1.00      1.00     18478
DoS attacks-SlowHTTPTest       0.75      0.49      0.59      5596
   DoS attacks-Slowloris       0.94      0.96      0.95       440
          FTP-BruteForce       0.70      0.88      0.78      7718
           Infilteration       0.39      0.00      0.01      6404
           SQL Injection       0.00      0.00      0.00         4
          SSH-Bruteforce       1.00      1.00      1.00      7525

                accuracy                           0.98    645488
               macro avg       0.76      0.71      0.71    645488
            weighted avg       0.98      0.98      0.98    645488

2019-12-27 12:12:41,440 [INFO] Overall accuracy (micro avg): 0.9833893116525791
2019-12-27 12:13:06,375 [INFO] Average metrics for Testing dataset below
   average type  avg accuracy  avg precision  avg detection rate (recall)  avg false alarm rate  avg false negative rate  avg f1
0     Micro avg        0.9834         0.9834                       0.9834                0.0012                   0.0166  0.9834
1     Macro avg        0.9978         0.7630                       0.7098                0.0044                   0.2902  0.7085
2  Weighted avg        0.9909         0.9776                       0.9834                0.0500                   0.0166  0.9782
2019-12-27 12:13:29,509 [INFO] Dataset: Validation. Classification report below
2019-12-27 12:13:29,509 [INFO] 
                          precision    recall  f1-score   support

                  Benign       0.99      1.00      0.99    535650
                     Bot       1.00      1.00      1.00     11465
        Brute Force -Web       0.00      0.00      0.00        25
        Brute Force -XSS       1.00      0.67      0.80         9
        DDOS attack-HOIC       1.00      1.00      1.00     27447
    DDOS attack-LOIC-UDP       0.76      0.99      0.86        68
  DDoS attacks-LOIC-HTTP       0.99      0.99      0.99     23009
   DoS attacks-GoldenEye       0.99      0.99      0.99      1651
        DoS attacks-Hulk       1.00      1.00      1.00     18478
DoS attacks-SlowHTTPTest       0.76      0.48      0.59      5596
   DoS attacks-Slowloris       0.93      0.95      0.94       439
          FTP-BruteForce       0.70      0.89      0.78      7718
           Infilteration       0.46      0.00      0.00      6403
           SQL Injection       0.00      0.00      0.00         4
          SSH-Bruteforce       1.00      1.00      1.00      7525

                accuracy                           0.98    645487
               macro avg       0.77      0.73      0.73    645487
            weighted avg       0.98      0.98      0.98    645487

2019-12-27 12:13:29,509 [INFO] Overall accuracy (micro avg): 0.9834837882095224
2019-12-27 12:13:54,415 [INFO] Average metrics for Validation dataset below
   average type  avg accuracy  avg precision  avg detection rate (recall)  avg false alarm rate  avg false negative rate  avg f1
0     Micro avg        0.9835         0.9835                       0.9835                0.0012                   0.0165  0.9835
1     Macro avg        0.9978         0.7720                       0.7306                0.0044                   0.2694  0.7304
2  Weighted avg        0.9909         0.9784                       0.9835                0.0498                   0.0165  0.9783
2019-12-27 12:15:10,259 [INFO] Dataset: Training. Classification report below
2019-12-27 12:15:10,260 [INFO] 
                          precision    recall  f1-score   support

                  Benign       0.99      1.00      0.99   1606949
                     Bot       1.00      1.00      1.00     34396
        Brute Force -Web       0.00      0.00      0.00        73
        Brute Force -XSS       1.00      0.50      0.67        26
        DDOS attack-HOIC       1.00      1.00      1.00     82341
    DDOS attack-LOIC-UDP       0.73      0.98      0.84       203
  DDoS attacks-LOIC-HTTP       0.99      0.99      0.99     69029
   DoS attacks-GoldenEye       0.99      1.00      0.99      4954
        DoS attacks-Hulk       1.00      1.00      1.00     55435
DoS attacks-SlowHTTPTest       0.75      0.48      0.59     16787
   DoS attacks-Slowloris       0.95      0.97      0.96      1318
          FTP-BruteForce       0.70      0.88      0.78     23153
           Infilteration       0.45      0.00      0.01     19210
           SQL Injection       0.00      0.00      0.00        12
          SSH-Bruteforce       1.00      1.00      1.00     22576

                accuracy                           0.98   1936462
               macro avg       0.77      0.72      0.72   1936462
            weighted avg       0.98      0.98      0.98   1936462

2019-12-27 12:15:10,260 [INFO] Overall accuracy (micro avg): 0.9834073686961066
2019-12-27 12:16:31,978 [INFO] Average metrics for Training dataset below
   average type  avg accuracy  avg precision  avg detection rate (recall)  avg false alarm rate  avg false negative rate  avg f1
0     Micro avg        0.9834         0.9834                       0.9834                0.0012                   0.0166  0.9834
1     Macro avg        0.9978         0.7699                       0.7203                0.0044                   0.2797  0.7209
2  Weighted avg        0.9909         0.9783                       0.9834                0.0498                   0.0166  0.9782
2019-12-27 12:16:32,051 [INFO] Results saved to: results_selected_models/selected_ids18_subset_ae_ann_deep_rep4/selected_ids18_subset_ae_ann_deep_rep4_results.xlsx
2019-12-27 12:16:32,056 [INFO] ================= Finished running experiment no. 4 ================= 

2019-12-27 12:16:32,107 [INFO] Created directory: results_selected_models/selected_ids18_subset_ae_ann_deep_rep5
