2019-12-20 19:04:15,192 [INFO] Initialized logging. log_filename = results_selected_models/selected_ids18_subset_rf_3/run_log.log
2019-12-20 19:04:15,192 [INFO] ================= Running experiment no. 3  ================= 

2019-12-20 19:04:15,192 [INFO] Experiment parameters given below
2019-12-20 19:04:15,192 [INFO] 
{'experiment_num': 3, 'results_dir': 'results_selected_models/selected_ids18_subset_rf_3', 'model_type': 'classifier', 'model': 'rf', 'normal_label': 'BENIGN', 'training_data_feed': 'preload', 'scaling_type': 'NA', 'num_trees': 100, 'min_samples_for_split': 2, 'randomize_state': 1, 'training_set': 'train_set_only', 'dataset_dir': '../Datasets/small_datasets/ids2018', 'description': 'selected_ids18_subset_rf_3'}
2019-12-20 19:04:15,192 [INFO] Created tensorboard log directory: results_selected_models/selected_ids18_subset_rf_3/tf_logs_run_2019_12_20-19_04_15
2019-12-20 19:04:15,192 [INFO] Loading datsets from: ../Datasets/small_datasets/ids2018
2019-12-20 19:04:15,192 [INFO] Reading X, y files
2019-12-20 19:04:15,192 [INFO] Reading HDF dataset ../Datasets/small_datasets/ids2018/X_train.h5
2019-12-20 19:04:20,350 [INFO] Reading complete. time_to_read=5.16 seconds
2019-12-20 19:04:20,351 [INFO] Reading HDF dataset ../Datasets/small_datasets/ids2018/X_val.h5
2019-12-20 19:04:21,865 [INFO] Reading complete. time_to_read=1.51 seconds
2019-12-20 19:04:21,865 [INFO] Reading HDF dataset ../Datasets/small_datasets/ids2018/X_test.h5
2019-12-20 19:04:23,375 [INFO] Reading complete. time_to_read=1.51 seconds
2019-12-20 19:04:23,375 [INFO] Reading HDF dataset ../Datasets/small_datasets/ids2018/y_train.h5
2019-12-20 19:04:23,670 [INFO] Reading complete. time_to_read=0.30 seconds
2019-12-20 19:04:23,671 [INFO] Reading HDF dataset ../Datasets/small_datasets/ids2018/y_val.h5
2019-12-20 19:04:23,766 [INFO] Reading complete. time_to_read=0.10 seconds
2019-12-20 19:04:23,767 [INFO] Reading HDF dataset ../Datasets/small_datasets/ids2018/y_test.h5
2019-12-20 19:04:23,860 [INFO] Reading complete. time_to_read=0.09 seconds
2019-12-20 19:04:27,492 [INFO] Initializing model
2019-12-20 19:04:27,492 [INFO] Training model
2019-12-20 19:17:05,474 [INFO] Training complete. time_to_train = 757.98 sec, 12.63 min
2019-12-20 19:17:07,878 [INFO] Model saved to results_selected_models/selected_ids18_subset_rf_3/best_model.pickle
2019-12-20 19:17:07,878 [INFO] Making predictions on training, validation, testing data
2019-12-20 19:20:02,187 [INFO] Evaluating predictions (results)
2019-12-20 19:20:14,185 [INFO] Dataset: Testing. Classification report below
2019-12-20 19:20:14,185 [INFO] 
                          precision    recall  f1-score   support

                  Benign       0.99      1.00      0.99    535650
                     Bot       0.99      1.00      1.00     11465
        Brute Force -Web       1.00      0.33      0.50        24
        Brute Force -XSS       1.00      0.33      0.50         9
        DDOS attack-HOIC       1.00      1.00      1.00     27447
    DDOS attack-LOIC-UDP       0.80      0.91      0.85        67
  DDoS attacks-LOIC-HTTP       1.00      1.00      1.00     23010
   DoS attacks-GoldenEye       1.00      1.00      1.00      1651
        DoS attacks-Hulk       1.00      1.00      1.00     18478
DoS attacks-SlowHTTPTest       0.76      0.51      0.61      5596
   DoS attacks-Slowloris       1.00      0.98      0.99       440
          FTP-BruteForce       0.72      0.88      0.79      7718
           Infilteration       0.34      0.05      0.08      6404
           SQL Injection       1.00      0.25      0.40         4
          SSH-Bruteforce       1.00      1.00      1.00      7525

               micro avg       0.98      0.98      0.98    645488
               macro avg       0.91      0.75      0.78    645488
            weighted avg       0.98      0.98      0.98    645488

2019-12-20 19:20:14,185 [INFO] Overall accuracy (micro avg): 0.983624792405126
2019-12-20 19:20:27,836 [INFO] Average metrics for Testing dataset below
   average type  avg accuracy  avg precision  avg detection rate (recall)  avg false alarm rate  avg false negative rate  avg f1
0     Micro avg        0.9836         0.9836                       0.9836                0.0012                   0.0164  0.9836
1     Macro avg        0.9978         0.9065                       0.7497                0.0042                   0.2503  0.7810
2  Weighted avg        0.9909         0.9782                       0.9836                0.0472                   0.0164  0.9794
2019-12-20 19:20:39,868 [INFO] Dataset: Validation. Classification report below
2019-12-20 19:20:39,868 [INFO] 
                          precision    recall  f1-score   support

                  Benign       0.99      1.00      0.99    535650
                     Bot       0.99      1.00      1.00     11465
        Brute Force -Web       1.00      0.44      0.61        25
        Brute Force -XSS       1.00      0.67      0.80         9
        DDOS attack-HOIC       1.00      1.00      1.00     27447
    DDOS attack-LOIC-UDP       0.88      0.87      0.87        68
  DDoS attacks-LOIC-HTTP       1.00      1.00      1.00     23009
   DoS attacks-GoldenEye       1.00      1.00      1.00      1651
        DoS attacks-Hulk       1.00      1.00      1.00     18478
DoS attacks-SlowHTTPTest       0.78      0.51      0.62      5596
   DoS attacks-Slowloris       1.00      0.98      0.99       439
          FTP-BruteForce       0.72      0.89      0.80      7718
           Infilteration       0.33      0.05      0.08      6403
           SQL Injection       1.00      0.25      0.40         4
          SSH-Bruteforce       1.00      1.00      1.00      7525

               micro avg       0.98      0.98      0.98    645487
               macro avg       0.91      0.78      0.81    645487
            weighted avg       0.98      0.98      0.98    645487

2019-12-20 19:20:39,868 [INFO] Overall accuracy (micro avg): 0.9837425075950407
2019-12-20 19:20:53,514 [INFO] Average metrics for Validation dataset below
   average type  avg accuracy  avg precision  avg detection rate (recall)  avg false alarm rate  avg false negative rate  avg f1
0     Micro avg        0.9837         0.9837                       0.9837                0.0012                   0.0163  0.9837
1     Macro avg        0.9978         0.9122                       0.7769                0.0042                   0.2231  0.8105
2  Weighted avg        0.9909         0.9783                       0.9837                0.0469                   0.0163  0.9796
2019-12-20 19:21:32,767 [INFO] Dataset: Training. Classification report below
2019-12-20 19:21:32,767 [INFO] 
                          precision    recall  f1-score   support

                  Benign       0.99      1.00      1.00   1606949
                     Bot       0.99      1.00      1.00     34396
        Brute Force -Web       1.00      0.42      0.60        73
        Brute Force -XSS       1.00      0.58      0.73        26
        DDOS attack-HOIC       1.00      1.00      1.00     82341
    DDOS attack-LOIC-UDP       1.00      1.00      1.00       203
  DDoS attacks-LOIC-HTTP       1.00      1.00      1.00     69029
   DoS attacks-GoldenEye       1.00      1.00      1.00      4954
        DoS attacks-Hulk       1.00      1.00      1.00     55435
DoS attacks-SlowHTTPTest       0.77      0.51      0.61     16787
   DoS attacks-Slowloris       1.00      1.00      1.00      1318
          FTP-BruteForce       0.71      0.89      0.79     23153
           Infilteration       0.99      0.43      0.60     19210
           SQL Injection       1.00      0.67      0.80        12
          SSH-Bruteforce       1.00      1.00      1.00     22576

               micro avg       0.99      0.99      0.99   1936462
               macro avg       0.96      0.83      0.87   1936462
            weighted avg       0.99      0.99      0.99   1936462

2019-12-20 19:21:32,767 [INFO] Overall accuracy (micro avg): 0.9884815710300537
2019-12-20 19:22:17,360 [INFO] Average metrics for Training dataset below
   average type  avg accuracy  avg precision  avg detection rate (recall)  avg false alarm rate  avg false negative rate  avg f1
0     Micro avg        0.9885         0.9885                       0.9885                0.0008                   0.0115  0.9885
1     Macro avg        0.9985         0.9642                       0.8328                0.0026                   0.1672  0.8749
2  Weighted avg        0.9949         0.9886                       0.9885                0.0281                   0.0115  0.9871
2019-12-20 19:22:17,419 [INFO] Results saved to: results_selected_models/selected_ids18_subset_rf_3/selected_ids18_subset_rf_3_results.xlsx
2019-12-20 19:22:17,460 [INFO] ================= Finished running experiment no. 3 ================= 

2019-12-20 19:22:17,554 [INFO] Created directory: results_selected_models/selected_ids18_subset_rf_4
