2020-01-08 11:24:56,259 [INFO] Initialized logging. log_filename = results_additional_exps/semi_sup_perf_ids18_subset_ann_rep3/run_log.log
2020-01-08 11:24:56,259 [INFO] ================= Running experiment no. 3  ================= 

2020-01-08 11:24:56,259 [INFO] Experiment parameters given below
2020-01-08 11:24:56,259 [INFO] 
{'experiment_num': 3, 'results_dir': 'results_additional_exps/semi_sup_perf_ids18_subset_ann_rep3', 'model_type': 'classifier', 'model': 'ann', 'normal_label': 'BENIGN', 'training_data_feed': 'preload', 'split_random_seed': 42, 'dataset_split_ratio': 0.75, 'ann_layer_units': [64], 'ann_layer_activations': ['relu'], 'ann_layer_dropout_rates': [0.2], 'epochs': 200, 'early_stop_patience': 50, 'batch_size': 256, 'training_set': 'train_set_only', 'dataset_dir': '../Datasets/small_datasets/ids2018', 'description': 'semi_sup_perf_ids18_subset_ann_rep3'}
2020-01-08 11:24:56,259 [INFO] Created tensorboard log directory: results_additional_exps/semi_sup_perf_ids18_subset_ann_rep3/tf_logs_run_2020_01_08-11_24_56
2020-01-08 11:24:56,259 [INFO] Loading datsets from: ../Datasets/small_datasets/ids2018
2020-01-08 11:24:56,259 [INFO] Reading X, y files
2020-01-08 11:24:56,259 [INFO] Reading HDF dataset ../Datasets/small_datasets/ids2018/X_train.h5
2020-01-08 11:25:00,583 [INFO] Reading complete. time_to_read=4.32 seconds
2020-01-08 11:25:00,583 [INFO] Reading HDF dataset ../Datasets/small_datasets/ids2018/X_val.h5
2020-01-08 11:25:02,064 [INFO] Reading complete. time_to_read=1.48 seconds
2020-01-08 11:25:02,065 [INFO] Reading HDF dataset ../Datasets/small_datasets/ids2018/X_test.h5
2020-01-08 11:25:03,546 [INFO] Reading complete. time_to_read=1.48 seconds
2020-01-08 11:25:03,547 [INFO] Reading HDF dataset ../Datasets/small_datasets/ids2018/y_train.h5
2020-01-08 11:25:03,790 [INFO] Reading complete. time_to_read=0.24 seconds
2020-01-08 11:25:03,790 [INFO] Reading HDF dataset ../Datasets/small_datasets/ids2018/y_val.h5
2020-01-08 11:25:03,868 [INFO] Reading complete. time_to_read=0.08 seconds
2020-01-08 11:25:03,868 [INFO] Reading HDF dataset ../Datasets/small_datasets/ids2018/y_test.h5
2020-01-08 11:25:03,945 [INFO] Reading complete. time_to_read=0.08 seconds
2020-01-08 11:25:07,562 [INFO] Initializing model
2020-01-08 11:25:07,665 [INFO] _________________________________________________________________
2020-01-08 11:25:07,665 [INFO] Layer (type)                 Output Shape              Param #   
2020-01-08 11:25:07,665 [INFO] =================================================================
2020-01-08 11:25:07,666 [INFO] dense_5 (Dense)              (None, 64)                4992      
2020-01-08 11:25:07,666 [INFO] _________________________________________________________________
2020-01-08 11:25:07,666 [INFO] batch_normalization_3 (Batch (None, 64)                256       
2020-01-08 11:25:07,666 [INFO] _________________________________________________________________
2020-01-08 11:25:07,666 [INFO] dropout_3 (Dropout)          (None, 64)                0         
2020-01-08 11:25:07,666 [INFO] _________________________________________________________________
2020-01-08 11:25:07,666 [INFO] dense_6 (Dense)              (None, 15)                975       
2020-01-08 11:25:07,666 [INFO] =================================================================
2020-01-08 11:25:07,666 [INFO] Total params: 6,223
2020-01-08 11:25:07,666 [INFO] Trainable params: 6,095
2020-01-08 11:25:07,666 [INFO] Non-trainable params: 128
2020-01-08 11:25:07,666 [INFO] _________________________________________________________________
2020-01-08 11:25:07,666 [INFO] Training model
2020-01-08 11:25:07,666 [INFO] Splitting train set into 2 sets (set1, set2), random_seed = 42
2020-01-08 11:25:29,099 [INFO] Split sizes (instances). total = 1936462, set1 = 1452346, set2 = 484116, set1 dataset hash = 451b88645977a5a563e4faa1956ec3ea034501bc
2020-01-08 11:29:34,709 [INFO] epoch = 20. Intermediate model saved to results_additional_exps/semi_sup_perf_ids18_subset_ann_rep3/ann_model_epoch_20.pickle
2020-01-08 11:33:33,417 [INFO] epoch = 40. Intermediate model saved to results_additional_exps/semi_sup_perf_ids18_subset_ann_rep3/ann_model_epoch_40.pickle
2020-01-08 11:37:32,912 [INFO] epoch = 60. Intermediate model saved to results_additional_exps/semi_sup_perf_ids18_subset_ann_rep3/ann_model_epoch_60.pickle
2020-01-08 11:41:31,305 [INFO] epoch = 80. Intermediate model saved to results_additional_exps/semi_sup_perf_ids18_subset_ann_rep3/ann_model_epoch_80.pickle
2020-01-08 11:45:30,027 [INFO] epoch = 100. Intermediate model saved to results_additional_exps/semi_sup_perf_ids18_subset_ann_rep3/ann_model_epoch_100.pickle
2020-01-08 11:49:28,526 [INFO] epoch = 120. Intermediate model saved to results_additional_exps/semi_sup_perf_ids18_subset_ann_rep3/ann_model_epoch_120.pickle
2020-01-08 11:53:27,240 [INFO] epoch = 140. Intermediate model saved to results_additional_exps/semi_sup_perf_ids18_subset_ann_rep3/ann_model_epoch_140.pickle
2020-01-08 11:57:26,949 [INFO] epoch = 160. Intermediate model saved to results_additional_exps/semi_sup_perf_ids18_subset_ann_rep3/ann_model_epoch_160.pickle
2020-01-08 12:01:26,670 [INFO] epoch = 180. Intermediate model saved to results_additional_exps/semi_sup_perf_ids18_subset_ann_rep3/ann_model_epoch_180.pickle
2020-01-08 12:02:44,313 [INFO] WeightRestorer::on_train_end(): restoring best weights
2020-01-08 12:02:57,727 [INFO] Last epoch loss evaluation: train_loss = 0.007792, val_loss = 0.007883
2020-01-08 12:02:57,767 [INFO] Training complete. time_to_train = 2270.10 sec, 37.84 min
2020-01-08 12:02:57,770 [INFO] Model saved to results_additional_exps/semi_sup_perf_ids18_subset_ann_rep3/best_model.pickle
2020-01-08 12:02:57,773 [INFO] Training history saved to: results_additional_exps/semi_sup_perf_ids18_subset_ann_rep3/training_error_history.csv
2020-01-08 12:02:57,948 [INFO] Plot saved to: results_additional_exps/semi_sup_perf_ids18_subset_ann_rep3/training_error_history.png
2020-01-08 12:02:58,134 [INFO] Plot saved to: results_additional_exps/semi_sup_perf_ids18_subset_ann_rep3/training_f1_history.png
2020-01-08 12:02:58,134 [INFO] Making predictions on training, validation, testing data
2020-01-08 12:03:26,501 [INFO] Evaluating predictions (results)
2020-01-08 12:03:38,580 [INFO] Dataset: Testing. Classification report below
2020-01-08 12:03:38,580 [INFO] 
                          precision    recall  f1-score   support

                  Benign       0.99      1.00      0.99    535650
                     Bot       1.00      1.00      1.00     11465
        Brute Force -Web       1.00      0.12      0.22        24
        Brute Force -XSS       0.75      0.33      0.46         9
        DDOS attack-HOIC       1.00      1.00      1.00     27447
    DDOS attack-LOIC-UDP       0.67      0.12      0.20        67
  DDoS attacks-LOIC-HTTP       0.99      0.99      0.99     23010
   DoS attacks-GoldenEye       0.99      1.00      1.00      1651
        DoS attacks-Hulk       1.00      1.00      1.00     18478
DoS attacks-SlowHTTPTest       0.73      0.46      0.57      5596
   DoS attacks-Slowloris       0.96      0.95      0.96       440
          FTP-BruteForce       0.69      0.87      0.77      7718
           Infilteration       0.34      0.01      0.02      6404
           SQL Injection       1.00      0.50      0.67         4
          SSH-Bruteforce       1.00      1.00      1.00      7525

               micro avg       0.98      0.98      0.98    645488
               macro avg       0.87      0.69      0.72    645488
            weighted avg       0.98      0.98      0.98    645488

2020-01-08 12:03:38,580 [INFO] Overall accuracy (micro avg): 0.9830872146345091
2020-01-08 12:03:52,333 [INFO] Average metrics for Testing dataset below
   average type  avg accuracy  avg precision  avg detection rate (recall)  avg false alarm rate  avg false negative rate  avg f1
0     Micro avg        0.9831         0.9831                       0.9831                0.0012                   0.0169  0.9831
1     Macro avg        0.9977         0.8741                       0.6911                0.0044                   0.3089  0.7233
2  Weighted avg        0.9909         0.9770                       0.9831                0.0496                   0.0169  0.9781
2020-01-08 12:04:04,319 [INFO] Dataset: Validation. Classification report below
2020-01-08 12:04:04,319 [INFO] 
                          precision    recall  f1-score   support

                  Benign       0.99      1.00      0.99    535650
                     Bot       1.00      1.00      1.00     11465
        Brute Force -Web       1.00      0.16      0.28        25
        Brute Force -XSS       0.86      0.67      0.75         9
        DDOS attack-HOIC       1.00      1.00      1.00     27447
    DDOS attack-LOIC-UDP       0.57      0.12      0.20        68
  DDoS attacks-LOIC-HTTP       0.99      0.99      0.99     23009
   DoS attacks-GoldenEye       0.99      1.00      0.99      1651
        DoS attacks-Hulk       1.00      1.00      1.00     18478
DoS attacks-SlowHTTPTest       0.73      0.46      0.56      5596
   DoS attacks-Slowloris       0.96      0.97      0.96       439
          FTP-BruteForce       0.69      0.88      0.77      7718
           Infilteration       0.35      0.01      0.02      6403
           SQL Injection       1.00      0.25      0.40         4
          SSH-Bruteforce       1.00      1.00      1.00      7525

               micro avg       0.98      0.98      0.98    645487
               macro avg       0.88      0.70      0.73    645487
            weighted avg       0.98      0.98      0.98    645487

2020-01-08 12:04:04,319 [INFO] Overall accuracy (micro avg): 0.9831243696619761
2020-01-08 12:04:17,919 [INFO] Average metrics for Validation dataset below
   average type  avg accuracy  avg precision  avg detection rate (recall)  avg false alarm rate  avg false negative rate  avg f1
0     Micro avg        0.9831         0.9831                       0.9831                0.0012                   0.0169  0.9831
1     Macro avg        0.9977         0.8753                       0.6999                0.0044                   0.3001  0.7281
2  Weighted avg        0.9909         0.9771                       0.9831                0.0494                   0.0169  0.9781
2020-01-08 12:04:57,713 [INFO] Dataset: Training. Classification report below
2020-01-08 12:04:57,713 [INFO] 
                          precision    recall  f1-score   support

                  Benign       0.99      1.00      0.99   1606949
                     Bot       1.00      1.00      1.00     34396
        Brute Force -Web       1.00      0.12      0.22        73
        Brute Force -XSS       0.81      0.50      0.62        26
        DDOS attack-HOIC       1.00      1.00      1.00     82341
    DDOS attack-LOIC-UDP       0.63      0.11      0.18       203
  DDoS attacks-LOIC-HTTP       0.99      0.99      0.99     69029
   DoS attacks-GoldenEye       0.99      1.00      1.00      4954
        DoS attacks-Hulk       1.00      1.00      1.00     55435
DoS attacks-SlowHTTPTest       0.73      0.46      0.56     16787
   DoS attacks-Slowloris       0.97      0.97      0.97      1318
          FTP-BruteForce       0.69      0.88      0.77     23153
           Infilteration       0.36      0.01      0.02     19210
           SQL Injection       1.00      0.33      0.50        12
          SSH-Bruteforce       1.00      1.00      1.00     22576

               micro avg       0.98      0.98      0.98   1936462
               macro avg       0.88      0.69      0.72   1936462
            weighted avg       0.98      0.98      0.98   1936462

2020-01-08 12:04:57,714 [INFO] Overall accuracy (micro avg): 0.9831259275937251
2020-01-08 12:05:42,904 [INFO] Average metrics for Training dataset below
   average type  avg accuracy  avg precision  avg detection rate (recall)  avg false alarm rate  avg false negative rate  avg f1
0     Micro avg        0.9831         0.9831                       0.9831                0.0012                   0.0169  0.9831
1     Macro avg        0.9978         0.8773                       0.6920                0.0044                   0.3080  0.7223
2  Weighted avg        0.9909         0.9772                       0.9831                0.0494                   0.0169  0.9781
2020-01-08 12:05:42,960 [INFO] Results saved to: results_additional_exps/semi_sup_perf_ids18_subset_ann_rep3/semi_sup_perf_ids18_subset_ann_rep3_results.xlsx
2020-01-08 12:05:42,965 [INFO] ================= Finished running experiment no. 3 ================= 

2020-01-08 12:05:43,046 [INFO] ================= Finished running 3 experiments ================= 

