2020-01-05 01:02:55,233 [INFO] Initialized logging. log_filename = results_additional_exps/ann_depth_ids18_subset_shallow_22/run_log.log
2020-01-05 01:02:55,233 [INFO] ================= Running experiment no. 12  ================= 

2020-01-05 01:02:55,233 [INFO] Experiment parameters given below
2020-01-05 01:02:55,233 [INFO] 
{'experiment_num': 12, 'results_dir': 'results_additional_exps/ann_depth_ids18_subset_shallow_22', 'model_type': 'classifier', 'model': 'ann', 'normal_label': 'BENIGN', 'training_data_feed': 'preload', 'scaling_type': 'NA', 'ann_layer_units': [2000, 1000, 500], 'ann_layer_activations': ['relu', 'relu', 'relu', 'relu', 'relu', 'relu', 'relu', 'relu', 'relu', 'relu', 'relu', 'relu', 'relu', 'relu', 'relu', 'relu', 'relu', 'relu', 'relu', 'relu'], 'ann_layer_dropout_rates': [0.2, 0.2, 0.2, 0.2, 0.2, 0.2, 0.2, 0.2, 0.2, 0.2, 0.2, 0.2, 0.2, 0.2, 0.2, 0.2, 0.2, 0.2, 0.2, 0.2], 'epochs': 200, 'early_stop_patience': 50, 'batch_size': 256, 'training_set': 'train_set_only', 'dataset_dir': '../Datasets/small_datasets/ids2018', 'description': 'ann_depth_ids18_subset_shallow_21'}
2020-01-05 01:02:55,233 [INFO] Created tensorboard log directory: results_additional_exps/ann_depth_ids18_subset_shallow_22/tf_logs_run_2020_01_05-01_02_55
2020-01-05 01:02:55,233 [INFO] Loading datsets from: ../Datasets/small_datasets/ids2018
2020-01-05 01:02:55,233 [INFO] Reading X, y files
2020-01-05 01:02:55,233 [INFO] Reading HDF dataset ../Datasets/small_datasets/ids2018/X_train.h5
2020-01-05 01:02:59,678 [INFO] Reading complete. time_to_read=4.44 seconds
2020-01-05 01:02:59,679 [INFO] Reading HDF dataset ../Datasets/small_datasets/ids2018/X_val.h5
2020-01-05 01:03:01,203 [INFO] Reading complete. time_to_read=1.52 seconds
2020-01-05 01:03:01,203 [INFO] Reading HDF dataset ../Datasets/small_datasets/ids2018/X_test.h5
2020-01-05 01:03:02,729 [INFO] Reading complete. time_to_read=1.53 seconds
2020-01-05 01:03:02,729 [INFO] Reading HDF dataset ../Datasets/small_datasets/ids2018/y_train.h5
2020-01-05 01:03:02,991 [INFO] Reading complete. time_to_read=0.26 seconds
2020-01-05 01:03:02,991 [INFO] Reading HDF dataset ../Datasets/small_datasets/ids2018/y_val.h5
2020-01-05 01:03:03,076 [INFO] Reading complete. time_to_read=0.08 seconds
2020-01-05 01:03:03,076 [INFO] Reading HDF dataset ../Datasets/small_datasets/ids2018/y_test.h5
2020-01-05 01:03:03,161 [INFO] Reading complete. time_to_read=0.08 seconds
2020-01-05 01:03:07,017 [INFO] Initializing model
2020-01-05 01:03:07,288 [INFO] _________________________________________________________________
2020-01-05 01:03:07,289 [INFO] Layer (type)                 Output Shape              Param #   
2020-01-05 01:03:07,289 [INFO] =================================================================
2020-01-05 01:03:07,289 [INFO] dense_5 (Dense)              (None, 2000)              156000    
2020-01-05 01:03:07,289 [INFO] _________________________________________________________________
2020-01-05 01:03:07,289 [INFO] batch_normalization_4 (Batch (None, 2000)              8000      
2020-01-05 01:03:07,289 [INFO] _________________________________________________________________
2020-01-05 01:03:07,289 [INFO] dropout_4 (Dropout)          (None, 2000)              0         
2020-01-05 01:03:07,289 [INFO] _________________________________________________________________
2020-01-05 01:03:07,289 [INFO] dense_6 (Dense)              (None, 1000)              2001000   
2020-01-05 01:03:07,289 [INFO] _________________________________________________________________
2020-01-05 01:03:07,289 [INFO] batch_normalization_5 (Batch (None, 1000)              4000      
2020-01-05 01:03:07,289 [INFO] _________________________________________________________________
2020-01-05 01:03:07,289 [INFO] dropout_5 (Dropout)          (None, 1000)              0         
2020-01-05 01:03:07,289 [INFO] _________________________________________________________________
2020-01-05 01:03:07,289 [INFO] dense_7 (Dense)              (None, 500)               500500    
2020-01-05 01:03:07,289 [INFO] _________________________________________________________________
2020-01-05 01:03:07,290 [INFO] batch_normalization_6 (Batch (None, 500)               2000      
2020-01-05 01:03:07,290 [INFO] _________________________________________________________________
2020-01-05 01:03:07,290 [INFO] dropout_6 (Dropout)          (None, 500)               0         
2020-01-05 01:03:07,290 [INFO] _________________________________________________________________
2020-01-05 01:03:07,290 [INFO] dense_8 (Dense)              (None, 15)                7515      
2020-01-05 01:03:07,290 [INFO] =================================================================
2020-01-05 01:03:07,290 [INFO] Total params: 2,679,015
2020-01-05 01:03:07,290 [INFO] Trainable params: 2,672,015
2020-01-05 01:03:07,290 [INFO] Non-trainable params: 7,000
2020-01-05 01:03:07,290 [INFO] _________________________________________________________________
2020-01-05 01:03:07,290 [INFO] Training model
2020-01-05 03:50:04,260 [INFO] epoch = 20. Intermediate model saved to results_additional_exps/ann_depth_ids18_subset_shallow_22/ann_model_epoch_20.pickle
2020-01-05 06:30:00,641 [INFO] epoch = 40. Intermediate model saved to results_additional_exps/ann_depth_ids18_subset_shallow_22/ann_model_epoch_40.pickle
2020-01-05 09:10:01,650 [INFO] epoch = 60. Intermediate model saved to results_additional_exps/ann_depth_ids18_subset_shallow_22/ann_model_epoch_60.pickle
2020-01-05 11:50:07,751 [INFO] epoch = 80. Intermediate model saved to results_additional_exps/ann_depth_ids18_subset_shallow_22/ann_model_epoch_80.pickle
2020-01-05 14:30:20,468 [INFO] epoch = 100. Intermediate model saved to results_additional_exps/ann_depth_ids18_subset_shallow_22/ann_model_epoch_100.pickle
2020-01-05 15:51:20,242 [INFO] WeightRestorer::on_train_end(): restoring best weights
2020-01-05 15:55:00,540 [INFO] Last epoch loss evaluation: train_loss = 0.007438, val_loss = 0.007512
2020-01-05 15:55:00,540 [INFO] Training complete. time_to_train = 53513.25 sec, 891.89 min
2020-01-05 15:55:00,570 [INFO] Model saved to results_additional_exps/ann_depth_ids18_subset_shallow_22/best_model.pickle
2020-01-05 15:55:00,572 [INFO] Training history saved to: results_additional_exps/ann_depth_ids18_subset_shallow_22/training_error_history.csv
2020-01-05 15:55:00,710 [INFO] Plot saved to: results_additional_exps/ann_depth_ids18_subset_shallow_22/training_error_history.png
2020-01-05 15:55:00,841 [INFO] Plot saved to: results_additional_exps/ann_depth_ids18_subset_shallow_22/training_f1_history.png
2020-01-05 15:55:00,841 [INFO] Making predictions on training, validation, testing data
2020-01-05 15:59:26,578 [INFO] Evaluating predictions (results)
2020-01-05 15:59:38,683 [INFO] Dataset: Testing. Classification report below
2020-01-05 15:59:38,683 [INFO] 
                          precision    recall  f1-score   support

                  Benign       0.99      1.00      0.99    535650
                     Bot       1.00      1.00      1.00     11465
        Brute Force -Web       0.89      0.33      0.48        24
        Brute Force -XSS       1.00      0.33      0.50         9
        DDOS attack-HOIC       1.00      1.00      1.00     27447
    DDOS attack-LOIC-UDP       0.69      0.97      0.81        67
  DDoS attacks-LOIC-HTTP       0.99      0.99      0.99     23010
   DoS attacks-GoldenEye       0.99      1.00      1.00      1651
        DoS attacks-Hulk       1.00      1.00      1.00     18478
DoS attacks-SlowHTTPTest       0.75      0.51      0.61      5596
   DoS attacks-Slowloris       0.97      1.00      0.98       440
          FTP-BruteForce       0.71      0.88      0.79      7718
           Infilteration       0.48      0.03      0.06      6404
           SQL Injection       1.00      0.50      0.67         4
          SSH-Bruteforce       1.00      1.00      1.00      7525

               micro avg       0.98      0.98      0.98    645488
               macro avg       0.90      0.77      0.79    645488
            weighted avg       0.98      0.98      0.98    645488

2020-01-05 15:59:38,684 [INFO] Overall accuracy (micro avg): 0.9838633715886275
2020-01-05 15:59:52,441 [INFO] Average metrics for Testing dataset below
   average type  avg accuracy  avg precision  avg detection rate (recall)  avg false alarm rate  avg false negative rate  avg f1
0     Micro avg        0.9839         0.9839                       0.9839                0.0012                   0.0161  0.9839
1     Macro avg        0.9978         0.8981                       0.7700                0.0043                   0.2300  0.7921
2  Weighted avg        0.9911         0.9793                       0.9839                0.0478                   0.0161  0.9793
2020-01-05 16:00:04,575 [INFO] Dataset: Validation. Classification report below
2020-01-05 16:00:04,575 [INFO] 
                          precision    recall  f1-score   support

                  Benign       0.99      1.00      0.99    535650
                     Bot       1.00      1.00      1.00     11465
        Brute Force -Web       0.86      0.48      0.62        25
        Brute Force -XSS       1.00      0.67      0.80         9
        DDOS attack-HOIC       1.00      1.00      1.00     27447
    DDOS attack-LOIC-UDP       0.76      0.97      0.85        68
  DDoS attacks-LOIC-HTTP       0.99      1.00      0.99     23009
   DoS attacks-GoldenEye       1.00      1.00      1.00      1651
        DoS attacks-Hulk       1.00      1.00      1.00     18478
DoS attacks-SlowHTTPTest       0.76      0.51      0.61      5596
   DoS attacks-Slowloris       0.96      1.00      0.98       439
          FTP-BruteForce       0.71      0.89      0.79      7718
           Infilteration       0.48      0.03      0.06      6403
           SQL Injection       1.00      0.25      0.40         4
          SSH-Bruteforce       1.00      1.00      1.00      7525

               micro avg       0.98      0.98      0.98    645487
               macro avg       0.90      0.79      0.81    645487
            weighted avg       0.98      0.98      0.98    645487

2020-01-05 16:00:04,575 [INFO] Overall accuracy (micro avg): 0.983914470779427
2020-01-05 16:00:18,365 [INFO] Average metrics for Validation dataset below
   average type  avg accuracy  avg precision  avg detection rate (recall)  avg false alarm rate  avg false negative rate  avg f1
0     Micro avg        0.9839         0.9839                       0.9839                0.0011                   0.0161  0.9839
1     Macro avg        0.9979         0.9001                       0.7854                0.0043                   0.2146  0.8058
2  Weighted avg        0.9911         0.9794                       0.9839                0.0477                   0.0161  0.9793
2020-01-05 16:00:57,940 [INFO] Dataset: Training. Classification report below
2020-01-05 16:00:57,940 [INFO] 
                          precision    recall  f1-score   support

                  Benign       0.99      1.00      0.99   1606949
                     Bot       1.00      1.00      1.00     34396
        Brute Force -Web       0.90      0.37      0.52        73
        Brute Force -XSS       1.00      0.50      0.67        26
        DDOS attack-HOIC       1.00      1.00      1.00     82341
    DDOS attack-LOIC-UDP       0.73      0.98      0.84       203
  DDoS attacks-LOIC-HTTP       0.99      1.00      0.99     69029
   DoS attacks-GoldenEye       1.00      1.00      1.00      4954
        DoS attacks-Hulk       1.00      1.00      1.00     55435
DoS attacks-SlowHTTPTest       0.76      0.51      0.61     16787
   DoS attacks-Slowloris       0.97      1.00      0.98      1318
          FTP-BruteForce       0.71      0.88      0.79     23153
           Infilteration       0.53      0.04      0.07     19210
           SQL Injection       1.00      0.33      0.50        12
          SSH-Bruteforce       1.00      1.00      1.00     22576

               micro avg       0.98      0.98      0.98   1936462
               macro avg       0.90      0.77      0.80   1936462
            weighted avg       0.98      0.98      0.98   1936462

2020-01-05 16:00:57,940 [INFO] Overall accuracy (micro avg): 0.9839537259187116
2020-01-05 16:01:42,893 [INFO] Average metrics for Training dataset below
   average type  avg accuracy  avg precision  avg detection rate (recall)  avg false alarm rate  avg false negative rate  avg f1
0     Micro avg        0.9840         0.9840                       0.9840                0.0011                   0.0160  0.9840
1     Macro avg        0.9979         0.9048                       0.7731                0.0042                   0.2269  0.7971
2  Weighted avg        0.9912         0.9799                       0.9840                0.0476                   0.0160  0.9794
2020-01-05 16:01:42,920 [INFO] Results saved to: results_additional_exps/ann_depth_ids18_subset_shallow_22/ann_depth_ids18_subset_shallow_22_results.xlsx
2020-01-05 16:01:42,925 [INFO] ================= Finished running experiment no. 12 ================= 

2020-01-05 16:01:43,002 [INFO] Created directory: results_additional_exps/ann_depth_ids18_subset_shallow_23
