2020-01-13 23:36:23,066 [INFO] Initialized logging. log_filename = results_additional_exps/train_time_ids18_subset_lstm_deep_rep2/run_log.log
2020-01-13 23:36:23,066 [INFO] ================= Running experiment no. 2  ================= 

2020-01-13 23:36:23,066 [INFO] Experiment parameters given below
2020-01-13 23:36:23,066 [INFO] 
{'experiment_num': 2, 'results_dir': 'results_additional_exps/train_time_ids18_subset_lstm_deep_rep2', 'model': 'lstm', 'model_type': 'classifier', 'normal_label': 'BENIGN', 'lstm_time_steps': 32, 'lstm_layer_units': [64, 32], 'lstm_layer_activations': ['relu', 'relu'], 'lstm_layer_dropout_rates': [0.2, 0.2], 'batch_size': 256, 'epochs': 100, 'early_stop_patience': 100, 'goal_metric': 0.983310557, 'training_set': 'train_set_only', 'dataset_dir': '../Datasets/small_datasets/ids2018', 'description': 'train_time_ids18_subset_lstm_deep_rep2'}
2020-01-13 23:36:23,066 [INFO] Created tensorboard log directory: results_additional_exps/train_time_ids18_subset_lstm_deep_rep2/tf_logs_run_2020_01_13-23_36_23
2020-01-13 23:36:23,066 [INFO] Loading datsets from: ../Datasets/small_datasets/ids2018
2020-01-13 23:36:23,066 [INFO] Reading X, y files
2020-01-13 23:36:23,066 [INFO] Reading HDF dataset ../Datasets/small_datasets/ids2018/X_train.h5
2020-01-13 23:36:27,617 [INFO] Reading complete. time_to_read=4.55 seconds
2020-01-13 23:36:27,618 [INFO] Reading HDF dataset ../Datasets/small_datasets/ids2018/X_val.h5
2020-01-13 23:36:29,191 [INFO] Reading complete. time_to_read=1.57 seconds
2020-01-13 23:36:29,192 [INFO] Reading HDF dataset ../Datasets/small_datasets/ids2018/X_test.h5
2020-01-13 23:36:30,765 [INFO] Reading complete. time_to_read=1.57 seconds
2020-01-13 23:36:30,765 [INFO] Reading HDF dataset ../Datasets/small_datasets/ids2018/y_train.h5
2020-01-13 23:36:31,010 [INFO] Reading complete. time_to_read=0.25 seconds
2020-01-13 23:36:31,010 [INFO] Reading HDF dataset ../Datasets/small_datasets/ids2018/y_val.h5
2020-01-13 23:36:31,097 [INFO] Reading complete. time_to_read=0.09 seconds
2020-01-13 23:36:31,097 [INFO] Reading HDF dataset ../Datasets/small_datasets/ids2018/y_test.h5
2020-01-13 23:36:31,183 [INFO] Reading complete. time_to_read=0.09 seconds
2020-01-13 23:36:34,019 [INFO] Preparing flow sequences
2020-01-13 23:36:59,091 [INFO] Extracting flows complete. time_taken = 25.07 sec
2020-01-13 23:37:00,486 [INFO] Initializing model
2020-01-13 23:37:00,964 [INFO] _________________________________________________________________
2020-01-13 23:37:00,965 [INFO] Layer (type)                 Output Shape              Param #   
2020-01-13 23:37:00,965 [INFO] =================================================================
2020-01-13 23:37:00,965 [INFO] lstm_21 (LSTM)               (None, 32, 64)            36352     
2020-01-13 23:37:00,965 [INFO] _________________________________________________________________
2020-01-13 23:37:00,965 [INFO] batch_normalization_21 (Batc (None, 32, 64)            256       
2020-01-13 23:37:00,965 [INFO] _________________________________________________________________
2020-01-13 23:37:00,965 [INFO] dropout_21 (Dropout)         (None, 32, 64)            0         
2020-01-13 23:37:00,965 [INFO] _________________________________________________________________
2020-01-13 23:37:00,965 [INFO] lstm_22 (LSTM)               (None, 32, 32)            12416     
2020-01-13 23:37:00,965 [INFO] _________________________________________________________________
2020-01-13 23:37:00,965 [INFO] batch_normalization_22 (Batc (None, 32, 32)            128       
2020-01-13 23:37:00,965 [INFO] _________________________________________________________________
2020-01-13 23:37:00,965 [INFO] dropout_22 (Dropout)         (None, 32, 32)            0         
2020-01-13 23:37:00,965 [INFO] _________________________________________________________________
2020-01-13 23:37:00,965 [INFO] time_distributed_11 (TimeDis (None, 32, 15)            495       
2020-01-13 23:37:00,965 [INFO] =================================================================
2020-01-13 23:37:00,966 [INFO] Total params: 49,647
2020-01-13 23:37:00,966 [INFO] Trainable params: 49,455
2020-01-13 23:37:00,966 [INFO] Non-trainable params: 192
2020-01-13 23:37:00,966 [INFO] _________________________________________________________________
2020-01-13 23:37:00,966 [INFO] Training model
2020-01-13 23:41:09,900 [INFO] epoch = 10. Intermediate model saved to results_additional_exps/train_time_ids18_subset_lstm_deep_rep2/_model_epoch_10.pickle
2020-01-13 23:44:50,145 [INFO] epoch = 20. Intermediate model saved to results_additional_exps/train_time_ids18_subset_lstm_deep_rep2/_model_epoch_20.pickle
2020-01-13 23:48:30,259 [INFO] epoch = 30. Intermediate model saved to results_additional_exps/train_time_ids18_subset_lstm_deep_rep2/_model_epoch_30.pickle
2020-01-13 23:52:10,118 [INFO] epoch = 40. Intermediate model saved to results_additional_exps/train_time_ids18_subset_lstm_deep_rep2/_model_epoch_40.pickle
2020-01-13 23:55:50,358 [INFO] epoch = 50. Intermediate model saved to results_additional_exps/train_time_ids18_subset_lstm_deep_rep2/_model_epoch_50.pickle
2020-01-13 23:59:30,756 [INFO] epoch = 60. Intermediate model saved to results_additional_exps/train_time_ids18_subset_lstm_deep_rep2/_model_epoch_60.pickle
2020-01-14 00:03:11,013 [INFO] epoch = 70. Intermediate model saved to results_additional_exps/train_time_ids18_subset_lstm_deep_rep2/_model_epoch_70.pickle
2020-01-14 00:06:50,999 [INFO] epoch = 80. Intermediate model saved to results_additional_exps/train_time_ids18_subset_lstm_deep_rep2/_model_epoch_80.pickle
2020-01-14 00:09:54,611 [INFO] StopperOnGoal: reached goal_metric (accuracy). Stopping training. goal_metric = 0.9833, current_metric = 0.9833, num_epochs = 89
2020-01-14 00:09:54,613 [INFO] WeightRestorer::on_train_end(): restoring best weights
2020-01-14 00:10:07,992 [INFO] Last epoch loss evaluation: train_loss = 0.007702, val_loss = 0.007870
2020-01-14 00:10:07,992 [INFO] Training complete. time_to_train = 1987.03 sec, 33.12 min
2020-01-14 00:10:07,999 [INFO] Model saved to results_additional_exps/train_time_ids18_subset_lstm_deep_rep2/best_model.pickle
2020-01-14 00:10:08,013 [INFO] Training history saved to: results_additional_exps/train_time_ids18_subset_lstm_deep_rep2/training_error_history.csv
2020-01-14 00:10:08,213 [INFO] Plot saved to: results_additional_exps/train_time_ids18_subset_lstm_deep_rep2/training_error_history.png
2020-01-14 00:10:08,334 [INFO] Plot saved to: results_additional_exps/train_time_ids18_subset_lstm_deep_rep2/training_f1_history.png
2020-01-14 00:10:08,334 [INFO] Making predictions on training, validation, testing data
2020-01-14 00:10:23,287 [INFO] Making predictions complete. time_to_predict = 14.95 sec, 0.25 min
2020-01-14 00:10:23,358 [INFO] Evaluating predictions (results)
2020-01-14 00:10:35,461 [INFO] Dataset: Testing. Classification report below
2020-01-14 00:10:35,461 [INFO] 
                          precision    recall  f1-score   support

                  Benign       0.99      1.00      0.99    535639
                     Bot       1.00      1.00      1.00     11465
        Brute Force -Web       1.00      0.08      0.15        24
        Brute Force -XSS       1.00      0.33      0.50         9
        DDOS attack-HOIC       1.00      1.00      1.00     27446
    DDOS attack-LOIC-UDP       0.69      0.97      0.81        67
  DDoS attacks-LOIC-HTTP       0.99      0.99      0.99     23008
   DoS attacks-GoldenEye       0.99      1.00      1.00      1651
        DoS attacks-Hulk       1.00      1.00      1.00     18477
DoS attacks-SlowHTTPTest       0.73      0.47      0.57      5596
   DoS attacks-Slowloris       0.91      0.96      0.94       440
          FTP-BruteForce       0.69      0.88      0.78      7718
           Infilteration       0.43      0.00      0.00      6403
           SQL Injection       0.00      0.00      0.00         4
          SSH-Bruteforce       1.00      1.00      1.00      7525

               micro avg       0.98      0.98      0.98    645472
               macro avg       0.83      0.71      0.72    645472
            weighted avg       0.98      0.98      0.98    645472

2020-01-14 00:10:35,461 [INFO] Overall accuracy (micro avg): 0.9832060879480442
2020-01-14 00:10:49,221 [INFO] Average metrics for Testing dataset below
   average type  avg accuracy  avg precision  avg detection rate (recall)  avg false alarm rate  avg false negative rate  avg f1
0     Micro avg        0.9832         0.9832                       0.9832                0.0012                   0.0168  0.9832
1     Macro avg        0.9978         0.8291                       0.7122                0.0045                   0.2878  0.7152
2  Weighted avg        0.9909         0.9778                       0.9832                0.0503                   0.0168  0.9780
2020-01-14 00:11:01,523 [INFO] Dataset: Validation. Classification report below
2020-01-14 00:11:01,524 [INFO] 
                          precision    recall  f1-score   support

                  Benign       0.99      1.00      0.99    535636
                     Bot       1.00      1.00      1.00     11464
        Brute Force -Web       1.00      0.16      0.28        25
        Brute Force -XSS       1.00      0.67      0.80         9
        DDOS attack-HOIC       1.00      1.00      1.00     27447
    DDOS attack-LOIC-UDP       0.71      0.91      0.80        68
  DDoS attacks-LOIC-HTTP       0.99      0.99      0.99     23009
   DoS attacks-GoldenEye       1.00      1.00      1.00      1651
        DoS attacks-Hulk       1.00      1.00      1.00     18478
DoS attacks-SlowHTTPTest       0.74      0.46      0.57      5596
   DoS attacks-Slowloris       0.92      0.96      0.94       439
          FTP-BruteForce       0.69      0.88      0.78      7718
           Infilteration       0.47      0.00      0.00      6403
           SQL Injection       0.00      0.00      0.00         4
          SSH-Bruteforce       1.00      1.00      1.00      7525

               micro avg       0.98      0.98      0.98    645472
               macro avg       0.83      0.74      0.74    645472
            weighted avg       0.98      0.98      0.98    645472

2020-01-14 00:11:01,524 [INFO] Overall accuracy (micro avg): 0.9832742551187348
2020-01-14 00:11:15,514 [INFO] Average metrics for Validation dataset below
   average type  avg accuracy  avg precision  avg detection rate (recall)  avg false alarm rate  avg false negative rate  avg f1
0     Micro avg        0.9833         0.9833                       0.9833                0.0012                   0.0167  0.9833
1     Macro avg        0.9978         0.8339                       0.7357                0.0045                   0.2643  0.7430
2  Weighted avg        0.9909         0.9783                       0.9833                0.0501                   0.0167  0.9780
2020-01-14 00:11:55,240 [INFO] Dataset: Training. Classification report below
2020-01-14 00:11:55,240 [INFO] 
                          precision    recall  f1-score   support

                  Benign       0.99      1.00      0.99   1606935
                     Bot       1.00      1.00      1.00     34396
        Brute Force -Web       0.62      0.14      0.22        73
        Brute Force -XSS       1.00      0.50      0.67        26
        DDOS attack-HOIC       1.00      1.00      1.00     82341
    DDOS attack-LOIC-UDP       0.72      0.93      0.81       203
  DDoS attacks-LOIC-HTTP       0.99      0.99      0.99     69029
   DoS attacks-GoldenEye       1.00      1.00      1.00      4954
        DoS attacks-Hulk       1.00      1.00      1.00     55435
DoS attacks-SlowHTTPTest       0.74      0.47      0.57     16787
   DoS attacks-Slowloris       0.95      0.98      0.97      1318
          FTP-BruteForce       0.70      0.88      0.78     23153
           Infilteration       0.61      0.00      0.00     19210
           SQL Injection       0.00      0.00      0.00        12
          SSH-Bruteforce       1.00      1.00      1.00     22576

               micro avg       0.98      0.98      0.98   1936448
               macro avg       0.82      0.73      0.73   1936448
            weighted avg       0.98      0.98      0.98   1936448

2020-01-14 00:11:55,240 [INFO] Overall accuracy (micro avg): 0.9834356512542552
2020-01-14 00:12:40,326 [INFO] Average metrics for Training dataset below
   average type  avg accuracy  avg precision  avg detection rate (recall)  avg false alarm rate  avg false negative rate  avg f1
0     Micro avg        0.9834         0.9834                       0.9834                0.0012                   0.0166  0.9834
1     Macro avg        0.9978         0.8215                       0.7261                0.0044                   0.2739  0.7338
2  Weighted avg        0.9911         0.9799                       0.9834                0.0498                   0.0166  0.9782
2020-01-14 00:12:40,358 [INFO] Results saved to: results_additional_exps/train_time_ids18_subset_lstm_deep_rep2/train_time_ids18_subset_lstm_deep_rep2_results.xlsx
2020-01-14 00:12:40,363 [INFO] ================= Finished running experiment no. 2 ================= 

2020-01-14 00:12:40,458 [INFO] Created directory: results_additional_exps/train_time_ids18_subset_lstm_deep_rep3
