2019-12-22 22:02:23,774 [INFO] Initialized logging. log_filename = results_selected_models/selected_ids18_subset_ann_deep_rep4/run_log.log
2019-12-22 22:02:23,774 [INFO] ================= Running experiment no. 4  ================= 

2019-12-22 22:02:23,774 [INFO] Experiment parameters given below
2019-12-22 22:02:23,774 [INFO] 
{'experiment_num': 4, 'results_dir': 'results_selected_models/selected_ids18_subset_ann_deep_rep4', 'model_type': 'classifier', 'model': 'ann', 'normal_label': 'BENIGN', 'training_data_feed': 'preload', 'scaling_type': 'NA', 'ann_layer_units': [128, 64, 32, 16], 'ann_layer_activations': ['relu', 'relu', 'relu', 'relu'], 'ann_layer_dropout_rates': [0.2, 0.2, 0.2, 0.2], 'epochs': 300, 'early_stop_patience': 50, 'batch_size': 256, 'training_set': 'train_set_only', 'dataset_dir': '../Datasets/small_datasets/ids2018', 'description': 'selected_ids18_subset_ann_deep_rep4'}
2019-12-22 22:02:23,775 [INFO] Created tensorboard log directory: results_selected_models/selected_ids18_subset_ann_deep_rep4/tf_logs_run_2019_12_22-22_02_23
2019-12-22 22:02:23,775 [INFO] Loading datsets from: ../Datasets/small_datasets/ids2018
2019-12-22 22:02:23,775 [INFO] Reading X, y files
2019-12-22 22:02:23,775 [INFO] Reading HDF dataset ../Datasets/small_datasets/ids2018/X_train.h5
2019-12-22 22:02:28,344 [INFO] Reading complete. time_to_read=4.57 seconds
2019-12-22 22:02:28,344 [INFO] Reading HDF dataset ../Datasets/small_datasets/ids2018/X_val.h5
2019-12-22 22:02:29,904 [INFO] Reading complete. time_to_read=1.56 seconds
2019-12-22 22:02:29,904 [INFO] Reading HDF dataset ../Datasets/small_datasets/ids2018/X_test.h5
2019-12-22 22:02:31,465 [INFO] Reading complete. time_to_read=1.56 seconds
2019-12-22 22:02:31,465 [INFO] Reading HDF dataset ../Datasets/small_datasets/ids2018/y_train.h5
2019-12-22 22:02:31,716 [INFO] Reading complete. time_to_read=0.25 seconds
2019-12-22 22:02:31,716 [INFO] Reading HDF dataset ../Datasets/small_datasets/ids2018/y_val.h5
2019-12-22 22:02:31,803 [INFO] Reading complete. time_to_read=0.09 seconds
2019-12-22 22:02:31,803 [INFO] Reading HDF dataset ../Datasets/small_datasets/ids2018/y_test.h5
2019-12-22 22:02:31,889 [INFO] Reading complete. time_to_read=0.09 seconds
2019-12-22 22:02:35,815 [INFO] Initializing model
2019-12-22 22:02:36,175 [INFO] _________________________________________________________________
2019-12-22 22:02:36,175 [INFO] Layer (type)                 Output Shape              Param #   
2019-12-22 22:02:36,175 [INFO] =================================================================
2019-12-22 22:02:36,175 [INFO] dense_61 (Dense)             (None, 128)               9984      
2019-12-22 22:02:36,176 [INFO] _________________________________________________________________
2019-12-22 22:02:36,176 [INFO] batch_normalization_48 (Batc (None, 128)               512       
2019-12-22 22:02:36,176 [INFO] _________________________________________________________________
2019-12-22 22:02:36,176 [INFO] dropout_48 (Dropout)         (None, 128)               0         
2019-12-22 22:02:36,176 [INFO] _________________________________________________________________
2019-12-22 22:02:36,176 [INFO] dense_62 (Dense)             (None, 64)                8256      
2019-12-22 22:02:36,176 [INFO] _________________________________________________________________
2019-12-22 22:02:36,176 [INFO] batch_normalization_49 (Batc (None, 64)                256       
2019-12-22 22:02:36,176 [INFO] _________________________________________________________________
2019-12-22 22:02:36,176 [INFO] dropout_49 (Dropout)         (None, 64)                0         
2019-12-22 22:02:36,176 [INFO] _________________________________________________________________
2019-12-22 22:02:36,176 [INFO] dense_63 (Dense)             (None, 32)                2080      
2019-12-22 22:02:36,176 [INFO] _________________________________________________________________
2019-12-22 22:02:36,176 [INFO] batch_normalization_50 (Batc (None, 32)                128       
2019-12-22 22:02:36,176 [INFO] _________________________________________________________________
2019-12-22 22:02:36,176 [INFO] dropout_50 (Dropout)         (None, 32)                0         
2019-12-22 22:02:36,176 [INFO] _________________________________________________________________
2019-12-22 22:02:36,177 [INFO] dense_64 (Dense)             (None, 16)                528       
2019-12-22 22:02:36,177 [INFO] _________________________________________________________________
2019-12-22 22:02:36,177 [INFO] batch_normalization_51 (Batc (None, 16)                64        
2019-12-22 22:02:36,177 [INFO] _________________________________________________________________
2019-12-22 22:02:36,177 [INFO] dropout_51 (Dropout)         (None, 16)                0         
2019-12-22 22:02:36,177 [INFO] _________________________________________________________________
2019-12-22 22:02:36,177 [INFO] dense_65 (Dense)             (None, 15)                255       
2019-12-22 22:02:36,177 [INFO] =================================================================
2019-12-22 22:02:36,177 [INFO] Total params: 22,063
2019-12-22 22:02:36,177 [INFO] Trainable params: 21,583
2019-12-22 22:02:36,177 [INFO] Non-trainable params: 480
2019-12-22 22:02:36,177 [INFO] _________________________________________________________________
2019-12-22 22:02:36,177 [INFO] Training model
2019-12-22 22:37:25,919 [INFO] epoch = 30. Intermediate model saved to results_selected_models/selected_ids18_subset_ann_deep_rep4/ann_model_epoch_30.pickle
2019-12-22 23:11:30,613 [INFO] epoch = 60. Intermediate model saved to results_selected_models/selected_ids18_subset_ann_deep_rep4/ann_model_epoch_60.pickle
2019-12-22 23:45:25,148 [INFO] epoch = 90. Intermediate model saved to results_selected_models/selected_ids18_subset_ann_deep_rep4/ann_model_epoch_90.pickle
2019-12-23 00:19:35,518 [INFO] epoch = 120. Intermediate model saved to results_selected_models/selected_ids18_subset_ann_deep_rep4/ann_model_epoch_120.pickle
2019-12-23 00:53:56,036 [INFO] epoch = 150. Intermediate model saved to results_selected_models/selected_ids18_subset_ann_deep_rep4/ann_model_epoch_150.pickle
2019-12-23 01:28:19,585 [INFO] epoch = 180. Intermediate model saved to results_selected_models/selected_ids18_subset_ann_deep_rep4/ann_model_epoch_180.pickle
2019-12-23 02:02:44,086 [INFO] epoch = 210. Intermediate model saved to results_selected_models/selected_ids18_subset_ann_deep_rep4/ann_model_epoch_210.pickle
2019-12-23 02:34:05,172 [INFO] WeightRestorer::on_train_end(): restoring best weights
2019-12-23 02:35:38,702 [INFO] Last epoch loss evaluation: train_loss = 0.007526, val_loss = 0.007569
2019-12-23 02:35:38,702 [INFO] Training complete. time_to_train = 16382.52 sec, 273.04 min
2019-12-23 02:35:38,713 [INFO] Model saved to results_selected_models/selected_ids18_subset_ann_deep_rep4/best_model.pickle
2019-12-23 02:35:38,871 [INFO] Plot saved to: results_selected_models/selected_ids18_subset_ann_deep_rep4/training_error_history.png
2019-12-23 02:35:38,994 [INFO] Plot saved to: results_selected_models/selected_ids18_subset_ann_deep_rep4/training_f1_history.png
2019-12-23 02:35:38,994 [INFO] Making predictions on training, validation, testing data
2019-12-23 02:37:30,459 [INFO] Evaluating predictions (results)
2019-12-23 02:37:42,601 [INFO] Dataset: Testing. Classification report below
2019-12-23 02:37:42,601 [INFO] 
                          precision    recall  f1-score   support

                  Benign       0.99      1.00      0.99    535650
                     Bot       1.00      1.00      1.00     11465
        Brute Force -Web       0.00      0.00      0.00        24
        Brute Force -XSS       0.00      0.00      0.00         9
        DDOS attack-HOIC       1.00      1.00      1.00     27447
    DDOS attack-LOIC-UDP       0.69      1.00      0.82        67
  DDoS attacks-LOIC-HTTP       1.00      1.00      1.00     23010
   DoS attacks-GoldenEye       0.99      1.00      1.00      1651
        DoS attacks-Hulk       1.00      1.00      1.00     18478
DoS attacks-SlowHTTPTest       0.73      0.53      0.61      5596
   DoS attacks-Slowloris       0.95      0.98      0.97       440
          FTP-BruteForce       0.71      0.86      0.78      7718
           Infilteration       0.52      0.00      0.01      6404
           SQL Injection       0.00      0.00      0.00         4
          SSH-Bruteforce       1.00      1.00      1.00      7525

               micro avg       0.98      0.98      0.98    645488
               macro avg       0.71      0.69      0.68    645488
            weighted avg       0.98      0.98      0.98    645488

2019-12-23 02:37:42,601 [INFO] Overall accuracy (micro avg): 0.9838261904171728
2019-12-23 02:37:56,406 [INFO] Average metrics for Testing dataset below
   average type  avg accuracy  avg precision  avg detection rate (recall)  avg false alarm rate  avg false negative rate  avg f1
0     Micro avg        0.9838         0.9838                       0.9838                0.0012                   0.0162  0.9838
1     Macro avg        0.9978         0.7056                       0.6908                0.0044                   0.3092  0.6779
2  Weighted avg        0.9912         0.9792                       0.9838                0.0491                   0.0162  0.9788
2019-12-23 02:38:08,589 [INFO] Dataset: Validation. Classification report below
2019-12-23 02:38:08,589 [INFO] 
                          precision    recall  f1-score   support

                  Benign       0.99      1.00      0.99    535650
                     Bot       1.00      1.00      1.00     11465
        Brute Force -Web       0.00      0.00      0.00        25
        Brute Force -XSS       0.00      0.00      0.00         9
        DDOS attack-HOIC       1.00      1.00      1.00     27447
    DDOS attack-LOIC-UDP       0.74      0.99      0.85        68
  DDoS attacks-LOIC-HTTP       1.00      1.00      1.00     23009
   DoS attacks-GoldenEye       1.00      1.00      1.00      1651
        DoS attacks-Hulk       1.00      1.00      1.00     18478
DoS attacks-SlowHTTPTest       0.74      0.52      0.61      5596
   DoS attacks-Slowloris       0.94      0.98      0.96       439
          FTP-BruteForce       0.72      0.87      0.78      7718
           Infilteration       0.45      0.01      0.01      6403
           SQL Injection       0.00      0.00      0.00         4
          SSH-Bruteforce       1.00      1.00      1.00      7525

               micro avg       0.98      0.98      0.98    645487
               macro avg       0.70      0.69      0.68    645487
            weighted avg       0.98      0.98      0.98    645487

2019-12-23 02:38:08,590 [INFO] Overall accuracy (micro avg): 0.9839129215615496
2019-12-23 02:38:22,443 [INFO] Average metrics for Validation dataset below
   average type  avg accuracy  avg precision  avg detection rate (recall)  avg false alarm rate  avg false negative rate  avg f1
0     Micro avg        0.9839         0.9839                       0.9839                0.0011                   0.0161  0.9839
1     Macro avg        0.9979         0.7047                       0.6903                0.0043                   0.3097  0.6803
2  Weighted avg        0.9912         0.9786                       0.9839                0.0490                   0.0161  0.9789
2019-12-23 02:39:02,221 [INFO] Dataset: Training. Classification report below
2019-12-23 02:39:02,221 [INFO] 
                          precision    recall  f1-score   support

                  Benign       0.99      1.00      0.99   1606949
                     Bot       1.00      1.00      1.00     34396
        Brute Force -Web       0.00      0.00      0.00        73
        Brute Force -XSS       0.00      0.00      0.00        26
        DDOS attack-HOIC       1.00      1.00      1.00     82341
    DDOS attack-LOIC-UDP       0.71      0.98      0.83       203
  DDoS attacks-LOIC-HTTP       1.00      1.00      1.00     69029
   DoS attacks-GoldenEye       1.00      1.00      1.00      4954
        DoS attacks-Hulk       1.00      1.00      1.00     55435
DoS attacks-SlowHTTPTest       0.74      0.52      0.61     16787
   DoS attacks-Slowloris       0.96      0.99      0.97      1318
          FTP-BruteForce       0.71      0.86      0.78     23153
           Infilteration       0.54      0.00      0.01     19210
           SQL Injection       0.00      0.00      0.00        12
          SSH-Bruteforce       1.00      1.00      1.00     22576

               micro avg       0.98      0.98      0.98   1936462
               macro avg       0.71      0.69      0.68   1936462
            weighted avg       0.98      0.98      0.98   1936462

2019-12-23 02:39:02,221 [INFO] Overall accuracy (micro avg): 0.9839010525380824
2019-12-23 02:39:47,395 [INFO] Average metrics for Training dataset below
   average type  avg accuracy  avg precision  avg detection rate (recall)  avg false alarm rate  avg false negative rate  avg f1
0     Micro avg        0.9839         0.9839                       0.9839                0.0011                   0.0161  0.9839
1     Macro avg        0.9979         0.7090                       0.6907                0.0043                   0.3093  0.6793
2  Weighted avg        0.9912         0.9795                       0.9839                0.0490                   0.0161  0.9788
2019-12-23 02:39:47,429 [INFO] Results saved to: results_selected_models/selected_ids18_subset_ann_deep_rep4/selected_ids18_subset_ann_deep_rep4_results.xlsx
2019-12-23 02:39:47,437 [INFO] ================= Finished running experiment no. 4 ================= 

2019-12-23 02:39:47,518 [INFO] Created directory: results_selected_models/selected_ids18_subset_ann_deep_rep5
