2019-12-26 23:46:33,470 [INFO] Initialized logging. log_filename = results_selected_models/selected_nsl_lstm_deep_rep1/run_log.log
2019-12-26 23:46:33,470 [INFO] ================= Running experiment no. 1  ================= 

2019-12-26 23:46:33,470 [INFO] Experiment parameters given below
2019-12-26 23:46:33,470 [INFO] 
{'experiment_num': 1, 'results_dir': 'results_selected_models/selected_nsl_lstm_deep_rep1', 'model': 'lstm', 'model_type': 'classifier', 'normal_label': 'normal', 'lstm_time_steps': 16, 'lstm_layer_units': [64, 32], 'lstm_layer_activations': ['relu', 'relu'], 'lstm_layer_dropout_rates': [0.2, 0.2], 'batch_size': 256, 'epochs': 300, 'early_stop_patience': 50, 'dataset_dir': '../Datasets/small_datasets/nsl_kdd_five_classes', 'description': 'selected_nsl_lstm_deep_rep1'}
2019-12-26 23:46:33,470 [INFO] Created tensorboard log directory: results_selected_models/selected_nsl_lstm_deep_rep1/tf_logs_run_2019_12_26-23_46_33
2019-12-26 23:46:33,470 [INFO] Loading datsets from: ../Datasets/small_datasets/nsl_kdd_five_classes
2019-12-26 23:46:33,478 [INFO] Reading X, y files
2019-12-26 23:46:33,478 [INFO] Reading HDF dataset ../Datasets/small_datasets/nsl_kdd_five_classes/X_train.h5
2019-12-26 23:46:33,988 [INFO] Reading complete. time_to_read=0.51 seconds
2019-12-26 23:46:33,988 [INFO] Reading HDF dataset ../Datasets/small_datasets/nsl_kdd_five_classes/X_val.h5
2019-12-26 23:46:34,123 [INFO] Reading complete. time_to_read=0.14 seconds
2019-12-26 23:46:34,124 [INFO] Reading HDF dataset ../Datasets/small_datasets/nsl_kdd_five_classes/X_test.h5
2019-12-26 23:46:34,241 [INFO] Reading complete. time_to_read=0.12 seconds
2019-12-26 23:46:34,241 [INFO] Reading HDF dataset ../Datasets/small_datasets/nsl_kdd_five_classes/y_train.h5
2019-12-26 23:46:34,266 [INFO] Reading complete. time_to_read=0.03 seconds
2019-12-26 23:46:34,266 [INFO] Reading HDF dataset ../Datasets/small_datasets/nsl_kdd_five_classes/y_val.h5
2019-12-26 23:46:34,285 [INFO] Reading complete. time_to_read=0.02 seconds
2019-12-26 23:46:34,285 [INFO] Reading HDF dataset ../Datasets/small_datasets/nsl_kdd_five_classes/y_test.h5
2019-12-26 23:46:34,302 [INFO] Reading complete. time_to_read=0.02 seconds
2019-12-26 23:46:34,461 [INFO] Preparing flow sequences
2019-12-26 23:46:36,690 [INFO] Extracting flows complete. time_taken = 2.23 sec
2019-12-26 23:46:36,740 [INFO] Initializing model
2019-12-26 23:46:36,740 [WARNING] From /home/hasitha/anaconda3/lib/python3.7/site-packages/keras/backend/tensorflow_backend.py:74: The name tf.get_default_graph is deprecated. Please use tf.compat.v1.get_default_graph instead.

2019-12-26 23:46:36,794 [WARNING] From /home/hasitha/anaconda3/lib/python3.7/site-packages/keras/backend/tensorflow_backend.py:517: The name tf.placeholder is deprecated. Please use tf.compat.v1.placeholder instead.

2019-12-26 23:46:36,795 [WARNING] From /home/hasitha/anaconda3/lib/python3.7/site-packages/keras/backend/tensorflow_backend.py:4138: The name tf.random_uniform is deprecated. Please use tf.random.uniform instead.

2019-12-26 23:46:37,263 [WARNING] From /home/hasitha/anaconda3/lib/python3.7/site-packages/keras/backend/tensorflow_backend.py:133: The name tf.placeholder_with_default is deprecated. Please use tf.compat.v1.placeholder_with_default instead.

2019-12-26 23:46:37,277 [WARNING] From /home/hasitha/anaconda3/lib/python3.7/site-packages/keras/backend/tensorflow_backend.py:3445: calling dropout (from tensorflow.python.ops.nn_ops) with keep_prob is deprecated and will be removed in a future version.
Instructions for updating:
Please use `rate` instead of `keep_prob`. Rate should be set to `rate = 1 - keep_prob`.
2019-12-26 23:46:37,502 [WARNING] From /home/hasitha/anaconda3/lib/python3.7/site-packages/keras/optimizers.py:790: The name tf.train.Optimizer is deprecated. Please use tf.compat.v1.train.Optimizer instead.

2019-12-26 23:46:37,514 [WARNING] From /home/hasitha/anaconda3/lib/python3.7/site-packages/keras/backend/tensorflow_backend.py:3376: The name tf.log is deprecated. Please use tf.math.log instead.

2019-12-26 23:46:37,517 [WARNING] From /home/hasitha/anaconda3/lib/python3.7/site-packages/tensorflow/python/ops/nn_impl.py:180: add_dispatch_support.<locals>.wrapper (from tensorflow.python.ops.array_ops) is deprecated and will be removed in a future version.
Instructions for updating:
Use tf.where in 2.0, which has the same broadcast rule as np.where
2019-12-26 23:46:37,526 [INFO] _________________________________________________________________
2019-12-26 23:46:37,526 [INFO] Layer (type)                 Output Shape              Param #   
2019-12-26 23:46:37,526 [INFO] =================================================================
2019-12-26 23:46:37,526 [INFO] lstm_1 (LSTM)                (None, 16, 64)            47872     
2019-12-26 23:46:37,526 [INFO] _________________________________________________________________
2019-12-26 23:46:37,527 [INFO] batch_normalization_1 (Batch (None, 16, 64)            256       
2019-12-26 23:46:37,527 [INFO] _________________________________________________________________
2019-12-26 23:46:37,527 [INFO] dropout_1 (Dropout)          (None, 16, 64)            0         
2019-12-26 23:46:37,527 [INFO] _________________________________________________________________
2019-12-26 23:46:37,527 [INFO] lstm_2 (LSTM)                (None, 16, 32)            12416     
2019-12-26 23:46:37,527 [INFO] _________________________________________________________________
2019-12-26 23:46:37,527 [INFO] batch_normalization_2 (Batch (None, 16, 32)            128       
2019-12-26 23:46:37,527 [INFO] _________________________________________________________________
2019-12-26 23:46:37,527 [INFO] dropout_2 (Dropout)          (None, 16, 32)            0         
2019-12-26 23:46:37,527 [INFO] _________________________________________________________________
2019-12-26 23:46:37,527 [INFO] time_distributed_1 (TimeDist (None, 16, 5)             165       
2019-12-26 23:46:37,527 [INFO] =================================================================
2019-12-26 23:46:37,528 [INFO] Total params: 60,837
2019-12-26 23:46:37,528 [INFO] Trainable params: 60,645
2019-12-26 23:46:37,528 [INFO] Non-trainable params: 192
2019-12-26 23:46:37,528 [INFO] _________________________________________________________________
2019-12-26 23:46:37,528 [INFO] Training model
2019-12-26 23:46:41,609 [WARNING] From /home/hasitha/anaconda3/lib/python3.7/site-packages/keras/callbacks.py:850: The name tf.summary.merge_all is deprecated. Please use tf.compat.v1.summary.merge_all instead.

2019-12-26 23:46:41,609 [WARNING] From /home/hasitha/anaconda3/lib/python3.7/site-packages/keras/callbacks.py:853: The name tf.summary.FileWriter is deprecated. Please use tf.compat.v1.summary.FileWriter instead.

2019-12-26 23:47:12,867 [INFO] epoch = 30. Intermediate model saved to results_selected_models/selected_nsl_lstm_deep_rep1/_model_epoch_30.pickle
2019-12-26 23:47:41,088 [INFO] epoch = 60. Intermediate model saved to results_selected_models/selected_nsl_lstm_deep_rep1/_model_epoch_60.pickle
2019-12-26 23:48:09,335 [INFO] epoch = 90. Intermediate model saved to results_selected_models/selected_nsl_lstm_deep_rep1/_model_epoch_90.pickle
2019-12-26 23:48:14,159 [INFO] WeightRestorer::on_train_end(): restoring best weights
2019-12-26 23:48:14,864 [INFO] Last epoch loss evaluation: train_loss = 0.003044, val_loss = 0.008401
2019-12-26 23:48:14,864 [INFO] Training complete. time_to_train = 97.34 sec, 1.62 min
2019-12-26 23:48:14,869 [INFO] Model saved to results_selected_models/selected_nsl_lstm_deep_rep1/best_model.pickle
2019-12-26 23:48:14,889 [INFO] Training history saved to: results_selected_models/selected_nsl_lstm_deep_rep1/training_error_history.csv
2019-12-26 23:48:15,047 [INFO] Plot saved to: results_selected_models/selected_nsl_lstm_deep_rep1/training_error_history.png
2019-12-26 23:48:15,156 [INFO] Plot saved to: results_selected_models/selected_nsl_lstm_deep_rep1/training_f1_history.png
2019-12-26 23:48:15,156 [INFO] Making predictions on training, validation, testing data
2019-12-26 23:48:15,877 [INFO] Evaluating predictions (results)
2019-12-26 23:48:16,207 [INFO] Dataset: Testing. Classification report below
2019-12-26 23:48:16,207 [INFO] 
              precision    recall  f1-score   support

         dos       0.95      0.85      0.89      7458
      normal       0.68      0.93      0.78      9711
       probe       0.74      0.69      0.71      2421
         r2l       0.91      0.09      0.17      2421
         u2r       0.60      0.02      0.03       533

   micro avg       0.77      0.77      0.77     22544
   macro avg       0.77      0.52      0.52     22544
weighted avg       0.80      0.77      0.73     22544

2019-12-26 23:48:16,207 [INFO] Overall accuracy (micro avg): 0.7654808374733854
2019-12-26 23:48:16,540 [INFO] Average metrics for Testing dataset below
   average type  avg accuracy  avg precision  avg detection rate (recall)  avg false alarm rate  avg false negative rate  avg f1
0     Micro avg        0.7655         0.7655                       0.7655                0.0586                   0.2345  0.7655
1     Macro avg        0.9062         0.7738                       0.5163                0.0780                   0.4837  0.5191
2  Weighted avg        0.8652         0.7959                       0.7655                0.1555                   0.2345  0.7291
2019-12-26 23:48:16,912 [INFO] Dataset: Validation. Classification report below
2019-12-26 23:48:16,912 [INFO] 
              precision    recall  f1-score   support

         dos       1.00      1.00      1.00      9183
      normal       0.99      0.99      0.99     13462
       probe       0.98      0.99      0.98      2330
         r2l       0.93      0.81      0.87       199
         u2r       0.67      0.40      0.50        10

   micro avg       0.99      0.99      0.99     25184
   macro avg       0.91      0.84      0.87     25184
weighted avg       0.99      0.99      0.99     25184

2019-12-26 23:48:16,912 [INFO] Overall accuracy (micro avg): 0.9935673443456162
2019-12-26 23:48:17,290 [INFO] Average metrics for Validation dataset below
   average type  avg accuracy  avg precision  avg detection rate (recall)  avg false alarm rate  avg false negative rate  avg f1
0     Micro avg        0.9936         0.9936                       0.9936                0.0016                   0.0064  0.9936
1     Macro avg        0.9974         0.9143                       0.8387                0.0022                   0.1613  0.8690
2  Weighted avg        0.9959         0.9935                       0.9936                0.0044                   0.0064  0.9935
2019-12-26 23:48:18,788 [INFO] Dataset: Training. Classification report below
2019-12-26 23:48:18,788 [INFO] 
              precision    recall  f1-score   support

         dos       1.00      1.00      1.00     36738
      normal       1.00      1.00      1.00     53871
       probe       1.00      0.99      1.00      9321
         r2l       0.98      0.92      0.95       796
         u2r       0.92      0.57      0.71        42

   micro avg       1.00      1.00      1.00    100768
   macro avg       0.98      0.90      0.93    100768
weighted avg       1.00      1.00      1.00    100768

2019-12-26 23:48:18,788 [INFO] Overall accuracy (micro avg): 0.9979160050809781
2019-12-26 23:48:20,483 [INFO] Average metrics for Training dataset below
   average type  avg accuracy  avg precision  avg detection rate (recall)  avg false alarm rate  avg false negative rate  avg f1
0     Micro avg        0.9979         0.9979                       0.9979                0.0005                   0.0021  0.9979
1     Macro avg        0.9992         0.9793                       0.8977                0.0008                   0.1023  0.9301
2  Weighted avg        0.9987         0.9979                       0.9979                0.0017                   0.0021  0.9979
2019-12-26 23:48:20,509 [INFO] Results saved to: results_selected_models/selected_nsl_lstm_deep_rep1/selected_nsl_lstm_deep_rep1_results.xlsx
2019-12-26 23:48:20,509 [INFO] ================= Finished running experiment no. 1 ================= 

2019-12-26 23:48:20,513 [INFO] Created directory: results_selected_models/selected_nsl_lstm_deep_rep2
