2019-12-29 23:59:29,817 [INFO] Initialized logging. log_filename = results_selected_models/selected_kdd99_dbn_shallow_rep5/run_log.log
2019-12-29 23:59:29,817 [INFO] ================= Running experiment no. 5  ================= 

2019-12-29 23:59:29,817 [INFO] Experiment parameters given below
2019-12-29 23:59:29,817 [INFO] 
{'experiment_num': 5, 'results_dir': 'results_selected_models/selected_kdd99_dbn_shallow_rep5', 'model_type': 'classifier', 'model': 'dbn', 'normal_label': 'normal', 'scaling_type': 'NA', 'dbn_layer_units': [32], 'ann_layer_activations': ['relu'], 'ann_layer_dropout_rates': [0.2], 'unsupervised_ratio': 0.5, 'dbn_learning_rate': 0.0001, 'pretrain_epochs': 50, 'fine_tune_epochs': 300, 'early_stop_patience': 50, 'batch_size': 256, 'dataset_dir': '../Datasets/full_datasets/kdd99_five_classes', 'description': 'selected_kdd99_dbn_shallow_rep5'}
2019-12-29 23:59:29,817 [INFO] Created tensorboard log directory: results_selected_models/selected_kdd99_dbn_shallow_rep5/tf_logs_run_2019_12_29-23_59_29
2019-12-29 23:59:29,817 [INFO] Loading datsets from: ../Datasets/full_datasets/kdd99_five_classes
2019-12-29 23:59:29,817 [INFO] Reading X, y files
2019-12-29 23:59:29,817 [INFO] Reading HDF dataset ../Datasets/full_datasets/kdd99_five_classes/X_train.h5
2019-12-29 23:59:36,215 [INFO] Reading complete. time_to_read=6.40 seconds
2019-12-29 23:59:36,215 [INFO] Reading HDF dataset ../Datasets/full_datasets/kdd99_five_classes/X_val.h5
2019-12-29 23:59:37,825 [INFO] Reading complete. time_to_read=1.61 seconds
2019-12-29 23:59:37,826 [INFO] Reading HDF dataset ../Datasets/full_datasets/kdd99_five_classes/X_test.h5
2019-12-29 23:59:38,292 [INFO] Reading complete. time_to_read=0.47 seconds
2019-12-29 23:59:38,292 [INFO] Reading HDF dataset ../Datasets/full_datasets/kdd99_five_classes/y_train.h5
2019-12-29 23:59:38,518 [INFO] Reading complete. time_to_read=0.23 seconds
2019-12-29 23:59:38,518 [INFO] Reading HDF dataset ../Datasets/full_datasets/kdd99_five_classes/y_val.h5
2019-12-29 23:59:38,572 [INFO] Reading complete. time_to_read=0.05 seconds
2019-12-29 23:59:38,573 [INFO] Reading HDF dataset ../Datasets/full_datasets/kdd99_five_classes/y_test.h5
2019-12-29 23:59:38,592 [INFO] Reading complete. time_to_read=0.02 seconds
2019-12-29 23:59:45,757 [INFO] Initializing model
2019-12-29 23:59:45,758 [INFO] Training model
2019-12-29 23:59:45,758 [INFO] Splitting train set into 2 sets (unsupervised, supervised), random_seed = None
2019-12-30 00:00:26,566 [INFO] Split sizes (instances). total = 3918744, unsupervised = 1959372, supervised = 1959372, unsupervised dataset hash = 9ff7a9c81395f0e9cd4a06d0a794435c58fc45f5
2019-12-30 00:00:26,567 [INFO] Pretraining Deep Belief Network
2019-12-30 00:21:00,623 [INFO] Pretraining Complete
2019-12-30 00:21:00,624 [INFO] Getting pretrained weights
2019-12-30 00:21:00,624 [INFO] Creating and initializing feed forward neural network
2019-12-30 00:21:00,746 [INFO] _________________________________________________________________
2019-12-30 00:21:00,746 [INFO] Layer (type)                 Output Shape              Param #   
2019-12-30 00:21:00,746 [INFO] =================================================================
2019-12-30 00:21:00,746 [INFO] dense_9 (Dense)              (None, 32)                3968      
2019-12-30 00:21:00,746 [INFO] _________________________________________________________________
2019-12-30 00:21:00,747 [INFO] batch_normalization_5 (Batch (None, 32)                128       
2019-12-30 00:21:00,747 [INFO] _________________________________________________________________
2019-12-30 00:21:00,747 [INFO] dropout_5 (Dropout)          (None, 32)                0         
2019-12-30 00:21:00,747 [INFO] _________________________________________________________________
2019-12-30 00:21:00,747 [INFO] dense_10 (Dense)             (None, 5)                 165       
2019-12-30 00:21:00,747 [INFO] =================================================================
2019-12-30 00:21:00,747 [INFO] Total params: 4,261
2019-12-30 00:21:00,747 [INFO] Trainable params: 4,197
2019-12-30 00:21:00,747 [INFO] Non-trainable params: 64
2019-12-30 00:21:00,747 [INFO] _________________________________________________________________
2019-12-30 00:21:01,056 [INFO] Fine-tuning final neural network
2019-12-30 00:42:58,077 [INFO] epoch = 30. Intermediate model saved to results_selected_models/selected_kdd99_dbn_shallow_rep5/ann_model_epoch_30.pickle
2019-12-30 01:04:28,430 [INFO] epoch = 60. Intermediate model saved to results_selected_models/selected_kdd99_dbn_shallow_rep5/ann_model_epoch_60.pickle
2019-12-30 01:25:52,599 [INFO] epoch = 90. Intermediate model saved to results_selected_models/selected_kdd99_dbn_shallow_rep5/ann_model_epoch_90.pickle
2019-12-30 01:47:17,129 [INFO] epoch = 120. Intermediate model saved to results_selected_models/selected_kdd99_dbn_shallow_rep5/ann_model_epoch_120.pickle
2019-12-30 02:08:41,791 [INFO] epoch = 150. Intermediate model saved to results_selected_models/selected_kdd99_dbn_shallow_rep5/ann_model_epoch_150.pickle
2019-12-30 02:30:07,231 [INFO] epoch = 180. Intermediate model saved to results_selected_models/selected_kdd99_dbn_shallow_rep5/ann_model_epoch_180.pickle
2019-12-30 02:51:30,961 [INFO] epoch = 210. Intermediate model saved to results_selected_models/selected_kdd99_dbn_shallow_rep5/ann_model_epoch_210.pickle
2019-12-30 03:12:56,230 [INFO] epoch = 240. Intermediate model saved to results_selected_models/selected_kdd99_dbn_shallow_rep5/ann_model_epoch_240.pickle
2019-12-30 03:34:21,695 [INFO] epoch = 270. Intermediate model saved to results_selected_models/selected_kdd99_dbn_shallow_rep5/ann_model_epoch_270.pickle
2019-12-30 03:47:31,610 [INFO] WeightRestorer::on_train_end(): restoring best weights
2019-12-30 03:48:38,963 [INFO] Last epoch loss evaluation: train_loss = 0.000216, val_loss = 0.000338
2019-12-30 03:48:38,977 [INFO] Training complete. time_to_train = 13733.22 sec, 228.89 min
2019-12-30 03:48:38,981 [INFO] Model saved to results_selected_models/selected_kdd99_dbn_shallow_rep5/best_model.pickle
2019-12-30 03:48:38,985 [INFO] Training history saved to: results_selected_models/selected_kdd99_dbn_shallow_rep5/training_error_history.csv
2019-12-30 03:48:39,168 [INFO] Plot saved to: results_selected_models/selected_kdd99_dbn_shallow_rep5/training_error_history.png
2019-12-30 03:48:39,329 [INFO] Plot saved to: results_selected_models/selected_kdd99_dbn_shallow_rep5/training_f1_history.png
2019-12-30 03:48:39,329 [INFO] Making predictions on training, validation, testing data
2019-12-30 03:50:13,237 [INFO] Evaluating predictions (results)
2019-12-30 03:50:21,923 [INFO] Dataset: Testing. Classification report below
2019-12-30 03:50:21,923 [INFO] 
              precision    recall  f1-score   support

         dos       1.00      0.97      0.99    229853
     normal.       0.73      0.99      0.84     60593
       probe       0.81      0.78      0.80      4166
         r2l       0.92      0.02      0.04     13781
         u2r       0.03      0.01      0.01      2636

    accuracy                           0.92    311029
   macro avg       0.70      0.56      0.54    311029
weighted avg       0.93      0.92      0.90    311029

2019-12-30 03:50:21,923 [INFO] Overall accuracy (micro avg): 0.9233833501056171
2019-12-30 03:50:31,220 [INFO] Average metrics for Testing dataset below
   average type  avg accuracy  avg precision  avg detection rate (recall)  avg false alarm rate  avg false negative rate  avg f1
0     Micro avg        0.9234         0.9234                       0.9234                0.0192                   0.0766  0.9234
1     Macro avg        0.9694         0.6956                       0.5551                0.0192                   0.4449  0.5352
2  Weighted avg        0.9684         0.9320                       0.9234                0.0196                   0.0766  0.9049
2019-12-30 03:51:01,341 [INFO] Dataset: Validation. Classification report below
2019-12-30 03:51:01,341 [INFO] 
              precision    recall  f1-score   support

         dos       1.00      1.00      1.00    776675
     normal.       1.00      1.00      1.00    194556
       probe       1.00      0.99      0.99      8221
         r2l       0.93      0.87      0.90       225
         u2r       0.20      0.20      0.20        10

    accuracy                           1.00    979687
   macro avg       0.82      0.81      0.82    979687
weighted avg       1.00      1.00      1.00    979687

2019-12-30 03:51:01,341 [INFO] Overall accuracy (micro avg): 0.9998336203297584
2019-12-30 03:51:33,849 [INFO] Average metrics for Validation dataset below
   average type  avg accuracy  avg precision  avg detection rate (recall)  avg false alarm rate  avg false negative rate  avg f1
0     Micro avg        0.9998         0.9998                       0.9998                0.0000                   0.0002  0.9998
1     Macro avg        0.9999         0.8247                       0.8121                0.0001                   0.1879  0.8182
2  Weighted avg        0.9999         0.9998                       0.9998                0.0001                   0.0002  0.9998
2019-12-30 03:53:46,945 [INFO] Dataset: Training. Classification report below
2019-12-30 03:53:46,945 [INFO] 
              precision    recall  f1-score   support

         dos       1.00      1.00      1.00   3106695
     normal.       1.00      1.00      1.00    778225
       probe       1.00      0.99      1.00     32881
         r2l       0.91      0.89      0.90       901
         u2r       0.60      0.60      0.60        42

    accuracy                           1.00   3918744
   macro avg       0.90      0.90      0.90   3918744
weighted avg       1.00      1.00      1.00   3918744

2019-12-30 03:53:46,945 [INFO] Overall accuracy (micro avg): 0.9998509726585866
2019-12-30 03:56:10,635 [INFO] Average metrics for Training dataset below
   average type  avg accuracy  avg precision  avg detection rate (recall)  avg false alarm rate  avg false negative rate  avg f1
0     Micro avg        0.9999         0.9999                       0.9999                0.0000                   0.0001  0.9999
1     Macro avg        0.9999         0.9003                       0.8955                0.0000                   0.1045  0.8979
2  Weighted avg        0.9999         0.9999                       0.9999                0.0001                   0.0001  0.9999
2019-12-30 03:56:10,682 [INFO] Results saved to: results_selected_models/selected_kdd99_dbn_shallow_rep5/selected_kdd99_dbn_shallow_rep5_results.xlsx
2019-12-30 03:56:10,689 [INFO] ================= Finished running experiment no. 5 ================= 

2019-12-30 03:56:10,713 [INFO] Created directory: results_selected_models/selected_kdd99_dbn_deep_rep1
