2020-01-07 23:29:10,679 [INFO] Initialized logging. log_filename = results_additional_exps/ann_data_efficiency_ids18_p70/run_log.log
2020-01-07 23:29:10,679 [INFO] ================= Running experiment no. 7  ================= 

2020-01-07 23:29:10,679 [INFO] Experiment parameters given below
2020-01-07 23:29:10,680 [INFO] 
{'experiment_num': 7, 'results_dir': 'results_additional_exps/ann_data_efficiency_ids18_p70', 'model_type': 'classifier', 'model': 'ann', 'normal_label': 'BENIGN', 'training_data_feed': 'preload', 'split_random_seed': 42, 'dataset_split_ratio': 0.3, 'ann_layer_units': [64], 'ann_layer_activations': ['relu'], 'ann_layer_dropout_rates': [0.2], 'epochs': 100, 'early_stop_patience': 20, 'batch_size': 256, 'training_set': 'train_set_only', 'dataset_dir': '../Datasets/small_datasets/ids2018', 'description': 'ann_data_efficiency_ids18_p70'}
2020-01-07 23:29:10,680 [INFO] Created tensorboard log directory: results_additional_exps/ann_data_efficiency_ids18_p70/tf_logs_run_2020_01_07-23_29_10
2020-01-07 23:29:10,680 [INFO] Loading datsets from: ../Datasets/small_datasets/ids2018
2020-01-07 23:29:10,680 [INFO] Reading X, y files
2020-01-07 23:29:10,680 [INFO] Reading HDF dataset ../Datasets/small_datasets/ids2018/X_train.h5
2020-01-07 23:29:14,995 [INFO] Reading complete. time_to_read=4.32 seconds
2020-01-07 23:29:14,996 [INFO] Reading HDF dataset ../Datasets/small_datasets/ids2018/X_val.h5
2020-01-07 23:29:16,481 [INFO] Reading complete. time_to_read=1.49 seconds
2020-01-07 23:29:16,481 [INFO] Reading HDF dataset ../Datasets/small_datasets/ids2018/X_test.h5
2020-01-07 23:29:17,966 [INFO] Reading complete. time_to_read=1.48 seconds
2020-01-07 23:29:17,966 [INFO] Reading HDF dataset ../Datasets/small_datasets/ids2018/y_train.h5
2020-01-07 23:29:18,184 [INFO] Reading complete. time_to_read=0.22 seconds
2020-01-07 23:29:18,184 [INFO] Reading HDF dataset ../Datasets/small_datasets/ids2018/y_val.h5
2020-01-07 23:29:18,261 [INFO] Reading complete. time_to_read=0.08 seconds
2020-01-07 23:29:18,262 [INFO] Reading HDF dataset ../Datasets/small_datasets/ids2018/y_test.h5
2020-01-07 23:29:18,340 [INFO] Reading complete. time_to_read=0.08 seconds
2020-01-07 23:29:21,972 [INFO] Initializing model
2020-01-07 23:29:22,076 [INFO] _________________________________________________________________
2020-01-07 23:29:22,077 [INFO] Layer (type)                 Output Shape              Param #   
2020-01-07 23:29:22,077 [INFO] =================================================================
2020-01-07 23:29:22,077 [INFO] dense_13 (Dense)             (None, 64)                4992      
2020-01-07 23:29:22,077 [INFO] _________________________________________________________________
2020-01-07 23:29:22,077 [INFO] batch_normalization_7 (Batch (None, 64)                256       
2020-01-07 23:29:22,077 [INFO] _________________________________________________________________
2020-01-07 23:29:22,077 [INFO] dropout_7 (Dropout)          (None, 64)                0         
2020-01-07 23:29:22,077 [INFO] _________________________________________________________________
2020-01-07 23:29:22,077 [INFO] dense_14 (Dense)             (None, 15)                975       
2020-01-07 23:29:22,077 [INFO] =================================================================
2020-01-07 23:29:22,077 [INFO] Total params: 6,223
2020-01-07 23:29:22,077 [INFO] Trainable params: 6,095
2020-01-07 23:29:22,077 [INFO] Non-trainable params: 128
2020-01-07 23:29:22,077 [INFO] _________________________________________________________________
2020-01-07 23:29:22,077 [INFO] Training model
2020-01-07 23:29:22,077 [INFO] Splitting train set into 2 sets (set1, set2), random_seed = 42
2020-01-07 23:29:43,164 [INFO] Split sizes (instances). total = 1936462, set1 = 580938, set2 = 1355524, set1 dataset hash = 1a7899e7c68f9a6273ec466b569a3d15e19918b2
2020-01-07 23:33:45,388 [INFO] epoch = 10. Intermediate model saved to results_additional_exps/ann_data_efficiency_ids18_p70/ann_model_epoch_10.pickle
2020-01-07 23:37:29,500 [INFO] epoch = 20. Intermediate model saved to results_additional_exps/ann_data_efficiency_ids18_p70/ann_model_epoch_20.pickle
2020-01-07 23:41:14,983 [INFO] epoch = 30. Intermediate model saved to results_additional_exps/ann_data_efficiency_ids18_p70/ann_model_epoch_30.pickle
2020-01-07 23:44:59,438 [INFO] epoch = 40. Intermediate model saved to results_additional_exps/ann_data_efficiency_ids18_p70/ann_model_epoch_40.pickle
2020-01-07 23:48:45,196 [INFO] epoch = 50. Intermediate model saved to results_additional_exps/ann_data_efficiency_ids18_p70/ann_model_epoch_50.pickle
2020-01-07 23:52:29,309 [INFO] epoch = 60. Intermediate model saved to results_additional_exps/ann_data_efficiency_ids18_p70/ann_model_epoch_60.pickle
2020-01-07 23:56:12,237 [INFO] epoch = 70. Intermediate model saved to results_additional_exps/ann_data_efficiency_ids18_p70/ann_model_epoch_70.pickle
2020-01-07 23:58:56,694 [INFO] WeightRestorer::on_train_end(): restoring best weights
2020-01-07 23:59:24,717 [INFO] Last epoch loss evaluation: train_loss = 0.007883, val_loss = 0.007906
2020-01-07 23:59:24,761 [INFO] Training complete. time_to_train = 1802.68 sec, 30.04 min
2020-01-07 23:59:24,764 [INFO] Model saved to results_additional_exps/ann_data_efficiency_ids18_p70/best_model.pickle
2020-01-07 23:59:24,766 [INFO] Training history saved to: results_additional_exps/ann_data_efficiency_ids18_p70/training_error_history.csv
2020-01-07 23:59:24,945 [INFO] Plot saved to: results_additional_exps/ann_data_efficiency_ids18_p70/training_error_history.png
2020-01-07 23:59:25,125 [INFO] Plot saved to: results_additional_exps/ann_data_efficiency_ids18_p70/training_f1_history.png
2020-01-07 23:59:25,125 [INFO] Making predictions on training, validation, testing data
2020-01-08 00:00:03,062 [INFO] Evaluating predictions (results)
2020-01-08 00:00:15,018 [INFO] Dataset: Testing. Classification report below
2020-01-08 00:00:15,018 [INFO] 
                          precision    recall  f1-score   support

                  Benign       0.99      1.00      0.99    535650
                     Bot       1.00      1.00      1.00     11465
        Brute Force -Web       0.89      0.33      0.48        24
        Brute Force -XSS       1.00      0.33      0.50         9
        DDOS attack-HOIC       1.00      1.00      1.00     27447
    DDOS attack-LOIC-UDP       0.68      0.99      0.80        67
  DDoS attacks-LOIC-HTTP       0.99      0.99      0.99     23010
   DoS attacks-GoldenEye       1.00      1.00      1.00      1651
        DoS attacks-Hulk       1.00      1.00      1.00     18478
DoS attacks-SlowHTTPTest       0.72      0.46      0.56      5596
   DoS attacks-Slowloris       0.99      0.76      0.86       440
          FTP-BruteForce       0.69      0.87      0.77      7718
           Infilteration       0.44      0.01      0.02      6404
           SQL Injection       1.00      0.50      0.67         4
          SSH-Bruteforce       1.00      1.00      1.00      7525

               micro avg       0.98      0.98      0.98    645488
               macro avg       0.89      0.75      0.78    645488
            weighted avg       0.98      0.98      0.98    645488

2020-01-08 00:00:15,018 [INFO] Overall accuracy (micro avg): 0.9830066554296905
2020-01-08 00:00:28,606 [INFO] Average metrics for Testing dataset below
   average type  avg accuracy  avg precision  avg detection rate (recall)  avg false alarm rate  avg false negative rate  avg f1
0     Micro avg        0.9830         0.9830                       0.9830                0.0012                   0.0170  0.9830
1     Macro avg        0.9977         0.8927                       0.7492                0.0045                   0.2508  0.7766
2  Weighted avg        0.9909         0.9779                       0.9830                0.0500                   0.0170  0.9780
2020-01-08 00:00:40,641 [INFO] Dataset: Validation. Classification report below
2020-01-08 00:00:40,641 [INFO] 
                          precision    recall  f1-score   support

                  Benign       0.99      1.00      0.99    535650
                     Bot       1.00      1.00      1.00     11465
        Brute Force -Web       0.92      0.48      0.63        25
        Brute Force -XSS       1.00      0.67      0.80         9
        DDOS attack-HOIC       1.00      1.00      1.00     27447
    DDOS attack-LOIC-UDP       0.72      1.00      0.84        68
  DDoS attacks-LOIC-HTTP       0.99      0.99      0.99     23009
   DoS attacks-GoldenEye       0.99      0.99      0.99      1651
        DoS attacks-Hulk       1.00      1.00      1.00     18478
DoS attacks-SlowHTTPTest       0.73      0.45      0.56      5596
   DoS attacks-Slowloris       0.99      0.82      0.90       439
          FTP-BruteForce       0.69      0.88      0.77      7718
           Infilteration       0.41      0.01      0.02      6403
           SQL Injection       0.00      0.00      0.00         4
          SSH-Bruteforce       1.00      1.00      1.00      7525

               micro avg       0.98      0.98      0.98    645487
               macro avg       0.83      0.75      0.77    645487
            weighted avg       0.98      0.98      0.98    645487

2020-01-08 00:00:40,641 [INFO] Overall accuracy (micro avg): 0.9830562040753725
2020-01-08 00:00:54,293 [INFO] Average metrics for Validation dataset below
   average type  avg accuracy  avg precision  avg detection rate (recall)  avg false alarm rate  avg false negative rate  avg f1
0     Micro avg        0.9831         0.9831                       0.9831                0.0012                   0.0169  0.9831
1     Macro avg        0.9977         0.8285                       0.7530                0.0044                   0.2470  0.7664
2  Weighted avg        0.9909         0.9776                       0.9831                0.0498                   0.0169  0.9780
2020-01-08 00:01:33,543 [INFO] Dataset: Training. Classification report below
2020-01-08 00:01:33,543 [INFO] 
                          precision    recall  f1-score   support

                  Benign       0.99      1.00      0.99   1606949
                     Bot       1.00      1.00      1.00     34396
        Brute Force -Web       0.90      0.37      0.52        73
        Brute Force -XSS       1.00      0.50      0.67        26
        DDOS attack-HOIC       1.00      1.00      1.00     82341
    DDOS attack-LOIC-UDP       0.71      0.99      0.83       203
  DDoS attacks-LOIC-HTTP       0.99      0.99      0.99     69029
   DoS attacks-GoldenEye       0.99      1.00      0.99      4954
        DoS attacks-Hulk       1.00      1.00      1.00     55435
DoS attacks-SlowHTTPTest       0.72      0.46      0.56     16787
   DoS attacks-Slowloris       1.00      0.80      0.89      1318
          FTP-BruteForce       0.69      0.87      0.77     23153
           Infilteration       0.50      0.01      0.03     19210
           SQL Injection       1.00      0.25      0.40        12
          SSH-Bruteforce       1.00      1.00      1.00     22576

               micro avg       0.98      0.98      0.98   1936462
               macro avg       0.90      0.75      0.78   1936462
            weighted avg       0.98      0.98      0.98   1936462

2020-01-08 00:01:33,543 [INFO] Overall accuracy (micro avg): 0.983053630796783
2020-01-08 00:02:18,091 [INFO] Average metrics for Training dataset below
   average type  avg accuracy  avg precision  avg detection rate (recall)  avg false alarm rate  avg false negative rate  avg f1
0     Micro avg        0.9831         0.9831                       0.9831                0.0012                   0.0169  0.9831
1     Macro avg        0.9977         0.8989                       0.7492                0.0044                   0.2508  0.7758
2  Weighted avg        0.9909         0.9784                       0.9831                0.0498                   0.0169  0.9780
2020-01-08 00:02:18,150 [INFO] Results saved to: results_additional_exps/ann_data_efficiency_ids18_p70/ann_data_efficiency_ids18_p70_results.xlsx
2020-01-08 00:02:18,155 [INFO] ================= Finished running experiment no. 7 ================= 

2020-01-08 00:02:18,236 [INFO] ================= Finished running 7 experiments ================= 

