2020-01-08 11:44:23,101 [INFO] Initialized logging. log_filename = results_additional_exps/semi_sup_perf_ids18_subset_dbn_rep2/run_log.log
2020-01-08 11:44:23,101 [INFO] ================= Running experiment no. 2  ================= 

2020-01-08 11:44:23,101 [INFO] Experiment parameters given below
2020-01-08 11:44:23,101 [INFO] 
{'experiment_num': 2, 'results_dir': 'results_additional_exps/semi_sup_perf_ids18_subset_dbn_rep2', 'model_type': 'classifier', 'model': 'dbn', 'normal_label': 'BENIGN', 'dbn_layer_units': [64], 'ann_layer_activations': ['relu'], 'ann_layer_dropout_rates': [0.2], 'random_seed': 42, 'unsupervised_ratio': 0.75, 'dbn_learning_rate': 0.0001, 'pretrain_epochs': 50, 'fine_tune_epochs': 200, 'early_stop_patience': 50, 'batch_size': 256, 'dataset_dir': '../Datasets/small_datasets/ids2018', 'description': 'semi_sup_perf_ids18_subset_dbn_rep2'}
2020-01-08 11:44:23,101 [INFO] Created tensorboard log directory: results_additional_exps/semi_sup_perf_ids18_subset_dbn_rep2/tf_logs_run_2020_01_08-11_44_23
2020-01-08 11:44:23,101 [INFO] Loading datsets from: ../Datasets/small_datasets/ids2018
2020-01-08 11:44:23,102 [INFO] Reading X, y files
2020-01-08 11:44:23,102 [INFO] Reading HDF dataset ../Datasets/small_datasets/ids2018/X_train.h5
2020-01-08 11:44:27,108 [INFO] Reading complete. time_to_read=4.01 seconds
2020-01-08 11:44:27,108 [INFO] Reading HDF dataset ../Datasets/small_datasets/ids2018/X_val.h5
2020-01-08 11:44:28,480 [INFO] Reading complete. time_to_read=1.37 seconds
2020-01-08 11:44:28,483 [INFO] Reading HDF dataset ../Datasets/small_datasets/ids2018/X_test.h5
2020-01-08 11:44:29,849 [INFO] Reading complete. time_to_read=1.37 seconds
2020-01-08 11:44:29,850 [INFO] Reading HDF dataset ../Datasets/small_datasets/ids2018/y_train.h5
2020-01-08 11:44:30,131 [INFO] Reading complete. time_to_read=0.28 seconds
2020-01-08 11:44:30,132 [INFO] Reading HDF dataset ../Datasets/small_datasets/ids2018/y_val.h5
2020-01-08 11:44:30,227 [INFO] Reading complete. time_to_read=0.10 seconds
2020-01-08 11:44:30,227 [INFO] Reading HDF dataset ../Datasets/small_datasets/ids2018/y_test.h5
2020-01-08 11:44:30,323 [INFO] Reading complete. time_to_read=0.10 seconds
2020-01-08 11:44:33,730 [INFO] Initializing model
2020-01-08 11:44:33,730 [INFO] Training model
2020-01-08 11:44:33,732 [INFO] Splitting train set into 2 sets (unsupervised, supervised), random_seed = None
2020-01-08 11:45:03,313 [INFO] Split sizes (instances). total = 1936462, unsupervised = 1452346, supervised = 484116, unsupervised dataset hash = e96f7f59ec7285e804b188a14c51a497d1a22c07
2020-01-08 11:45:03,313 [INFO] Pretraining Deep Belief Network
2020-01-08 12:02:26,429 [INFO] Pretraining Complete
2020-01-08 12:02:26,429 [INFO] Getting pretrained weights
2020-01-08 12:02:26,429 [INFO] Creating and initializing feed forward neural network
2020-01-08 12:02:26,548 [INFO] _________________________________________________________________
2020-01-08 12:02:26,548 [INFO] Layer (type)                 Output Shape              Param #   
2020-01-08 12:02:26,548 [INFO] =================================================================
2020-01-08 12:02:26,548 [INFO] dense_3 (Dense)              (None, 64)                4992      
2020-01-08 12:02:26,548 [INFO] _________________________________________________________________
2020-01-08 12:02:26,548 [INFO] batch_normalization_2 (Batch (None, 64)                256       
2020-01-08 12:02:26,548 [INFO] _________________________________________________________________
2020-01-08 12:02:26,548 [INFO] dropout_2 (Dropout)          (None, 64)                0         
2020-01-08 12:02:26,549 [INFO] _________________________________________________________________
2020-01-08 12:02:26,549 [INFO] dense_4 (Dense)              (None, 15)                975       
2020-01-08 12:02:26,549 [INFO] =================================================================
2020-01-08 12:02:26,549 [INFO] Total params: 6,223
2020-01-08 12:02:26,549 [INFO] Trainable params: 6,095
2020-01-08 12:02:26,549 [INFO] Non-trainable params: 128
2020-01-08 12:02:26,549 [INFO] _________________________________________________________________
2020-01-08 12:02:26,677 [INFO] Fine-tuning final neural network
2020-01-08 12:08:46,665 [INFO] epoch = 20. Intermediate model saved to results_additional_exps/semi_sup_perf_ids18_subset_dbn_rep2/ann_model_epoch_20.pickle
2020-01-08 12:14:57,242 [INFO] epoch = 40. Intermediate model saved to results_additional_exps/semi_sup_perf_ids18_subset_dbn_rep2/ann_model_epoch_40.pickle
2020-01-08 12:21:08,200 [INFO] epoch = 60. Intermediate model saved to results_additional_exps/semi_sup_perf_ids18_subset_dbn_rep2/ann_model_epoch_60.pickle
2020-01-08 12:27:19,604 [INFO] epoch = 80. Intermediate model saved to results_additional_exps/semi_sup_perf_ids18_subset_dbn_rep2/ann_model_epoch_80.pickle
2020-01-08 12:33:31,552 [INFO] epoch = 100. Intermediate model saved to results_additional_exps/semi_sup_perf_ids18_subset_dbn_rep2/ann_model_epoch_100.pickle
2020-01-08 12:39:43,273 [INFO] epoch = 120. Intermediate model saved to results_additional_exps/semi_sup_perf_ids18_subset_dbn_rep2/ann_model_epoch_120.pickle
2020-01-08 12:45:54,901 [INFO] epoch = 140. Intermediate model saved to results_additional_exps/semi_sup_perf_ids18_subset_dbn_rep2/ann_model_epoch_140.pickle
2020-01-08 12:52:10,208 [INFO] epoch = 160. Intermediate model saved to results_additional_exps/semi_sup_perf_ids18_subset_dbn_rep2/ann_model_epoch_160.pickle
2020-01-08 12:58:25,566 [INFO] epoch = 180. Intermediate model saved to results_additional_exps/semi_sup_perf_ids18_subset_dbn_rep2/ann_model_epoch_180.pickle
2020-01-08 13:04:32,901 [INFO] WeightRestorer::on_train_end(): restoring best weights
2020-01-08 13:04:53,036 [INFO] Last epoch loss evaluation: train_loss = 0.008069, val_loss = 0.008169
2020-01-08 13:04:53,040 [INFO] Training complete. time_to_train = 4819.31 sec, 80.32 min
2020-01-08 13:04:53,045 [INFO] Model saved to results_additional_exps/semi_sup_perf_ids18_subset_dbn_rep2/best_model.pickle
2020-01-08 13:04:53,047 [INFO] Training history saved to: results_additional_exps/semi_sup_perf_ids18_subset_dbn_rep2/training_error_history.csv
2020-01-08 13:04:53,242 [INFO] Plot saved to: results_additional_exps/semi_sup_perf_ids18_subset_dbn_rep2/training_error_history.png
2020-01-08 13:04:53,426 [INFO] Plot saved to: results_additional_exps/semi_sup_perf_ids18_subset_dbn_rep2/training_f1_history.png
2020-01-08 13:04:53,426 [INFO] Making predictions on training, validation, testing data
2020-01-08 13:05:41,662 [INFO] Evaluating predictions (results)
2020-01-08 13:06:04,865 [INFO] Dataset: Testing. Classification report below
2020-01-08 13:06:04,865 [INFO] 
                          precision    recall  f1-score   support

                  Benign       0.99      1.00      0.99    535650
                     Bot       1.00      1.00      1.00     11465
        Brute Force -Web       0.00      0.00      0.00        24
        Brute Force -XSS       0.00      0.00      0.00         9
        DDOS attack-HOIC       1.00      1.00      1.00     27447
    DDOS attack-LOIC-UDP       0.85      0.76      0.80        67
  DDoS attacks-LOIC-HTTP       0.99      0.99      0.99     23010
   DoS attacks-GoldenEye       0.99      0.99      0.99      1651
        DoS attacks-Hulk       1.00      1.00      1.00     18478
DoS attacks-SlowHTTPTest       0.73      0.45      0.56      5596
   DoS attacks-Slowloris       0.94      0.95      0.95       440
          FTP-BruteForce       0.69      0.88      0.77      7718
           Infilteration       0.30      0.00      0.01      6404
           SQL Injection       0.00      0.00      0.00         4
          SSH-Bruteforce       1.00      1.00      1.00      7525

                accuracy                           0.98    645488
               macro avg       0.70      0.67      0.67    645488
            weighted avg       0.98      0.98      0.98    645488

2020-01-08 13:06:04,865 [INFO] Overall accuracy (micro avg): 0.9830515826785315
2020-01-08 13:06:29,816 [INFO] Average metrics for Testing dataset below
   average type  avg accuracy  avg precision  avg detection rate (recall)  avg false alarm rate  avg false negative rate  avg f1
0     Micro avg        0.9831         0.9831                       0.9831                0.0012                   0.0169  0.9831
1     Macro avg        0.9977         0.6987                       0.6686                0.0045                   0.3314  0.6708
2  Weighted avg        0.9909         0.9764                       0.9831                0.0502                   0.0169  0.9778
2020-01-08 13:06:52,936 [INFO] Dataset: Validation. Classification report below
2020-01-08 13:06:52,936 [INFO] 
                          precision    recall  f1-score   support

                  Benign       0.99      1.00      0.99    535650
                     Bot       1.00      1.00      1.00     11465
        Brute Force -Web       0.00      0.00      0.00        25
        Brute Force -XSS       0.00      0.00      0.00         9
        DDOS attack-HOIC       1.00      1.00      1.00     27447
    DDOS attack-LOIC-UDP       0.91      0.72      0.80        68
  DDoS attacks-LOIC-HTTP       0.99      0.99      0.99     23009
   DoS attacks-GoldenEye       0.99      0.99      0.99      1651
        DoS attacks-Hulk       1.00      1.00      1.00     18478
DoS attacks-SlowHTTPTest       0.74      0.45      0.56      5596
   DoS attacks-Slowloris       0.93      0.95      0.94       439
          FTP-BruteForce       0.69      0.89      0.78      7718
           Infilteration       0.30      0.00      0.01      6403
           SQL Injection       0.00      0.00      0.00         4
          SSH-Bruteforce       1.00      1.00      1.00      7525

                accuracy                           0.98    645487
               macro avg       0.70      0.67      0.67    645487
            weighted avg       0.98      0.98      0.98    645487

2020-01-08 13:06:52,936 [INFO] Overall accuracy (micro avg): 0.9831228204440988
2020-01-08 13:07:17,866 [INFO] Average metrics for Validation dataset below
   average type  avg accuracy  avg precision  avg detection rate (recall)  avg false alarm rate  avg false negative rate  avg f1
0     Micro avg        0.9831         0.9831                       0.9831                0.0012                   0.0169  0.9831
1     Macro avg        0.9977         0.7023                       0.6656                0.0045                   0.3344  0.6702
2  Weighted avg        0.9909         0.9765                       0.9831                0.0501                   0.0169  0.9779
2020-01-08 13:08:33,575 [INFO] Dataset: Training. Classification report below
2020-01-08 13:08:33,576 [INFO] 
                          precision    recall  f1-score   support

                  Benign       0.99      1.00      0.99   1606949
                     Bot       1.00      1.00      1.00     34396
        Brute Force -Web       0.00      0.00      0.00        73
        Brute Force -XSS       0.00      0.00      0.00        26
        DDOS attack-HOIC       1.00      1.00      1.00     82341
    DDOS attack-LOIC-UDP       0.88      0.80      0.84       203
  DDoS attacks-LOIC-HTTP       0.99      0.99      0.99     69029
   DoS attacks-GoldenEye       0.99      0.99      0.99      4954
        DoS attacks-Hulk       1.00      1.00      1.00     55435
DoS attacks-SlowHTTPTest       0.74      0.45      0.56     16787
   DoS attacks-Slowloris       0.95      0.97      0.96      1318
          FTP-BruteForce       0.69      0.88      0.77     23153
           Infilteration       0.37      0.00      0.01     19210
           SQL Injection       0.00      0.00      0.00        12
          SSH-Bruteforce       1.00      1.00      1.00     22576

                accuracy                           0.98   1936462
               macro avg       0.71      0.67      0.67   1936462
            weighted avg       0.98      0.98      0.98   1936462

2020-01-08 13:08:33,576 [INFO] Overall accuracy (micro avg): 0.9831316080563419
2020-01-08 13:09:55,199 [INFO] Average metrics for Training dataset below
   average type  avg accuracy  avg precision  avg detection rate (recall)  avg false alarm rate  avg false negative rate  avg f1
0     Micro avg        0.9831         0.9831                       0.9831                0.0012                   0.0169  0.9831
1     Macro avg        0.9978         0.7063                       0.6725                0.0045                   0.3275  0.6741
2  Weighted avg        0.9909         0.9772                       0.9831                0.0500                   0.0169  0.9779
2020-01-08 13:09:55,273 [INFO] Results saved to: results_additional_exps/semi_sup_perf_ids18_subset_dbn_rep2/semi_sup_perf_ids18_subset_dbn_rep2_results.xlsx
2020-01-08 13:09:55,278 [INFO] ================= Finished running experiment no. 2 ================= 

2020-01-08 13:09:55,326 [INFO] Created directory: results_additional_exps/semi_sup_perf_ids18_subset_dbn_rep3
