2020-01-07 21:08:22,509 [INFO] Initialized logging. log_filename = results_additional_exps/ann_data_efficiency_ids18_p80/run_log.log
2020-01-07 21:08:22,509 [INFO] ================= Running experiment no. 8  ================= 

2020-01-07 21:08:22,509 [INFO] Experiment parameters given below
2020-01-07 21:08:22,509 [INFO] 
{'experiment_num': 8, 'results_dir': 'results_additional_exps/ann_data_efficiency_ids18_p80', 'model_type': 'classifier', 'model': 'ann', 'normal_label': 'BENIGN', 'training_data_feed': 'preload', 'split_random_seed': 42, 'dataset_split_ratio': 0.2, 'ann_layer_units': [64], 'ann_layer_activations': ['relu'], 'ann_layer_dropout_rates': [0.2], 'epochs': 100, 'early_stop_patience': 20, 'batch_size': 256, 'training_set': 'train_set_only', 'dataset_dir': '../Datasets/small_datasets/ids2018', 'description': 'ann_data_efficiency_ids18_p80'}
2020-01-07 21:08:22,509 [INFO] Created tensorboard log directory: results_additional_exps/ann_data_efficiency_ids18_p80/tf_logs_run_2020_01_07-21_08_22
2020-01-07 21:08:22,509 [INFO] Loading datsets from: ../Datasets/small_datasets/ids2018
2020-01-07 21:08:22,510 [INFO] Reading X, y files
2020-01-07 21:08:22,510 [INFO] Reading HDF dataset ../Datasets/small_datasets/ids2018/X_train.h5
2020-01-07 21:08:26,988 [INFO] Reading complete. time_to_read=4.48 seconds
2020-01-07 21:08:26,988 [INFO] Reading HDF dataset ../Datasets/small_datasets/ids2018/X_val.h5
2020-01-07 21:08:28,522 [INFO] Reading complete. time_to_read=1.53 seconds
2020-01-07 21:08:28,522 [INFO] Reading HDF dataset ../Datasets/small_datasets/ids2018/X_test.h5
2020-01-07 21:08:30,050 [INFO] Reading complete. time_to_read=1.53 seconds
2020-01-07 21:08:30,050 [INFO] Reading HDF dataset ../Datasets/small_datasets/ids2018/y_train.h5
2020-01-07 21:08:30,337 [INFO] Reading complete. time_to_read=0.29 seconds
2020-01-07 21:08:30,337 [INFO] Reading HDF dataset ../Datasets/small_datasets/ids2018/y_val.h5
2020-01-07 21:08:30,421 [INFO] Reading complete. time_to_read=0.08 seconds
2020-01-07 21:08:30,421 [INFO] Reading HDF dataset ../Datasets/small_datasets/ids2018/y_test.h5
2020-01-07 21:08:30,505 [INFO] Reading complete. time_to_read=0.08 seconds
2020-01-07 21:08:34,490 [INFO] Initializing model
2020-01-07 21:08:34,491 [WARNING] From /home/hasitha/anaconda3/lib/python3.7/site-packages/keras/backend/tensorflow_backend.py:74: The name tf.get_default_graph is deprecated. Please use tf.compat.v1.get_default_graph instead.

2020-01-07 21:08:34,500 [WARNING] From /home/hasitha/anaconda3/lib/python3.7/site-packages/keras/backend/tensorflow_backend.py:517: The name tf.placeholder is deprecated. Please use tf.compat.v1.placeholder instead.

2020-01-07 21:08:34,502 [WARNING] From /home/hasitha/anaconda3/lib/python3.7/site-packages/keras/backend/tensorflow_backend.py:4138: The name tf.random_uniform is deprecated. Please use tf.random.uniform instead.

2020-01-07 21:08:34,560 [WARNING] From /home/hasitha/anaconda3/lib/python3.7/site-packages/keras/backend/tensorflow_backend.py:133: The name tf.placeholder_with_default is deprecated. Please use tf.compat.v1.placeholder_with_default instead.

2020-01-07 21:08:34,575 [WARNING] From /home/hasitha/anaconda3/lib/python3.7/site-packages/keras/backend/tensorflow_backend.py:3445: calling dropout (from tensorflow.python.ops.nn_ops) with keep_prob is deprecated and will be removed in a future version.
Instructions for updating:
Please use `rate` instead of `keep_prob`. Rate should be set to `rate = 1 - keep_prob`.
2020-01-07 21:08:34,593 [WARNING] From /home/hasitha/anaconda3/lib/python3.7/site-packages/keras/optimizers.py:790: The name tf.train.Optimizer is deprecated. Please use tf.compat.v1.train.Optimizer instead.

2020-01-07 21:08:34,607 [WARNING] From /home/hasitha/anaconda3/lib/python3.7/site-packages/keras/backend/tensorflow_backend.py:3376: The name tf.log is deprecated. Please use tf.math.log instead.

2020-01-07 21:08:34,610 [WARNING] From /home/hasitha/anaconda3/lib/python3.7/site-packages/tensorflow/python/ops/nn_impl.py:180: add_dispatch_support.<locals>.wrapper (from tensorflow.python.ops.array_ops) is deprecated and will be removed in a future version.
Instructions for updating:
Use tf.where in 2.0, which has the same broadcast rule as np.where
2020-01-07 21:08:34,620 [INFO] _________________________________________________________________
2020-01-07 21:08:34,620 [INFO] Layer (type)                 Output Shape              Param #   
2020-01-07 21:08:34,620 [INFO] =================================================================
2020-01-07 21:08:34,620 [INFO] dense_1 (Dense)              (None, 64)                4992      
2020-01-07 21:08:34,620 [INFO] _________________________________________________________________
2020-01-07 21:08:34,620 [INFO] batch_normalization_1 (Batch (None, 64)                256       
2020-01-07 21:08:34,620 [INFO] _________________________________________________________________
2020-01-07 21:08:34,620 [INFO] dropout_1 (Dropout)          (None, 64)                0         
2020-01-07 21:08:34,621 [INFO] _________________________________________________________________
2020-01-07 21:08:34,621 [INFO] dense_2 (Dense)              (None, 15)                975       
2020-01-07 21:08:34,621 [INFO] =================================================================
2020-01-07 21:08:34,621 [INFO] Total params: 6,223
2020-01-07 21:08:34,621 [INFO] Trainable params: 6,095
2020-01-07 21:08:34,621 [INFO] Non-trainable params: 128
2020-01-07 21:08:34,621 [INFO] _________________________________________________________________
2020-01-07 21:08:34,621 [INFO] Training model
2020-01-07 21:08:34,621 [INFO] Splitting train set into 2 sets (set1, set2), random_seed = 42
2020-01-07 21:08:57,337 [INFO] Split sizes (instances). total = 1936462, set1 = 387292, set2 = 1549170, set1 dataset hash = 65c7775eb40b23319a5318035034298446afff70
2020-01-07 21:08:58,208 [WARNING] From /home/hasitha/anaconda3/lib/python3.7/site-packages/keras/callbacks.py:850: The name tf.summary.merge_all is deprecated. Please use tf.compat.v1.summary.merge_all instead.

2020-01-07 21:08:58,208 [WARNING] From /home/hasitha/anaconda3/lib/python3.7/site-packages/keras/callbacks.py:853: The name tf.summary.FileWriter is deprecated. Please use tf.compat.v1.summary.FileWriter instead.

2020-01-07 21:13:37,649 [INFO] epoch = 10. Intermediate model saved to results_additional_exps/ann_data_efficiency_ids18_p80/ann_model_epoch_10.pickle
2020-01-07 21:18:04,177 [INFO] epoch = 20. Intermediate model saved to results_additional_exps/ann_data_efficiency_ids18_p80/ann_model_epoch_20.pickle
2020-01-07 21:22:31,342 [INFO] epoch = 30. Intermediate model saved to results_additional_exps/ann_data_efficiency_ids18_p80/ann_model_epoch_30.pickle
2020-01-07 21:24:52,989 [INFO] WeightRestorer::on_train_end(): restoring best weights
2020-01-07 21:25:26,383 [INFO] Last epoch loss evaluation: train_loss = 0.007872, val_loss = 0.007877
2020-01-07 21:25:26,419 [INFO] Training complete. time_to_train = 1011.80 sec, 16.86 min
2020-01-07 21:25:26,422 [INFO] Model saved to results_additional_exps/ann_data_efficiency_ids18_p80/best_model.pickle
2020-01-07 21:25:26,424 [INFO] Training history saved to: results_additional_exps/ann_data_efficiency_ids18_p80/training_error_history.csv
2020-01-07 21:25:26,565 [INFO] Plot saved to: results_additional_exps/ann_data_efficiency_ids18_p80/training_error_history.png
2020-01-07 21:25:26,692 [INFO] Plot saved to: results_additional_exps/ann_data_efficiency_ids18_p80/training_f1_history.png
2020-01-07 21:25:26,693 [INFO] Making predictions on training, validation, testing data
2020-01-07 21:26:04,182 [INFO] Evaluating predictions (results)
2020-01-07 21:26:16,370 [INFO] Dataset: Testing. Classification report below
2020-01-07 21:26:16,370 [INFO] 
                          precision    recall  f1-score   support

                  Benign       0.99      1.00      0.99    535650
                     Bot       1.00      1.00      1.00     11465
        Brute Force -Web       1.00      0.12      0.22        24
        Brute Force -XSS       1.00      0.33      0.50         9
        DDOS attack-HOIC       1.00      1.00      1.00     27447
    DDOS attack-LOIC-UDP       0.74      0.96      0.83        67
  DDoS attacks-LOIC-HTTP       0.99      0.99      0.99     23010
   DoS attacks-GoldenEye       0.98      1.00      0.99      1651
        DoS attacks-Hulk       1.00      1.00      1.00     18478
DoS attacks-SlowHTTPTest       0.72      0.46      0.56      5596
   DoS attacks-Slowloris       0.86      0.97      0.91       440
          FTP-BruteForce       0.69      0.87      0.77      7718
           Infilteration       0.46      0.01      0.03      6404
           SQL Injection       0.00      0.00      0.00         4
          SSH-Bruteforce       1.00      1.00      1.00      7525

               micro avg       0.98      0.98      0.98    645488
               macro avg       0.83      0.71      0.72    645488
            weighted avg       0.98      0.98      0.98    645488

2020-01-07 21:26:16,370 [INFO] Overall accuracy (micro avg): 0.9830051062142131
2020-01-07 21:26:30,226 [INFO] Average metrics for Testing dataset below
   average type  avg accuracy  avg precision  avg detection rate (recall)  avg false alarm rate  avg false negative rate  avg f1
0     Micro avg        0.9830         0.9830                       0.9830                0.0012                   0.0170  0.9830
1     Macro avg        0.9977         0.8286                       0.7146                0.0044                   0.2854  0.7200
2  Weighted avg        0.9909         0.9780                       0.9830                0.0490                   0.0170  0.9780
2020-01-07 21:26:42,335 [INFO] Dataset: Validation. Classification report below
2020-01-07 21:26:42,335 [INFO] 
                          precision    recall  f1-score   support

                  Benign       0.99      1.00      0.99    535650
                     Bot       1.00      1.00      1.00     11465
        Brute Force -Web       1.00      0.20      0.33        25
        Brute Force -XSS       1.00      0.67      0.80         9
        DDOS attack-HOIC       1.00      1.00      1.00     27447
    DDOS attack-LOIC-UDP       0.74      0.96      0.83        68
  DDoS attacks-LOIC-HTTP       0.99      1.00      0.99     23009
   DoS attacks-GoldenEye       0.99      1.00      0.99      1651
        DoS attacks-Hulk       1.00      1.00      1.00     18478
DoS attacks-SlowHTTPTest       0.73      0.45      0.56      5596
   DoS attacks-Slowloris       0.87      0.97      0.92       439
          FTP-BruteForce       0.69      0.88      0.77      7718
           Infilteration       0.45      0.01      0.03      6403
           SQL Injection       0.00      0.00      0.00         4
          SSH-Bruteforce       1.00      1.00      1.00      7525

               micro avg       0.98      0.98      0.98    645487
               macro avg       0.83      0.74      0.75    645487
            weighted avg       0.98      0.98      0.98    645487

2020-01-07 21:26:42,335 [INFO] Overall accuracy (micro avg): 0.9830469087681084
2020-01-07 21:26:56,103 [INFO] Average metrics for Validation dataset below
   average type  avg accuracy  avg precision  avg detection rate (recall)  avg false alarm rate  avg false negative rate  avg f1
0     Micro avg        0.9830         0.9830                       0.9830                0.0012                   0.0170  0.9830
1     Macro avg        0.9977         0.8295                       0.7419                0.0044                   0.2581  0.7482
2  Weighted avg        0.9909         0.9780                       0.9830                0.0489                   0.0170  0.9780
2020-01-07 21:27:35,659 [INFO] Dataset: Training. Classification report below
2020-01-07 21:27:35,660 [INFO] 
                          precision    recall  f1-score   support

                  Benign       0.99      1.00      0.99   1606949
                     Bot       1.00      1.00      1.00     34396
        Brute Force -Web       0.90      0.12      0.22        73
        Brute Force -XSS       1.00      0.46      0.63        26
        DDOS attack-HOIC       1.00      1.00      1.00     82341
    DDOS attack-LOIC-UDP       0.75      0.96      0.84       203
  DDoS attacks-LOIC-HTTP       0.99      0.99      0.99     69029
   DoS attacks-GoldenEye       0.99      1.00      0.99      4954
        DoS attacks-Hulk       1.00      1.00      1.00     55435
DoS attacks-SlowHTTPTest       0.72      0.46      0.56     16787
   DoS attacks-Slowloris       0.89      0.99      0.94      1318
          FTP-BruteForce       0.69      0.87      0.77     23153
           Infilteration       0.50      0.02      0.03     19210
           SQL Injection       0.00      0.00      0.00        12
          SSH-Bruteforce       1.00      1.00      1.00     22576

               micro avg       0.98      0.98      0.98   1936462
               macro avg       0.83      0.72      0.73   1936462
            weighted avg       0.98      0.98      0.98   1936462

2020-01-07 21:27:35,660 [INFO] Overall accuracy (micro avg): 0.9830737706187883
2020-01-07 21:28:20,598 [INFO] Average metrics for Training dataset below
   average type  avg accuracy  avg precision  avg detection rate (recall)  avg false alarm rate  avg false negative rate  avg f1
0     Micro avg        0.9831         0.9831                       0.9831                0.0012                   0.0169  0.9831
1     Macro avg        0.9977         0.8279                       0.7246                0.0044                   0.2754  0.7309
2  Weighted avg        0.9909         0.9785                       0.9831                0.0489                   0.0169  0.9781
2020-01-07 21:28:20,624 [INFO] Results saved to: results_additional_exps/ann_data_efficiency_ids18_p80/ann_data_efficiency_ids18_p80_results.xlsx
2020-01-07 21:28:20,632 [INFO] ================= Finished running experiment no. 8 ================= 

2020-01-07 21:28:20,709 [INFO] Created directory: results_additional_exps/ann_data_efficiency_ids18_p90
