2019-12-20 19:58:41,841 [INFO] Initialized logging. log_filename = results_selected_models/selected_kdd99_rf_1/run_log.log
2019-12-20 19:58:41,841 [INFO] ================= Running experiment no. 1  ================= 

2019-12-20 19:58:41,841 [INFO] Experiment parameters given below
2019-12-20 19:58:41,841 [INFO] 
{'experiment_num': 1, 'results_dir': 'results_selected_models/selected_kdd99_rf_1', 'model_type': 'classifier', 'model': 'rf', 'normal_label': 'normal', 'training_data_feed': 'preload', 'scaling_type': 'NA', 'num_trees': 100, 'min_samples_for_split': 2, 'randomize_state': 1, 'training_set': 'train_set_only', 'dataset_dir': '../Datasets/full_datasets/kdd99_five_classes', 'description': 'selected_kdd99_rf_1'}
2019-12-20 19:58:41,841 [INFO] Created tensorboard log directory: results_selected_models/selected_kdd99_rf_1/tf_logs_run_2019_12_20-19_58_41
2019-12-20 19:58:41,841 [INFO] Loading datsets from: ../Datasets/full_datasets/kdd99_five_classes
2019-12-20 19:58:41,844 [INFO] Reading X, y files
2019-12-20 19:58:41,844 [INFO] Reading HDF dataset ../Datasets/full_datasets/kdd99_five_classes/X_train.h5
2019-12-20 19:58:49,038 [INFO] Reading complete. time_to_read=7.19 seconds
2019-12-20 19:58:49,039 [INFO] Reading HDF dataset ../Datasets/full_datasets/kdd99_five_classes/X_val.h5
2019-12-20 19:58:50,881 [INFO] Reading complete. time_to_read=1.84 seconds
2019-12-20 19:58:50,881 [INFO] Reading HDF dataset ../Datasets/full_datasets/kdd99_five_classes/X_test.h5
2019-12-20 19:58:51,407 [INFO] Reading complete. time_to_read=0.53 seconds
2019-12-20 19:58:51,407 [INFO] Reading HDF dataset ../Datasets/full_datasets/kdd99_five_classes/y_train.h5
2019-12-20 19:58:51,625 [INFO] Reading complete. time_to_read=0.22 seconds
2019-12-20 19:58:51,626 [INFO] Reading HDF dataset ../Datasets/full_datasets/kdd99_five_classes/y_val.h5
2019-12-20 19:58:51,686 [INFO] Reading complete. time_to_read=0.06 seconds
2019-12-20 19:58:51,686 [INFO] Reading HDF dataset ../Datasets/full_datasets/kdd99_five_classes/y_test.h5
2019-12-20 19:58:51,707 [INFO] Reading complete. time_to_read=0.02 seconds
