2020-01-15 00:10:37,811 [INFO] Initialized logging. log_filename = results_additional_exps/train_time_kdd99_dbn_shallow_rep1/run_log.log
2020-01-15 00:10:37,811 [INFO] ================= Running experiment no. 1  ================= 

2020-01-15 00:10:37,812 [INFO] Experiment parameters given below
2020-01-15 00:10:37,812 [INFO] 
{'experiment_num': 1, 'results_dir': 'results_additional_exps/train_time_kdd99_dbn_shallow_rep1', 'model_type': 'classifier', 'model': 'dbn', 'normal_label': 'normal', 'scaling_type': 'NA', 'dbn_layer_units': [32], 'ann_layer_activations': ['relu'], 'ann_layer_dropout_rates': [0.2], 'unsupervised_ratio': 0.5, 'dbn_learning_rate': 0.0001, 'pretrain_epochs': 10, 'fine_tune_epochs': 100, 'early_stop_patience': 100, 'batch_size': 256, 'goal_metric': 0.921590082, 'training_set': 'train_set_only', 'dataset_dir': '../Datasets/full_datasets/kdd99_five_classes', 'description': 'train_time_kdd99_dbn_shallow_rep1'}
2020-01-15 00:10:37,812 [INFO] Created tensorboard log directory: results_additional_exps/train_time_kdd99_dbn_shallow_rep1/tf_logs_run_2020_01_15-00_10_37
2020-01-15 00:10:37,812 [INFO] Loading datsets from: ../Datasets/full_datasets/kdd99_five_classes
2020-01-15 00:10:37,820 [INFO] Reading X, y files
2020-01-15 00:10:37,820 [INFO] Reading HDF dataset ../Datasets/full_datasets/kdd99_five_classes/X_train.h5
2020-01-15 00:10:46,679 [INFO] Reading complete. time_to_read=8.86 seconds
2020-01-15 00:10:46,679 [INFO] Reading HDF dataset ../Datasets/full_datasets/kdd99_five_classes/X_val.h5
2020-01-15 00:10:48,781 [INFO] Reading complete. time_to_read=2.10 seconds
2020-01-15 00:10:48,781 [INFO] Reading HDF dataset ../Datasets/full_datasets/kdd99_five_classes/X_test.h5
2020-01-15 00:10:49,420 [INFO] Reading complete. time_to_read=0.64 seconds
2020-01-15 00:10:49,420 [INFO] Reading HDF dataset ../Datasets/full_datasets/kdd99_five_classes/y_train.h5
2020-01-15 00:10:49,834 [INFO] Reading complete. time_to_read=0.41 seconds
2020-01-15 00:10:49,834 [INFO] Reading HDF dataset ../Datasets/full_datasets/kdd99_five_classes/y_val.h5
2020-01-15 00:10:49,953 [INFO] Reading complete. time_to_read=0.12 seconds
2020-01-15 00:10:49,954 [INFO] Reading HDF dataset ../Datasets/full_datasets/kdd99_five_classes/y_test.h5
2020-01-15 00:10:49,996 [INFO] Reading complete. time_to_read=0.04 seconds
2020-01-15 00:11:33,234 [INFO] Initializing model
2020-01-15 00:11:33,302 [INFO] Training model
2020-01-15 00:11:33,304 [INFO] Splitting train set into 2 sets (unsupervised, supervised), random_seed = None
2020-01-15 00:14:12,653 [INFO] Split sizes (instances). total = 3918744, unsupervised = 1959372, supervised = 1959372, unsupervised dataset hash = 7113593fe95397e7410d0a04e6e918d66551e5e1
2020-01-15 00:14:12,683 [INFO] Pretraining Deep Belief Network
2020-01-15 00:17:38,462 [INFO] Pretraining Complete
2020-01-15 00:17:38,495 [INFO] Getting pretrained weights
2020-01-15 00:17:38,495 [INFO] Creating and initializing feed forward neural network
2020-01-15 00:17:38,520 [WARNING] From /home/hasitha/anaconda3/lib/python3.7/site-packages/keras/backend/tensorflow_backend.py:74: The name tf.get_default_graph is deprecated. Please use tf.compat.v1.get_default_graph instead.

2020-01-15 00:17:39,047 [WARNING] From /home/hasitha/anaconda3/lib/python3.7/site-packages/keras/backend/tensorflow_backend.py:517: The name tf.placeholder is deprecated. Please use tf.compat.v1.placeholder instead.

2020-01-15 00:17:39,196 [WARNING] From /home/hasitha/anaconda3/lib/python3.7/site-packages/keras/backend/tensorflow_backend.py:4138: The name tf.random_uniform is deprecated. Please use tf.random.uniform instead.

2020-01-15 00:17:39,667 [WARNING] From /home/hasitha/anaconda3/lib/python3.7/site-packages/keras/backend/tensorflow_backend.py:133: The name tf.placeholder_with_default is deprecated. Please use tf.compat.v1.placeholder_with_default instead.

2020-01-15 00:17:39,731 [WARNING] From /home/hasitha/anaconda3/lib/python3.7/site-packages/keras/backend/tensorflow_backend.py:3445: calling dropout (from tensorflow.python.ops.nn_ops) with keep_prob is deprecated and will be removed in a future version.
Instructions for updating:
Please use `rate` instead of `keep_prob`. Rate should be set to `rate = 1 - keep_prob`.
2020-01-15 00:17:39,770 [WARNING] From /home/hasitha/anaconda3/lib/python3.7/site-packages/keras/optimizers.py:790: The name tf.train.Optimizer is deprecated. Please use tf.compat.v1.train.Optimizer instead.

2020-01-15 00:17:39,794 [WARNING] From /home/hasitha/anaconda3/lib/python3.7/site-packages/keras/backend/tensorflow_backend.py:3376: The name tf.log is deprecated. Please use tf.math.log instead.

2020-01-15 00:17:39,799 [WARNING] From /home/hasitha/anaconda3/lib/python3.7/site-packages/tensorflow/python/ops/nn_impl.py:180: add_dispatch_support.<locals>.wrapper (from tensorflow.python.ops.array_ops) is deprecated and will be removed in a future version.
Instructions for updating:
Use tf.where in 2.0, which has the same broadcast rule as np.where
2020-01-15 00:17:39,817 [INFO] _________________________________________________________________
2020-01-15 00:17:39,817 [INFO] Layer (type)                 Output Shape              Param #   
2020-01-15 00:17:39,817 [INFO] =================================================================
2020-01-15 00:17:39,818 [INFO] dense_1 (Dense)              (None, 32)                3968      
2020-01-15 00:17:39,818 [INFO] _________________________________________________________________
2020-01-15 00:17:39,818 [INFO] batch_normalization_1 (Batch (None, 32)                128       
2020-01-15 00:17:39,818 [INFO] _________________________________________________________________
2020-01-15 00:17:39,818 [INFO] dropout_1 (Dropout)          (None, 32)                0         
2020-01-15 00:17:39,818 [INFO] _________________________________________________________________
2020-01-15 00:17:39,818 [INFO] dense_2 (Dense)              (None, 5)                 165       
2020-01-15 00:17:39,818 [INFO] =================================================================
2020-01-15 00:17:39,818 [INFO] Total params: 4,261
2020-01-15 00:17:39,819 [INFO] Trainable params: 4,197
2020-01-15 00:17:39,819 [INFO] Non-trainable params: 64
2020-01-15 00:17:39,819 [INFO] _________________________________________________________________
2020-01-15 00:17:40,721 [INFO] Fine-tuning final neural network
2020-01-15 00:17:47,320 [WARNING] From /home/hasitha/anaconda3/lib/python3.7/site-packages/keras/callbacks.py:850: The name tf.summary.merge_all is deprecated. Please use tf.compat.v1.summary.merge_all instead.

2020-01-15 00:17:47,320 [WARNING] From /home/hasitha/anaconda3/lib/python3.7/site-packages/keras/callbacks.py:853: The name tf.summary.FileWriter is deprecated. Please use tf.compat.v1.summary.FileWriter instead.

2020-01-15 00:20:25,503 [INFO] StopperOnGoal: reached goal_metric (accuracy). Stopping training. goal_metric = 0.9216, current_metric = 0.9230, num_epochs = 3
2020-01-15 00:20:25,504 [INFO] WeightRestorer::on_train_end(): restoring best weights
2020-01-15 00:21:06,279 [INFO] Last epoch loss evaluation: train_loss = 0.000710, val_loss = 0.000712
2020-01-15 00:21:06,416 [INFO] Training complete. time_to_train = 573.11 sec, 9.55 min
2020-01-15 00:21:06,472 [INFO] Model saved to results_additional_exps/train_time_kdd99_dbn_shallow_rep1/best_model.pickle
2020-01-15 00:21:06,512 [INFO] Training history saved to: results_additional_exps/train_time_kdd99_dbn_shallow_rep1/training_error_history.csv
2020-01-15 00:21:06,980 [INFO] Plot saved to: results_additional_exps/train_time_kdd99_dbn_shallow_rep1/training_error_history.png
2020-01-15 00:21:07,106 [INFO] Plot saved to: results_additional_exps/train_time_kdd99_dbn_shallow_rep1/training_f1_history.png
2020-01-15 00:21:07,106 [INFO] Making predictions on training, validation, testing data
2020-01-15 00:22:22,805 [INFO] Making predictions complete. time_to_predict = 75.70 sec, 1.26 min
2020-01-15 00:22:22,920 [INFO] Evaluating predictions (results)
2020-01-15 00:22:27,642 [INFO] Dataset: Testing. Classification report below
2020-01-15 00:22:27,642 [INFO] 
              precision    recall  f1-score   support

         dos       1.00      0.97      0.98    229853
     normal.       0.73      0.98      0.84     60593
       probe       0.91      0.75      0.82      4166
         r2l       0.85      0.03      0.06     13781
         u2r       0.64      0.00      0.01      2636

   micro avg       0.92      0.92      0.92    311029
   macro avg       0.82      0.55      0.54    311029
weighted avg       0.93      0.92      0.90    311029

2020-01-15 00:22:27,642 [INFO] Overall accuracy (micro avg): 0.9232000874516524
2020-01-15 00:22:32,994 [INFO] Average metrics for Testing dataset below
   average type  avg accuracy  avg precision  avg detection rate (recall)  avg false alarm rate  avg false negative rate  avg f1
0     Micro avg        0.9232         0.9232                       0.9232                0.0192                   0.0768  0.9232
1     Macro avg        0.9693         0.8250                       0.5479                0.0206                   0.4521  0.5418
2  Weighted avg        0.9669         0.9325                       0.9232                0.0262                   0.0768  0.9044
2020-01-15 00:22:49,374 [INFO] Dataset: Validation. Classification report below
2020-01-15 00:22:49,374 [INFO] 
              precision    recall  f1-score   support

         dos       1.00      1.00      1.00    776675
     normal.       1.00      1.00      1.00    194556
       probe       0.99      0.98      0.99      8221
         r2l       0.89      0.51      0.65       225
         u2r       0.00      0.00      0.00        10

   micro avg       1.00      1.00      1.00    979687
   macro avg       0.78      0.70      0.73    979687
weighted avg       1.00      1.00      1.00    979687

2020-01-15 00:22:49,374 [INFO] Overall accuracy (micro avg): 0.9995968100015618
2020-01-15 00:23:07,987 [INFO] Average metrics for Validation dataset below
   average type  avg accuracy  avg precision  avg detection rate (recall)  avg false alarm rate  avg false negative rate  avg f1
0     Micro avg        0.9996         0.9996                       0.9996                0.0001                   0.0004  0.9996
1     Macro avg        0.9998         0.7765                       0.6990                0.0002                   0.3010  0.7275
2  Weighted avg        0.9998         0.9996                       0.9996                0.0004                   0.0004  0.9996
2020-01-15 00:24:20,113 [INFO] Dataset: Training. Classification report below
2020-01-15 00:24:20,113 [INFO] 
              precision    recall  f1-score   support

         dos       1.00      1.00      1.00   3106695
     normal.       1.00      1.00      1.00    778225
       probe       0.99      0.98      0.99     32881
         r2l       0.87      0.53      0.66       901
         u2r       0.23      0.12      0.16        42

   micro avg       1.00      1.00      1.00   3918744
   macro avg       0.82      0.73      0.76   3918744
weighted avg       1.00      1.00      1.00   3918744

2020-01-15 00:24:20,113 [INFO] Overall accuracy (micro avg): 0.9995891540758978
2020-01-15 00:25:41,866 [INFO] Average metrics for Training dataset below
   average type  avg accuracy  avg precision  avg detection rate (recall)  avg false alarm rate  avg false negative rate  avg f1
0     Micro avg        0.9996         0.9996                       0.9996                0.0001                   0.0004  0.9996
1     Macro avg        0.9998         0.8174                       0.7257                0.0002                   0.2743  0.7598
2  Weighted avg        0.9998         0.9996                       0.9996                0.0004                   0.0004  0.9996
2020-01-15 00:25:41,917 [INFO] Results saved to: results_additional_exps/train_time_kdd99_dbn_shallow_rep1/train_time_kdd99_dbn_shallow_rep1_results.xlsx
2020-01-15 00:25:41,924 [INFO] ================= Finished running experiment no. 1 ================= 

2020-01-15 00:25:42,275 [INFO] Created directory: results_additional_exps/train_time_kdd99_dbn_shallow_rep2
