2020-01-08 20:19:09,359 [INFO] Initialized logging. log_filename = results_additional_exps/ann_depth_ids18_subset_layers_3/run_log.log
2020-01-08 20:19:09,359 [INFO] ================= Running experiment no. 3  ================= 

2020-01-08 20:19:09,360 [INFO] Experiment parameters given below
2020-01-08 20:19:09,360 [INFO] 
{'experiment_num': 3, 'results_dir': 'results_additional_exps/ann_depth_ids18_subset_layers_3', 'model_type': 'classifier', 'model': 'ann', 'normal_label': 'BENIGN', 'training_data_feed': 'preload', 'scaling_type': 'NA', 'ann_layer_units': [64, 64, 64], 'ann_layer_activations': ['relu', 'relu', 'relu', 'relu', 'relu', 'relu', 'relu', 'relu', 'relu', 'relu'], 'ann_layer_dropout_rates': [0.2, 0.2, 0.2, 0.2, 0.2, 0.2, 0.2, 0.2, 0.2, 0.2], 'epochs': 200, 'early_stop_patience': 50, 'batch_size': 256, 'training_set': 'train_set_only', 'dataset_dir': '../Datasets/small_datasets/ids2018', 'description': 'ann_depth_ids18_subset_layers_3'}
2020-01-08 20:19:09,360 [INFO] Created tensorboard log directory: results_additional_exps/ann_depth_ids18_subset_layers_3/tf_logs_run_2020_01_08-20_19_09
2020-01-08 20:19:09,360 [INFO] Loading datsets from: ../Datasets/small_datasets/ids2018
2020-01-08 20:19:09,360 [INFO] Reading X, y files
2020-01-08 20:19:09,360 [INFO] Reading HDF dataset ../Datasets/small_datasets/ids2018/X_train.h5
2020-01-08 20:19:13,380 [INFO] Reading complete. time_to_read=4.02 seconds
2020-01-08 20:19:13,380 [INFO] Reading HDF dataset ../Datasets/small_datasets/ids2018/X_val.h5
2020-01-08 20:19:14,745 [INFO] Reading complete. time_to_read=1.36 seconds
2020-01-08 20:19:14,746 [INFO] Reading HDF dataset ../Datasets/small_datasets/ids2018/X_test.h5
2020-01-08 20:19:16,113 [INFO] Reading complete. time_to_read=1.37 seconds
2020-01-08 20:19:16,113 [INFO] Reading HDF dataset ../Datasets/small_datasets/ids2018/y_train.h5
2020-01-08 20:19:16,434 [INFO] Reading complete. time_to_read=0.32 seconds
2020-01-08 20:19:16,434 [INFO] Reading HDF dataset ../Datasets/small_datasets/ids2018/y_val.h5
2020-01-08 20:19:16,534 [INFO] Reading complete. time_to_read=0.10 seconds
2020-01-08 20:19:16,535 [INFO] Reading HDF dataset ../Datasets/small_datasets/ids2018/y_test.h5
2020-01-08 20:19:16,633 [INFO] Reading complete. time_to_read=0.10 seconds
2020-01-08 20:19:20,028 [INFO] Initializing model
2020-01-08 20:19:20,319 [INFO] _________________________________________________________________
2020-01-08 20:19:20,319 [INFO] Layer (type)                 Output Shape              Param #   
2020-01-08 20:19:20,319 [INFO] =================================================================
2020-01-08 20:19:20,319 [INFO] dense_6 (Dense)              (None, 64)                4992      
2020-01-08 20:19:20,319 [INFO] _________________________________________________________________
2020-01-08 20:19:20,319 [INFO] batch_normalization_4 (Batch (None, 64)                256       
2020-01-08 20:19:20,319 [INFO] _________________________________________________________________
2020-01-08 20:19:20,319 [INFO] dropout_4 (Dropout)          (None, 64)                0         
2020-01-08 20:19:20,319 [INFO] _________________________________________________________________
2020-01-08 20:19:20,320 [INFO] dense_7 (Dense)              (None, 64)                4160      
2020-01-08 20:19:20,320 [INFO] _________________________________________________________________
2020-01-08 20:19:20,320 [INFO] batch_normalization_5 (Batch (None, 64)                256       
2020-01-08 20:19:20,320 [INFO] _________________________________________________________________
2020-01-08 20:19:20,320 [INFO] dropout_5 (Dropout)          (None, 64)                0         
2020-01-08 20:19:20,320 [INFO] _________________________________________________________________
2020-01-08 20:19:20,320 [INFO] dense_8 (Dense)              (None, 64)                4160      
2020-01-08 20:19:20,320 [INFO] _________________________________________________________________
2020-01-08 20:19:20,320 [INFO] batch_normalization_6 (Batch (None, 64)                256       
2020-01-08 20:19:20,320 [INFO] _________________________________________________________________
2020-01-08 20:19:20,320 [INFO] dropout_6 (Dropout)          (None, 64)                0         
2020-01-08 20:19:20,320 [INFO] _________________________________________________________________
2020-01-08 20:19:20,321 [INFO] dense_9 (Dense)              (None, 15)                975       
2020-01-08 20:19:20,321 [INFO] =================================================================
2020-01-08 20:19:20,321 [INFO] Total params: 15,055
2020-01-08 20:19:20,321 [INFO] Trainable params: 14,671
2020-01-08 20:19:20,321 [INFO] Non-trainable params: 384
2020-01-08 20:19:20,321 [INFO] _________________________________________________________________
2020-01-08 20:19:20,321 [INFO] Training model
2020-01-08 20:37:14,134 [INFO] epoch = 20. Intermediate model saved to results_additional_exps/ann_depth_ids18_subset_layers_3/ann_model_epoch_20.pickle
2020-01-08 20:54:27,230 [INFO] epoch = 40. Intermediate model saved to results_additional_exps/ann_depth_ids18_subset_layers_3/ann_model_epoch_40.pickle
2020-01-08 21:11:37,636 [INFO] epoch = 60. Intermediate model saved to results_additional_exps/ann_depth_ids18_subset_layers_3/ann_model_epoch_60.pickle
2020-01-08 21:28:43,371 [INFO] epoch = 80. Intermediate model saved to results_additional_exps/ann_depth_ids18_subset_layers_3/ann_model_epoch_80.pickle
2020-01-08 21:45:48,495 [INFO] epoch = 100. Intermediate model saved to results_additional_exps/ann_depth_ids18_subset_layers_3/ann_model_epoch_100.pickle
2020-01-08 22:02:53,232 [INFO] epoch = 120. Intermediate model saved to results_additional_exps/ann_depth_ids18_subset_layers_3/ann_model_epoch_120.pickle
2020-01-08 22:19:58,070 [INFO] epoch = 140. Intermediate model saved to results_additional_exps/ann_depth_ids18_subset_layers_3/ann_model_epoch_140.pickle
2020-01-08 22:37:01,187 [INFO] epoch = 160. Intermediate model saved to results_additional_exps/ann_depth_ids18_subset_layers_3/ann_model_epoch_160.pickle
2020-01-08 22:54:04,809 [INFO] epoch = 180. Intermediate model saved to results_additional_exps/ann_depth_ids18_subset_layers_3/ann_model_epoch_180.pickle
2020-01-08 23:07:09,723 [INFO] WeightRestorer::on_train_end(): restoring best weights
2020-01-08 23:08:16,663 [INFO] Last epoch loss evaluation: train_loss = 0.007576, val_loss = 0.007601
2020-01-08 23:08:16,663 [INFO] Training complete. time_to_train = 10136.34 sec, 168.94 min
2020-01-08 23:08:16,670 [INFO] Model saved to results_additional_exps/ann_depth_ids18_subset_layers_3/best_model.pickle
2020-01-08 23:08:16,673 [INFO] Training history saved to: results_additional_exps/ann_depth_ids18_subset_layers_3/training_error_history.csv
2020-01-08 23:08:16,873 [INFO] Plot saved to: results_additional_exps/ann_depth_ids18_subset_layers_3/training_error_history.png
2020-01-08 23:08:17,048 [INFO] Plot saved to: results_additional_exps/ann_depth_ids18_subset_layers_3/training_f1_history.png
2020-01-08 23:08:17,048 [INFO] Making predictions on training, validation, testing data
2020-01-08 23:09:29,857 [INFO] Evaluating predictions (results)
2020-01-08 23:09:52,934 [INFO] Dataset: Testing. Classification report below
2020-01-08 23:09:52,934 [INFO] 
                          precision    recall  f1-score   support

                  Benign       0.99      1.00      0.99    535650
                     Bot       1.00      1.00      1.00     11465
        Brute Force -Web       0.80      0.33      0.47        24
        Brute Force -XSS       1.00      0.33      0.50         9
        DDOS attack-HOIC       1.00      1.00      1.00     27447
    DDOS attack-LOIC-UDP       0.69      0.99      0.81        67
  DDoS attacks-LOIC-HTTP       0.99      0.99      0.99     23010
   DoS attacks-GoldenEye       0.99      1.00      1.00      1651
        DoS attacks-Hulk       1.00      1.00      1.00     18478
DoS attacks-SlowHTTPTest       0.73      0.53      0.61      5596
   DoS attacks-Slowloris       0.97      0.99      0.98       440
          FTP-BruteForce       0.71      0.86      0.78      7718
           Infilteration       0.45      0.01      0.02      6404
           SQL Injection       1.00      0.25      0.40         4
          SSH-Bruteforce       1.00      1.00      1.00      7525

                accuracy                           0.98    645488
               macro avg       0.89      0.75      0.77    645488
            weighted avg       0.98      0.98      0.98    645488

2020-01-08 23:09:52,934 [INFO] Overall accuracy (micro avg): 0.9836712688694446
2020-01-08 23:10:17,771 [INFO] Average metrics for Testing dataset below
   average type  avg accuracy  avg precision  avg detection rate (recall)  avg false alarm rate  avg false negative rate  avg f1
0     Micro avg        0.9837         0.9837                       0.9837                0.0012                   0.0163  0.9837
1     Macro avg        0.9978         0.8884                       0.7520                0.0044                   0.2480  0.7706
2  Weighted avg        0.9911         0.9785                       0.9837                0.0492                   0.0163  0.9787
2020-01-08 23:10:40,798 [INFO] Dataset: Validation. Classification report below
2020-01-08 23:10:40,798 [INFO] 
                          precision    recall  f1-score   support

                  Benign       0.99      1.00      0.99    535650
                     Bot       1.00      1.00      1.00     11465
        Brute Force -Web       0.86      0.48      0.62        25
        Brute Force -XSS       1.00      0.67      0.80         9
        DDOS attack-HOIC       1.00      1.00      1.00     27447
    DDOS attack-LOIC-UDP       0.76      0.97      0.85        68
  DDoS attacks-LOIC-HTTP       0.99      0.99      0.99     23009
   DoS attacks-GoldenEye       1.00      1.00      1.00      1651
        DoS attacks-Hulk       1.00      1.00      1.00     18478
DoS attacks-SlowHTTPTest       0.74      0.52      0.61      5596
   DoS attacks-Slowloris       0.95      0.99      0.97       439
          FTP-BruteForce       0.72      0.87      0.78      7718
           Infilteration       0.43      0.01      0.02      6403
           SQL Injection       0.00      0.00      0.00         4
          SSH-Bruteforce       1.00      1.00      1.00      7525

                accuracy                           0.98    645487
               macro avg       0.83      0.77      0.78    645487
            weighted avg       0.98      0.98      0.98    645487

2020-01-08 23:10:40,798 [INFO] Overall accuracy (micro avg): 0.9837765903883424
2020-01-08 23:11:05,615 [INFO] Average metrics for Validation dataset below
   average type  avg accuracy  avg precision  avg detection rate (recall)  avg false alarm rate  avg false negative rate  avg f1
0     Micro avg        0.9838         0.9838                       0.9838                0.0012                   0.0162  0.9838
1     Macro avg        0.9978         0.8288                       0.7666                0.0044                   0.2334  0.7759
2  Weighted avg        0.9911         0.9784                       0.9838                0.0492                   0.0162  0.9788
2020-01-08 23:12:21,345 [INFO] Dataset: Training. Classification report below
2020-01-08 23:12:21,345 [INFO] 
                          precision    recall  f1-score   support

                  Benign       0.99      1.00      0.99   1606949
                     Bot       1.00      1.00      1.00     34396
        Brute Force -Web       0.93      0.37      0.53        73
        Brute Force -XSS       1.00      0.50      0.67        26
        DDOS attack-HOIC       1.00      1.00      1.00     82341
    DDOS attack-LOIC-UDP       0.73      0.97      0.83       203
  DDoS attacks-LOIC-HTTP       0.99      0.99      0.99     69029
   DoS attacks-GoldenEye       1.00      1.00      1.00      4954
        DoS attacks-Hulk       1.00      1.00      1.00     55435
DoS attacks-SlowHTTPTest       0.74      0.52      0.61     16787
   DoS attacks-Slowloris       0.96      1.00      0.98      1318
          FTP-BruteForce       0.71      0.86      0.78     23153
           Infilteration       0.51      0.01      0.02     19210
           SQL Injection       1.00      0.25      0.40        12
          SSH-Bruteforce       1.00      1.00      1.00     22576

                accuracy                           0.98   1936462
               macro avg       0.90      0.77      0.79   1936462
            weighted avg       0.98      0.98      0.98   1936462

2020-01-08 23:12:21,345 [INFO] Overall accuracy (micro avg): 0.9837631722182
2020-01-08 23:13:42,946 [INFO] Average metrics for Training dataset below
   average type  avg accuracy  avg precision  avg detection rate (recall)  avg false alarm rate  avg false negative rate  avg f1
0     Micro avg        0.9838         0.9838                       0.9838                0.0012                   0.0162  0.9838
1     Macro avg        0.9978         0.9041                       0.7652                0.0044                   0.2348  0.7873
2  Weighted avg        0.9911         0.9792                       0.9838                0.0490                   0.0162  0.9789
2020-01-08 23:13:43,019 [INFO] Results saved to: results_additional_exps/ann_depth_ids18_subset_layers_3/ann_depth_ids18_subset_layers_3_results.xlsx
2020-01-08 23:13:43,024 [INFO] ================= Finished running experiment no. 3 ================= 

2020-01-08 23:13:43,084 [INFO] Created directory: results_additional_exps/ann_depth_ids18_subset_layers_4
