2020-01-11 12:31:23,788 [INFO] Initialized logging. log_filename = results_additional_exps/semi_sup_perf_ids18_subset_ae_ann_rep1/run_log.log
2020-01-11 12:31:23,788 [INFO] ================= Running experiment no. 1  ================= 

2020-01-11 12:31:23,788 [INFO] Experiment parameters given below
2020-01-11 12:31:23,788 [INFO] 
{'experiment_num': 1, 'results_dir': 'results_additional_exps/semi_sup_perf_ids18_subset_ae_ann_rep1', 'model_type': 'classifier', 'model': 'ae_ann', 'normal_label': 'BENIGN', 'split_random_seed': 42, 'unsupervised_ratio': 0.5, 'ae_encoder_units': [64], 'ae_encoder_activations': ['relu'], 'ae_encoder_dropout_rates': [0.2], 'ae_encoder_l1_param': -1, 'ae_decoder_units': '', 'ae_decoder_activations': '', 'ae_decoder_dropout_rates': '', 'output_activation': 'sigmoid', 'loss_function': 'binary_crossentropy', 'ae_epochs': 200, 'ann_layer_units': [64], 'ann_layer_activations': ['relu'], 'ann_layer_dropout_rates': [0.2], 'ann_epochs': 200, 'early_stop_patience': 50, 'batch_size': 256, 'dataset_dir': '../Datasets/small_datasets/ids2018', 'description': 'semi_sup_perf_ids18_subset_ae_ann_rep1'}
2020-01-11 12:31:23,788 [INFO] Created tensorboard log directory: results_additional_exps/semi_sup_perf_ids18_subset_ae_ann_rep1/tf_logs_run_2020_01_11-12_31_23
2020-01-11 12:31:23,788 [INFO] Loading datsets from: ../Datasets/small_datasets/ids2018
2020-01-11 12:31:23,789 [INFO] Reading X, y files
2020-01-11 12:31:23,789 [INFO] Reading HDF dataset ../Datasets/small_datasets/ids2018/X_train.h5
2020-01-11 12:31:28,268 [INFO] Reading complete. time_to_read=4.48 seconds
2020-01-11 12:31:28,268 [INFO] Reading HDF dataset ../Datasets/small_datasets/ids2018/X_val.h5
2020-01-11 12:31:29,800 [INFO] Reading complete. time_to_read=1.53 seconds
2020-01-11 12:31:29,800 [INFO] Reading HDF dataset ../Datasets/small_datasets/ids2018/X_test.h5
2020-01-11 12:31:31,328 [INFO] Reading complete. time_to_read=1.53 seconds
2020-01-11 12:31:31,328 [INFO] Reading HDF dataset ../Datasets/small_datasets/ids2018/y_train.h5
2020-01-11 12:31:31,614 [INFO] Reading complete. time_to_read=0.29 seconds
2020-01-11 12:31:31,614 [INFO] Reading HDF dataset ../Datasets/small_datasets/ids2018/y_val.h5
2020-01-11 12:31:31,699 [INFO] Reading complete. time_to_read=0.08 seconds
2020-01-11 12:31:31,699 [INFO] Reading HDF dataset ../Datasets/small_datasets/ids2018/y_test.h5
2020-01-11 12:31:31,784 [INFO] Reading complete. time_to_read=0.08 seconds
2020-01-11 12:31:35,694 [INFO] Initializing model
2020-01-11 12:31:35,694 [WARNING] From /home/hasitha/anaconda3/lib/python3.7/site-packages/keras/backend/tensorflow_backend.py:74: The name tf.get_default_graph is deprecated. Please use tf.compat.v1.get_default_graph instead.

2020-01-11 12:31:35,704 [WARNING] From /home/hasitha/anaconda3/lib/python3.7/site-packages/keras/backend/tensorflow_backend.py:517: The name tf.placeholder is deprecated. Please use tf.compat.v1.placeholder instead.

2020-01-11 12:31:35,705 [WARNING] From /home/hasitha/anaconda3/lib/python3.7/site-packages/keras/backend/tensorflow_backend.py:4138: The name tf.random_uniform is deprecated. Please use tf.random.uniform instead.

2020-01-11 12:31:35,763 [WARNING] From /home/hasitha/anaconda3/lib/python3.7/site-packages/keras/backend/tensorflow_backend.py:133: The name tf.placeholder_with_default is deprecated. Please use tf.compat.v1.placeholder_with_default instead.

2020-01-11 12:31:35,778 [WARNING] From /home/hasitha/anaconda3/lib/python3.7/site-packages/keras/backend/tensorflow_backend.py:3445: calling dropout (from tensorflow.python.ops.nn_ops) with keep_prob is deprecated and will be removed in a future version.
Instructions for updating:
Please use `rate` instead of `keep_prob`. Rate should be set to `rate = 1 - keep_prob`.
2020-01-11 12:31:35,799 [WARNING] From /home/hasitha/anaconda3/lib/python3.7/site-packages/keras/optimizers.py:790: The name tf.train.Optimizer is deprecated. Please use tf.compat.v1.train.Optimizer instead.

2020-01-11 12:31:35,813 [WARNING] From /home/hasitha/anaconda3/lib/python3.7/site-packages/keras/backend/tensorflow_backend.py:3376: The name tf.log is deprecated. Please use tf.math.log instead.

2020-01-11 12:31:35,815 [WARNING] From /home/hasitha/anaconda3/lib/python3.7/site-packages/tensorflow/python/ops/nn_impl.py:180: add_dispatch_support.<locals>.wrapper (from tensorflow.python.ops.array_ops) is deprecated and will be removed in a future version.
Instructions for updating:
Use tf.where in 2.0, which has the same broadcast rule as np.where
2020-01-11 12:31:35,826 [INFO] _________________________________________________________________
2020-01-11 12:31:35,826 [INFO] Layer (type)                 Output Shape              Param #   
2020-01-11 12:31:35,826 [INFO] =================================================================
2020-01-11 12:31:35,826 [INFO] dense_1 (Dense)              (None, 64)                4992      
2020-01-11 12:31:35,826 [INFO] _________________________________________________________________
2020-01-11 12:31:35,826 [INFO] batch_normalization_1 (Batch (None, 64)                256       
2020-01-11 12:31:35,826 [INFO] _________________________________________________________________
2020-01-11 12:31:35,826 [INFO] dropout_1 (Dropout)          (None, 64)                0         
2020-01-11 12:31:35,826 [INFO] _________________________________________________________________
2020-01-11 12:31:35,826 [INFO] dense_2 (Dense)              (None, 77)                5005      
2020-01-11 12:31:35,826 [INFO] =================================================================
2020-01-11 12:31:35,826 [INFO] Total params: 10,253
2020-01-11 12:31:35,827 [INFO] Trainable params: 10,125
2020-01-11 12:31:35,827 [INFO] Non-trainable params: 128
2020-01-11 12:31:35,827 [INFO] _________________________________________________________________
2020-01-11 12:31:35,936 [INFO] _________________________________________________________________
2020-01-11 12:31:35,936 [INFO] Layer (type)                 Output Shape              Param #   
2020-01-11 12:31:35,936 [INFO] =================================================================
2020-01-11 12:31:35,936 [INFO] dense_3 (Dense)              (None, 64)                4160      
2020-01-11 12:31:35,936 [INFO] _________________________________________________________________
2020-01-11 12:31:35,936 [INFO] batch_normalization_2 (Batch (None, 64)                256       
2020-01-11 12:31:35,936 [INFO] _________________________________________________________________
2020-01-11 12:31:35,936 [INFO] dropout_2 (Dropout)          (None, 64)                0         
2020-01-11 12:31:35,936 [INFO] _________________________________________________________________
2020-01-11 12:31:35,936 [INFO] dense_4 (Dense)              (None, 15)                975       
2020-01-11 12:31:35,937 [INFO] =================================================================
2020-01-11 12:31:35,937 [INFO] Total params: 5,391
2020-01-11 12:31:35,937 [INFO] Trainable params: 5,263
2020-01-11 12:31:35,937 [INFO] Non-trainable params: 128
2020-01-11 12:31:35,937 [INFO] _________________________________________________________________
2020-01-11 12:31:35,937 [INFO] Training model
2020-01-11 12:31:35,937 [INFO] Splitting train set into 2 sets (unsupervised, supervised), random_seed = 42
2020-01-11 12:31:59,124 [INFO] Split sizes (instances). total = 1936462, unsupervised = 968231, supervised = 968231, unsupervised dataset hash = 29de1dd377723229ed7420efecc6b6eb2708be48
2020-01-11 12:31:59,124 [INFO] Training autoencoder
2020-01-11 12:32:00,041 [WARNING] From /home/hasitha/anaconda3/lib/python3.7/site-packages/keras/callbacks.py:850: The name tf.summary.merge_all is deprecated. Please use tf.compat.v1.summary.merge_all instead.

2020-01-11 12:32:00,041 [WARNING] From /home/hasitha/anaconda3/lib/python3.7/site-packages/keras/callbacks.py:853: The name tf.summary.FileWriter is deprecated. Please use tf.compat.v1.summary.FileWriter instead.

2020-01-11 12:37:31,483 [INFO] epoch = 20. Intermediate model saved to results_additional_exps/semi_sup_perf_ids18_subset_ae_ann_rep1/ae_model_epoch_20.pickle
2020-01-11 12:42:54,213 [INFO] epoch = 40. Intermediate model saved to results_additional_exps/semi_sup_perf_ids18_subset_ae_ann_rep1/ae_model_epoch_40.pickle
2020-01-11 12:48:16,813 [INFO] epoch = 60. Intermediate model saved to results_additional_exps/semi_sup_perf_ids18_subset_ae_ann_rep1/ae_model_epoch_60.pickle
2020-01-11 12:53:39,647 [INFO] epoch = 80. Intermediate model saved to results_additional_exps/semi_sup_perf_ids18_subset_ae_ann_rep1/ae_model_epoch_80.pickle
2020-01-11 12:59:03,998 [INFO] epoch = 100. Intermediate model saved to results_additional_exps/semi_sup_perf_ids18_subset_ae_ann_rep1/ae_model_epoch_100.pickle
2020-01-11 13:04:25,712 [INFO] epoch = 120. Intermediate model saved to results_additional_exps/semi_sup_perf_ids18_subset_ae_ann_rep1/ae_model_epoch_120.pickle
2020-01-11 13:09:51,349 [INFO] epoch = 140. Intermediate model saved to results_additional_exps/semi_sup_perf_ids18_subset_ae_ann_rep1/ae_model_epoch_140.pickle
2020-01-11 13:12:49,249 [INFO] WeightRestorer::on_train_end(): restoring best weights
2020-01-11 13:13:13,316 [INFO] Last epoch loss evaluation: train_loss = -3.675556, val_loss = -3.677525
2020-01-11 13:13:13,316 [INFO] Training autoencoder complete
2020-01-11 13:13:13,316 [INFO] Encoding data for supervised training
2020-01-11 13:13:30,608 [INFO] Encoding complete
2020-01-11 13:13:30,608 [INFO] Training neural network layers (after autoencoder)
2020-01-11 13:19:11,558 [INFO] epoch = 20. Intermediate model saved to results_additional_exps/semi_sup_perf_ids18_subset_ae_ann_rep1/ann_model_epoch_20.pickle
2020-01-11 13:24:49,256 [INFO] epoch = 40. Intermediate model saved to results_additional_exps/semi_sup_perf_ids18_subset_ae_ann_rep1/ann_model_epoch_40.pickle
2020-01-11 13:30:27,382 [INFO] epoch = 60. Intermediate model saved to results_additional_exps/semi_sup_perf_ids18_subset_ae_ann_rep1/ann_model_epoch_60.pickle
2020-01-11 13:36:05,783 [INFO] epoch = 80. Intermediate model saved to results_additional_exps/semi_sup_perf_ids18_subset_ae_ann_rep1/ann_model_epoch_80.pickle
2020-01-11 13:41:46,260 [INFO] epoch = 100. Intermediate model saved to results_additional_exps/semi_sup_perf_ids18_subset_ae_ann_rep1/ann_model_epoch_100.pickle
2020-01-11 13:47:26,789 [INFO] epoch = 120. Intermediate model saved to results_additional_exps/semi_sup_perf_ids18_subset_ae_ann_rep1/ann_model_epoch_120.pickle
2020-01-11 13:53:08,392 [INFO] epoch = 140. Intermediate model saved to results_additional_exps/semi_sup_perf_ids18_subset_ae_ann_rep1/ann_model_epoch_140.pickle
2020-01-11 13:58:50,454 [INFO] epoch = 160. Intermediate model saved to results_additional_exps/semi_sup_perf_ids18_subset_ae_ann_rep1/ann_model_epoch_160.pickle
2020-01-11 14:04:32,155 [INFO] epoch = 180. Intermediate model saved to results_additional_exps/semi_sup_perf_ids18_subset_ae_ann_rep1/ann_model_epoch_180.pickle
2020-01-11 14:10:05,581 [INFO] WeightRestorer::on_train_end(): restoring best weights
2020-01-11 14:10:31,978 [INFO] Last epoch loss evaluation: train_loss = 0.007480, val_loss = 0.007567
2020-01-11 14:10:32,025 [INFO] Training complete. time_to_train = 5936.09 sec, 98.93 min
2020-01-11 14:10:32,032 [INFO] Model saved to results_additional_exps/semi_sup_perf_ids18_subset_ae_ann_rep1/best_model.pickle
2020-01-11 14:10:32,035 [INFO] Training history saved to: results_additional_exps/semi_sup_perf_ids18_subset_ae_ann_rep1/training_error_history.csv
2020-01-11 14:10:32,182 [INFO] Plot saved to: results_additional_exps/semi_sup_perf_ids18_subset_ae_ann_rep1/training_error_history.png
2020-01-11 14:10:32,311 [INFO] Plot saved to: results_additional_exps/semi_sup_perf_ids18_subset_ae_ann_rep1/training_f1_history.png
2020-01-11 14:10:32,311 [INFO] Making predictions on training, validation, testing data
2020-01-11 14:11:51,718 [INFO] Evaluating predictions (results)
2020-01-11 14:12:03,940 [INFO] Dataset: Testing. Classification report below
2020-01-11 14:12:03,941 [INFO] 
                          precision    recall  f1-score   support

                  Benign       0.99      1.00      0.99    535650
                     Bot       1.00      1.00      1.00     11465
        Brute Force -Web       1.00      0.33      0.50        24
        Brute Force -XSS       0.75      0.33      0.46         9
        DDOS attack-HOIC       1.00      1.00      1.00     27447
    DDOS attack-LOIC-UDP       0.80      0.94      0.86        67
  DDoS attacks-LOIC-HTTP       1.00      1.00      1.00     23010
   DoS attacks-GoldenEye       0.99      1.00      1.00      1651
        DoS attacks-Hulk       1.00      1.00      1.00     18478
DoS attacks-SlowHTTPTest       0.74      0.46      0.57      5596
   DoS attacks-Slowloris       0.97      0.97      0.97       440
          FTP-BruteForce       0.69      0.88      0.78      7718
           Infilteration       0.46      0.01      0.03      6404
           SQL Injection       1.00      0.25      0.40         4
          SSH-Bruteforce       1.00      1.00      1.00      7525

               micro avg       0.98      0.98      0.98    645488
               macro avg       0.89      0.75      0.77    645488
            weighted avg       0.98      0.98      0.98    645488

2020-01-11 14:12:03,941 [INFO] Overall accuracy (micro avg): 0.9837208437647176
2020-01-11 14:12:17,822 [INFO] Average metrics for Testing dataset below
   average type  avg accuracy  avg precision  avg detection rate (recall)  avg false alarm rate  avg false negative rate  avg f1
0     Micro avg        0.9837         0.9837                       0.9837                0.0012                   0.0163  0.9837
1     Macro avg        0.9978         0.8924                       0.7457                0.0043                   0.2543  0.7702
2  Weighted avg        0.9913         0.9788                       0.9837                0.0483                   0.0163  0.9787
2020-01-11 14:12:29,958 [INFO] Dataset: Validation. Classification report below
2020-01-11 14:12:29,958 [INFO] 
                          precision    recall  f1-score   support

                  Benign       0.99      1.00      0.99    535650
                     Bot       1.00      1.00      1.00     11465
        Brute Force -Web       0.92      0.48      0.63        25
        Brute Force -XSS       1.00      0.67      0.80         9
        DDOS attack-HOIC       1.00      1.00      1.00     27447
    DDOS attack-LOIC-UDP       0.81      0.93      0.86        68
  DDoS attacks-LOIC-HTTP       1.00      1.00      1.00     23009
   DoS attacks-GoldenEye       0.99      1.00      1.00      1651
        DoS attacks-Hulk       1.00      1.00      1.00     18478
DoS attacks-SlowHTTPTest       0.75      0.46      0.57      5596
   DoS attacks-Slowloris       0.95      0.98      0.97       439
          FTP-BruteForce       0.69      0.89      0.78      7718
           Infilteration       0.39      0.01      0.02      6403
           SQL Injection       0.33      0.25      0.29         4
          SSH-Bruteforce       1.00      1.00      1.00      7525

               micro avg       0.98      0.98      0.98    645487
               macro avg       0.85      0.78      0.79    645487
            weighted avg       0.98      0.98      0.98    645487

2020-01-11 14:12:29,958 [INFO] Overall accuracy (micro avg): 0.9837332122877765
2020-01-11 14:12:43,756 [INFO] Average metrics for Validation dataset below
   average type  avg accuracy  avg precision  avg detection rate (recall)  avg false alarm rate  avg false negative rate  avg f1
0     Micro avg        0.9837         0.9837                       0.9837                0.0012                   0.0163  0.9837
1     Macro avg        0.9978         0.8548                       0.7772                0.0043                   0.2228  0.7936
2  Weighted avg        0.9913         0.9781                       0.9837                0.0483                   0.0163  0.9787
2020-01-11 14:13:23,374 [INFO] Dataset: Training. Classification report below
2020-01-11 14:13:23,374 [INFO] 
                          precision    recall  f1-score   support

                  Benign       0.99      1.00      0.99   1606949
                     Bot       1.00      1.00      1.00     34396
        Brute Force -Web       0.90      0.37      0.52        73
        Brute Force -XSS       0.93      0.50      0.65        26
        DDOS attack-HOIC       1.00      1.00      1.00     82341
    DDOS attack-LOIC-UDP       0.81      0.96      0.88       203
  DDoS attacks-LOIC-HTTP       1.00      1.00      1.00     69029
   DoS attacks-GoldenEye       0.99      1.00      1.00      4954
        DoS attacks-Hulk       1.00      1.00      1.00     55435
DoS attacks-SlowHTTPTest       0.74      0.46      0.57     16787
   DoS attacks-Slowloris       0.97      0.99      0.98      1318
          FTP-BruteForce       0.69      0.88      0.78     23153
           Infilteration       0.54      0.02      0.03     19210
           SQL Injection       0.57      0.33      0.42        12
          SSH-Bruteforce       1.00      1.00      1.00     22576

               micro avg       0.98      0.98      0.98   1936462
               macro avg       0.88      0.77      0.79   1936462
            weighted avg       0.98      0.98      0.98   1936462

2020-01-11 14:13:23,374 [INFO] Overall accuracy (micro avg): 0.9838235916842158
2020-01-11 14:14:08,380 [INFO] Average metrics for Training dataset below
   average type  avg accuracy  avg precision  avg detection rate (recall)  avg false alarm rate  avg false negative rate  avg f1
0     Micro avg        0.9838         0.9838                       0.9838                0.0012                   0.0162  0.9838
1     Macro avg        0.9978         0.8757                       0.7677                0.0043                   0.2323  0.7881
2  Weighted avg        0.9914         0.9797                       0.9838                0.0480                   0.0162  0.9789
2020-01-11 14:14:08,406 [INFO] Results saved to: results_additional_exps/semi_sup_perf_ids18_subset_ae_ann_rep1/semi_sup_perf_ids18_subset_ae_ann_rep1_results.xlsx
2020-01-11 14:14:08,414 [INFO] ================= Finished running experiment no. 1 ================= 

2020-01-11 14:14:08,494 [INFO] Created directory: results_additional_exps/semi_sup_perf_ids18_subset_ae_ann_rep2
