2019-12-24 02:05:26,863 [INFO] Initialized logging. log_filename = results_additional_exps/ann_data_efficiency_nsl_p50/run_log.log
2019-12-24 02:05:26,863 [INFO] ================= Running experiment no. 5  ================= 

2019-12-24 02:05:26,863 [INFO] Experiment parameters given below
2019-12-24 02:05:26,864 [INFO] 
{'experiment_num': 5, 'results_dir': 'results_additional_exps/ann_data_efficiency_nsl_p50', 'model_type': 'classifier', 'model': 'ann', 'normal_label': 'normal', 'training_data_feed': 'preload', 'split_random_seed': 42, 'dataset_split_ratio': 0.5, 'ann_layer_units': [64], 'ann_layer_activations': ['relu'], 'ann_layer_dropout_rates': [0.2], 'epochs': 100, 'early_stop_patience': 20, 'batch_size': 256, 'training_set': 'train_set_only', 'dataset_dir': '../Datasets/small_datasets/nsl_kdd_five_classes', 'description': 'ann_data_efficiency_nsl_p50'}
2019-12-24 02:05:26,864 [INFO] Created tensorboard log directory: results_additional_exps/ann_data_efficiency_nsl_p50/tf_logs_run_2019_12_24-02_05_26
2019-12-24 02:05:26,864 [INFO] Loading datsets from: ../Datasets/small_datasets/nsl_kdd_five_classes
2019-12-24 02:05:26,864 [INFO] Reading X, y files
2019-12-24 02:05:26,864 [INFO] Reading HDF dataset ../Datasets/small_datasets/nsl_kdd_five_classes/X_train.h5
2019-12-24 02:05:27,113 [INFO] Reading complete. time_to_read=0.25 seconds
2019-12-24 02:05:27,114 [INFO] Reading HDF dataset ../Datasets/small_datasets/nsl_kdd_five_classes/X_val.h5
2019-12-24 02:05:27,176 [INFO] Reading complete. time_to_read=0.06 seconds
2019-12-24 02:05:27,176 [INFO] Reading HDF dataset ../Datasets/small_datasets/nsl_kdd_five_classes/X_test.h5
2019-12-24 02:05:27,232 [INFO] Reading complete. time_to_read=0.06 seconds
2019-12-24 02:05:27,233 [INFO] Reading HDF dataset ../Datasets/small_datasets/nsl_kdd_five_classes/y_train.h5
2019-12-24 02:05:27,240 [INFO] Reading complete. time_to_read=0.01 seconds
2019-12-24 02:05:27,240 [INFO] Reading HDF dataset ../Datasets/small_datasets/nsl_kdd_five_classes/y_val.h5
2019-12-24 02:05:27,244 [INFO] Reading complete. time_to_read=0.00 seconds
2019-12-24 02:05:27,244 [INFO] Reading HDF dataset ../Datasets/small_datasets/nsl_kdd_five_classes/y_test.h5
2019-12-24 02:05:27,247 [INFO] Reading complete. time_to_read=0.00 seconds
2019-12-24 02:05:27,432 [INFO] Initializing model
2019-12-24 02:05:27,536 [INFO] _________________________________________________________________
2019-12-24 02:05:27,536 [INFO] Layer (type)                 Output Shape              Param #   
2019-12-24 02:05:27,536 [INFO] =================================================================
2019-12-24 02:05:27,536 [INFO] dense_9 (Dense)              (None, 64)                7872      
2019-12-24 02:05:27,536 [INFO] _________________________________________________________________
2019-12-24 02:05:27,536 [INFO] batch_normalization_5 (Batch (None, 64)                256       
2019-12-24 02:05:27,536 [INFO] _________________________________________________________________
2019-12-24 02:05:27,537 [INFO] dropout_5 (Dropout)          (None, 64)                0         
2019-12-24 02:05:27,537 [INFO] _________________________________________________________________
2019-12-24 02:05:27,537 [INFO] dense_10 (Dense)             (None, 5)                 325       
2019-12-24 02:05:27,537 [INFO] =================================================================
2019-12-24 02:05:27,537 [INFO] Total params: 8,453
2019-12-24 02:05:27,537 [INFO] Trainable params: 8,325
2019-12-24 02:05:27,537 [INFO] Non-trainable params: 128
2019-12-24 02:05:27,537 [INFO] _________________________________________________________________
2019-12-24 02:05:27,537 [INFO] Training model
2019-12-24 02:05:27,537 [INFO] Splitting train set into 2 sets (set1, set2), random_seed = 42
2019-12-24 02:05:28,182 [INFO] Split sizes (instances). total = 100778, set1 = 50389, set2 = 50389, set1 dataset hash = 06e3c0571318a4e80f9239b32a18cc0a10c17120
2019-12-24 02:05:37,724 [INFO] epoch = 10. Intermediate model saved to results_additional_exps/ann_data_efficiency_nsl_p50/ann_model_epoch_10.pickle
2019-12-24 02:05:45,009 [INFO] epoch = 20. Intermediate model saved to results_additional_exps/ann_data_efficiency_nsl_p50/ann_model_epoch_20.pickle
2019-12-24 02:05:52,306 [INFO] epoch = 30. Intermediate model saved to results_additional_exps/ann_data_efficiency_nsl_p50/ann_model_epoch_30.pickle
2019-12-24 02:05:59,674 [INFO] epoch = 40. Intermediate model saved to results_additional_exps/ann_data_efficiency_nsl_p50/ann_model_epoch_40.pickle
2019-12-24 02:06:07,030 [INFO] epoch = 50. Intermediate model saved to results_additional_exps/ann_data_efficiency_nsl_p50/ann_model_epoch_50.pickle
2019-12-24 02:06:14,371 [INFO] epoch = 60. Intermediate model saved to results_additional_exps/ann_data_efficiency_nsl_p50/ann_model_epoch_60.pickle
2019-12-24 02:06:21,741 [INFO] epoch = 70. Intermediate model saved to results_additional_exps/ann_data_efficiency_nsl_p50/ann_model_epoch_70.pickle
2019-12-24 02:06:29,038 [INFO] epoch = 80. Intermediate model saved to results_additional_exps/ann_data_efficiency_nsl_p50/ann_model_epoch_80.pickle
2019-12-24 02:06:36,335 [INFO] epoch = 90. Intermediate model saved to results_additional_exps/ann_data_efficiency_nsl_p50/ann_model_epoch_90.pickle
2019-12-24 02:06:43,222 [INFO] WeightRestorer::on_train_end(): restoring best weights
2019-12-24 02:06:44,308 [INFO] Last epoch loss evaluation: train_loss = 0.003008, val_loss = 0.007106
2019-12-24 02:06:44,312 [INFO] Training complete. time_to_train = 76.77 sec, 1.28 min
2019-12-24 02:06:44,331 [INFO] Model saved to results_additional_exps/ann_data_efficiency_nsl_p50/best_model.pickle
2019-12-24 02:06:44,334 [INFO] Training history saved to: results_additional_exps/ann_data_efficiency_nsl_p50/training_error_history.csv
2019-12-24 02:06:44,507 [INFO] Plot saved to: results_additional_exps/ann_data_efficiency_nsl_p50/training_error_history.png
2019-12-24 02:06:44,669 [INFO] Plot saved to: results_additional_exps/ann_data_efficiency_nsl_p50/training_f1_history.png
2019-12-24 02:06:44,669 [INFO] Making predictions on training, validation, testing data
2019-12-24 02:06:46,325 [INFO] Evaluating predictions (results)
2019-12-24 02:06:46,585 [INFO] Dataset: Testing. Classification report below
2019-12-24 02:06:46,585 [INFO] 
              precision    recall  f1-score   support

         dos       0.97      0.84      0.90      7458
      normal       0.68      0.97      0.80      9711
       probe       0.85      0.72      0.78      2421
         r2l       0.97      0.11      0.19      2421
         u2r       0.76      0.05      0.10       533

   micro avg       0.78      0.78      0.78     22544
   macro avg       0.84      0.54      0.55     22544
weighted avg       0.83      0.78      0.75     22544

2019-12-24 02:06:46,585 [INFO] Overall accuracy (micro avg): 0.7823367636621718
2019-12-24 02:06:46,881 [INFO] Average metrics for Testing dataset below
   average type  avg accuracy  avg precision  avg detection rate (recall)  avg false alarm rate  avg false negative rate  avg f1
0     Micro avg        0.7823         0.7823                       0.7823                0.0544                   0.2177  0.7823
1     Macro avg        0.9129         0.8445                       0.5356                0.0742                   0.4644  0.5529
2  Weighted avg        0.8735         0.8274                       0.7823                0.1532                   0.2177  0.7478
2019-12-24 02:06:47,214 [INFO] Dataset: Validation. Classification report below
2019-12-24 02:06:47,214 [INFO] 
              precision    recall  f1-score   support

         dos       1.00      1.00      1.00      9186
      normal       1.00      1.00      1.00     13469
       probe       0.99      0.99      0.99      2331
         r2l       0.97      0.86      0.91       199
         u2r       0.50      0.30      0.37        10

   micro avg       1.00      1.00      1.00     25195
   macro avg       0.89      0.83      0.85     25195
weighted avg       1.00      1.00      1.00     25195

2019-12-24 02:06:47,214 [INFO] Overall accuracy (micro avg): 0.9962691010121055
2019-12-24 02:06:47,570 [INFO] Average metrics for Validation dataset below
   average type  avg accuracy  avg precision  avg detection rate (recall)  avg false alarm rate  avg false negative rate  avg f1
0     Micro avg        0.9963         0.9963                       0.9963                0.0009                   0.0037  0.9963
1     Macro avg        0.9985         0.8907                       0.8302                0.0013                   0.1698  0.8549
2  Weighted avg        0.9978         0.9962                       0.9963                0.0029                   0.0037  0.9962
2019-12-24 02:06:49,006 [INFO] Dataset: Training. Classification report below
2019-12-24 02:06:49,007 [INFO] 
              precision    recall  f1-score   support

         dos       1.00      1.00      1.00     36741
      normal       1.00      1.00      1.00     53874
       probe       1.00      0.99      0.99      9325
         r2l       0.98      0.90      0.93       796
         u2r       0.76      0.62      0.68        42

   micro avg       1.00      1.00      1.00    100778
   macro avg       0.95      0.90      0.92    100778
weighted avg       1.00      1.00      1.00    100778

2019-12-24 02:06:49,007 [INFO] Overall accuracy (micro avg): 0.9970330826172379
2019-12-24 02:06:50,622 [INFO] Average metrics for Training dataset below
   average type  avg accuracy  avg precision  avg detection rate (recall)  avg false alarm rate  avg false negative rate  avg f1
0     Micro avg        0.9970         0.9970                       0.9970                0.0007                   0.0030  0.9970
1     Macro avg        0.9988         0.9466                       0.9006                0.0011                   0.0994  0.9217
2  Weighted avg        0.9981         0.9970                       0.9970                0.0025                   0.0030  0.9970
2019-12-24 02:06:50,661 [INFO] Results saved to: results_additional_exps/ann_data_efficiency_nsl_p50/ann_data_efficiency_nsl_p50_results.xlsx
2019-12-24 02:06:50,662 [INFO] ================= Finished running experiment no. 5 ================= 

2019-12-24 02:06:50,665 [INFO] Created directory: results_additional_exps/ann_data_efficiency_nsl_p60
