2019-12-31 06:39:53,872 [INFO] Initialized logging. log_filename = results_selected_models/selected_kdd99_dbn_deep_rep3/run_log.log
2019-12-31 06:39:53,872 [INFO] ================= Running experiment no. 3  ================= 

2019-12-31 06:39:53,872 [INFO] Experiment parameters given below
2019-12-31 06:39:53,872 [INFO] 
{'experiment_num': 3, 'results_dir': 'results_selected_models/selected_kdd99_dbn_deep_rep3', 'model_type': 'classifier', 'model': 'dbn', 'normal_label': 'normal', 'scaling_type': 'NA', 'dbn_layer_units': [128, 64, 34], 'ann_layer_activations': ['relu', 'relu', 'relu'], 'ann_layer_dropout_rates': [0.2, 0.2, 0.4], 'unsupervised_ratio': 0.25, 'dbn_learning_rate': 0.001, 'pretrain_epochs': 50, 'fine_tune_epochs': 300, 'early_stop_patience': 50, 'batch_size': 256, 'dataset_dir': '../Datasets/full_datasets/kdd99_five_classes', 'description': 'selected_kdd99_dbn_deep_rep3'}
2019-12-31 06:39:53,872 [INFO] Created tensorboard log directory: results_selected_models/selected_kdd99_dbn_deep_rep3/tf_logs_run_2019_12_31-06_39_53
2019-12-31 06:39:53,873 [INFO] Loading datsets from: ../Datasets/full_datasets/kdd99_five_classes
2019-12-31 06:39:53,873 [INFO] Reading X, y files
2019-12-31 06:39:53,873 [INFO] Reading HDF dataset ../Datasets/full_datasets/kdd99_five_classes/X_train.h5
2019-12-31 06:40:00,298 [INFO] Reading complete. time_to_read=6.43 seconds
2019-12-31 06:40:00,299 [INFO] Reading HDF dataset ../Datasets/full_datasets/kdd99_five_classes/X_val.h5
2019-12-31 06:40:01,917 [INFO] Reading complete. time_to_read=1.62 seconds
2019-12-31 06:40:01,917 [INFO] Reading HDF dataset ../Datasets/full_datasets/kdd99_five_classes/X_test.h5
2019-12-31 06:40:02,382 [INFO] Reading complete. time_to_read=0.47 seconds
2019-12-31 06:40:02,382 [INFO] Reading HDF dataset ../Datasets/full_datasets/kdd99_five_classes/y_train.h5
2019-12-31 06:40:02,579 [INFO] Reading complete. time_to_read=0.20 seconds
2019-12-31 06:40:02,579 [INFO] Reading HDF dataset ../Datasets/full_datasets/kdd99_five_classes/y_val.h5
2019-12-31 06:40:02,632 [INFO] Reading complete. time_to_read=0.05 seconds
2019-12-31 06:40:02,632 [INFO] Reading HDF dataset ../Datasets/full_datasets/kdd99_five_classes/y_test.h5
2019-12-31 06:40:02,651 [INFO] Reading complete. time_to_read=0.02 seconds
2019-12-31 06:40:09,882 [INFO] Initializing model
2019-12-31 06:40:09,882 [INFO] Training model
2019-12-31 06:40:09,882 [INFO] Splitting train set into 2 sets (unsupervised, supervised), random_seed = None
2019-12-31 06:40:50,537 [INFO] Split sizes (instances). total = 3918744, unsupervised = 979686, supervised = 2939058, unsupervised dataset hash = b2557011c71e7a11d79e153811369ddb98e921b0
2019-12-31 06:40:50,537 [INFO] Pretraining Deep Belief Network
2019-12-31 07:26:19,365 [INFO] Pretraining Complete
2019-12-31 07:26:19,365 [INFO] Getting pretrained weights
2019-12-31 07:26:19,365 [INFO] Creating and initializing feed forward neural network
2019-12-31 07:26:19,653 [INFO] _________________________________________________________________
2019-12-31 07:26:19,654 [INFO] Layer (type)                 Output Shape              Param #   
2019-12-31 07:26:19,654 [INFO] =================================================================
2019-12-31 07:26:19,654 [INFO] dense_9 (Dense)              (None, 128)               15872     
2019-12-31 07:26:19,654 [INFO] _________________________________________________________________
2019-12-31 07:26:19,654 [INFO] batch_normalization_7 (Batch (None, 128)               512       
2019-12-31 07:26:19,654 [INFO] _________________________________________________________________
2019-12-31 07:26:19,654 [INFO] dropout_7 (Dropout)          (None, 128)               0         
2019-12-31 07:26:19,654 [INFO] _________________________________________________________________
2019-12-31 07:26:19,654 [INFO] dense_10 (Dense)             (None, 64)                8256      
2019-12-31 07:26:19,654 [INFO] _________________________________________________________________
2019-12-31 07:26:19,654 [INFO] batch_normalization_8 (Batch (None, 64)                256       
2019-12-31 07:26:19,655 [INFO] _________________________________________________________________
2019-12-31 07:26:19,655 [INFO] dropout_8 (Dropout)          (None, 64)                0         
2019-12-31 07:26:19,655 [INFO] _________________________________________________________________
2019-12-31 07:26:19,655 [INFO] dense_11 (Dense)             (None, 34)                2210      
2019-12-31 07:26:19,655 [INFO] _________________________________________________________________
2019-12-31 07:26:19,655 [INFO] batch_normalization_9 (Batch (None, 34)                136       
2019-12-31 07:26:19,655 [INFO] _________________________________________________________________
2019-12-31 07:26:19,655 [INFO] dropout_9 (Dropout)          (None, 34)                0         
2019-12-31 07:26:19,655 [INFO] _________________________________________________________________
2019-12-31 07:26:19,655 [INFO] dense_12 (Dense)             (None, 5)                 175       
2019-12-31 07:26:19,655 [INFO] =================================================================
2019-12-31 07:26:19,656 [INFO] Total params: 27,417
2019-12-31 07:26:19,656 [INFO] Trainable params: 26,965
2019-12-31 07:26:19,656 [INFO] Non-trainable params: 452
2019-12-31 07:26:19,656 [INFO] _________________________________________________________________
2019-12-31 07:26:20,325 [INFO] Fine-tuning final neural network
2019-12-31 08:10:43,949 [INFO] epoch = 30. Intermediate model saved to results_selected_models/selected_kdd99_dbn_deep_rep3/ann_model_epoch_30.pickle
2019-12-31 08:54:09,386 [INFO] epoch = 60. Intermediate model saved to results_selected_models/selected_kdd99_dbn_deep_rep3/ann_model_epoch_60.pickle
2019-12-31 09:37:35,524 [INFO] epoch = 90. Intermediate model saved to results_selected_models/selected_kdd99_dbn_deep_rep3/ann_model_epoch_90.pickle
2019-12-31 10:20:59,489 [INFO] epoch = 120. Intermediate model saved to results_selected_models/selected_kdd99_dbn_deep_rep3/ann_model_epoch_120.pickle
2019-12-31 11:04:20,580 [INFO] epoch = 150. Intermediate model saved to results_selected_models/selected_kdd99_dbn_deep_rep3/ann_model_epoch_150.pickle
2019-12-31 11:47:42,022 [INFO] epoch = 180. Intermediate model saved to results_selected_models/selected_kdd99_dbn_deep_rep3/ann_model_epoch_180.pickle
2019-12-31 12:31:10,349 [INFO] epoch = 210. Intermediate model saved to results_selected_models/selected_kdd99_dbn_deep_rep3/ann_model_epoch_210.pickle
2019-12-31 13:15:00,633 [INFO] epoch = 240. Intermediate model saved to results_selected_models/selected_kdd99_dbn_deep_rep3/ann_model_epoch_240.pickle
2019-12-31 13:58:49,106 [INFO] epoch = 270. Intermediate model saved to results_selected_models/selected_kdd99_dbn_deep_rep3/ann_model_epoch_270.pickle
2019-12-31 14:41:35,085 [INFO] WeightRestorer::on_train_end(): restoring best weights
2019-12-31 14:43:28,992 [INFO] Last epoch loss evaluation: train_loss = 0.000237, val_loss = 0.000325
2019-12-31 14:43:29,006 [INFO] Training complete. time_to_train = 28999.12 sec, 483.32 min
2019-12-31 14:43:29,014 [INFO] Model saved to results_selected_models/selected_kdd99_dbn_deep_rep3/best_model.pickle
2019-12-31 14:43:29,017 [INFO] Training history saved to: results_selected_models/selected_kdd99_dbn_deep_rep3/training_error_history.csv
2019-12-31 14:43:29,191 [INFO] Plot saved to: results_selected_models/selected_kdd99_dbn_deep_rep3/training_error_history.png
2019-12-31 14:43:29,355 [INFO] Plot saved to: results_selected_models/selected_kdd99_dbn_deep_rep3/training_f1_history.png
2019-12-31 14:43:29,355 [INFO] Making predictions on training, validation, testing data
2019-12-31 14:45:41,374 [INFO] Evaluating predictions (results)
2019-12-31 14:45:50,052 [INFO] Dataset: Testing. Classification report below
2019-12-31 14:45:50,052 [INFO] 
              precision    recall  f1-score   support

         dos       1.00      0.97      0.99    229853
     normal.       0.72      0.98      0.83     60593
       probe       0.77      0.78      0.78      4166
         r2l       0.89      0.01      0.02     13781
         u2r       1.00      0.00      0.00      2636

    accuracy                           0.92    311029
   macro avg       0.88      0.55      0.53    311029
weighted avg       0.94      0.92      0.90    311029

2019-12-31 14:45:50,052 [INFO] Overall accuracy (micro avg): 0.9222033958248266
2019-12-31 14:45:59,347 [INFO] Average metrics for Testing dataset below
   average type  avg accuracy  avg precision  avg detection rate (recall)  avg false alarm rate  avg false negative rate  avg f1
0     Micro avg        0.9222         0.9222                       0.9222                0.0194                   0.0778  0.9222
1     Macro avg        0.9689         0.8758                       0.5514                0.0197                   0.4486  0.5252
2  Weighted avg        0.9678         0.9369                       0.9222                0.0205                   0.0778  0.9025
2019-12-31 14:46:29,521 [INFO] Dataset: Validation. Classification report below
2019-12-31 14:46:29,521 [INFO] 
              precision    recall  f1-score   support

         dos       1.00      1.00      1.00    776675
     normal.       1.00      1.00      1.00    194556
       probe       1.00      0.99      1.00      8221
         r2l       0.91      0.70      0.79       225
         u2r       0.67      0.20      0.31        10

    accuracy                           1.00    979687
   macro avg       0.92      0.78      0.82    979687
weighted avg       1.00      1.00      1.00    979687

2019-12-31 14:46:29,521 [INFO] Overall accuracy (micro avg): 0.9998060605070803
2019-12-31 14:47:02,087 [INFO] Average metrics for Validation dataset below
   average type  avg accuracy  avg precision  avg detection rate (recall)  avg false alarm rate  avg false negative rate  avg f1
0     Micro avg        0.9998         0.9998                       0.9998                0.0000                   0.0002  0.9998
1     Macro avg        0.9999         0.9153                       0.7783                0.0001                   0.2217  0.8188
2  Weighted avg        0.9999         0.9998                       0.9998                0.0001                   0.0002  0.9998
2019-12-31 14:49:15,218 [INFO] Dataset: Training. Classification report below
2019-12-31 14:49:15,219 [INFO] 
              precision    recall  f1-score   support

         dos       1.00      1.00      1.00   3106695
     normal.       1.00      1.00      1.00    778225
       probe       1.00      0.99      1.00     32881
         r2l       0.93      0.72      0.81       901
         u2r       0.90      0.43      0.58        42

    accuracy                           1.00   3918744
   macro avg       0.97      0.83      0.88   3918744
weighted avg       1.00      1.00      1.00   3918744

2019-12-31 14:49:15,219 [INFO] Overall accuracy (micro avg): 0.9998292820352643
2019-12-31 14:51:38,926 [INFO] Average metrics for Training dataset below
   average type  avg accuracy  avg precision  avg detection rate (recall)  avg false alarm rate  avg false negative rate  avg f1
0     Micro avg        0.9998         0.9998                       0.9998                0.0000                   0.0002  0.9998
1     Macro avg        0.9999         0.9659                       0.8288                0.0001                   0.1712  0.8779
2  Weighted avg        0.9999         0.9998                       0.9998                0.0001                   0.0002  0.9998
2019-12-31 14:51:38,972 [INFO] Results saved to: results_selected_models/selected_kdd99_dbn_deep_rep3/selected_kdd99_dbn_deep_rep3_results.xlsx
2019-12-31 14:51:38,979 [INFO] ================= Finished running experiment no. 3 ================= 

2019-12-31 14:51:39,003 [INFO] Created directory: results_selected_models/selected_kdd99_dbn_deep_rep4
