2019-12-20 17:38:48,493 [INFO] Initialized logging. log_filename = results_selected_models/selected_nsl_ann_shallow_rep4/run_log.log
2019-12-20 17:38:48,493 [INFO] ================= Running experiment no. 4  ================= 

2019-12-20 17:38:48,493 [INFO] Experiment parameters given below
2019-12-20 17:38:48,493 [INFO] 
{'experiment_num': 4, 'results_dir': 'results_selected_models/selected_nsl_ann_shallow_rep4', 'model_type': 'classifier', 'model': 'ann', 'normal_label': 'normal', 'training_data_feed': 'preload', 'scaling_type': 'NA', 'ann_layer_units': [256], 'ann_layer_activations': ['relu'], 'ann_layer_dropout_rates': [0.2], 'epochs': 300, 'early_stop_patience': 50, 'batch_size': 256, 'training_set': 'train_set_only', 'dataset_dir': '../Datasets/small_datasets/nsl_kdd_five_classes', 'description': 'selected_nsl_ann_shallow_rep4'}
2019-12-20 17:38:48,494 [INFO] Created tensorboard log directory: results_selected_models/selected_nsl_ann_shallow_rep4/tf_logs_run_2019_12_20-17_38_48
2019-12-20 17:38:48,494 [INFO] Loading datsets from: ../Datasets/small_datasets/nsl_kdd_five_classes
2019-12-20 17:38:48,494 [INFO] Reading X, y files
2019-12-20 17:38:48,494 [INFO] Reading HDF dataset ../Datasets/small_datasets/nsl_kdd_five_classes/X_train.h5
2019-12-20 17:38:48,726 [INFO] Reading complete. time_to_read=0.23 seconds
2019-12-20 17:38:48,727 [INFO] Reading HDF dataset ../Datasets/small_datasets/nsl_kdd_five_classes/X_val.h5
2019-12-20 17:38:48,791 [INFO] Reading complete. time_to_read=0.06 seconds
2019-12-20 17:38:48,791 [INFO] Reading HDF dataset ../Datasets/small_datasets/nsl_kdd_five_classes/X_test.h5
2019-12-20 17:38:48,850 [INFO] Reading complete. time_to_read=0.06 seconds
2019-12-20 17:38:48,850 [INFO] Reading HDF dataset ../Datasets/small_datasets/nsl_kdd_five_classes/y_train.h5
2019-12-20 17:38:48,858 [INFO] Reading complete. time_to_read=0.01 seconds
2019-12-20 17:38:48,859 [INFO] Reading HDF dataset ../Datasets/small_datasets/nsl_kdd_five_classes/y_val.h5
2019-12-20 17:38:48,863 [INFO] Reading complete. time_to_read=0.00 seconds
2019-12-20 17:38:48,863 [INFO] Reading HDF dataset ../Datasets/small_datasets/nsl_kdd_five_classes/y_test.h5
2019-12-20 17:38:48,867 [INFO] Reading complete. time_to_read=0.00 seconds
2019-12-20 17:38:48,983 [INFO] Initializing model
2019-12-20 17:38:49,105 [INFO] _________________________________________________________________
2019-12-20 17:38:49,105 [INFO] Layer (type)                 Output Shape              Param #   
2019-12-20 17:38:49,105 [INFO] =================================================================
2019-12-20 17:38:49,105 [INFO] dense_7 (Dense)              (None, 256)               31488     
2019-12-20 17:38:49,105 [INFO] _________________________________________________________________
2019-12-20 17:38:49,105 [INFO] batch_normalization_4 (Batch (None, 256)               1024      
2019-12-20 17:38:49,105 [INFO] _________________________________________________________________
2019-12-20 17:38:49,105 [INFO] dropout_4 (Dropout)          (None, 256)               0         
2019-12-20 17:38:49,105 [INFO] _________________________________________________________________
2019-12-20 17:38:49,106 [INFO] dense_8 (Dense)              (None, 5)                 1285      
2019-12-20 17:38:49,106 [INFO] =================================================================
2019-12-20 17:38:49,106 [INFO] Total params: 33,797
2019-12-20 17:38:49,106 [INFO] Trainable params: 33,285
2019-12-20 17:38:49,106 [INFO] Non-trainable params: 512
2019-12-20 17:38:49,106 [INFO] _________________________________________________________________
2019-12-20 17:38:49,106 [INFO] Training model
2019-12-20 17:40:10,056 [INFO] epoch = 30. Intermediate model saved to results_selected_models/selected_nsl_ann_shallow_rep4/ann_model_epoch_30.pickle
2019-12-20 17:41:27,087 [INFO] epoch = 60. Intermediate model saved to results_selected_models/selected_nsl_ann_shallow_rep4/ann_model_epoch_60.pickle
2019-12-20 17:42:44,147 [INFO] epoch = 90. Intermediate model saved to results_selected_models/selected_nsl_ann_shallow_rep4/ann_model_epoch_90.pickle
2019-12-20 17:44:01,230 [INFO] epoch = 120. Intermediate model saved to results_selected_models/selected_nsl_ann_shallow_rep4/ann_model_epoch_120.pickle
2019-12-20 17:45:18,265 [INFO] epoch = 150. Intermediate model saved to results_selected_models/selected_nsl_ann_shallow_rep4/ann_model_epoch_150.pickle
2019-12-20 17:46:35,255 [INFO] epoch = 180. Intermediate model saved to results_selected_models/selected_nsl_ann_shallow_rep4/ann_model_epoch_180.pickle
2019-12-20 17:47:32,370 [INFO] WeightRestorer::on_train_end(): restoring best weights
2019-12-20 17:47:35,245 [INFO] Last epoch loss evaluation: train_loss = 0.002331, val_loss = 0.005039
2019-12-20 17:47:35,245 [INFO] Training complete. time_to_train = 526.14 sec, 8.77 min
2019-12-20 17:47:35,249 [INFO] Model saved to results_selected_models/selected_nsl_ann_shallow_rep4/best_model.pickle
2019-12-20 17:47:35,435 [INFO] Plot saved to: results_selected_models/selected_nsl_ann_shallow_rep4/training_error_history.png
2019-12-20 17:47:35,618 [INFO] Plot saved to: results_selected_models/selected_nsl_ann_shallow_rep4/training_f1_history.png
2019-12-20 17:47:35,618 [INFO] Making predictions on training, validation, testing data
2019-12-20 17:47:38,564 [INFO] Evaluating predictions (results)
2019-12-20 17:47:39,127 [INFO] Dataset: Testing. Classification report below
2019-12-20 17:47:39,127 [INFO] 
              precision    recall  f1-score   support

         dos       0.96      0.83      0.89      7458
      normal       0.67      0.97      0.79      9711
       probe       0.85      0.60      0.70      2421
         r2l       0.95      0.08      0.15      2421
         u2r       0.83      0.05      0.09       533

    accuracy                           0.77     22544
   macro avg       0.85      0.51      0.52     22544
weighted avg       0.82      0.77      0.73     22544

2019-12-20 17:47:39,127 [INFO] Overall accuracy (micro avg): 0.767388218594748
2019-12-20 17:47:39,735 [INFO] Average metrics for Testing dataset below
   average type  avg accuracy  avg precision  avg detection rate (recall)  avg false alarm rate  avg false negative rate  avg f1
0     Micro avg        0.7674         0.7674                       0.7674                0.0582                   0.2326  0.7674
1     Macro avg        0.9070         0.8488                       0.5052                0.0795                   0.4948  0.5228
2  Weighted avg        0.8656         0.8164                       0.7674                0.1648                   0.2326  0.7284
2019-12-20 17:47:40,412 [INFO] Dataset: Validation. Classification report below
2019-12-20 17:47:40,412 [INFO] 
              precision    recall  f1-score   support

         dos       1.00      1.00      1.00      9186
      normal       1.00      1.00      1.00     13469
       probe       1.00      1.00      1.00      2331
         r2l       0.96      0.91      0.94       199
         u2r       0.71      0.50      0.59        10

    accuracy                           1.00     25195
   macro avg       0.93      0.88      0.90     25195
weighted avg       1.00      1.00      1.00     25195

2019-12-20 17:47:40,414 [INFO] Overall accuracy (micro avg): 0.9974201230402858
2019-12-20 17:47:41,100 [INFO] Average metrics for Validation dataset below
   average type  avg accuracy  avg precision  avg detection rate (recall)  avg false alarm rate  avg false negative rate  avg f1
0     Micro avg        0.9974         0.9974                       0.9974                0.0006                   0.0026  0.9974
1     Macro avg        0.9990         0.9338                       0.8815                0.0009                   0.1185  0.9037
2  Weighted avg        0.9984         0.9974                       0.9974                0.0019                   0.0026  0.9974
2019-12-20 17:47:43,975 [INFO] Dataset: Training. Classification report below
2019-12-20 17:47:43,975 [INFO] 
              precision    recall  f1-score   support

         dos       1.00      1.00      1.00     36741
      normal       1.00      1.00      1.00     53874
       probe       1.00      1.00      1.00      9325
         r2l       0.98      0.93      0.96       796
         u2r       0.92      0.81      0.86        42

    accuracy                           1.00    100778
   macro avg       0.98      0.95      0.96    100778
weighted avg       1.00      1.00      1.00    100778

2019-12-20 17:47:43,975 [INFO] Overall accuracy (micro avg): 0.9983131238960884
2019-12-20 17:47:47,054 [INFO] Average metrics for Training dataset below
   average type  avg accuracy  avg precision  avg detection rate (recall)  avg false alarm rate  avg false negative rate  avg f1
0     Micro avg        0.9983         0.9983                       0.9983                0.0004                   0.0017  0.9983
1     Macro avg        0.9993         0.9784                       0.9474                0.0006                   0.0526  0.9621
2  Weighted avg        0.9989         0.9983                       0.9983                0.0014                   0.0017  0.9983
2019-12-20 17:47:47,101 [INFO] Results saved to: results_selected_models/selected_nsl_ann_shallow_rep4/selected_nsl_ann_shallow_rep4_results.xlsx
2019-12-20 17:47:47,101 [INFO] ================= Finished running experiment no. 4 ================= 

2019-12-20 17:47:47,102 [INFO] Created directory: results_selected_models/selected_nsl_ann_shallow_rep5
