2020-01-14 16:07:19,366 [INFO] Initialized logging. log_filename = results_additional_exps/train_time_ids18_subset_dbn_deep_rep1/run_log.log
2020-01-14 16:07:19,367 [INFO] ================= Running experiment no. 1  ================= 

2020-01-14 16:07:19,367 [INFO] Experiment parameters given below
2020-01-14 16:07:19,367 [INFO] 
{'experiment_num': 1, 'results_dir': 'results_additional_exps/train_time_ids18_subset_dbn_deep_rep1', 'model_type': 'classifier', 'model': 'dbn', 'normal_label': 'BENIGN', 'scaling_type': 'NA', 'dbn_layer_units': [128, 64, 32], 'ann_layer_activations': ['relu', 'relu', 'relu'], 'ann_layer_dropout_rates': [0.2, 0.2, 0.2], 'unsupervised_ratio': 0.5, 'dbn_learning_rate': 0.0001, 'pretrain_epochs': 10, 'fine_tune_epochs': 100, 'early_stop_patience': 100, 'batch_size': 256, 'goal_metric': 0.982550715, 'training_set': 'train_set_only', 'dataset_dir': '../Datasets/small_datasets/ids2018', 'description': 'train_time_ids18_subset_dbn_deep_rep1'}
2020-01-14 16:07:19,367 [INFO] Created tensorboard log directory: results_additional_exps/train_time_ids18_subset_dbn_deep_rep1/tf_logs_run_2020_01_14-16_07_19
2020-01-14 16:07:19,367 [INFO] Loading datsets from: ../Datasets/small_datasets/ids2018
2020-01-14 16:07:19,367 [INFO] Reading X, y files
2020-01-14 16:07:19,367 [INFO] Reading HDF dataset ../Datasets/small_datasets/ids2018/X_train.h5
2020-01-14 16:07:23,429 [INFO] Reading complete. time_to_read=4.06 seconds
2020-01-14 16:07:23,429 [INFO] Reading HDF dataset ../Datasets/small_datasets/ids2018/X_val.h5
2020-01-14 16:07:24,819 [INFO] Reading complete. time_to_read=1.39 seconds
2020-01-14 16:07:24,819 [INFO] Reading HDF dataset ../Datasets/small_datasets/ids2018/X_test.h5
2020-01-14 16:07:26,211 [INFO] Reading complete. time_to_read=1.39 seconds
2020-01-14 16:07:26,212 [INFO] Reading HDF dataset ../Datasets/small_datasets/ids2018/y_train.h5
2020-01-14 16:07:26,521 [INFO] Reading complete. time_to_read=0.31 seconds
2020-01-14 16:07:26,521 [INFO] Reading HDF dataset ../Datasets/small_datasets/ids2018/y_val.h5
2020-01-14 16:07:26,618 [INFO] Reading complete. time_to_read=0.10 seconds
2020-01-14 16:07:26,618 [INFO] Reading HDF dataset ../Datasets/small_datasets/ids2018/y_test.h5
2020-01-14 16:07:26,714 [INFO] Reading complete. time_to_read=0.10 seconds
2020-01-14 16:07:30,087 [INFO] Initializing model
2020-01-14 16:07:30,088 [INFO] Training model
2020-01-14 16:07:30,089 [INFO] Splitting train set into 2 sets (unsupervised, supervised), random_seed = None
2020-01-14 16:08:00,128 [INFO] Split sizes (instances). total = 1936462, unsupervised = 968231, supervised = 968231, unsupervised dataset hash = 4560b0ebc840dd5e57d664d416205a1922818a22
2020-01-14 16:08:00,128 [INFO] Pretraining Deep Belief Network
2020-01-14 16:16:20,688 [INFO] Pretraining Complete
2020-01-14 16:16:20,689 [INFO] Getting pretrained weights
2020-01-14 16:16:20,689 [INFO] Creating and initializing feed forward neural network
2020-01-14 16:16:20,994 [INFO] _________________________________________________________________
2020-01-14 16:16:20,994 [INFO] Layer (type)                 Output Shape              Param #   
2020-01-14 16:16:20,994 [INFO] =================================================================
2020-01-14 16:16:20,995 [INFO] dense_25 (Dense)             (None, 128)               9984      
2020-01-14 16:16:20,995 [INFO] _________________________________________________________________
2020-01-14 16:16:20,995 [INFO] batch_normalization_19 (Batc (None, 128)               512       
2020-01-14 16:16:20,995 [INFO] _________________________________________________________________
2020-01-14 16:16:20,995 [INFO] dropout_19 (Dropout)         (None, 128)               0         
2020-01-14 16:16:20,995 [INFO] _________________________________________________________________
2020-01-14 16:16:20,995 [INFO] dense_26 (Dense)             (None, 64)                8256      
2020-01-14 16:16:20,995 [INFO] _________________________________________________________________
2020-01-14 16:16:20,995 [INFO] batch_normalization_20 (Batc (None, 64)                256       
2020-01-14 16:16:20,995 [INFO] _________________________________________________________________
2020-01-14 16:16:20,995 [INFO] dropout_20 (Dropout)         (None, 64)                0         
2020-01-14 16:16:20,996 [INFO] _________________________________________________________________
2020-01-14 16:16:20,996 [INFO] dense_27 (Dense)             (None, 32)                2080      
2020-01-14 16:16:20,996 [INFO] _________________________________________________________________
2020-01-14 16:16:20,996 [INFO] batch_normalization_21 (Batc (None, 32)                128       
2020-01-14 16:16:20,996 [INFO] _________________________________________________________________
2020-01-14 16:16:20,996 [INFO] dropout_21 (Dropout)         (None, 32)                0         
2020-01-14 16:16:20,996 [INFO] _________________________________________________________________
2020-01-14 16:16:20,996 [INFO] dense_28 (Dense)             (None, 15)                495       
2020-01-14 16:16:20,996 [INFO] =================================================================
2020-01-14 16:16:20,996 [INFO] Total params: 21,711
2020-01-14 16:16:20,997 [INFO] Trainable params: 21,263
2020-01-14 16:16:20,997 [INFO] Non-trainable params: 448
2020-01-14 16:16:20,997 [INFO] _________________________________________________________________
2020-01-14 16:16:22,982 [INFO] Fine-tuning final neural network
2020-01-14 16:28:03,529 [INFO] epoch = 10. Intermediate model saved to results_additional_exps/train_time_ids18_subset_dbn_deep_rep1/ann_model_epoch_10.pickle
2020-01-14 16:31:02,120 [INFO] StopperOnGoal: reached goal_metric (accuracy). Stopping training. goal_metric = 0.9826, current_metric = 0.9828, num_epochs = 13
2020-01-14 16:31:02,122 [INFO] WeightRestorer::on_train_end(): restoring best weights
2020-01-14 16:32:00,889 [INFO] Last epoch loss evaluation: train_loss = 0.008177, val_loss = 0.008190
2020-01-14 16:32:00,894 [INFO] Training complete. time_to_train = 1470.80 sec, 24.51 min
2020-01-14 16:32:00,903 [INFO] Model saved to results_additional_exps/train_time_ids18_subset_dbn_deep_rep1/best_model.pickle
2020-01-14 16:32:00,905 [INFO] Training history saved to: results_additional_exps/train_time_ids18_subset_dbn_deep_rep1/training_error_history.csv
2020-01-14 16:32:01,078 [INFO] Plot saved to: results_additional_exps/train_time_ids18_subset_dbn_deep_rep1/training_error_history.png
2020-01-14 16:32:01,250 [INFO] Plot saved to: results_additional_exps/train_time_ids18_subset_dbn_deep_rep1/training_f1_history.png
2020-01-14 16:32:01,250 [INFO] Making predictions on training, validation, testing data
2020-01-14 16:33:48,674 [INFO] Making predictions complete. time_to_predict = 107.42 sec, 1.79 min
2020-01-14 16:33:48,747 [INFO] Evaluating predictions (results)
2020-01-14 16:34:11,960 [INFO] Dataset: Testing. Classification report below
2020-01-14 16:34:11,960 [INFO] 
                          precision    recall  f1-score   support

                  Benign       0.99      1.00      0.99    535650
                     Bot       1.00      1.00      1.00     11465
        Brute Force -Web       0.00      0.00      0.00        24
        Brute Force -XSS       0.00      0.00      0.00         9
        DDOS attack-HOIC       1.00      1.00      1.00     27447
    DDOS attack-LOIC-UDP       0.69      1.00      0.82        67
  DDoS attacks-LOIC-HTTP       0.99      0.99      0.99     23010
   DoS attacks-GoldenEye       0.96      0.99      0.98      1651
        DoS attacks-Hulk       1.00      1.00      1.00     18478
DoS attacks-SlowHTTPTest       0.75      0.43      0.55      5596
   DoS attacks-Slowloris       0.99      0.71      0.83       440
          FTP-BruteForce       0.69      0.90      0.78      7718
           Infilteration       0.42      0.01      0.02      6404
           SQL Injection       0.00      0.00      0.00         4
          SSH-Bruteforce       1.00      1.00      1.00      7525

                accuracy                           0.98    645488
               macro avg       0.70      0.67      0.66    645488
            weighted avg       0.98      0.98      0.98    645488

2020-01-14 16:34:11,960 [INFO] Overall accuracy (micro avg): 0.9828284956498029
2020-01-14 16:34:36,935 [INFO] Average metrics for Testing dataset below
   average type  avg accuracy  avg precision  avg detection rate (recall)  avg false alarm rate  avg false negative rate  avg f1
0     Micro avg        0.9828         0.9828                       0.9828                0.0012                   0.0172  0.9828
1     Macro avg        0.9977         0.6982                       0.6689                0.0045                   0.3311  0.6630
2  Weighted avg        0.9907         0.9775                       0.9828                0.0502                   0.0172  0.9776
2020-01-14 16:35:00,007 [INFO] Dataset: Validation. Classification report below
2020-01-14 16:35:00,007 [INFO] 
                          precision    recall  f1-score   support

                  Benign       0.99      1.00      0.99    535650
                     Bot       1.00      1.00      1.00     11465
        Brute Force -Web       0.00      0.00      0.00        25
        Brute Force -XSS       0.00      0.00      0.00         9
        DDOS attack-HOIC       1.00      1.00      1.00     27447
    DDOS attack-LOIC-UDP       0.74      0.99      0.85        68
  DDoS attacks-LOIC-HTTP       0.99      1.00      0.99     23009
   DoS attacks-GoldenEye       0.97      0.99      0.98      1651
        DoS attacks-Hulk       1.00      1.00      1.00     18478
DoS attacks-SlowHTTPTest       0.77      0.43      0.55      5596
   DoS attacks-Slowloris       0.99      0.76      0.86       439
          FTP-BruteForce       0.69      0.91      0.78      7718
           Infilteration       0.40      0.01      0.01      6403
           SQL Injection       0.00      0.00      0.00         4
          SSH-Bruteforce       1.00      1.00      1.00      7525

                accuracy                           0.98    645487
               macro avg       0.70      0.67      0.67    645487
            weighted avg       0.98      0.98      0.98    645487

2020-01-14 16:35:00,008 [INFO] Overall accuracy (micro avg): 0.982992686142401
2020-01-14 16:35:24,860 [INFO] Average metrics for Validation dataset below
   average type  avg accuracy  avg precision  avg detection rate (recall)  avg false alarm rate  avg false negative rate  avg f1
0     Micro avg        0.9830         0.9830                       0.9830                0.0012                   0.0170  0.9830
1     Macro avg        0.9977         0.7015                       0.6717                0.0045                   0.3283  0.6676
2  Weighted avg        0.9907         0.9775                       0.9830                0.0500                   0.0170  0.9777
2020-01-14 16:36:40,518 [INFO] Dataset: Training. Classification report below
2020-01-14 16:36:40,519 [INFO] 
                          precision    recall  f1-score   support

                  Benign       0.99      1.00      0.99   1606949
                     Bot       1.00      1.00      1.00     34396
        Brute Force -Web       0.00      0.00      0.00        73
        Brute Force -XSS       0.00      0.00      0.00        26
        DDOS attack-HOIC       1.00      1.00      1.00     82341
    DDOS attack-LOIC-UDP       0.71      0.98      0.83       203
  DDoS attacks-LOIC-HTTP       0.99      0.99      0.99     69029
   DoS attacks-GoldenEye       0.96      0.99      0.98      4954
        DoS attacks-Hulk       1.00      1.00      1.00     55435
DoS attacks-SlowHTTPTest       0.76      0.43      0.55     16787
   DoS attacks-Slowloris       0.99      0.74      0.85      1318
          FTP-BruteForce       0.68      0.90      0.78     23153
           Infilteration       0.46      0.01      0.02     19210
           SQL Injection       0.00      0.00      0.00        12
          SSH-Bruteforce       1.00      1.00      1.00     22576

                accuracy                           0.98   1936462
               macro avg       0.70      0.67      0.66   1936462
            weighted avg       0.98      0.98      0.98   1936462

2020-01-14 16:36:40,519 [INFO] Overall accuracy (micro avg): 0.9829038731459745
2020-01-14 16:38:02,047 [INFO] Average metrics for Training dataset below
   average type  avg accuracy  avg precision  avg detection rate (recall)  avg false alarm rate  avg false negative rate  avg f1
0     Micro avg        0.9829         0.9829                       0.9829                0.0012                   0.0171  0.9829
1     Macro avg        0.9977         0.7024                       0.6699                0.0045                   0.3301  0.6650
2  Weighted avg        0.9907         0.9780                       0.9829                0.0500                   0.0171  0.9777
2020-01-14 16:38:02,121 [INFO] Results saved to: results_additional_exps/train_time_ids18_subset_dbn_deep_rep1/train_time_ids18_subset_dbn_deep_rep1_results.xlsx
2020-01-14 16:38:02,125 [INFO] ================= Finished running experiment no. 1 ================= 

2020-01-14 16:38:02,179 [INFO] Created directory: results_additional_exps/train_time_ids18_subset_dbn_deep_rep2
