2020-01-04 19:33:52,976 [INFO] Initialized logging. log_filename = results_additional_exps/ann_depth_ids18_subset_shallow_21/run_log.log
2020-01-04 19:33:52,976 [INFO] ================= Running experiment no. 11  ================= 

2020-01-04 19:33:52,976 [INFO] Experiment parameters given below
2020-01-04 19:33:52,976 [INFO] 
{'experiment_num': 11, 'results_dir': 'results_additional_exps/ann_depth_ids18_subset_shallow_21', 'model_type': 'classifier', 'model': 'ann', 'normal_label': 'BENIGN', 'training_data_feed': 'preload', 'scaling_type': 'NA', 'ann_layer_units': [1000, 500, 200], 'ann_layer_activations': ['relu', 'relu', 'relu', 'relu', 'relu', 'relu', 'relu', 'relu', 'relu', 'relu', 'relu', 'relu', 'relu', 'relu', 'relu', 'relu', 'relu', 'relu', 'relu', 'relu'], 'ann_layer_dropout_rates': [0.2, 0.2, 0.2, 0.2, 0.2, 0.2, 0.2, 0.2, 0.2, 0.2, 0.2, 0.2, 0.2, 0.2, 0.2, 0.2, 0.2, 0.2, 0.2, 0.2], 'epochs': 200, 'early_stop_patience': 50, 'batch_size': 256, 'training_set': 'train_set_only', 'dataset_dir': '../Datasets/small_datasets/ids2018', 'description': 'ann_depth_ids18_subset_shallow_21'}
2020-01-04 19:33:52,976 [INFO] Created tensorboard log directory: results_additional_exps/ann_depth_ids18_subset_shallow_21/tf_logs_run_2020_01_04-19_33_52
2020-01-04 19:33:52,976 [INFO] Loading datsets from: ../Datasets/small_datasets/ids2018
2020-01-04 19:33:52,977 [INFO] Reading X, y files
2020-01-04 19:33:52,977 [INFO] Reading HDF dataset ../Datasets/small_datasets/ids2018/X_train.h5
2020-01-04 19:33:57,648 [INFO] Reading complete. time_to_read=4.67 seconds
2020-01-04 19:33:57,648 [INFO] Reading HDF dataset ../Datasets/small_datasets/ids2018/X_val.h5
2020-01-04 19:33:59,179 [INFO] Reading complete. time_to_read=1.53 seconds
2020-01-04 19:33:59,179 [INFO] Reading HDF dataset ../Datasets/small_datasets/ids2018/X_test.h5
2020-01-04 19:34:00,708 [INFO] Reading complete. time_to_read=1.53 seconds
2020-01-04 19:34:00,708 [INFO] Reading HDF dataset ../Datasets/small_datasets/ids2018/y_train.h5
2020-01-04 19:34:00,991 [INFO] Reading complete. time_to_read=0.28 seconds
2020-01-04 19:34:00,991 [INFO] Reading HDF dataset ../Datasets/small_datasets/ids2018/y_val.h5
2020-01-04 19:34:01,076 [INFO] Reading complete. time_to_read=0.08 seconds
2020-01-04 19:34:01,076 [INFO] Reading HDF dataset ../Datasets/small_datasets/ids2018/y_test.h5
2020-01-04 19:34:01,160 [INFO] Reading complete. time_to_read=0.08 seconds
2020-01-04 19:34:05,115 [INFO] Initializing model
2020-01-04 19:34:05,115 [WARNING] From /home/hasitha/anaconda3/lib/python3.7/site-packages/keras/backend/tensorflow_backend.py:74: The name tf.get_default_graph is deprecated. Please use tf.compat.v1.get_default_graph instead.

2020-01-04 19:34:05,124 [WARNING] From /home/hasitha/anaconda3/lib/python3.7/site-packages/keras/backend/tensorflow_backend.py:517: The name tf.placeholder is deprecated. Please use tf.compat.v1.placeholder instead.

2020-01-04 19:34:05,125 [WARNING] From /home/hasitha/anaconda3/lib/python3.7/site-packages/keras/backend/tensorflow_backend.py:4138: The name tf.random_uniform is deprecated. Please use tf.random.uniform instead.

2020-01-04 19:34:05,186 [WARNING] From /home/hasitha/anaconda3/lib/python3.7/site-packages/keras/backend/tensorflow_backend.py:133: The name tf.placeholder_with_default is deprecated. Please use tf.compat.v1.placeholder_with_default instead.

2020-01-04 19:34:05,201 [WARNING] From /home/hasitha/anaconda3/lib/python3.7/site-packages/keras/backend/tensorflow_backend.py:3445: calling dropout (from tensorflow.python.ops.nn_ops) with keep_prob is deprecated and will be removed in a future version.
Instructions for updating:
Please use `rate` instead of `keep_prob`. Rate should be set to `rate = 1 - keep_prob`.
2020-01-04 19:34:05,371 [WARNING] From /home/hasitha/anaconda3/lib/python3.7/site-packages/keras/optimizers.py:790: The name tf.train.Optimizer is deprecated. Please use tf.compat.v1.train.Optimizer instead.

2020-01-04 19:34:05,383 [WARNING] From /home/hasitha/anaconda3/lib/python3.7/site-packages/keras/backend/tensorflow_backend.py:3376: The name tf.log is deprecated. Please use tf.math.log instead.

2020-01-04 19:34:05,386 [WARNING] From /home/hasitha/anaconda3/lib/python3.7/site-packages/tensorflow/python/ops/nn_impl.py:180: add_dispatch_support.<locals>.wrapper (from tensorflow.python.ops.array_ops) is deprecated and will be removed in a future version.
Instructions for updating:
Use tf.where in 2.0, which has the same broadcast rule as np.where
2020-01-04 19:34:05,395 [INFO] _________________________________________________________________
2020-01-04 19:34:05,395 [INFO] Layer (type)                 Output Shape              Param #   
2020-01-04 19:34:05,395 [INFO] =================================================================
2020-01-04 19:34:05,395 [INFO] dense_1 (Dense)              (None, 1000)              78000     
2020-01-04 19:34:05,395 [INFO] _________________________________________________________________
2020-01-04 19:34:05,395 [INFO] batch_normalization_1 (Batch (None, 1000)              4000      
2020-01-04 19:34:05,395 [INFO] _________________________________________________________________
2020-01-04 19:34:05,395 [INFO] dropout_1 (Dropout)          (None, 1000)              0         
2020-01-04 19:34:05,395 [INFO] _________________________________________________________________
2020-01-04 19:34:05,395 [INFO] dense_2 (Dense)              (None, 500)               500500    
2020-01-04 19:34:05,395 [INFO] _________________________________________________________________
2020-01-04 19:34:05,396 [INFO] batch_normalization_2 (Batch (None, 500)               2000      
2020-01-04 19:34:05,396 [INFO] _________________________________________________________________
2020-01-04 19:34:05,396 [INFO] dropout_2 (Dropout)          (None, 500)               0         
2020-01-04 19:34:05,396 [INFO] _________________________________________________________________
2020-01-04 19:34:05,396 [INFO] dense_3 (Dense)              (None, 200)               100200    
2020-01-04 19:34:05,396 [INFO] _________________________________________________________________
2020-01-04 19:34:05,396 [INFO] batch_normalization_3 (Batch (None, 200)               800       
2020-01-04 19:34:05,396 [INFO] _________________________________________________________________
2020-01-04 19:34:05,396 [INFO] dropout_3 (Dropout)          (None, 200)               0         
2020-01-04 19:34:05,396 [INFO] _________________________________________________________________
2020-01-04 19:34:05,396 [INFO] dense_4 (Dense)              (None, 15)                3015      
2020-01-04 19:34:05,396 [INFO] =================================================================
2020-01-04 19:34:05,396 [INFO] Total params: 688,515
2020-01-04 19:34:05,396 [INFO] Trainable params: 685,115
2020-01-04 19:34:05,396 [INFO] Non-trainable params: 3,400
2020-01-04 19:34:05,396 [INFO] _________________________________________________________________
2020-01-04 19:34:05,396 [INFO] Training model
2020-01-04 19:34:08,149 [WARNING] From /home/hasitha/anaconda3/lib/python3.7/site-packages/keras/callbacks.py:850: The name tf.summary.merge_all is deprecated. Please use tf.compat.v1.summary.merge_all instead.

2020-01-04 19:34:08,149 [WARNING] From /home/hasitha/anaconda3/lib/python3.7/site-packages/keras/callbacks.py:853: The name tf.summary.FileWriter is deprecated. Please use tf.compat.v1.summary.FileWriter instead.

2020-01-04 20:31:15,606 [INFO] epoch = 20. Intermediate model saved to results_additional_exps/ann_depth_ids18_subset_shallow_21/ann_model_epoch_20.pickle
2020-01-04 21:26:03,571 [INFO] epoch = 40. Intermediate model saved to results_additional_exps/ann_depth_ids18_subset_shallow_21/ann_model_epoch_40.pickle
2020-01-04 22:20:55,678 [INFO] epoch = 60. Intermediate model saved to results_additional_exps/ann_depth_ids18_subset_shallow_21/ann_model_epoch_60.pickle
2020-01-04 23:15:39,446 [INFO] epoch = 80. Intermediate model saved to results_additional_exps/ann_depth_ids18_subset_shallow_21/ann_model_epoch_80.pickle
2020-01-05 00:10:24,240 [INFO] epoch = 100. Intermediate model saved to results_additional_exps/ann_depth_ids18_subset_shallow_21/ann_model_epoch_100.pickle
2020-01-05 00:57:18,359 [INFO] WeightRestorer::on_train_end(): restoring best weights
2020-01-05 00:58:51,123 [INFO] Last epoch loss evaluation: train_loss = 0.007455, val_loss = 0.007515
2020-01-05 00:58:51,123 [INFO] Training complete. time_to_train = 19485.73 sec, 324.76 min
2020-01-05 00:58:51,136 [INFO] Model saved to results_additional_exps/ann_depth_ids18_subset_shallow_21/best_model.pickle
2020-01-05 00:58:51,157 [INFO] Training history saved to: results_additional_exps/ann_depth_ids18_subset_shallow_21/training_error_history.csv
2020-01-05 00:58:51,327 [INFO] Plot saved to: results_additional_exps/ann_depth_ids18_subset_shallow_21/training_error_history.png
2020-01-05 00:58:51,461 [INFO] Plot saved to: results_additional_exps/ann_depth_ids18_subset_shallow_21/training_f1_history.png
2020-01-05 00:58:51,461 [INFO] Making predictions on training, validation, testing data
2020-01-05 01:00:38,556 [INFO] Evaluating predictions (results)
2020-01-05 01:00:50,752 [INFO] Dataset: Testing. Classification report below
2020-01-05 01:00:50,752 [INFO] 
                          precision    recall  f1-score   support

                  Benign       0.99      1.00      0.99    535650
                     Bot       1.00      1.00      1.00     11465
        Brute Force -Web       0.89      0.33      0.48        24
        Brute Force -XSS       1.00      0.33      0.50         9
        DDOS attack-HOIC       1.00      1.00      1.00     27447
    DDOS attack-LOIC-UDP       0.70      1.00      0.82        67
  DDoS attacks-LOIC-HTTP       0.99      1.00      1.00     23010
   DoS attacks-GoldenEye       0.99      1.00      1.00      1651
        DoS attacks-Hulk       1.00      1.00      1.00     18478
DoS attacks-SlowHTTPTest       0.73      0.53      0.61      5596
   DoS attacks-Slowloris       0.96      1.00      0.98       440
          FTP-BruteForce       0.71      0.86      0.78      7718
           Infilteration       0.47      0.04      0.07      6404
           SQL Injection       1.00      0.50      0.67         4
          SSH-Bruteforce       1.00      1.00      1.00      7525

               micro avg       0.98      0.98      0.98    645488
               macro avg       0.90      0.77      0.79    645488
            weighted avg       0.98      0.98      0.98    645488

2020-01-05 01:00:50,752 [INFO] Overall accuracy (micro avg): 0.9838292888481273
2020-01-05 01:01:04,565 [INFO] Average metrics for Testing dataset below
   average type  avg accuracy  avg precision  avg detection rate (recall)  avg false alarm rate  avg false negative rate  avg f1
0     Micro avg        0.9838         0.9838                       0.9838                0.0012                   0.0162  0.9838
1     Macro avg        0.9978         0.8957                       0.7722                0.0042                   0.2278  0.7932
2  Weighted avg        0.9912         0.9791                       0.9838                0.0470                   0.0162  0.9794
2020-01-05 01:01:16,736 [INFO] Dataset: Validation. Classification report below
2020-01-05 01:01:16,736 [INFO] 
                          precision    recall  f1-score   support

                  Benign       0.99      1.00      0.99    535650
                     Bot       1.00      1.00      1.00     11465
        Brute Force -Web       0.80      0.48      0.60        25
        Brute Force -XSS       1.00      0.67      0.80         9
        DDOS attack-HOIC       1.00      1.00      1.00     27447
    DDOS attack-LOIC-UDP       0.76      0.99      0.86        68
  DDoS attacks-LOIC-HTTP       0.99      1.00      1.00     23009
   DoS attacks-GoldenEye       0.99      1.00      1.00      1651
        DoS attacks-Hulk       1.00      1.00      1.00     18478
DoS attacks-SlowHTTPTest       0.74      0.52      0.61      5596
   DoS attacks-Slowloris       0.95      1.00      0.97       439
          FTP-BruteForce       0.71      0.87      0.78      7718
           Infilteration       0.51      0.04      0.07      6403
           SQL Injection       1.00      0.25      0.40         4
          SSH-Bruteforce       1.00      1.00      1.00      7525

               micro avg       0.98      0.98      0.98    645487
               macro avg       0.90      0.79      0.81    645487
            weighted avg       0.98      0.98      0.98    645487

2020-01-05 01:01:16,736 [INFO] Overall accuracy (micro avg): 0.9839532012263609
2020-01-05 01:01:30,512 [INFO] Average metrics for Validation dataset below
   average type  avg accuracy  avg precision  avg detection rate (recall)  avg false alarm rate  avg false negative rate  avg f1
0     Micro avg        0.9840         0.9840                       0.9840                0.0011                   0.0160  0.9840
1     Macro avg        0.9979         0.8964                       0.7871                0.0042                   0.2129  0.8058
2  Weighted avg        0.9912         0.9796                       0.9840                0.0467                   0.0160  0.9795
2020-01-05 01:02:10,115 [INFO] Dataset: Training. Classification report below
2020-01-05 01:02:10,115 [INFO] 
                          precision    recall  f1-score   support

                  Benign       0.99      1.00      0.99   1606949
                     Bot       1.00      1.00      1.00     34396
        Brute Force -Web       0.90      0.37      0.52        73
        Brute Force -XSS       1.00      0.50      0.67        26
        DDOS attack-HOIC       1.00      1.00      1.00     82341
    DDOS attack-LOIC-UDP       0.73      1.00      0.84       203
  DDoS attacks-LOIC-HTTP       0.99      1.00      1.00     69029
   DoS attacks-GoldenEye       0.99      1.00      1.00      4954
        DoS attacks-Hulk       1.00      1.00      1.00     55435
DoS attacks-SlowHTTPTest       0.74      0.52      0.61     16787
   DoS attacks-Slowloris       0.97      1.00      0.98      1318
          FTP-BruteForce       0.71      0.87      0.78     23153
           Infilteration       0.52      0.04      0.08     19210
           SQL Injection       1.00      0.33      0.50        12
          SSH-Bruteforce       1.00      1.00      1.00     22576

               micro avg       0.98      0.98      0.98   1936462
               macro avg       0.90      0.77      0.80   1936462
            weighted avg       0.98      0.98      0.98   1936462

2020-01-05 01:02:10,115 [INFO] Overall accuracy (micro avg): 0.9839568243528662
2020-01-05 01:02:55,121 [INFO] Average metrics for Training dataset below
   average type  avg accuracy  avg precision  avg detection rate (recall)  avg false alarm rate  avg false negative rate  avg f1
0     Micro avg        0.9840         0.9840                       0.9840                0.0011                   0.0160  0.9840
1     Macro avg        0.9979         0.9029                       0.7750                0.0042                   0.2250  0.7982
2  Weighted avg        0.9913         0.9798                       0.9840                0.0467                   0.0160  0.9796
2020-01-05 01:02:55,147 [INFO] Results saved to: results_additional_exps/ann_depth_ids18_subset_shallow_21/ann_depth_ids18_subset_shallow_21_results.xlsx
2020-01-05 01:02:55,154 [INFO] ================= Finished running experiment no. 11 ================= 

2020-01-05 01:02:55,233 [INFO] Created directory: results_additional_exps/ann_depth_ids18_subset_shallow_22
