2020-01-08 10:21:53,867 [INFO] Initialized logging. log_filename = results_additional_exps/semi_sup_perf_ids18_subset_ann_rep1/run_log.log
2020-01-08 10:21:53,867 [INFO] ================= Running experiment no. 1  ================= 

2020-01-08 10:21:53,867 [INFO] Experiment parameters given below
2020-01-08 10:21:53,867 [INFO] 
{'experiment_num': 1, 'results_dir': 'results_additional_exps/semi_sup_perf_ids18_subset_ann_rep1', 'model_type': 'classifier', 'model': 'ann', 'normal_label': 'BENIGN', 'training_data_feed': 'preload', 'split_random_seed': 42, 'dataset_split_ratio': 0.75, 'ann_layer_units': [64], 'ann_layer_activations': ['relu'], 'ann_layer_dropout_rates': [0.2], 'epochs': 200, 'early_stop_patience': 50, 'batch_size': 256, 'training_set': 'train_set_only', 'dataset_dir': '../Datasets/small_datasets/ids2018', 'description': 'semi_sup_perf_ids18_subset_ann_rep1'}
2020-01-08 10:21:53,867 [INFO] Created tensorboard log directory: results_additional_exps/semi_sup_perf_ids18_subset_ann_rep1/tf_logs_run_2020_01_08-10_21_53
2020-01-08 10:21:53,867 [INFO] Loading datsets from: ../Datasets/small_datasets/ids2018
2020-01-08 10:21:53,868 [INFO] Reading X, y files
2020-01-08 10:21:53,868 [INFO] Reading HDF dataset ../Datasets/small_datasets/ids2018/X_train.h5
2020-01-08 10:21:58,191 [INFO] Reading complete. time_to_read=4.32 seconds
2020-01-08 10:21:58,191 [INFO] Reading HDF dataset ../Datasets/small_datasets/ids2018/X_val.h5
2020-01-08 10:21:59,678 [INFO] Reading complete. time_to_read=1.49 seconds
2020-01-08 10:21:59,678 [INFO] Reading HDF dataset ../Datasets/small_datasets/ids2018/X_test.h5
2020-01-08 10:22:01,168 [INFO] Reading complete. time_to_read=1.49 seconds
2020-01-08 10:22:01,169 [INFO] Reading HDF dataset ../Datasets/small_datasets/ids2018/y_train.h5
2020-01-08 10:22:01,438 [INFO] Reading complete. time_to_read=0.27 seconds
2020-01-08 10:22:01,438 [INFO] Reading HDF dataset ../Datasets/small_datasets/ids2018/y_val.h5
2020-01-08 10:22:01,513 [INFO] Reading complete. time_to_read=0.08 seconds
2020-01-08 10:22:01,513 [INFO] Reading HDF dataset ../Datasets/small_datasets/ids2018/y_test.h5
2020-01-08 10:22:01,589 [INFO] Reading complete. time_to_read=0.08 seconds
2020-01-08 10:22:05,223 [INFO] Initializing model
2020-01-08 10:22:05,236 [WARNING] From /home/sunanda/test/ml_env/lib/python3.6/site-packages/tensorflow/python/framework/op_def_library.py:263: colocate_with (from tensorflow.python.framework.ops) is deprecated and will be removed in a future version.
Instructions for updating:
Colocations handled automatically by placer.
2020-01-08 10:22:05,298 [WARNING] From /home/sunanda/test/ml_env/lib/python3.6/site-packages/keras/backend/tensorflow_backend.py:3445: calling dropout (from tensorflow.python.ops.nn_ops) with keep_prob is deprecated and will be removed in a future version.
Instructions for updating:
Please use `rate` instead of `keep_prob`. Rate should be set to `rate = 1 - keep_prob`.
2020-01-08 10:22:05,336 [INFO] _________________________________________________________________
2020-01-08 10:22:05,336 [INFO] Layer (type)                 Output Shape              Param #   
2020-01-08 10:22:05,336 [INFO] =================================================================
2020-01-08 10:22:05,336 [INFO] dense_1 (Dense)              (None, 64)                4992      
2020-01-08 10:22:05,336 [INFO] _________________________________________________________________
2020-01-08 10:22:05,336 [INFO] batch_normalization_1 (Batch (None, 64)                256       
2020-01-08 10:22:05,336 [INFO] _________________________________________________________________
2020-01-08 10:22:05,336 [INFO] dropout_1 (Dropout)          (None, 64)                0         
2020-01-08 10:22:05,336 [INFO] _________________________________________________________________
2020-01-08 10:22:05,336 [INFO] dense_2 (Dense)              (None, 15)                975       
2020-01-08 10:22:05,336 [INFO] =================================================================
2020-01-08 10:22:05,336 [INFO] Total params: 6,223
2020-01-08 10:22:05,336 [INFO] Trainable params: 6,095
2020-01-08 10:22:05,337 [INFO] Non-trainable params: 128
2020-01-08 10:22:05,337 [INFO] _________________________________________________________________
2020-01-08 10:22:05,337 [INFO] Training model
2020-01-08 10:22:05,337 [INFO] Splitting train set into 2 sets (set1, set2), random_seed = 42
2020-01-08 10:22:26,265 [INFO] Split sizes (instances). total = 1936462, set1 = 1452346, set2 = 484116, set1 dataset hash = 380d72269f5bf1f4655cd65f184fdaf215e4cb4b
2020-01-08 10:22:26,665 [WARNING] From /home/sunanda/test/ml_env/lib/python3.6/site-packages/tensorflow/python/ops/math_ops.py:3066: to_int32 (from tensorflow.python.ops.math_ops) is deprecated and will be removed in a future version.
Instructions for updating:
Use tf.cast instead.
2020-01-08 10:26:15,473 [INFO] epoch = 20. Intermediate model saved to results_additional_exps/semi_sup_perf_ids18_subset_ann_rep1/ann_model_epoch_20.pickle
2020-01-08 10:29:58,974 [INFO] epoch = 40. Intermediate model saved to results_additional_exps/semi_sup_perf_ids18_subset_ann_rep1/ann_model_epoch_40.pickle
2020-01-08 10:33:42,450 [INFO] epoch = 60. Intermediate model saved to results_additional_exps/semi_sup_perf_ids18_subset_ann_rep1/ann_model_epoch_60.pickle
2020-01-08 10:37:25,864 [INFO] epoch = 80. Intermediate model saved to results_additional_exps/semi_sup_perf_ids18_subset_ann_rep1/ann_model_epoch_80.pickle
2020-01-08 10:41:09,231 [INFO] epoch = 100. Intermediate model saved to results_additional_exps/semi_sup_perf_ids18_subset_ann_rep1/ann_model_epoch_100.pickle
2020-01-08 10:42:10,800 [INFO] WeightRestorer::on_train_end(): restoring best weights
2020-01-08 10:42:22,905 [INFO] Last epoch loss evaluation: train_loss = 0.007898, val_loss = 0.007962
2020-01-08 10:42:22,946 [INFO] Training complete. time_to_train = 1217.61 sec, 20.29 min
2020-01-08 10:42:22,949 [INFO] Model saved to results_additional_exps/semi_sup_perf_ids18_subset_ann_rep1/best_model.pickle
2020-01-08 10:42:22,951 [INFO] Training history saved to: results_additional_exps/semi_sup_perf_ids18_subset_ann_rep1/training_error_history.csv
2020-01-08 10:42:23,131 [INFO] Plot saved to: results_additional_exps/semi_sup_perf_ids18_subset_ann_rep1/training_error_history.png
2020-01-08 10:42:23,309 [INFO] Plot saved to: results_additional_exps/semi_sup_perf_ids18_subset_ann_rep1/training_f1_history.png
2020-01-08 10:42:23,309 [INFO] Making predictions on training, validation, testing data
2020-01-08 10:42:48,583 [INFO] Evaluating predictions (results)
2020-01-08 10:43:00,742 [INFO] Dataset: Testing. Classification report below
2020-01-08 10:43:00,743 [INFO] 
                          precision    recall  f1-score   support

                  Benign       0.99      1.00      0.99    535650
                     Bot       1.00      1.00      1.00     11465
        Brute Force -Web       1.00      0.12      0.22        24
        Brute Force -XSS       1.00      0.33      0.50         9
        DDOS attack-HOIC       1.00      1.00      1.00     27447
    DDOS attack-LOIC-UDP       0.00      0.00      0.00        67
  DDoS attacks-LOIC-HTTP       0.99      0.99      0.99     23010
   DoS attacks-GoldenEye       0.98      1.00      0.99      1651
        DoS attacks-Hulk       1.00      1.00      1.00     18478
DoS attacks-SlowHTTPTest       0.73      0.46      0.56      5596
   DoS attacks-Slowloris       0.81      0.95      0.87       440
          FTP-BruteForce       0.69      0.88      0.77      7718
           Infilteration       0.38      0.01      0.02      6404
           SQL Injection       1.00      0.50      0.67         4
          SSH-Bruteforce       1.00      1.00      1.00      7525

               micro avg       0.98      0.98      0.98    645488
               macro avg       0.84      0.68      0.71    645488
            weighted avg       0.98      0.98      0.98    645488

2020-01-08 10:43:00,743 [INFO] Overall accuracy (micro avg): 0.9829384899486899
2020-01-08 10:43:14,400 [INFO] Average metrics for Testing dataset below
   average type  avg accuracy  avg precision  avg detection rate (recall)  avg false alarm rate  avg false negative rate  avg f1
0     Micro avg        0.9829         0.9829                       0.9829                0.0012                   0.0171  0.9829
1     Macro avg        0.9977         0.8376                       0.6830                0.0044                   0.3170  0.7060
2  Weighted avg        0.9908         0.9771                       0.9829                0.0493                   0.0171  0.9778
2020-01-08 10:43:26,453 [INFO] Dataset: Validation. Classification report below
2020-01-08 10:43:26,453 [INFO] 
                          precision    recall  f1-score   support

                  Benign       0.99      1.00      0.99    535650
                     Bot       1.00      1.00      1.00     11465
        Brute Force -Web       1.00      0.20      0.33        25
        Brute Force -XSS       1.00      0.67      0.80         9
        DDOS attack-HOIC       1.00      1.00      1.00     27447
    DDOS attack-LOIC-UDP       0.11      0.01      0.03        68
  DDoS attacks-LOIC-HTTP       0.99      1.00      0.99     23009
   DoS attacks-GoldenEye       0.99      1.00      0.99      1651
        DoS attacks-Hulk       1.00      1.00      1.00     18478
DoS attacks-SlowHTTPTest       0.73      0.45      0.56      5596
   DoS attacks-Slowloris       0.81      0.95      0.87       439
          FTP-BruteForce       0.69      0.88      0.77      7718
           Infilteration       0.43      0.01      0.02      6403
           SQL Injection       1.00      0.25      0.40         4
          SSH-Bruteforce       1.00      1.00      1.00      7525

               micro avg       0.98      0.98      0.98    645487
               macro avg       0.85      0.69      0.72    645487
            weighted avg       0.98      0.98      0.98    645487

2020-01-08 10:43:26,453 [INFO] Overall accuracy (micro avg): 0.9830097275390519
2020-01-08 10:43:40,124 [INFO] Average metrics for Validation dataset below
   average type  avg accuracy  avg precision  avg detection rate (recall)  avg false alarm rate  avg false negative rate  avg f1
0     Micro avg        0.9830         0.9830                       0.9830                0.0012                   0.0170  0.9830
1     Macro avg        0.9977         0.8487                       0.6942                0.0044                   0.3058  0.7173
2  Weighted avg        0.9909         0.9777                       0.9830                0.0491                   0.0170  0.9779
2020-01-08 10:44:19,412 [INFO] Dataset: Training. Classification report below
2020-01-08 10:44:19,412 [INFO] 
                          precision    recall  f1-score   support

                  Benign       0.99      1.00      0.99   1606949
                     Bot       1.00      1.00      1.00     34396
        Brute Force -Web       0.82      0.12      0.21        73
        Brute Force -XSS       1.00      0.50      0.67        26
        DDOS attack-HOIC       1.00      1.00      1.00     82341
    DDOS attack-LOIC-UDP       0.18      0.01      0.03       203
  DDoS attacks-LOIC-HTTP       0.99      1.00      0.99     69029
   DoS attacks-GoldenEye       0.99      1.00      0.99      4954
        DoS attacks-Hulk       1.00      1.00      1.00     55435
DoS attacks-SlowHTTPTest       0.73      0.45      0.56     16787
   DoS attacks-Slowloris       0.84      0.97      0.90      1318
          FTP-BruteForce       0.69      0.88      0.77     23153
           Infilteration       0.42      0.01      0.02     19210
           SQL Injection       1.00      0.33      0.50        12
          SSH-Bruteforce       1.00      1.00      1.00     22576

               micro avg       0.98      0.98      0.98   1936462
               macro avg       0.84      0.69      0.71   1936462
            weighted avg       0.98      0.98      0.98   1936462

2020-01-08 10:44:19,412 [INFO] Overall accuracy (micro avg): 0.9830164495869271
2020-01-08 10:45:03,977 [INFO] Average metrics for Training dataset below
   average type  avg accuracy  avg precision  avg detection rate (recall)  avg false alarm rate  avg false negative rate  avg f1
0     Micro avg        0.9830         0.9830                       0.9830                0.0012                   0.0170  0.9830
1     Macro avg        0.9977         0.8423                       0.6853                0.0044                   0.3147  0.7091
2  Weighted avg        0.9909         0.9776                       0.9830                0.0492                   0.0170  0.9779
2020-01-08 10:45:04,036 [INFO] Results saved to: results_additional_exps/semi_sup_perf_ids18_subset_ann_rep1/semi_sup_perf_ids18_subset_ann_rep1_results.xlsx
2020-01-08 10:45:04,045 [INFO] ================= Finished running experiment no. 1 ================= 

2020-01-08 10:45:04,124 [INFO] Created directory: results_additional_exps/semi_sup_perf_ids18_subset_ann_rep2
