2020-01-11 13:26:00,009 [INFO] Initialized logging. log_filename = results_additional_exps/semi_sup_perf_ids18_subset_ann_rep2/run_log.log
2020-01-11 13:26:00,009 [INFO] ================= Running experiment no. 2  ================= 

2020-01-11 13:26:00,009 [INFO] Experiment parameters given below
2020-01-11 13:26:00,009 [INFO] 
{'experiment_num': 2, 'results_dir': 'results_additional_exps/semi_sup_perf_ids18_subset_ann_rep2', 'model_type': 'classifier', 'model': 'ann', 'normal_label': 'BENIGN', 'training_data_feed': 'preload', 'split_random_seed': 42, 'dataset_split_ratio': 0.5, 'ann_layer_units': [64], 'ann_layer_activations': ['relu'], 'ann_layer_dropout_rates': [0.2], 'epochs': 200, 'early_stop_patience': 50, 'batch_size': 256, 'training_set': 'train_set_only', 'dataset_dir': '../Datasets/small_datasets/ids2018', 'description': 'semi_sup_perf_ids18_subset_ann_rep2'}
2020-01-11 13:26:00,009 [INFO] Created tensorboard log directory: results_additional_exps/semi_sup_perf_ids18_subset_ann_rep2/tf_logs_run_2020_01_11-13_26_00
2020-01-11 13:26:00,009 [INFO] Loading datsets from: ../Datasets/small_datasets/ids2018
2020-01-11 13:26:00,010 [INFO] Reading X, y files
2020-01-11 13:26:00,010 [INFO] Reading HDF dataset ../Datasets/small_datasets/ids2018/X_train.h5
2020-01-11 13:26:04,321 [INFO] Reading complete. time_to_read=4.31 seconds
2020-01-11 13:26:04,321 [INFO] Reading HDF dataset ../Datasets/small_datasets/ids2018/X_val.h5
2020-01-11 13:26:05,807 [INFO] Reading complete. time_to_read=1.49 seconds
2020-01-11 13:26:05,807 [INFO] Reading HDF dataset ../Datasets/small_datasets/ids2018/X_test.h5
2020-01-11 13:26:07,294 [INFO] Reading complete. time_to_read=1.49 seconds
2020-01-11 13:26:07,295 [INFO] Reading HDF dataset ../Datasets/small_datasets/ids2018/y_train.h5
2020-01-11 13:26:07,548 [INFO] Reading complete. time_to_read=0.25 seconds
2020-01-11 13:26:07,548 [INFO] Reading HDF dataset ../Datasets/small_datasets/ids2018/y_val.h5
2020-01-11 13:26:07,625 [INFO] Reading complete. time_to_read=0.08 seconds
2020-01-11 13:26:07,625 [INFO] Reading HDF dataset ../Datasets/small_datasets/ids2018/y_test.h5
2020-01-11 13:26:07,703 [INFO] Reading complete. time_to_read=0.08 seconds
2020-01-11 13:26:11,352 [INFO] Initializing model
2020-01-11 13:26:11,456 [INFO] _________________________________________________________________
2020-01-11 13:26:11,457 [INFO] Layer (type)                 Output Shape              Param #   
2020-01-11 13:26:11,457 [INFO] =================================================================
2020-01-11 13:26:11,457 [INFO] dense_3 (Dense)              (None, 64)                4992      
2020-01-11 13:26:11,457 [INFO] _________________________________________________________________
2020-01-11 13:26:11,457 [INFO] batch_normalization_2 (Batch (None, 64)                256       
2020-01-11 13:26:11,457 [INFO] _________________________________________________________________
2020-01-11 13:26:11,457 [INFO] dropout_2 (Dropout)          (None, 64)                0         
2020-01-11 13:26:11,457 [INFO] _________________________________________________________________
2020-01-11 13:26:11,457 [INFO] dense_4 (Dense)              (None, 15)                975       
2020-01-11 13:26:11,457 [INFO] =================================================================
2020-01-11 13:26:11,457 [INFO] Total params: 6,223
2020-01-11 13:26:11,457 [INFO] Trainable params: 6,095
2020-01-11 13:26:11,457 [INFO] Non-trainable params: 128
2020-01-11 13:26:11,457 [INFO] _________________________________________________________________
2020-01-11 13:26:11,457 [INFO] Training model
2020-01-11 13:26:11,457 [INFO] Splitting train set into 2 sets (set1, set2), random_seed = 42
2020-01-11 13:26:32,505 [INFO] Split sizes (instances). total = 1936462, set1 = 968231, set2 = 968231, set1 dataset hash = df2add71ad9b72cb5233a111509b2b74ff33670a
2020-01-11 13:32:00,200 [INFO] epoch = 20. Intermediate model saved to results_additional_exps/semi_sup_perf_ids18_subset_ann_rep2/ann_model_epoch_20.pickle
2020-01-11 13:37:17,106 [INFO] epoch = 40. Intermediate model saved to results_additional_exps/semi_sup_perf_ids18_subset_ann_rep2/ann_model_epoch_40.pickle
2020-01-11 13:42:34,677 [INFO] epoch = 60. Intermediate model saved to results_additional_exps/semi_sup_perf_ids18_subset_ann_rep2/ann_model_epoch_60.pickle
2020-01-11 13:47:50,941 [INFO] epoch = 80. Intermediate model saved to results_additional_exps/semi_sup_perf_ids18_subset_ann_rep2/ann_model_epoch_80.pickle
2020-01-11 13:53:07,533 [INFO] epoch = 100. Intermediate model saved to results_additional_exps/semi_sup_perf_ids18_subset_ann_rep2/ann_model_epoch_100.pickle
2020-01-11 13:58:24,047 [INFO] epoch = 120. Intermediate model saved to results_additional_exps/semi_sup_perf_ids18_subset_ann_rep2/ann_model_epoch_120.pickle
2020-01-11 14:03:40,489 [INFO] epoch = 140. Intermediate model saved to results_additional_exps/semi_sup_perf_ids18_subset_ann_rep2/ann_model_epoch_140.pickle
2020-01-11 14:07:59,811 [INFO] WeightRestorer::on_train_end(): restoring best weights
2020-01-11 14:08:18,088 [INFO] Last epoch loss evaluation: train_loss = 0.007824, val_loss = 0.007856
2020-01-11 14:08:18,127 [INFO] Training complete. time_to_train = 2526.67 sec, 42.11 min
2020-01-11 14:08:18,130 [INFO] Model saved to results_additional_exps/semi_sup_perf_ids18_subset_ann_rep2/best_model.pickle
2020-01-11 14:08:18,132 [INFO] Training history saved to: results_additional_exps/semi_sup_perf_ids18_subset_ann_rep2/training_error_history.csv
2020-01-11 14:08:18,318 [INFO] Plot saved to: results_additional_exps/semi_sup_perf_ids18_subset_ann_rep2/training_error_history.png
2020-01-11 14:08:18,501 [INFO] Plot saved to: results_additional_exps/semi_sup_perf_ids18_subset_ann_rep2/training_f1_history.png
2020-01-11 14:08:18,502 [INFO] Making predictions on training, validation, testing data
2020-01-11 14:08:45,883 [INFO] Evaluating predictions (results)
2020-01-11 14:08:57,903 [INFO] Dataset: Testing. Classification report below
2020-01-11 14:08:57,903 [INFO] 
                          precision    recall  f1-score   support

                  Benign       0.99      1.00      0.99    535650
                     Bot       1.00      1.00      1.00     11465
        Brute Force -Web       1.00      0.12      0.22        24
        Brute Force -XSS       1.00      0.33      0.50         9
        DDOS attack-HOIC       1.00      1.00      1.00     27447
    DDOS attack-LOIC-UDP       0.76      0.33      0.46        67
  DDoS attacks-LOIC-HTTP       0.99      0.99      0.99     23010
   DoS attacks-GoldenEye       0.99      1.00      1.00      1651
        DoS attacks-Hulk       1.00      1.00      1.00     18478
DoS attacks-SlowHTTPTest       0.75      0.49      0.59      5596
   DoS attacks-Slowloris       0.96      0.98      0.97       440
          FTP-BruteForce       0.70      0.88      0.78      7718
           Infilteration       0.33      0.00      0.00      6404
           SQL Injection       1.00      0.50      0.67         4
          SSH-Bruteforce       1.00      1.00      1.00      7525

               micro avg       0.98      0.98      0.98    645488
               macro avg       0.90      0.71      0.74    645488
            weighted avg       0.98      0.98      0.98    645488

2020-01-11 14:08:57,903 [INFO] Overall accuracy (micro avg): 0.9835349379074436
2020-01-11 14:09:11,561 [INFO] Average metrics for Testing dataset below
   average type  avg accuracy  avg precision  avg detection rate (recall)  avg false alarm rate  avg false negative rate  avg f1
0     Micro avg        0.9835         0.9835                       0.9835                0.0012                   0.0165  0.9835
1     Macro avg        0.9978         0.8982                       0.7085                0.0044                   0.2915  0.7448
2  Weighted avg        0.9911         0.9772                       0.9835                0.0498                   0.0165  0.9783
2020-01-11 14:09:23,623 [INFO] Dataset: Validation. Classification report below
2020-01-11 14:09:23,623 [INFO] 
                          precision    recall  f1-score   support

                  Benign       0.99      1.00      0.99    535650
                     Bot       1.00      1.00      1.00     11465
        Brute Force -Web       0.80      0.16      0.27        25
        Brute Force -XSS       1.00      0.67      0.80         9
        DDOS attack-HOIC       1.00      1.00      1.00     27447
    DDOS attack-LOIC-UDP       0.70      0.34      0.46        68
  DDoS attacks-LOIC-HTTP       0.99      0.99      0.99     23009
   DoS attacks-GoldenEye       0.99      1.00      1.00      1651
        DoS attacks-Hulk       1.00      1.00      1.00     18478
DoS attacks-SlowHTTPTest       0.75      0.48      0.59      5596
   DoS attacks-Slowloris       0.95      0.99      0.97       439
          FTP-BruteForce       0.70      0.89      0.78      7718
           Infilteration       0.14      0.00      0.00      6403
           SQL Injection       0.00      0.00      0.00         4
          SSH-Bruteforce       1.00      1.00      1.00      7525

               micro avg       0.98      0.98      0.98    645487
               macro avg       0.80      0.70      0.72    645487
            weighted avg       0.98      0.98      0.98    645487

2020-01-11 14:09:23,623 [INFO] Overall accuracy (micro avg): 0.9835380108352298
2020-01-11 14:09:37,296 [INFO] Average metrics for Validation dataset below
   average type  avg accuracy  avg precision  avg detection rate (recall)  avg false alarm rate  avg false negative rate  avg f1
0     Micro avg        0.9835         0.9835                       0.9835                0.0012                   0.0165  0.9835
1     Macro avg        0.9978         0.8009                       0.7007                0.0044                   0.2993  0.7227
2  Weighted avg        0.9910         0.9753                       0.9835                0.0497                   0.0165  0.9783
2020-01-11 14:10:16,880 [INFO] Dataset: Training. Classification report below
2020-01-11 14:10:16,880 [INFO] 
                          precision    recall  f1-score   support

                  Benign       0.99      1.00      0.99   1606949
                     Bot       1.00      1.00      1.00     34396
        Brute Force -Web       0.69      0.12      0.21        73
        Brute Force -XSS       1.00      0.50      0.67        26
        DDOS attack-HOIC       1.00      1.00      1.00     82341
    DDOS attack-LOIC-UDP       0.74      0.35      0.48       203
  DDoS attacks-LOIC-HTTP       0.99      0.99      0.99     69029
   DoS attacks-GoldenEye       0.99      1.00      1.00      4954
        DoS attacks-Hulk       1.00      1.00      1.00     55435
DoS attacks-SlowHTTPTest       0.75      0.48      0.59     16787
   DoS attacks-Slowloris       0.96      0.99      0.98      1318
          FTP-BruteForce       0.70      0.88      0.78     23153
           Infilteration       0.43      0.00      0.00     19210
           SQL Injection       1.00      0.25      0.40        12
          SSH-Bruteforce       1.00      1.00      1.00     22576

               micro avg       0.98      0.98      0.98   1936462
               macro avg       0.88      0.71      0.74   1936462
            weighted avg       0.98      0.98      0.98   1936462

2020-01-11 14:10:16,880 [INFO] Overall accuracy (micro avg): 0.9835003217207464
2020-01-11 14:11:01,786 [INFO] Average metrics for Training dataset below
   average type  avg accuracy  avg precision  avg detection rate (recall)  avg false alarm rate  avg false negative rate  avg f1
0     Micro avg        0.9835         0.9835                       0.9835                0.0012                   0.0165  0.9835
1     Macro avg        0.9978         0.8834                       0.7050                0.0044                   0.2950  0.7387
2  Weighted avg        0.9910         0.9782                       0.9835                0.0498                   0.0165  0.9782
2020-01-11 14:11:01,844 [INFO] Results saved to: results_additional_exps/semi_sup_perf_ids18_subset_ann_rep2/semi_sup_perf_ids18_subset_ann_rep2_results.xlsx
2020-01-11 14:11:01,849 [INFO] ================= Finished running experiment no. 2 ================= 

2020-01-11 14:11:01,931 [INFO] Created directory: results_additional_exps/semi_sup_perf_ids18_subset_ann_rep3
