2020-01-14 16:38:02,179 [INFO] Initialized logging. log_filename = results_additional_exps/train_time_ids18_subset_dbn_deep_rep2/run_log.log
2020-01-14 16:38:02,179 [INFO] ================= Running experiment no. 2  ================= 

2020-01-14 16:38:02,179 [INFO] Experiment parameters given below
2020-01-14 16:38:02,179 [INFO] 
{'experiment_num': 2, 'results_dir': 'results_additional_exps/train_time_ids18_subset_dbn_deep_rep2', 'model_type': 'classifier', 'model': 'dbn', 'normal_label': 'BENIGN', 'scaling_type': 'NA', 'dbn_layer_units': [128, 64, 33], 'ann_layer_activations': ['relu', 'relu', 'relu'], 'ann_layer_dropout_rates': [0.2, 0.2, 0.3], 'unsupervised_ratio': 0.5, 'dbn_learning_rate': 0.0001, 'pretrain_epochs': 10, 'fine_tune_epochs': 100, 'early_stop_patience': 100, 'batch_size': 256, 'goal_metric': 0.982550715, 'training_set': 'train_set_only', 'dataset_dir': '../Datasets/small_datasets/ids2018', 'description': 'train_time_ids18_subset_dbn_deep_rep2'}
2020-01-14 16:38:02,180 [INFO] Created tensorboard log directory: results_additional_exps/train_time_ids18_subset_dbn_deep_rep2/tf_logs_run_2020_01_14-16_38_02
2020-01-14 16:38:02,180 [INFO] Loading datsets from: ../Datasets/small_datasets/ids2018
2020-01-14 16:38:02,180 [INFO] Reading X, y files
2020-01-14 16:38:02,180 [INFO] Reading HDF dataset ../Datasets/small_datasets/ids2018/X_train.h5
2020-01-14 16:38:06,215 [INFO] Reading complete. time_to_read=4.04 seconds
2020-01-14 16:38:06,215 [INFO] Reading HDF dataset ../Datasets/small_datasets/ids2018/X_val.h5
2020-01-14 16:38:07,602 [INFO] Reading complete. time_to_read=1.39 seconds
2020-01-14 16:38:07,602 [INFO] Reading HDF dataset ../Datasets/small_datasets/ids2018/X_test.h5
2020-01-14 16:38:08,989 [INFO] Reading complete. time_to_read=1.39 seconds
2020-01-14 16:38:08,989 [INFO] Reading HDF dataset ../Datasets/small_datasets/ids2018/y_train.h5
2020-01-14 16:38:09,282 [INFO] Reading complete. time_to_read=0.29 seconds
2020-01-14 16:38:09,282 [INFO] Reading HDF dataset ../Datasets/small_datasets/ids2018/y_val.h5
2020-01-14 16:38:09,378 [INFO] Reading complete. time_to_read=0.10 seconds
2020-01-14 16:38:09,378 [INFO] Reading HDF dataset ../Datasets/small_datasets/ids2018/y_test.h5
2020-01-14 16:38:09,474 [INFO] Reading complete. time_to_read=0.10 seconds
2020-01-14 16:38:12,842 [INFO] Initializing model
2020-01-14 16:38:12,842 [INFO] Training model
2020-01-14 16:38:12,844 [INFO] Splitting train set into 2 sets (unsupervised, supervised), random_seed = None
2020-01-14 16:38:43,365 [INFO] Split sizes (instances). total = 1936462, unsupervised = 968231, supervised = 968231, unsupervised dataset hash = 4c1a91f2655f519851bfff3122484ff3ddc209a1
2020-01-14 16:38:43,365 [INFO] Pretraining Deep Belief Network
2020-01-14 16:47:05,549 [INFO] Pretraining Complete
2020-01-14 16:47:05,549 [INFO] Getting pretrained weights
2020-01-14 16:47:05,549 [INFO] Creating and initializing feed forward neural network
2020-01-14 16:47:05,859 [INFO] _________________________________________________________________
2020-01-14 16:47:05,859 [INFO] Layer (type)                 Output Shape              Param #   
2020-01-14 16:47:05,859 [INFO] =================================================================
2020-01-14 16:47:05,859 [INFO] dense_29 (Dense)             (None, 128)               9984      
2020-01-14 16:47:05,859 [INFO] _________________________________________________________________
2020-01-14 16:47:05,860 [INFO] batch_normalization_22 (Batc (None, 128)               512       
2020-01-14 16:47:05,860 [INFO] _________________________________________________________________
2020-01-14 16:47:05,860 [INFO] dropout_22 (Dropout)         (None, 128)               0         
2020-01-14 16:47:05,860 [INFO] _________________________________________________________________
2020-01-14 16:47:05,860 [INFO] dense_30 (Dense)             (None, 64)                8256      
2020-01-14 16:47:05,860 [INFO] _________________________________________________________________
2020-01-14 16:47:05,860 [INFO] batch_normalization_23 (Batc (None, 64)                256       
2020-01-14 16:47:05,860 [INFO] _________________________________________________________________
2020-01-14 16:47:05,860 [INFO] dropout_23 (Dropout)         (None, 64)                0         
2020-01-14 16:47:05,860 [INFO] _________________________________________________________________
2020-01-14 16:47:05,860 [INFO] dense_31 (Dense)             (None, 33)                2145      
2020-01-14 16:47:05,860 [INFO] _________________________________________________________________
2020-01-14 16:47:05,861 [INFO] batch_normalization_24 (Batc (None, 33)                132       
2020-01-14 16:47:05,861 [INFO] _________________________________________________________________
2020-01-14 16:47:05,861 [INFO] dropout_24 (Dropout)         (None, 33)                0         
2020-01-14 16:47:05,861 [INFO] _________________________________________________________________
2020-01-14 16:47:05,861 [INFO] dense_32 (Dense)             (None, 15)                510       
2020-01-14 16:47:05,861 [INFO] =================================================================
2020-01-14 16:47:05,861 [INFO] Total params: 21,795
2020-01-14 16:47:05,861 [INFO] Trainable params: 21,345
2020-01-14 16:47:05,861 [INFO] Non-trainable params: 450
2020-01-14 16:47:05,861 [INFO] _________________________________________________________________
2020-01-14 16:47:08,214 [INFO] Fine-tuning final neural network
2020-01-14 16:59:25,897 [INFO] epoch = 10. Intermediate model saved to results_additional_exps/train_time_ids18_subset_dbn_deep_rep2/ann_model_epoch_10.pickle
2020-01-14 17:08:30,464 [INFO] StopperOnGoal: reached goal_metric (accuracy). Stopping training. goal_metric = 0.9826, current_metric = 0.9827, num_epochs = 18
2020-01-14 17:08:30,465 [INFO] WeightRestorer::on_train_end(): restoring best weights
2020-01-14 17:09:34,011 [INFO] Last epoch loss evaluation: train_loss = 0.008154, val_loss = 0.008166
2020-01-14 17:09:34,015 [INFO] Training complete. time_to_train = 1881.17 sec, 31.35 min
2020-01-14 17:09:34,025 [INFO] Model saved to results_additional_exps/train_time_ids18_subset_dbn_deep_rep2/best_model.pickle
2020-01-14 17:09:34,026 [INFO] Training history saved to: results_additional_exps/train_time_ids18_subset_dbn_deep_rep2/training_error_history.csv
2020-01-14 17:09:34,205 [INFO] Plot saved to: results_additional_exps/train_time_ids18_subset_dbn_deep_rep2/training_error_history.png
2020-01-14 17:09:34,382 [INFO] Plot saved to: results_additional_exps/train_time_ids18_subset_dbn_deep_rep2/training_f1_history.png
2020-01-14 17:09:34,382 [INFO] Making predictions on training, validation, testing data
2020-01-14 17:11:30,161 [INFO] Making predictions complete. time_to_predict = 115.78 sec, 1.93 min
2020-01-14 17:11:30,235 [INFO] Evaluating predictions (results)
2020-01-14 17:11:53,385 [INFO] Dataset: Testing. Classification report below
2020-01-14 17:11:53,385 [INFO] 
                          precision    recall  f1-score   support

                  Benign       0.99      1.00      0.99    535650
                     Bot       1.00      1.00      1.00     11465
        Brute Force -Web       0.00      0.00      0.00        24
        Brute Force -XSS       0.00      0.00      0.00         9
        DDOS attack-HOIC       1.00      1.00      1.00     27447
    DDOS attack-LOIC-UDP       0.69      1.00      0.82        67
  DDoS attacks-LOIC-HTTP       0.99      0.99      0.99     23010
   DoS attacks-GoldenEye       0.93      1.00      0.96      1651
        DoS attacks-Hulk       1.00      1.00      1.00     18478
DoS attacks-SlowHTTPTest       0.76      0.43      0.55      5596
   DoS attacks-Slowloris       0.89      0.73      0.80       440
          FTP-BruteForce       0.68      0.90      0.78      7718
           Infilteration       0.00      0.00      0.00      6404
           SQL Injection       0.00      0.00      0.00         4
          SSH-Bruteforce       1.00      1.00      1.00      7525

                accuracy                           0.98    645488
               macro avg       0.66      0.67      0.66    645488
            weighted avg       0.97      0.98      0.98    645488

2020-01-14 17:11:53,385 [INFO] Overall accuracy (micro avg): 0.9827742731080981
2020-01-14 17:12:18,270 [INFO] Average metrics for Testing dataset below
   average type  avg accuracy  avg precision  avg detection rate (recall)  avg false alarm rate  avg false negative rate  avg f1
0     Micro avg        0.9828         0.9828                       0.9828                0.0012                   0.0172  0.9828
1     Macro avg        0.9977         0.6618                       0.6699                0.0045                   0.3301  0.6595
2  Weighted avg        0.9906         0.9732                       0.9828                0.0510                   0.0172  0.9774
2020-01-14 17:12:41,357 [INFO] Dataset: Validation. Classification report below
2020-01-14 17:12:41,357 [INFO] 
                          precision    recall  f1-score   support

                  Benign       0.99      1.00      0.99    535650
                     Bot       1.00      1.00      1.00     11465
        Brute Force -Web       0.00      0.00      0.00        25
        Brute Force -XSS       0.00      0.00      0.00         9
        DDOS attack-HOIC       1.00      1.00      1.00     27447
    DDOS attack-LOIC-UDP       0.74      0.99      0.84        68
  DDoS attacks-LOIC-HTTP       0.99      0.99      0.99     23009
   DoS attacks-GoldenEye       0.94      1.00      0.97      1651
        DoS attacks-Hulk       1.00      1.00      1.00     18478
DoS attacks-SlowHTTPTest       0.77      0.43      0.55      5596
   DoS attacks-Slowloris       0.92      0.77      0.84       439
          FTP-BruteForce       0.69      0.91      0.78      7718
           Infilteration       0.00      0.00      0.00      6403
           SQL Injection       0.00      0.00      0.00         4
          SSH-Bruteforce       1.00      1.00      1.00      7525

                accuracy                           0.98    645487
               macro avg       0.67      0.67      0.66    645487
            weighted avg       0.97      0.98      0.98    645487

2020-01-14 17:12:41,357 [INFO] Overall accuracy (micro avg): 0.9829632510027313
2020-01-14 17:13:06,223 [INFO] Average metrics for Validation dataset below
   average type  avg accuracy  avg precision  avg detection rate (recall)  avg false alarm rate  avg false negative rate  avg f1
0     Micro avg        0.9830         0.9830                       0.9830                0.0012                   0.0170  0.9830
1     Macro avg        0.9977         0.6691                       0.6719                0.0045                   0.3281  0.6645
2  Weighted avg        0.9907         0.9735                       0.9830                0.0508                   0.0170  0.9776
2020-01-14 17:14:21,900 [INFO] Dataset: Training. Classification report below
2020-01-14 17:14:21,900 [INFO] 
                          precision    recall  f1-score   support

                  Benign       0.99      1.00      0.99   1606949
                     Bot       1.00      1.00      1.00     34396
        Brute Force -Web       0.00      0.00      0.00        73
        Brute Force -XSS       0.00      0.00      0.00        26
        DDOS attack-HOIC       1.00      1.00      1.00     82341
    DDOS attack-LOIC-UDP       0.71      0.98      0.82       203
  DDoS attacks-LOIC-HTTP       0.99      0.99      0.99     69029
   DoS attacks-GoldenEye       0.94      1.00      0.97      4954
        DoS attacks-Hulk       1.00      1.00      1.00     55435
DoS attacks-SlowHTTPTest       0.76      0.43      0.55     16787
   DoS attacks-Slowloris       0.92      0.75      0.83      1318
          FTP-BruteForce       0.68      0.90      0.78     23153
           Infilteration       0.00      0.00      0.00     19210
           SQL Injection       0.00      0.00      0.00        12
          SSH-Bruteforce       1.00      1.00      1.00     22576

                accuracy                           0.98   1936462
               macro avg       0.67      0.67      0.66   1936462
            weighted avg       0.97      0.98      0.98   1936462

2020-01-14 17:14:21,900 [INFO] Overall accuracy (micro avg): 0.9828692739645808
2020-01-14 17:15:43,452 [INFO] Average metrics for Training dataset below
   average type  avg accuracy  avg precision  avg detection rate (recall)  avg false alarm rate  avg false negative rate  avg f1
0     Micro avg        0.9829         0.9829                       0.9829                0.0012                   0.0171  0.9829
1     Macro avg        0.9977         0.6662                       0.6701                0.0045                   0.3299  0.6619
2  Weighted avg        0.9907         0.9733                       0.9829                0.0509                   0.0171  0.9775
2020-01-14 17:15:43,526 [INFO] Results saved to: results_additional_exps/train_time_ids18_subset_dbn_deep_rep2/train_time_ids18_subset_dbn_deep_rep2_results.xlsx
2020-01-14 17:15:43,532 [INFO] ================= Finished running experiment no. 2 ================= 

2020-01-14 17:15:43,584 [INFO] Created directory: results_additional_exps/train_time_ids18_subset_dbn_deep_rep3
