2019-12-22 07:06:18,274 [INFO] Initialized logging. log_filename = results_selected_models/selected_ids18_subset_ann_deep_rep1/run_log.log
2019-12-22 07:06:18,274 [INFO] ================= Running experiment no. 1  ================= 

2019-12-22 07:06:18,274 [INFO] Experiment parameters given below
2019-12-22 07:06:18,274 [INFO] 
{'experiment_num': 1, 'results_dir': 'results_selected_models/selected_ids18_subset_ann_deep_rep1', 'model_type': 'classifier', 'model': 'ann', 'normal_label': 'BENIGN', 'training_data_feed': 'preload', 'scaling_type': 'NA', 'ann_layer_units': [128, 64, 32, 16], 'ann_layer_activations': ['relu', 'relu', 'relu', 'relu'], 'ann_layer_dropout_rates': [0.2, 0.2, 0.2, 0.2], 'epochs': 300, 'early_stop_patience': 50, 'batch_size': 256, 'training_set': 'train_set_only', 'dataset_dir': '../Datasets/small_datasets/ids2018', 'description': 'selected_ids18_subset_ann_deep_rep1'}
2019-12-22 07:06:18,275 [INFO] Created tensorboard log directory: results_selected_models/selected_ids18_subset_ann_deep_rep1/tf_logs_run_2019_12_22-07_06_18
2019-12-22 07:06:18,275 [INFO] Loading datsets from: ../Datasets/small_datasets/ids2018
2019-12-22 07:06:18,289 [INFO] Reading X, y files
2019-12-22 07:06:18,289 [INFO] Reading HDF dataset ../Datasets/small_datasets/ids2018/X_train.h5
2019-12-22 07:06:24,541 [INFO] Reading complete. time_to_read=6.25 seconds
2019-12-22 07:06:24,542 [INFO] Reading HDF dataset ../Datasets/small_datasets/ids2018/X_val.h5
2019-12-22 07:06:26,206 [INFO] Reading complete. time_to_read=1.66 seconds
2019-12-22 07:06:26,209 [INFO] Reading HDF dataset ../Datasets/small_datasets/ids2018/X_test.h5
2019-12-22 07:06:27,894 [INFO] Reading complete. time_to_read=1.68 seconds
2019-12-22 07:06:27,894 [INFO] Reading HDF dataset ../Datasets/small_datasets/ids2018/y_train.h5
2019-12-22 07:06:28,526 [INFO] Reading complete. time_to_read=0.63 seconds
2019-12-22 07:06:28,526 [INFO] Reading HDF dataset ../Datasets/small_datasets/ids2018/y_val.h5
2019-12-22 07:06:28,712 [INFO] Reading complete. time_to_read=0.19 seconds
2019-12-22 07:06:28,712 [INFO] Reading HDF dataset ../Datasets/small_datasets/ids2018/y_test.h5
2019-12-22 07:06:28,890 [INFO] Reading complete. time_to_read=0.18 seconds
2019-12-22 07:06:32,776 [INFO] Initializing model
2019-12-22 07:06:33,151 [INFO] _________________________________________________________________
2019-12-22 07:06:33,151 [INFO] Layer (type)                 Output Shape              Param #   
2019-12-22 07:06:33,151 [INFO] =================================================================
2019-12-22 07:06:33,151 [INFO] dense_46 (Dense)             (None, 128)               9984      
2019-12-22 07:06:33,151 [INFO] _________________________________________________________________
2019-12-22 07:06:33,151 [INFO] batch_normalization_36 (Batc (None, 128)               512       
2019-12-22 07:06:33,151 [INFO] _________________________________________________________________
2019-12-22 07:06:33,151 [INFO] dropout_36 (Dropout)         (None, 128)               0         
2019-12-22 07:06:33,151 [INFO] _________________________________________________________________
2019-12-22 07:06:33,152 [INFO] dense_47 (Dense)             (None, 64)                8256      
2019-12-22 07:06:33,152 [INFO] _________________________________________________________________
2019-12-22 07:06:33,152 [INFO] batch_normalization_37 (Batc (None, 64)                256       
2019-12-22 07:06:33,152 [INFO] _________________________________________________________________
2019-12-22 07:06:33,152 [INFO] dropout_37 (Dropout)         (None, 64)                0         
2019-12-22 07:06:33,152 [INFO] _________________________________________________________________
2019-12-22 07:06:33,152 [INFO] dense_48 (Dense)             (None, 32)                2080      
2019-12-22 07:06:33,152 [INFO] _________________________________________________________________
2019-12-22 07:06:33,152 [INFO] batch_normalization_38 (Batc (None, 32)                128       
2019-12-22 07:06:33,152 [INFO] _________________________________________________________________
2019-12-22 07:06:33,152 [INFO] dropout_38 (Dropout)         (None, 32)                0         
2019-12-22 07:06:33,152 [INFO] _________________________________________________________________
2019-12-22 07:06:33,152 [INFO] dense_49 (Dense)             (None, 16)                528       
2019-12-22 07:06:33,152 [INFO] _________________________________________________________________
2019-12-22 07:06:33,152 [INFO] batch_normalization_39 (Batc (None, 16)                64        
2019-12-22 07:06:33,152 [INFO] _________________________________________________________________
2019-12-22 07:06:33,152 [INFO] dropout_39 (Dropout)         (None, 16)                0         
2019-12-22 07:06:33,152 [INFO] _________________________________________________________________
2019-12-22 07:06:33,153 [INFO] dense_50 (Dense)             (None, 15)                255       
2019-12-22 07:06:33,153 [INFO] =================================================================
2019-12-22 07:06:33,153 [INFO] Total params: 22,063
2019-12-22 07:06:33,153 [INFO] Trainable params: 21,583
2019-12-22 07:06:33,153 [INFO] Non-trainable params: 480
2019-12-22 07:06:33,153 [INFO] _________________________________________________________________
2019-12-22 07:06:33,153 [INFO] Training model
2019-12-22 07:38:38,617 [INFO] epoch = 30. Intermediate model saved to results_selected_models/selected_ids18_subset_ann_deep_rep1/ann_model_epoch_30.pickle
2019-12-22 08:09:55,965 [INFO] epoch = 60. Intermediate model saved to results_selected_models/selected_ids18_subset_ann_deep_rep1/ann_model_epoch_60.pickle
2019-12-22 08:41:11,449 [INFO] epoch = 90. Intermediate model saved to results_selected_models/selected_ids18_subset_ann_deep_rep1/ann_model_epoch_90.pickle
2019-12-22 09:12:29,037 [INFO] epoch = 120. Intermediate model saved to results_selected_models/selected_ids18_subset_ann_deep_rep1/ann_model_epoch_120.pickle
2019-12-22 09:43:45,783 [INFO] epoch = 150. Intermediate model saved to results_selected_models/selected_ids18_subset_ann_deep_rep1/ann_model_epoch_150.pickle
2019-12-22 10:15:03,148 [INFO] epoch = 180. Intermediate model saved to results_selected_models/selected_ids18_subset_ann_deep_rep1/ann_model_epoch_180.pickle
2019-12-22 10:46:19,339 [INFO] epoch = 210. Intermediate model saved to results_selected_models/selected_ids18_subset_ann_deep_rep1/ann_model_epoch_210.pickle
2019-12-22 11:17:36,994 [INFO] epoch = 240. Intermediate model saved to results_selected_models/selected_ids18_subset_ann_deep_rep1/ann_model_epoch_240.pickle
2019-12-22 11:48:53,848 [INFO] epoch = 270. Intermediate model saved to results_selected_models/selected_ids18_subset_ann_deep_rep1/ann_model_epoch_270.pickle
2019-12-22 12:19:27,471 [INFO] WeightRestorer::on_train_end(): restoring best weights
2019-12-22 12:20:47,763 [INFO] Last epoch loss evaluation: train_loss = 0.007474, val_loss = 0.007511
2019-12-22 12:20:47,763 [INFO] Training complete. time_to_train = 18854.61 sec, 314.24 min
2019-12-22 12:20:47,774 [INFO] Model saved to results_selected_models/selected_ids18_subset_ann_deep_rep1/best_model.pickle
2019-12-22 12:20:47,931 [INFO] Plot saved to: results_selected_models/selected_ids18_subset_ann_deep_rep1/training_error_history.png
2019-12-22 12:20:48,067 [INFO] Plot saved to: results_selected_models/selected_ids18_subset_ann_deep_rep1/training_f1_history.png
2019-12-22 12:20:48,067 [INFO] Making predictions on training, validation, testing data
2019-12-22 12:22:16,965 [INFO] Evaluating predictions (results)
2019-12-22 12:22:29,125 [INFO] Dataset: Testing. Classification report below
2019-12-22 12:22:29,126 [INFO] 
                          precision    recall  f1-score   support

                  Benign       0.99      1.00      0.99    535650
                     Bot       1.00      1.00      1.00     11465
        Brute Force -Web       1.00      0.21      0.34        24
        Brute Force -XSS       1.00      0.33      0.50         9
        DDOS attack-HOIC       1.00      1.00      1.00     27447
    DDOS attack-LOIC-UDP       0.69      1.00      0.82        67
  DDoS attacks-LOIC-HTTP       1.00      0.99      1.00     23010
   DoS attacks-GoldenEye       0.99      1.00      1.00      1651
        DoS attacks-Hulk       1.00      1.00      1.00     18478
DoS attacks-SlowHTTPTest       0.75      0.51      0.61      5596
   DoS attacks-Slowloris       0.96      0.98      0.97       440
          FTP-BruteForce       0.71      0.88      0.79      7718
           Infilteration       0.73      0.00      0.00      6404
           SQL Injection       0.00      0.00      0.00         4
          SSH-Bruteforce       1.00      1.00      1.00      7525

               micro avg       0.98      0.98      0.98    645488
               macro avg       0.85      0.73      0.73    645488
            weighted avg       0.98      0.98      0.98    645488

2019-12-22 12:22:29,129 [INFO] Overall accuracy (micro avg): 0.9839671690256054
2019-12-22 12:22:42,937 [INFO] Average metrics for Testing dataset below
   average type  avg accuracy  avg precision  avg detection rate (recall)  avg false alarm rate  avg false negative rate  avg f1
0     Micro avg        0.9840         0.9840                       0.9840                0.0011                   0.0160  0.9840
1     Macro avg        0.9979         0.8548                       0.7274                0.0044                   0.2726  0.7346
2  Weighted avg        0.9912         0.9815                       0.9840                0.0494                   0.0160  0.9788
2019-12-22 12:22:55,126 [INFO] Dataset: Validation. Classification report below
2019-12-22 12:22:55,126 [INFO] 
                          precision    recall  f1-score   support

                  Benign       0.99      1.00      0.99    535650
                     Bot       1.00      1.00      1.00     11465
        Brute Force -Web       1.00      0.28      0.44        25
        Brute Force -XSS       1.00      0.67      0.80         9
        DDOS attack-HOIC       1.00      1.00      1.00     27447
    DDOS attack-LOIC-UDP       0.74      0.99      0.84        68
  DDoS attacks-LOIC-HTTP       1.00      1.00      1.00     23009
   DoS attacks-GoldenEye       1.00      1.00      1.00      1651
        DoS attacks-Hulk       1.00      1.00      1.00     18478
DoS attacks-SlowHTTPTest       0.76      0.51      0.61      5596
   DoS attacks-Slowloris       0.95      0.99      0.97       439
          FTP-BruteForce       0.71      0.88      0.79      7718
           Infilteration       0.56      0.00      0.00      6403
           SQL Injection       0.00      0.00      0.00         4
          SSH-Bruteforce       1.00      1.00      1.00      7525

               micro avg       0.98      0.98      0.98    645487
               macro avg       0.85      0.75      0.76    645487
            weighted avg       0.98      0.98      0.98    645487

2019-12-22 12:22:55,126 [INFO] Overall accuracy (micro avg): 0.9840786878744266
2019-12-22 12:23:08,983 [INFO] Average metrics for Validation dataset below
   average type  avg accuracy  avg precision  avg detection rate (recall)  avg false alarm rate  avg false negative rate  avg f1
0     Micro avg        0.9841         0.9841                       0.9841                0.0011                   0.0159  0.9841
1     Macro avg        0.9979         0.8466                       0.7542                0.0043                   0.2458  0.7628
2  Weighted avg        0.9913         0.9799                       0.9841                0.0492                   0.0159  0.9789
2019-12-22 12:23:48,614 [INFO] Dataset: Training. Classification report below
2019-12-22 12:23:48,614 [INFO] 
                          precision    recall  f1-score   support

                  Benign       0.99      1.00      0.99   1606949
                     Bot       1.00      1.00      1.00     34396
        Brute Force -Web       1.00      0.26      0.41        73
        Brute Force -XSS       1.00      0.50      0.67        26
        DDOS attack-HOIC       1.00      1.00      1.00     82341
    DDOS attack-LOIC-UDP       0.71      0.98      0.82       203
  DDoS attacks-LOIC-HTTP       1.00      0.99      1.00     69029
   DoS attacks-GoldenEye       1.00      1.00      1.00      4954
        DoS attacks-Hulk       1.00      1.00      1.00     55435
DoS attacks-SlowHTTPTest       0.76      0.51      0.61     16787
   DoS attacks-Slowloris       0.97      0.99      0.98      1318
          FTP-BruteForce       0.71      0.88      0.79     23153
           Infilteration       0.70      0.00      0.00     19210
           SQL Injection       0.00      0.00      0.00        12
          SSH-Bruteforce       1.00      1.00      1.00     22576

               micro avg       0.98      0.98      0.98   1936462
               macro avg       0.86      0.74      0.75   1936462
            weighted avg       0.98      0.98      0.98   1936462

2019-12-22 12:23:48,614 [INFO] Overall accuracy (micro avg): 0.9840373836408873
2019-12-22 12:24:33,603 [INFO] Average metrics for Training dataset below
   average type  avg accuracy  avg precision  avg detection rate (recall)  avg false alarm rate  avg false negative rate  avg f1
0     Micro avg        0.9840         0.9840                       0.9840                0.0011                   0.0160  0.9840
1     Macro avg        0.9979         0.8553                       0.7414                0.0044                   0.2586  0.7514
2  Weighted avg        0.9913         0.9814                       0.9840                0.0493                   0.0160  0.9789
2019-12-22 12:24:33,630 [INFO] Results saved to: results_selected_models/selected_ids18_subset_ann_deep_rep1/selected_ids18_subset_ann_deep_rep1_results.xlsx
2019-12-22 12:24:33,635 [INFO] ================= Finished running experiment no. 1 ================= 

2019-12-22 12:24:33,719 [INFO] Created directory: results_selected_models/selected_ids18_subset_ann_deep_rep2
