2020-01-14 19:34:43,906 [INFO] Initialized logging. log_filename = results_additional_exps/train_time_kdd99_ae_ann_shallow_rep2/run_log.log
2020-01-14 19:34:43,906 [INFO] ================= Running experiment no. 2  ================= 

2020-01-14 19:34:43,906 [INFO] Experiment parameters given below
2020-01-14 19:34:43,907 [INFO] 
{'experiment_num': 2, 'results_dir': 'results_additional_exps/train_time_kdd99_ae_ann_shallow_rep2', 'model_type': 'classifier', 'model': 'ae_ann', 'normal_label': 'normal', 'scaling_type': 'NA', 'unsupervised_ratio': 0.5, 'ae_encoder_units': [32], 'ae_encoder_activations': ['relu'], 'ae_encoder_dropout_rates': [0.2], 'ae_encoder_l1_param': -1, 'ae_decoder_units': '', 'ae_decoder_activations': '', 'ae_decoder_dropout_rates': '', 'output_activation': 'relu', 'loss_function': 'mean_squared_error', 'ae_epochs': 10, 'ann_layer_units': [32], 'ann_layer_activations': ['relu'], 'ann_layer_dropout_rates': [0.2], 'ann_epochs': 100, 'early_stop_patience': 100, 'batch_size': 256, 'goal_metric': 0.920689445, 'training_set': 'train_set_only', 'dataset_dir': '../Datasets/full_datasets/kdd99_five_classes', 'description': 'train_time_kdd99_ae_ann_shallow_rep2'}
2020-01-14 19:34:43,932 [INFO] Created tensorboard log directory: results_additional_exps/train_time_kdd99_ae_ann_shallow_rep2/tf_logs_run_2020_01_14-19_34_43
2020-01-14 19:34:43,932 [INFO] Loading datsets from: ../Datasets/full_datasets/kdd99_five_classes
2020-01-14 19:34:43,964 [INFO] Reading X, y files
2020-01-14 19:34:43,964 [INFO] Reading HDF dataset ../Datasets/full_datasets/kdd99_five_classes/X_train.h5
2020-01-14 19:34:57,515 [INFO] Reading complete. time_to_read=13.55 seconds
2020-01-14 19:34:57,515 [INFO] Reading HDF dataset ../Datasets/full_datasets/kdd99_five_classes/X_val.h5
2020-01-14 19:35:00,377 [INFO] Reading complete. time_to_read=2.86 seconds
2020-01-14 19:35:00,377 [INFO] Reading HDF dataset ../Datasets/full_datasets/kdd99_five_classes/X_test.h5
2020-01-14 19:35:01,595 [INFO] Reading complete. time_to_read=1.22 seconds
2020-01-14 19:35:01,595 [INFO] Reading HDF dataset ../Datasets/full_datasets/kdd99_five_classes/y_train.h5
2020-01-14 19:35:02,683 [INFO] Reading complete. time_to_read=1.09 seconds
2020-01-14 19:35:02,684 [INFO] Reading HDF dataset ../Datasets/full_datasets/kdd99_five_classes/y_val.h5
2020-01-14 19:35:02,934 [INFO] Reading complete. time_to_read=0.25 seconds
2020-01-14 19:35:02,934 [INFO] Reading HDF dataset ../Datasets/full_datasets/kdd99_five_classes/y_test.h5
2020-01-14 19:35:03,027 [INFO] Reading complete. time_to_read=0.09 seconds
2020-01-14 19:37:49,671 [INFO] Initializing model
2020-01-14 19:38:51,626 [INFO] _________________________________________________________________
2020-01-14 19:38:51,709 [INFO] Layer (type)                 Output Shape              Param #   
2020-01-14 19:38:51,709 [INFO] =================================================================
2020-01-14 19:38:51,762 [INFO] dense_41 (Dense)             (None, 32)                3968      
2020-01-14 19:38:51,762 [INFO] _________________________________________________________________
2020-01-14 19:38:51,762 [INFO] batch_normalization_21 (Batc (None, 32)                128       
2020-01-14 19:38:51,762 [INFO] _________________________________________________________________
2020-01-14 19:38:51,762 [INFO] dropout_21 (Dropout)         (None, 32)                0         
2020-01-14 19:38:51,762 [INFO] _________________________________________________________________
2020-01-14 19:38:51,762 [INFO] dense_42 (Dense)             (None, 123)               4059      
2020-01-14 19:38:51,762 [INFO] =================================================================
2020-01-14 19:38:51,770 [INFO] Total params: 8,155
2020-01-14 19:38:51,770 [INFO] Trainable params: 8,091
2020-01-14 19:38:51,770 [INFO] Non-trainable params: 64
2020-01-14 19:38:51,770 [INFO] _________________________________________________________________
2020-01-14 19:38:59,361 [INFO] _________________________________________________________________
2020-01-14 19:38:59,361 [INFO] Layer (type)                 Output Shape              Param #   
2020-01-14 19:38:59,361 [INFO] =================================================================
2020-01-14 19:38:59,361 [INFO] dense_43 (Dense)             (None, 32)                1056      
2020-01-14 19:38:59,361 [INFO] _________________________________________________________________
2020-01-14 19:38:59,361 [INFO] batch_normalization_22 (Batc (None, 32)                128       
2020-01-14 19:38:59,361 [INFO] _________________________________________________________________
2020-01-14 19:38:59,361 [INFO] dropout_22 (Dropout)         (None, 32)                0         
2020-01-14 19:38:59,361 [INFO] _________________________________________________________________
2020-01-14 19:38:59,361 [INFO] dense_44 (Dense)             (None, 5)                 165       
2020-01-14 19:38:59,361 [INFO] =================================================================
2020-01-14 19:38:59,362 [INFO] Total params: 1,349
2020-01-14 19:38:59,362 [INFO] Trainable params: 1,285
2020-01-14 19:38:59,362 [INFO] Non-trainable params: 64
2020-01-14 19:38:59,362 [INFO] _________________________________________________________________
2020-01-14 19:38:59,362 [INFO] Training model
2020-01-14 19:38:59,383 [INFO] Splitting train set into 2 sets (unsupervised, supervised), random_seed = None
2020-01-14 20:20:40,514 [INFO] Split sizes (instances). total = 3918744, unsupervised = 1959372, supervised = 1959372, unsupervised dataset hash = 11b393c5a8e51bc36bbb5ce4fc5a322418a3bfcf
2020-01-14 20:20:40,889 [INFO] Training autoencoder
2020-01-14 21:04:33,275 [INFO] WeightRestorer::on_train_end(): restoring best weights
2020-01-14 21:06:01,771 [INFO] Last epoch loss evaluation: train_loss = 0.414472, val_loss = 0.496297
2020-01-14 21:06:01,809 [INFO] Training autoencoder complete
2020-01-14 21:06:01,809 [INFO] Encoding data for supervised training
2020-01-14 21:07:26,144 [INFO] Encoding complete
2020-01-14 21:07:26,207 [INFO] Training neural network layers (after autoencoder)
2020-01-14 21:11:37,962 [INFO] StopperOnGoal: reached goal_metric (accuracy). Stopping training. goal_metric = 0.9207, current_metric = 0.9214, num_epochs = 1
2020-01-14 21:11:38,198 [INFO] WeightRestorer::on_train_end(): restoring best weights
2020-01-14 21:12:57,251 [INFO] Last epoch loss evaluation: train_loss = 0.001560, val_loss = 0.001564
2020-01-14 21:12:57,454 [INFO] Training complete. time_to_train = 5638.08 sec, 93.97 min
2020-01-14 21:13:01,488 [INFO] Model saved to results_additional_exps/train_time_kdd99_ae_ann_shallow_rep2/best_model.pickle
2020-01-14 21:13:03,010 [INFO] Training history saved to: results_additional_exps/train_time_kdd99_ae_ann_shallow_rep2/training_error_history.csv
2020-01-14 21:13:11,805 [INFO] Plot saved to: results_additional_exps/train_time_kdd99_ae_ann_shallow_rep2/training_error_history.png
2020-01-14 21:13:11,952 [INFO] Plot saved to: results_additional_exps/train_time_kdd99_ae_ann_shallow_rep2/training_f1_history.png
2020-01-14 21:13:11,989 [INFO] Making predictions on training, validation, testing data
2020-01-14 21:29:31,915 [INFO] Making predictions complete. time_to_predict = 979.93 sec, 16.33 min
2020-01-14 21:29:32,616 [INFO] Evaluating predictions (results)
2020-01-14 21:29:43,123 [INFO] Dataset: Testing. Classification report below
2020-01-14 21:29:43,135 [INFO] 
              precision    recall  f1-score   support

         dos       1.00      0.97      0.98    229853
     normal.       0.72      1.00      0.84     60593
       probe       0.82      0.72      0.77      4166
         r2l       0.97      0.00      0.00     13781
         u2r       0.00      0.00      0.00      2636

    accuracy                           0.92    311029
   macro avg       0.70      0.54      0.52    311029
weighted avg       0.93      0.92      0.90    311029

2020-01-14 21:29:43,136 [INFO] Overall accuracy (micro avg): 0.9214542695375673
2020-01-14 21:29:52,552 [INFO] Average metrics for Testing dataset below
   average type  avg accuracy  avg precision  avg detection rate (recall)  avg false alarm rate  avg false negative rate  avg f1
0     Micro avg        0.9215         0.9215                       0.9215                0.0196                   0.0785  0.9215
1     Macro avg        0.9686         0.7008                       0.5376                0.0206                   0.4624  0.5183
2  Weighted avg        0.9660         0.9314                       0.9215                0.0243                   0.0785  0.9008
2020-01-14 21:30:22,370 [INFO] Dataset: Validation. Classification report below
2020-01-14 21:30:22,370 [INFO] 
              precision    recall  f1-score   support

         dos       1.00      1.00      1.00    776675
     normal.       1.00      1.00      1.00    194556
       probe       0.99      0.96      0.98      8221
         r2l       0.82      0.06      0.12       225
         u2r       0.00      0.00      0.00        10

    accuracy                           1.00    979687
   macro avg       0.76      0.60      0.62    979687
weighted avg       1.00      1.00      1.00    979687

2020-01-14 21:30:22,370 [INFO] Overall accuracy (micro avg): 0.9991813711930443
2020-01-14 21:30:53,141 [INFO] Average metrics for Validation dataset below
   average type  avg accuracy  avg precision  avg detection rate (recall)  avg false alarm rate  avg false negative rate  avg f1
0     Micro avg        0.9992         0.9992                       0.9992                0.0002                   0.0008  0.9992
1     Macro avg        0.9997         0.7624                       0.6041                0.0004                   0.3959  0.6178
2  Weighted avg        0.9996         0.9991                       0.9992                0.0010                   0.0008  0.9991
2020-01-14 21:32:59,142 [INFO] Dataset: Training. Classification report below
2020-01-14 21:32:59,142 [INFO] 
              precision    recall  f1-score   support

         dos       1.00      1.00      1.00   3106695
     normal.       1.00      1.00      1.00    778225
       probe       0.99      0.96      0.98     32881
         r2l       0.80      0.04      0.07       901
         u2r       0.00      0.00      0.00        42

    accuracy                           1.00   3918744
   macro avg       0.76      0.60      0.61   3918744
weighted avg       1.00      1.00      1.00   3918744

2020-01-14 21:32:59,142 [INFO] Overall accuracy (micro avg): 0.9991762666813653
2020-01-14 21:35:13,637 [INFO] Average metrics for Training dataset below
   average type  avg accuracy  avg precision  avg detection rate (recall)  avg false alarm rate  avg false negative rate  avg f1
0     Micro avg        0.9992         0.9992                       0.9992                0.0002                   0.0008  0.9992
1     Macro avg        0.9997         0.7589                       0.5990                0.0004                   0.4010  0.6088
2  Weighted avg        0.9996         0.9991                       0.9992                0.0010                   0.0008  0.9991
2020-01-14 21:35:15,202 [INFO] Results saved to: results_additional_exps/train_time_kdd99_ae_ann_shallow_rep2/train_time_kdd99_ae_ann_shallow_rep2_results.xlsx
2020-01-14 21:35:15,261 [INFO] ================= Finished running experiment no. 2 ================= 

2020-01-14 21:35:15,672 [INFO] Created directory: results_additional_exps/train_time_kdd99_ae_ann_shallow_rep3
