2020-01-01 05:22:56,796 [INFO] Initialized logging. log_filename = results_additional_exps/ann_depth_ids18_subset_layers_9/run_log.log
2020-01-01 05:22:56,796 [INFO] ================= Running experiment no. 9  ================= 

2020-01-01 05:22:56,796 [INFO] Experiment parameters given below
2020-01-01 05:22:56,796 [INFO] 
{'experiment_num': 9, 'results_dir': 'results_additional_exps/ann_depth_ids18_subset_layers_9', 'model_type': 'classifier', 'model': 'ann', 'normal_label': 'BENIGN', 'training_data_feed': 'preload', 'scaling_type': 'NA', 'ann_layer_units': [700, 600, 500, 400, 256, 128, 64, 32, 16], 'ann_layer_activations': ['relu', 'relu', 'relu', 'relu', 'relu', 'relu', 'relu', 'relu', 'relu', 'relu'], 'ann_layer_dropout_rates': [0.2, 0.2, 0.2, 0.2, 0.2, 0.2, 0.2, 0.2, 0.2, 0.2], 'epochs': 200, 'early_stop_patience': 50, 'batch_size': 256, 'training_set': 'train_set_only', 'dataset_dir': '../Datasets/small_datasets/ids2018', 'description': 'ann_depth_ids18_subset_layers_9'}
2020-01-01 05:22:56,796 [INFO] Created tensorboard log directory: results_additional_exps/ann_depth_ids18_subset_layers_9/tf_logs_run_2020_01_01-05_22_56
2020-01-01 05:22:56,797 [INFO] Loading datsets from: ../Datasets/small_datasets/ids2018
2020-01-01 05:22:56,797 [INFO] Reading X, y files
2020-01-01 05:22:56,797 [INFO] Reading HDF dataset ../Datasets/small_datasets/ids2018/X_train.h5
2020-01-01 05:23:01,352 [INFO] Reading complete. time_to_read=4.56 seconds
2020-01-01 05:23:01,352 [INFO] Reading HDF dataset ../Datasets/small_datasets/ids2018/X_val.h5
2020-01-01 05:23:02,918 [INFO] Reading complete. time_to_read=1.57 seconds
2020-01-01 05:23:02,918 [INFO] Reading HDF dataset ../Datasets/small_datasets/ids2018/X_test.h5
2020-01-01 05:23:04,486 [INFO] Reading complete. time_to_read=1.57 seconds
2020-01-01 05:23:04,486 [INFO] Reading HDF dataset ../Datasets/small_datasets/ids2018/y_train.h5
2020-01-01 05:23:04,746 [INFO] Reading complete. time_to_read=0.26 seconds
2020-01-01 05:23:04,746 [INFO] Reading HDF dataset ../Datasets/small_datasets/ids2018/y_val.h5
2020-01-01 05:23:04,832 [INFO] Reading complete. time_to_read=0.09 seconds
2020-01-01 05:23:04,832 [INFO] Reading HDF dataset ../Datasets/small_datasets/ids2018/y_test.h5
2020-01-01 05:23:04,919 [INFO] Reading complete. time_to_read=0.09 seconds
2020-01-01 05:23:08,795 [INFO] Initializing model
2020-01-01 05:23:09,541 [INFO] _________________________________________________________________
2020-01-01 05:23:09,541 [INFO] Layer (type)                 Output Shape              Param #   
2020-01-01 05:23:09,541 [INFO] =================================================================
2020-01-01 05:23:09,542 [INFO] dense_45 (Dense)             (None, 700)               54600     
2020-01-01 05:23:09,542 [INFO] _________________________________________________________________
2020-01-01 05:23:09,542 [INFO] batch_normalization_37 (Batc (None, 700)               2800      
2020-01-01 05:23:09,542 [INFO] _________________________________________________________________
2020-01-01 05:23:09,542 [INFO] dropout_37 (Dropout)         (None, 700)               0         
2020-01-01 05:23:09,542 [INFO] _________________________________________________________________
2020-01-01 05:23:09,542 [INFO] dense_46 (Dense)             (None, 600)               420600    
2020-01-01 05:23:09,542 [INFO] _________________________________________________________________
2020-01-01 05:23:09,542 [INFO] batch_normalization_38 (Batc (None, 600)               2400      
2020-01-01 05:23:09,542 [INFO] _________________________________________________________________
2020-01-01 05:23:09,542 [INFO] dropout_38 (Dropout)         (None, 600)               0         
2020-01-01 05:23:09,542 [INFO] _________________________________________________________________
2020-01-01 05:23:09,542 [INFO] dense_47 (Dense)             (None, 500)               300500    
2020-01-01 05:23:09,542 [INFO] _________________________________________________________________
2020-01-01 05:23:09,542 [INFO] batch_normalization_39 (Batc (None, 500)               2000      
2020-01-01 05:23:09,542 [INFO] _________________________________________________________________
2020-01-01 05:23:09,543 [INFO] dropout_39 (Dropout)         (None, 500)               0         
2020-01-01 05:23:09,543 [INFO] _________________________________________________________________
2020-01-01 05:23:09,543 [INFO] dense_48 (Dense)             (None, 400)               200400    
2020-01-01 05:23:09,543 [INFO] _________________________________________________________________
2020-01-01 05:23:09,543 [INFO] batch_normalization_40 (Batc (None, 400)               1600      
2020-01-01 05:23:09,543 [INFO] _________________________________________________________________
2020-01-01 05:23:09,543 [INFO] dropout_40 (Dropout)         (None, 400)               0         
2020-01-01 05:23:09,543 [INFO] _________________________________________________________________
2020-01-01 05:23:09,543 [INFO] dense_49 (Dense)             (None, 256)               102656    
2020-01-01 05:23:09,543 [INFO] _________________________________________________________________
2020-01-01 05:23:09,543 [INFO] batch_normalization_41 (Batc (None, 256)               1024      
2020-01-01 05:23:09,543 [INFO] _________________________________________________________________
2020-01-01 05:23:09,543 [INFO] dropout_41 (Dropout)         (None, 256)               0         
2020-01-01 05:23:09,543 [INFO] _________________________________________________________________
2020-01-01 05:23:09,543 [INFO] dense_50 (Dense)             (None, 128)               32896     
2020-01-01 05:23:09,543 [INFO] _________________________________________________________________
2020-01-01 05:23:09,543 [INFO] batch_normalization_42 (Batc (None, 128)               512       
2020-01-01 05:23:09,543 [INFO] _________________________________________________________________
2020-01-01 05:23:09,544 [INFO] dropout_42 (Dropout)         (None, 128)               0         
2020-01-01 05:23:09,544 [INFO] _________________________________________________________________
2020-01-01 05:23:09,544 [INFO] dense_51 (Dense)             (None, 64)                8256      
2020-01-01 05:23:09,544 [INFO] _________________________________________________________________
2020-01-01 05:23:09,544 [INFO] batch_normalization_43 (Batc (None, 64)                256       
2020-01-01 05:23:09,544 [INFO] _________________________________________________________________
2020-01-01 05:23:09,544 [INFO] dropout_43 (Dropout)         (None, 64)                0         
2020-01-01 05:23:09,544 [INFO] _________________________________________________________________
2020-01-01 05:23:09,544 [INFO] dense_52 (Dense)             (None, 32)                2080      
2020-01-01 05:23:09,544 [INFO] _________________________________________________________________
2020-01-01 05:23:09,544 [INFO] batch_normalization_44 (Batc (None, 32)                128       
2020-01-01 05:23:09,544 [INFO] _________________________________________________________________
2020-01-01 05:23:09,544 [INFO] dropout_44 (Dropout)         (None, 32)                0         
2020-01-01 05:23:09,544 [INFO] _________________________________________________________________
2020-01-01 05:23:09,544 [INFO] dense_53 (Dense)             (None, 16)                528       
2020-01-01 05:23:09,544 [INFO] _________________________________________________________________
2020-01-01 05:23:09,544 [INFO] batch_normalization_45 (Batc (None, 16)                64        
2020-01-01 05:23:09,545 [INFO] _________________________________________________________________
2020-01-01 05:23:09,545 [INFO] dropout_45 (Dropout)         (None, 16)                0         
2020-01-01 05:23:09,545 [INFO] _________________________________________________________________
2020-01-01 05:23:09,545 [INFO] dense_54 (Dense)             (None, 15)                255       
2020-01-01 05:23:09,545 [INFO] =================================================================
2020-01-01 05:23:09,545 [INFO] Total params: 1,133,555
2020-01-01 05:23:09,545 [INFO] Trainable params: 1,128,163
2020-01-01 05:23:09,545 [INFO] Non-trainable params: 5,392
2020-01-01 05:23:09,545 [INFO] _________________________________________________________________
2020-01-01 05:23:09,545 [INFO] Training model
2020-01-01 07:03:10,425 [INFO] epoch = 20. Intermediate model saved to results_additional_exps/ann_depth_ids18_subset_layers_9/ann_model_epoch_20.pickle
2020-01-01 08:39:05,254 [INFO] epoch = 40. Intermediate model saved to results_additional_exps/ann_depth_ids18_subset_layers_9/ann_model_epoch_40.pickle
2020-01-01 10:15:01,552 [INFO] epoch = 60. Intermediate model saved to results_additional_exps/ann_depth_ids18_subset_layers_9/ann_model_epoch_60.pickle
2020-01-01 11:50:54,914 [INFO] epoch = 80. Intermediate model saved to results_additional_exps/ann_depth_ids18_subset_layers_9/ann_model_epoch_80.pickle
2020-01-01 13:26:48,680 [INFO] epoch = 100. Intermediate model saved to results_additional_exps/ann_depth_ids18_subset_layers_9/ann_model_epoch_100.pickle
2020-01-01 15:02:47,301 [INFO] epoch = 120. Intermediate model saved to results_additional_exps/ann_depth_ids18_subset_layers_9/ann_model_epoch_120.pickle
2020-01-01 16:38:43,145 [INFO] epoch = 140. Intermediate model saved to results_additional_exps/ann_depth_ids18_subset_layers_9/ann_model_epoch_140.pickle
2020-01-01 18:14:39,880 [INFO] epoch = 160. Intermediate model saved to results_additional_exps/ann_depth_ids18_subset_layers_9/ann_model_epoch_160.pickle
2020-01-01 19:50:35,102 [INFO] epoch = 180. Intermediate model saved to results_additional_exps/ann_depth_ids18_subset_layers_9/ann_model_epoch_180.pickle
2020-01-01 21:22:38,481 [INFO] WeightRestorer::on_train_end(): restoring best weights
2020-01-01 21:26:23,475 [INFO] Last epoch loss evaluation: train_loss = 0.007336, val_loss = 0.007417
2020-01-01 21:26:23,475 [INFO] Training complete. time_to_train = 57793.93 sec, 963.23 min
2020-01-01 21:26:23,502 [INFO] Model saved to results_additional_exps/ann_depth_ids18_subset_layers_9/best_model.pickle
2020-01-01 21:26:23,505 [INFO] Training history saved to: results_additional_exps/ann_depth_ids18_subset_layers_9/training_error_history.csv
2020-01-01 21:26:23,650 [INFO] Plot saved to: results_additional_exps/ann_depth_ids18_subset_layers_9/training_error_history.png
2020-01-01 21:26:23,779 [INFO] Plot saved to: results_additional_exps/ann_depth_ids18_subset_layers_9/training_f1_history.png
2020-01-01 21:26:23,779 [INFO] Making predictions on training, validation, testing data
2020-01-01 21:30:45,021 [INFO] Evaluating predictions (results)
2020-01-01 21:30:57,267 [INFO] Dataset: Testing. Classification report below
2020-01-01 21:30:57,267 [INFO] 
                          precision    recall  f1-score   support

                  Benign       0.99      1.00      0.99    535650
                     Bot       1.00      1.00      1.00     11465
        Brute Force -Web       0.89      0.33      0.48        24
        Brute Force -XSS       1.00      0.33      0.50         9
        DDOS attack-HOIC       1.00      1.00      1.00     27447
    DDOS attack-LOIC-UDP       0.53      0.42      0.47        67
  DDoS attacks-LOIC-HTTP       0.99      1.00      0.99     23010
   DoS attacks-GoldenEye       0.99      1.00      1.00      1651
        DoS attacks-Hulk       1.00      1.00      1.00     18478
DoS attacks-SlowHTTPTest       0.76      0.50      0.60      5596
   DoS attacks-Slowloris       0.96      1.00      0.98       440
          FTP-BruteForce       0.71      0.89      0.79      7718
           Infilteration       0.52      0.01      0.02      6404
           SQL Injection       0.00      0.00      0.00         4
          SSH-Bruteforce       1.00      1.00      1.00      7525

               micro avg       0.98      0.98      0.98    645488
               macro avg       0.82      0.70      0.72    645488
            weighted avg       0.98      0.98      0.98    645488

2020-01-01 21:30:57,267 [INFO] Overall accuracy (micro avg): 0.9839067496219914
2020-01-01 21:31:11,161 [INFO] Average metrics for Testing dataset below
   average type  avg accuracy  avg precision  avg detection rate (recall)  avg false alarm rate  avg false negative rate  avg f1
0     Micro avg        0.9839         0.9839                       0.9839                0.0011                   0.0161  0.9839
1     Macro avg        0.9979         0.8230                       0.6982                0.0043                   0.3018  0.7218
2  Weighted avg        0.9913         0.9795                       0.9839                0.0487                   0.0161  0.9789
2020-01-01 21:31:23,344 [INFO] Dataset: Validation. Classification report below
2020-01-01 21:31:23,344 [INFO] 
                          precision    recall  f1-score   support

                  Benign       0.99      1.00      0.99    535650
                     Bot       1.00      1.00      1.00     11465
        Brute Force -Web       0.86      0.48      0.62        25
        Brute Force -XSS       1.00      0.67      0.80         9
        DDOS attack-HOIC       1.00      1.00      1.00     27447
    DDOS attack-LOIC-UDP       0.65      0.51      0.57        68
  DDoS attacks-LOIC-HTTP       0.99      1.00      1.00     23009
   DoS attacks-GoldenEye       1.00      1.00      1.00      1651
        DoS attacks-Hulk       1.00      1.00      1.00     18478
DoS attacks-SlowHTTPTest       0.77      0.49      0.60      5596
   DoS attacks-Slowloris       0.95      0.99      0.97       439
          FTP-BruteForce       0.71      0.90      0.79      7718
           Infilteration       0.54      0.01      0.03      6403
           SQL Injection       0.00      0.00      0.00         4
          SSH-Bruteforce       1.00      1.00      1.00      7525

               micro avg       0.98      0.98      0.98    645487
               macro avg       0.83      0.74      0.76    645487
            weighted avg       0.98      0.98      0.98    645487

2020-01-01 21:31:23,344 [INFO] Overall accuracy (micro avg): 0.9840167191593324
2020-01-01 21:31:37,191 [INFO] Average metrics for Validation dataset below
   average type  avg accuracy  avg precision  avg detection rate (recall)  avg false alarm rate  avg false negative rate  avg f1
0     Micro avg        0.9840         0.9840                       0.9840                0.0011                   0.0160  0.9840
1     Macro avg        0.9979         0.8303                       0.7367                0.0043                   0.2633  0.7578
2  Weighted avg        0.9913         0.9798                       0.9840                0.0486                   0.0160  0.9790
2020-01-01 21:32:17,104 [INFO] Dataset: Training. Classification report below
2020-01-01 21:32:17,105 [INFO] 
                          precision    recall  f1-score   support

                  Benign       0.99      1.00      0.99   1606949
                     Bot       1.00      1.00      1.00     34396
        Brute Force -Web       0.79      0.37      0.50        73
        Brute Force -XSS       1.00      0.50      0.67        26
        DDOS attack-HOIC       1.00      1.00      1.00     82341
    DDOS attack-LOIC-UDP       0.61      0.45      0.52       203
  DDoS attacks-LOIC-HTTP       0.99      1.00      1.00     69029
   DoS attacks-GoldenEye       1.00      1.00      1.00      4954
        DoS attacks-Hulk       1.00      1.00      1.00     55435
DoS attacks-SlowHTTPTest       0.77      0.49      0.60     16787
   DoS attacks-Slowloris       0.97      1.00      0.98      1318
          FTP-BruteForce       0.71      0.89      0.79     23153
           Infilteration       0.59      0.02      0.03     19210
           SQL Injection       0.00      0.00      0.00        12
          SSH-Bruteforce       1.00      1.00      1.00     22576

               micro avg       0.98      0.98      0.98   1936462
               macro avg       0.83      0.71      0.74   1936462
            weighted avg       0.98      0.98      0.98   1936462

2020-01-01 21:32:17,105 [INFO] Overall accuracy (micro avg): 0.9840198258473443
2020-01-01 21:33:02,406 [INFO] Average metrics for Training dataset below
   average type  avg accuracy  avg precision  avg detection rate (recall)  avg false alarm rate  avg false negative rate  avg f1
0     Micro avg        0.9840         0.9840                       0.9840                0.0011                   0.0160  0.9840
1     Macro avg        0.9979         0.8274                       0.7147                0.0043                   0.2853  0.7388
2  Weighted avg        0.9913         0.9804                       0.9840                0.0484                   0.0160  0.9791
2020-01-01 21:33:02,433 [INFO] Results saved to: results_additional_exps/ann_depth_ids18_subset_layers_9/ann_depth_ids18_subset_layers_9_results.xlsx
2020-01-01 21:33:02,438 [INFO] ================= Finished running experiment no. 9 ================= 

2020-01-01 21:33:02,518 [INFO] Created directory: results_additional_exps/ann_depth_ids18_subset_layers_10
