2020-01-04 19:37:28,006 [INFO] Initialized logging. log_filename = results_additional_exps/ann_depth_nsl_layers_21/run_log.log
2020-01-04 19:37:28,006 [INFO] ================= Running experiment no. 11  ================= 

2020-01-04 19:37:28,006 [INFO] Experiment parameters given below
2020-01-04 19:37:28,006 [INFO] 
{'experiment_num': 11, 'results_dir': 'results_additional_exps/ann_depth_nsl_layers_21', 'model_type': 'classifier', 'model': 'ann', 'normal_label': 'normal', 'training_data_feed': 'preload', 'scaling_type': 'NA', 'ann_layer_units': [1000, 500, 200], 'ann_layer_activations': ['relu', 'relu', 'relu', 'relu', 'relu', 'relu', 'relu', 'relu', 'relu', 'relu', 'relu', 'relu', 'relu', 'relu', 'relu', 'relu', 'relu', 'relu', 'relu', 'relu'], 'ann_layer_dropout_rates': [0.2, 0.2, 0.2, 0.2, 0.2, 0.2, 0.2, 0.2, 0.2, 0.2, 0.2, 0.2, 0.2, 0.2, 0.2, 0.2, 0.2, 0.2, 0.2, 0.2], 'epochs': 200, 'early_stop_patience': 50, 'batch_size': 256, 'training_set': 'train_set_only', 'dataset_dir': '../Datasets/small_datasets/nsl_kdd_five_classes', 'description': 'ann_depth_nsl_layers_21'}
2020-01-04 19:37:28,007 [INFO] Created tensorboard log directory: results_additional_exps/ann_depth_nsl_layers_21/tf_logs_run_2020_01_04-19_37_28
2020-01-04 19:37:28,007 [INFO] Loading datsets from: ../Datasets/small_datasets/nsl_kdd_five_classes
2020-01-04 19:37:28,009 [INFO] Reading X, y files
2020-01-04 19:37:28,009 [INFO] Reading HDF dataset ../Datasets/small_datasets/nsl_kdd_five_classes/X_train.h5
2020-01-04 19:37:28,018 [INFO] NumExpr defaulting to 8 threads.
2020-01-04 19:37:28,289 [INFO] Reading complete. time_to_read=0.28 seconds
2020-01-04 19:37:28,289 [INFO] Reading HDF dataset ../Datasets/small_datasets/nsl_kdd_five_classes/X_val.h5
2020-01-04 19:37:28,370 [INFO] Reading complete. time_to_read=0.08 seconds
2020-01-04 19:37:28,370 [INFO] Reading HDF dataset ../Datasets/small_datasets/nsl_kdd_five_classes/X_test.h5
2020-01-04 19:37:28,446 [INFO] Reading complete. time_to_read=0.08 seconds
2020-01-04 19:37:28,446 [INFO] Reading HDF dataset ../Datasets/small_datasets/nsl_kdd_five_classes/y_train.h5
2020-01-04 19:37:28,461 [INFO] Reading complete. time_to_read=0.01 seconds
2020-01-04 19:37:28,461 [INFO] Reading HDF dataset ../Datasets/small_datasets/nsl_kdd_five_classes/y_val.h5
2020-01-04 19:37:28,472 [INFO] Reading complete. time_to_read=0.01 seconds
2020-01-04 19:37:28,472 [INFO] Reading HDF dataset ../Datasets/small_datasets/nsl_kdd_five_classes/y_test.h5
2020-01-04 19:37:28,483 [INFO] Reading complete. time_to_read=0.01 seconds
2020-01-04 19:37:28,602 [INFO] Initializing model
2020-01-04 19:37:28,617 [WARNING] From /home/sunanda/anaconda3/envs/ml_env_cpu/lib/python3.7/site-packages/tensorflow/python/framework/op_def_library.py:263: colocate_with (from tensorflow.python.framework.ops) is deprecated and will be removed in a future version.
Instructions for updating:
Colocations handled automatically by placer.
2020-01-04 19:37:28,691 [WARNING] From /home/sunanda/anaconda3/envs/ml_env_cpu/lib/python3.7/site-packages/keras/backend/tensorflow_backend.py:3445: calling dropout (from tensorflow.python.ops.nn_ops) with keep_prob is deprecated and will be removed in a future version.
Instructions for updating:
Please use `rate` instead of `keep_prob`. Rate should be set to `rate = 1 - keep_prob`.
2020-01-04 19:37:28,901 [INFO] _________________________________________________________________
2020-01-04 19:37:28,901 [INFO] Layer (type)                 Output Shape              Param #   
2020-01-04 19:37:28,901 [INFO] =================================================================
2020-01-04 19:37:28,901 [INFO] dense_1 (Dense)              (None, 1000)              123000    
2020-01-04 19:37:28,901 [INFO] _________________________________________________________________
2020-01-04 19:37:28,901 [INFO] batch_normalization_1 (Batch (None, 1000)              4000      
2020-01-04 19:37:28,901 [INFO] _________________________________________________________________
2020-01-04 19:37:28,901 [INFO] dropout_1 (Dropout)          (None, 1000)              0         
2020-01-04 19:37:28,901 [INFO] _________________________________________________________________
2020-01-04 19:37:28,901 [INFO] dense_2 (Dense)              (None, 500)               500500    
2020-01-04 19:37:28,901 [INFO] _________________________________________________________________
2020-01-04 19:37:28,902 [INFO] batch_normalization_2 (Batch (None, 500)               2000      
2020-01-04 19:37:28,902 [INFO] _________________________________________________________________
2020-01-04 19:37:28,902 [INFO] dropout_2 (Dropout)          (None, 500)               0         
2020-01-04 19:37:28,902 [INFO] _________________________________________________________________
2020-01-04 19:37:28,902 [INFO] dense_3 (Dense)              (None, 200)               100200    
2020-01-04 19:37:28,902 [INFO] _________________________________________________________________
2020-01-04 19:37:28,902 [INFO] batch_normalization_3 (Batch (None, 200)               800       
2020-01-04 19:37:28,902 [INFO] _________________________________________________________________
2020-01-04 19:37:28,902 [INFO] dropout_3 (Dropout)          (None, 200)               0         
2020-01-04 19:37:28,902 [INFO] _________________________________________________________________
2020-01-04 19:37:28,902 [INFO] dense_4 (Dense)              (None, 5)                 1005      
2020-01-04 19:37:28,902 [INFO] =================================================================
2020-01-04 19:37:28,903 [INFO] Total params: 731,505
2020-01-04 19:37:28,903 [INFO] Trainable params: 728,105
2020-01-04 19:37:28,903 [INFO] Non-trainable params: 3,400
2020-01-04 19:37:28,903 [INFO] _________________________________________________________________
2020-01-04 19:37:28,903 [INFO] Training model
2020-01-04 19:37:29,320 [WARNING] From /home/sunanda/anaconda3/envs/ml_env_cpu/lib/python3.7/site-packages/tensorflow/python/ops/math_ops.py:3066: to_int32 (from tensorflow.python.ops.math_ops) is deprecated and will be removed in a future version.
Instructions for updating:
Use tf.cast instead.
2020-01-04 19:41:49,736 [INFO] epoch = 20. Intermediate model saved to results_additional_exps/ann_depth_nsl_layers_21/ann_model_epoch_20.pickle
2020-01-04 19:45:56,162 [INFO] epoch = 40. Intermediate model saved to results_additional_exps/ann_depth_nsl_layers_21/ann_model_epoch_40.pickle
2020-01-04 19:50:02,700 [INFO] epoch = 60. Intermediate model saved to results_additional_exps/ann_depth_nsl_layers_21/ann_model_epoch_60.pickle
2020-01-04 19:54:09,475 [INFO] epoch = 80. Intermediate model saved to results_additional_exps/ann_depth_nsl_layers_21/ann_model_epoch_80.pickle
2020-01-04 19:58:16,262 [INFO] epoch = 100. Intermediate model saved to results_additional_exps/ann_depth_nsl_layers_21/ann_model_epoch_100.pickle
2020-01-04 20:02:22,728 [INFO] epoch = 120. Intermediate model saved to results_additional_exps/ann_depth_nsl_layers_21/ann_model_epoch_120.pickle
2020-01-04 20:06:29,172 [INFO] epoch = 140. Intermediate model saved to results_additional_exps/ann_depth_nsl_layers_21/ann_model_epoch_140.pickle
2020-01-04 20:10:35,979 [INFO] epoch = 160. Intermediate model saved to results_additional_exps/ann_depth_nsl_layers_21/ann_model_epoch_160.pickle
2020-01-04 20:14:42,849 [INFO] epoch = 180. Intermediate model saved to results_additional_exps/ann_depth_nsl_layers_21/ann_model_epoch_180.pickle
2020-01-04 20:16:10,485 [INFO] WeightRestorer::on_train_end(): restoring best weights
2020-01-04 20:16:17,878 [INFO] Last epoch loss evaluation: train_loss = 0.001502, val_loss = 0.003481
2020-01-04 20:16:17,878 [INFO] Training complete. time_to_train = 2328.97 sec, 38.82 min
2020-01-04 20:16:17,895 [INFO] Model saved to results_additional_exps/ann_depth_nsl_layers_21/best_model.pickle
2020-01-04 20:16:17,898 [INFO] Training history saved to: results_additional_exps/ann_depth_nsl_layers_21/training_error_history.csv
2020-01-04 20:16:18,088 [INFO] Plot saved to: results_additional_exps/ann_depth_nsl_layers_21/training_error_history.png
2020-01-04 20:16:18,273 [INFO] Plot saved to: results_additional_exps/ann_depth_nsl_layers_21/training_f1_history.png
2020-01-04 20:16:18,273 [INFO] Making predictions on training, validation, testing data
2020-01-04 20:16:26,394 [INFO] Evaluating predictions (results)
2020-01-04 20:16:27,057 [INFO] Dataset: Testing. Classification report below
2020-01-04 20:16:27,057 [INFO] 
              precision    recall  f1-score   support

         dos       0.96      0.83      0.89      7458
      normal       0.69      0.93      0.79      9711
       probe       0.69      0.68      0.69      2421
         r2l       0.36      0.08      0.13      2421
         u2r       0.43      0.05      0.09       533

    accuracy                           0.76     22544
   macro avg       0.63      0.51      0.52     22544
weighted avg       0.74      0.76      0.72     22544

2020-01-04 20:16:27,057 [INFO] Overall accuracy (micro avg): 0.7565205819730305
2020-01-04 20:16:27,655 [INFO] Average metrics for Testing dataset below
   average type  avg accuracy  avg precision  avg detection rate (recall)  avg false alarm rate  avg false negative rate  avg f1
0     Micro avg        0.7565         0.7565                       0.7565                0.0609                   0.2435  0.7565
1     Macro avg        0.9026         0.6263                       0.5139                0.0786                   0.4861  0.5180
2  Weighted avg        0.8653         0.7371                       0.7565                0.1496                   0.2435  0.7243
2020-01-04 20:16:28,323 [INFO] Dataset: Validation. Classification report below
2020-01-04 20:16:28,323 [INFO] 
              precision    recall  f1-score   support

         dos       1.00      1.00      1.00      9186
      normal       1.00      1.00      1.00     13469
       probe       0.99      0.99      0.99      2331
         r2l       0.97      0.91      0.94       199
         u2r       0.71      0.50      0.59        10

    accuracy                           1.00     25195
   macro avg       0.93      0.88      0.90     25195
weighted avg       1.00      1.00      1.00     25195

2020-01-04 20:16:28,323 [INFO] Overall accuracy (micro avg): 0.9973407422107561
2020-01-04 20:16:28,994 [INFO] Average metrics for Validation dataset below
   average type  avg accuracy  avg precision  avg detection rate (recall)  avg false alarm rate  avg false negative rate  avg f1
0     Micro avg        0.9973         0.9973                       0.9973                0.0007                   0.0027  0.9973
1     Macro avg        0.9989         0.9346                       0.8814                0.0009                   0.1186  0.9041
2  Weighted avg        0.9983         0.9973                       0.9973                0.0019                   0.0027  0.9973
2020-01-04 20:16:31,837 [INFO] Dataset: Training. Classification report below
2020-01-04 20:16:31,841 [INFO] 
              precision    recall  f1-score   support

         dos       1.00      1.00      1.00     36741
      normal       1.00      1.00      1.00     53874
       probe       1.00      1.00      1.00      9325
         r2l       0.97      0.94      0.96       796
         u2r       0.92      0.81      0.86        42

    accuracy                           1.00    100778
   macro avg       0.98      0.95      0.96    100778
weighted avg       1.00      1.00      1.00    100778

2020-01-04 20:16:31,841 [INFO] Overall accuracy (micro avg): 0.9985016571077021
2020-01-04 20:16:34,889 [INFO] Average metrics for Training dataset below
   average type  avg accuracy  avg precision  avg detection rate (recall)  avg false alarm rate  avg false negative rate  avg f1
0     Micro avg        0.9985         0.9985                       0.9985                0.0004                   0.0015  0.9985
1     Macro avg        0.9994         0.9777                       0.9495                0.0005                   0.0505  0.9629
2  Weighted avg        0.9991         0.9985                       0.9985                0.0012                   0.0015  0.9985
2020-01-04 20:16:34,938 [INFO] Results saved to: results_additional_exps/ann_depth_nsl_layers_21/ann_depth_nsl_layers_21_results.xlsx
2020-01-04 20:16:34,938 [INFO] ================= Finished running experiment no. 11 ================= 

2020-01-04 20:16:34,939 [INFO] Created directory: results_additional_exps/ann_depth_nsl_layers_22
