2020-01-09 03:47:18,673 [INFO] Initialized logging. log_filename = results_additional_exps/ann_depth_ids18_subset_layers_9/run_log.log
2020-01-09 03:47:18,673 [INFO] ================= Running experiment no. 9  ================= 

2020-01-09 03:47:18,673 [INFO] Experiment parameters given below
2020-01-09 03:47:18,673 [INFO] 
{'experiment_num': 9, 'results_dir': 'results_additional_exps/ann_depth_ids18_subset_layers_9', 'model_type': 'classifier', 'model': 'ann', 'normal_label': 'BENIGN', 'training_data_feed': 'preload', 'scaling_type': 'NA', 'ann_layer_units': [64, 64, 64, 64, 64, 64, 64, 64, 64], 'ann_layer_activations': ['relu', 'relu', 'relu', 'relu', 'relu', 'relu', 'relu', 'relu', 'relu', 'relu'], 'ann_layer_dropout_rates': [0.2, 0.2, 0.2, 0.2, 0.2, 0.2, 0.2, 0.2, 0.2, 0.2], 'epochs': 200, 'early_stop_patience': 50, 'batch_size': 256, 'training_set': 'train_set_only', 'dataset_dir': '../Datasets/small_datasets/ids2018', 'description': 'ann_depth_ids18_subset_layers_9'}
2020-01-09 03:47:18,673 [INFO] Created tensorboard log directory: results_additional_exps/ann_depth_ids18_subset_layers_9/tf_logs_run_2020_01_09-03_47_18
2020-01-09 03:47:18,673 [INFO] Loading datsets from: ../Datasets/small_datasets/ids2018
2020-01-09 03:47:18,673 [INFO] Reading X, y files
2020-01-09 03:47:18,673 [INFO] Reading HDF dataset ../Datasets/small_datasets/ids2018/X_train.h5
2020-01-09 03:47:23,113 [INFO] Reading complete. time_to_read=4.44 seconds
2020-01-09 03:47:23,113 [INFO] Reading HDF dataset ../Datasets/small_datasets/ids2018/X_val.h5
2020-01-09 03:47:24,656 [INFO] Reading complete. time_to_read=1.54 seconds
2020-01-09 03:47:24,657 [INFO] Reading HDF dataset ../Datasets/small_datasets/ids2018/X_test.h5
2020-01-09 03:47:26,198 [INFO] Reading complete. time_to_read=1.54 seconds
2020-01-09 03:47:26,198 [INFO] Reading HDF dataset ../Datasets/small_datasets/ids2018/y_train.h5
2020-01-09 03:47:26,466 [INFO] Reading complete. time_to_read=0.27 seconds
2020-01-09 03:47:26,467 [INFO] Reading HDF dataset ../Datasets/small_datasets/ids2018/y_val.h5
2020-01-09 03:47:26,552 [INFO] Reading complete. time_to_read=0.09 seconds
2020-01-09 03:47:26,552 [INFO] Reading HDF dataset ../Datasets/small_datasets/ids2018/y_test.h5
2020-01-09 03:47:26,638 [INFO] Reading complete. time_to_read=0.09 seconds
2020-01-09 03:47:30,531 [INFO] Initializing model
2020-01-09 03:47:31,247 [INFO] _________________________________________________________________
2020-01-09 03:47:31,247 [INFO] Layer (type)                 Output Shape              Param #   
2020-01-09 03:47:31,247 [INFO] =================================================================
2020-01-09 03:47:31,247 [INFO] dense_25 (Dense)             (None, 64)                4992      
2020-01-09 03:47:31,247 [INFO] _________________________________________________________________
2020-01-09 03:47:31,247 [INFO] batch_normalization_22 (Batc (None, 64)                256       
2020-01-09 03:47:31,247 [INFO] _________________________________________________________________
2020-01-09 03:47:31,247 [INFO] dropout_22 (Dropout)         (None, 64)                0         
2020-01-09 03:47:31,247 [INFO] _________________________________________________________________
2020-01-09 03:47:31,248 [INFO] dense_26 (Dense)             (None, 64)                4160      
2020-01-09 03:47:31,248 [INFO] _________________________________________________________________
2020-01-09 03:47:31,248 [INFO] batch_normalization_23 (Batc (None, 64)                256       
2020-01-09 03:47:31,248 [INFO] _________________________________________________________________
2020-01-09 03:47:31,248 [INFO] dropout_23 (Dropout)         (None, 64)                0         
2020-01-09 03:47:31,248 [INFO] _________________________________________________________________
2020-01-09 03:47:31,248 [INFO] dense_27 (Dense)             (None, 64)                4160      
2020-01-09 03:47:31,248 [INFO] _________________________________________________________________
2020-01-09 03:47:31,248 [INFO] batch_normalization_24 (Batc (None, 64)                256       
2020-01-09 03:47:31,248 [INFO] _________________________________________________________________
2020-01-09 03:47:31,248 [INFO] dropout_24 (Dropout)         (None, 64)                0         
2020-01-09 03:47:31,248 [INFO] _________________________________________________________________
2020-01-09 03:47:31,248 [INFO] dense_28 (Dense)             (None, 64)                4160      
2020-01-09 03:47:31,248 [INFO] _________________________________________________________________
2020-01-09 03:47:31,248 [INFO] batch_normalization_25 (Batc (None, 64)                256       
2020-01-09 03:47:31,248 [INFO] _________________________________________________________________
2020-01-09 03:47:31,248 [INFO] dropout_25 (Dropout)         (None, 64)                0         
2020-01-09 03:47:31,248 [INFO] _________________________________________________________________
2020-01-09 03:47:31,249 [INFO] dense_29 (Dense)             (None, 64)                4160      
2020-01-09 03:47:31,249 [INFO] _________________________________________________________________
2020-01-09 03:47:31,249 [INFO] batch_normalization_26 (Batc (None, 64)                256       
2020-01-09 03:47:31,249 [INFO] _________________________________________________________________
2020-01-09 03:47:31,249 [INFO] dropout_26 (Dropout)         (None, 64)                0         
2020-01-09 03:47:31,249 [INFO] _________________________________________________________________
2020-01-09 03:47:31,249 [INFO] dense_30 (Dense)             (None, 64)                4160      
2020-01-09 03:47:31,249 [INFO] _________________________________________________________________
2020-01-09 03:47:31,249 [INFO] batch_normalization_27 (Batc (None, 64)                256       
2020-01-09 03:47:31,249 [INFO] _________________________________________________________________
2020-01-09 03:47:31,249 [INFO] dropout_27 (Dropout)         (None, 64)                0         
2020-01-09 03:47:31,249 [INFO] _________________________________________________________________
2020-01-09 03:47:31,249 [INFO] dense_31 (Dense)             (None, 64)                4160      
2020-01-09 03:47:31,249 [INFO] _________________________________________________________________
2020-01-09 03:47:31,249 [INFO] batch_normalization_28 (Batc (None, 64)                256       
2020-01-09 03:47:31,249 [INFO] _________________________________________________________________
2020-01-09 03:47:31,249 [INFO] dropout_28 (Dropout)         (None, 64)                0         
2020-01-09 03:47:31,249 [INFO] _________________________________________________________________
2020-01-09 03:47:31,250 [INFO] dense_32 (Dense)             (None, 64)                4160      
2020-01-09 03:47:31,250 [INFO] _________________________________________________________________
2020-01-09 03:47:31,250 [INFO] batch_normalization_29 (Batc (None, 64)                256       
2020-01-09 03:47:31,250 [INFO] _________________________________________________________________
2020-01-09 03:47:31,250 [INFO] dropout_29 (Dropout)         (None, 64)                0         
2020-01-09 03:47:31,250 [INFO] _________________________________________________________________
2020-01-09 03:47:31,250 [INFO] dense_33 (Dense)             (None, 64)                4160      
2020-01-09 03:47:31,250 [INFO] _________________________________________________________________
2020-01-09 03:47:31,250 [INFO] batch_normalization_30 (Batc (None, 64)                256       
2020-01-09 03:47:31,250 [INFO] _________________________________________________________________
2020-01-09 03:47:31,250 [INFO] dropout_30 (Dropout)         (None, 64)                0         
2020-01-09 03:47:31,250 [INFO] _________________________________________________________________
2020-01-09 03:47:31,250 [INFO] dense_34 (Dense)             (None, 15)                975       
2020-01-09 03:47:31,250 [INFO] =================================================================
2020-01-09 03:47:31,251 [INFO] Total params: 41,551
2020-01-09 03:47:31,251 [INFO] Trainable params: 40,399
2020-01-09 03:47:31,251 [INFO] Non-trainable params: 1,152
2020-01-09 03:47:31,251 [INFO] _________________________________________________________________
2020-01-09 03:47:31,251 [INFO] Training model
2020-01-09 04:17:00,301 [INFO] epoch = 20. Intermediate model saved to results_additional_exps/ann_depth_ids18_subset_layers_9/ann_model_epoch_20.pickle
2020-01-09 04:45:12,698 [INFO] epoch = 40. Intermediate model saved to results_additional_exps/ann_depth_ids18_subset_layers_9/ann_model_epoch_40.pickle
2020-01-09 05:13:23,165 [INFO] epoch = 60. Intermediate model saved to results_additional_exps/ann_depth_ids18_subset_layers_9/ann_model_epoch_60.pickle
2020-01-09 05:41:35,591 [INFO] epoch = 80. Intermediate model saved to results_additional_exps/ann_depth_ids18_subset_layers_9/ann_model_epoch_80.pickle
2020-01-09 06:09:46,721 [INFO] epoch = 100. Intermediate model saved to results_additional_exps/ann_depth_ids18_subset_layers_9/ann_model_epoch_100.pickle
2020-01-09 06:37:58,562 [INFO] epoch = 120. Intermediate model saved to results_additional_exps/ann_depth_ids18_subset_layers_9/ann_model_epoch_120.pickle
2020-01-09 07:06:13,835 [INFO] epoch = 140. Intermediate model saved to results_additional_exps/ann_depth_ids18_subset_layers_9/ann_model_epoch_140.pickle
2020-01-09 07:34:26,261 [INFO] epoch = 160. Intermediate model saved to results_additional_exps/ann_depth_ids18_subset_layers_9/ann_model_epoch_160.pickle
2020-01-09 08:02:36,155 [INFO] epoch = 180. Intermediate model saved to results_additional_exps/ann_depth_ids18_subset_layers_9/ann_model_epoch_180.pickle
2020-01-09 08:29:41,210 [INFO] WeightRestorer::on_train_end(): restoring best weights
2020-01-09 08:31:01,290 [INFO] Last epoch loss evaluation: train_loss = 0.007692, val_loss = 0.007695
2020-01-09 08:31:01,290 [INFO] Training complete. time_to_train = 17010.04 sec, 283.50 min
2020-01-09 08:31:01,305 [INFO] Model saved to results_additional_exps/ann_depth_ids18_subset_layers_9/best_model.pickle
2020-01-09 08:31:01,308 [INFO] Training history saved to: results_additional_exps/ann_depth_ids18_subset_layers_9/training_error_history.csv
2020-01-09 08:31:01,442 [INFO] Plot saved to: results_additional_exps/ann_depth_ids18_subset_layers_9/training_error_history.png
2020-01-09 08:31:01,576 [INFO] Plot saved to: results_additional_exps/ann_depth_ids18_subset_layers_9/training_f1_history.png
2020-01-09 08:31:01,576 [INFO] Making predictions on training, validation, testing data
2020-01-09 08:32:30,136 [INFO] Evaluating predictions (results)
2020-01-09 08:32:42,439 [INFO] Dataset: Testing. Classification report below
2020-01-09 08:32:42,439 [INFO] 
                          precision    recall  f1-score   support

                  Benign       0.99      1.00      0.99    535650
                     Bot       1.00      1.00      1.00     11465
        Brute Force -Web       0.00      0.00      0.00        24
        Brute Force -XSS       0.50      0.33      0.40         9
        DDOS attack-HOIC       1.00      1.00      1.00     27447
    DDOS attack-LOIC-UDP       0.67      1.00      0.80        67
  DDoS attacks-LOIC-HTTP       0.99      0.99      0.99     23010
   DoS attacks-GoldenEye       0.99      1.00      1.00      1651
        DoS attacks-Hulk       1.00      1.00      1.00     18478
DoS attacks-SlowHTTPTest       0.76      0.43      0.55      5596
   DoS attacks-Slowloris       0.95      0.99      0.97       440
          FTP-BruteForce       0.68      0.90      0.78      7718
           Infilteration       0.00      0.00      0.00      6404
           SQL Injection       0.00      0.00      0.00         4
          SSH-Bruteforce       1.00      1.00      1.00      7525

               micro avg       0.98      0.98      0.98    645488
               macro avg       0.70      0.71      0.70    645488
            weighted avg       0.97      0.98      0.98    645488

2020-01-09 08:32:42,439 [INFO] Overall accuracy (micro avg): 0.9833025555858513
2020-01-09 08:32:56,402 [INFO] Average metrics for Testing dataset below
   average type  avg accuracy  avg precision  avg detection rate (recall)  avg false alarm rate  avg false negative rate  avg f1
0     Micro avg        0.9833         0.9833                       0.9833                0.0012                   0.0167  0.9833
1     Macro avg        0.9978         0.7022                       0.7098                0.0044                   0.2902  0.6987
2  Weighted avg        0.9911         0.9737                       0.9833                0.0497                   0.0167  0.9779
2020-01-09 08:33:08,551 [INFO] Dataset: Validation. Classification report below
2020-01-09 08:33:08,551 [INFO] 
                          precision    recall  f1-score   support

                  Benign       0.99      1.00      0.99    535650
                     Bot       1.00      1.00      1.00     11465
        Brute Force -Web       0.00      0.00      0.00        25
        Brute Force -XSS       0.60      0.67      0.63         9
        DDOS attack-HOIC       1.00      1.00      1.00     27447
    DDOS attack-LOIC-UDP       0.70      1.00      0.82        68
  DDoS attacks-LOIC-HTTP       0.99      0.99      0.99     23009
   DoS attacks-GoldenEye       0.99      1.00      1.00      1651
        DoS attacks-Hulk       1.00      1.00      1.00     18478
DoS attacks-SlowHTTPTest       0.77      0.43      0.55      5596
   DoS attacks-Slowloris       0.93      1.00      0.96       439
          FTP-BruteForce       0.69      0.91      0.78      7718
           Infilteration       0.00      0.00      0.00      6403
           SQL Injection       0.00      0.00      0.00         4
          SSH-Bruteforce       1.00      1.00      1.00      7525

               micro avg       0.98      0.98      0.98    645487
               macro avg       0.71      0.73      0.72    645487
            weighted avg       0.97      0.98      0.98    645487

2020-01-09 08:33:08,552 [INFO] Overall accuracy (micro avg): 0.9833939335726358
2020-01-09 08:33:22,367 [INFO] Average metrics for Validation dataset below
   average type  avg accuracy  avg precision  avg detection rate (recall)  avg false alarm rate  avg false negative rate  avg f1
0     Micro avg        0.9834         0.9834                       0.9834                0.0012                   0.0166  0.9834
1     Macro avg        0.9978         0.7109                       0.7326                0.0044                   0.2674  0.7155
2  Weighted avg        0.9911         0.9739                       0.9834                0.0496                   0.0166  0.9780
2020-01-09 08:34:02,214 [INFO] Dataset: Training. Classification report below
2020-01-09 08:34:02,214 [INFO] 
                          precision    recall  f1-score   support

                  Benign       0.99      1.00      0.99   1606949
                     Bot       1.00      1.00      1.00     34396
        Brute Force -Web       0.00      0.00      0.00        73
        Brute Force -XSS       0.59      0.50      0.54        26
        DDOS attack-HOIC       1.00      1.00      1.00     82341
    DDOS attack-LOIC-UDP       0.70      0.99      0.82       203
  DDoS attacks-LOIC-HTTP       0.99      0.99      0.99     69029
   DoS attacks-GoldenEye       0.99      1.00      1.00      4954
        DoS attacks-Hulk       1.00      1.00      1.00     55435
DoS attacks-SlowHTTPTest       0.76      0.43      0.55     16787
   DoS attacks-Slowloris       0.95      0.99      0.97      1318
          FTP-BruteForce       0.68      0.90      0.78     23153
           Infilteration       0.00      0.00      0.00     19210
           SQL Injection       0.00      0.00      0.00        12
          SSH-Bruteforce       1.00      1.00      1.00     22576

               micro avg       0.98      0.98      0.98   1936462
               macro avg       0.71      0.72      0.71   1936462
            weighted avg       0.97      0.98      0.98   1936462

2020-01-09 08:34:02,214 [INFO] Overall accuracy (micro avg): 0.9833278422194703
2020-01-09 08:34:47,582 [INFO] Average metrics for Training dataset below
   average type  avg accuracy  avg precision  avg detection rate (recall)  avg false alarm rate  avg false negative rate  avg f1
0     Micro avg        0.9833         0.9833                       0.9833                0.0012                   0.0167  0.9833
1     Macro avg        0.9978         0.7106                       0.7204                0.0044                   0.2796  0.7094
2  Weighted avg        0.9911         0.9738                       0.9833                0.0497                   0.0167  0.9779
2020-01-09 08:34:47,608 [INFO] Results saved to: results_additional_exps/ann_depth_ids18_subset_layers_9/ann_depth_ids18_subset_layers_9_results.xlsx
2020-01-09 08:34:47,617 [INFO] ================= Finished running experiment no. 9 ================= 

2020-01-09 08:34:47,695 [INFO] Created directory: results_additional_exps/ann_depth_ids18_subset_layers_10
