2019-12-24 06:19:38,964 [INFO] Initialized logging. log_filename = results_selected_models/selected_ids18_subset_dbn_shallow_rep5/run_log.log
2019-12-24 06:19:38,964 [INFO] ================= Running experiment no. 5  ================= 

2019-12-24 06:19:38,964 [INFO] Experiment parameters given below
2019-12-24 06:19:38,964 [INFO] 
{'experiment_num': 5, 'results_dir': 'results_selected_models/selected_ids18_subset_dbn_shallow_rep5', 'model_type': 'classifier', 'model': 'dbn', 'normal_label': 'BENIGN', 'scaling_type': 'NA', 'dbn_layer_units': [32], 'ann_layer_activations': ['relu'], 'ann_layer_dropout_rates': [0.2], 'unsupervised_ratio': 0.5, 'dbn_learning_rate': 0.0001, 'pretrain_epochs': 50, 'fine_tune_epochs': 300, 'early_stop_patience': 50, 'batch_size': 256, 'dataset_dir': '../Datasets/small_datasets/ids2018', 'description': 'selected_ids18_subset_dbn_shallow_rep5'}
2019-12-24 06:19:38,964 [INFO] Created tensorboard log directory: results_selected_models/selected_ids18_subset_dbn_shallow_rep5/tf_logs_run_2019_12_24-06_19_38
2019-12-24 06:19:38,964 [INFO] Loading datsets from: ../Datasets/small_datasets/ids2018
2019-12-24 06:19:38,964 [INFO] Reading X, y files
2019-12-24 06:19:38,964 [INFO] Reading HDF dataset ../Datasets/small_datasets/ids2018/X_train.h5
2019-12-24 06:19:43,578 [INFO] Reading complete. time_to_read=4.61 seconds
2019-12-24 06:19:43,579 [INFO] Reading HDF dataset ../Datasets/small_datasets/ids2018/X_val.h5
2019-12-24 06:19:45,132 [INFO] Reading complete. time_to_read=1.55 seconds
2019-12-24 06:19:45,132 [INFO] Reading HDF dataset ../Datasets/small_datasets/ids2018/X_test.h5
2019-12-24 06:19:46,679 [INFO] Reading complete. time_to_read=1.55 seconds
2019-12-24 06:19:46,679 [INFO] Reading HDF dataset ../Datasets/small_datasets/ids2018/y_train.h5
2019-12-24 06:19:46,931 [INFO] Reading complete. time_to_read=0.25 seconds
2019-12-24 06:19:46,931 [INFO] Reading HDF dataset ../Datasets/small_datasets/ids2018/y_val.h5
2019-12-24 06:19:47,016 [INFO] Reading complete. time_to_read=0.09 seconds
2019-12-24 06:19:47,017 [INFO] Reading HDF dataset ../Datasets/small_datasets/ids2018/y_test.h5
2019-12-24 06:19:47,102 [INFO] Reading complete. time_to_read=0.09 seconds
2019-12-24 06:19:51,038 [INFO] Initializing model
2019-12-24 06:19:51,038 [INFO] Training model
2019-12-24 06:19:51,038 [INFO] Splitting train set into 2 sets (unsupervised, supervised), random_seed = None
2019-12-24 06:20:14,700 [INFO] Split sizes (instances). total = 1936462, unsupervised = 968231, supervised = 968231, unsupervised dataset hash = eaed33d6161084dc4817486d96edc3ef18705ff0
2019-12-24 06:20:14,700 [INFO] Pretraining Deep Belief Network
2019-12-24 06:26:46,021 [INFO] Pretraining Complete
2019-12-24 06:26:46,021 [INFO] Getting pretrained weights
2019-12-24 06:26:46,021 [INFO] Creating and initializing feed forward neural network
2019-12-24 06:26:46,142 [INFO] _________________________________________________________________
2019-12-24 06:26:46,142 [INFO] Layer (type)                 Output Shape              Param #   
2019-12-24 06:26:46,142 [INFO] =================================================================
2019-12-24 06:26:46,142 [INFO] dense_29 (Dense)             (None, 32)                2496      
2019-12-24 06:26:46,142 [INFO] _________________________________________________________________
2019-12-24 06:26:46,142 [INFO] batch_normalization_15 (Batc (None, 32)                128       
2019-12-24 06:26:46,142 [INFO] _________________________________________________________________
2019-12-24 06:26:46,142 [INFO] dropout_15 (Dropout)         (None, 32)                0         
2019-12-24 06:26:46,142 [INFO] _________________________________________________________________
2019-12-24 06:26:46,142 [INFO] dense_30 (Dense)             (None, 15)                495       
2019-12-24 06:26:46,142 [INFO] =================================================================
2019-12-24 06:26:46,142 [INFO] Total params: 3,119
2019-12-24 06:26:46,143 [INFO] Trainable params: 3,055
2019-12-24 06:26:46,143 [INFO] Non-trainable params: 64
2019-12-24 06:26:46,143 [INFO] _________________________________________________________________
2019-12-24 06:26:47,315 [INFO] Fine-tuning final neural network
2019-12-24 06:40:02,633 [INFO] epoch = 30. Intermediate model saved to results_selected_models/selected_ids18_subset_dbn_shallow_rep5/ann_model_epoch_30.pickle
2019-12-24 06:53:06,527 [INFO] epoch = 60. Intermediate model saved to results_selected_models/selected_ids18_subset_dbn_shallow_rep5/ann_model_epoch_60.pickle
2019-12-24 07:06:11,173 [INFO] epoch = 90. Intermediate model saved to results_selected_models/selected_ids18_subset_dbn_shallow_rep5/ann_model_epoch_90.pickle
2019-12-24 07:19:14,505 [INFO] epoch = 120. Intermediate model saved to results_selected_models/selected_ids18_subset_dbn_shallow_rep5/ann_model_epoch_120.pickle
2019-12-24 07:32:18,936 [INFO] epoch = 150. Intermediate model saved to results_selected_models/selected_ids18_subset_dbn_shallow_rep5/ann_model_epoch_150.pickle
2019-12-24 07:45:23,353 [INFO] epoch = 180. Intermediate model saved to results_selected_models/selected_ids18_subset_dbn_shallow_rep5/ann_model_epoch_180.pickle
2019-12-24 07:58:38,614 [INFO] epoch = 210. Intermediate model saved to results_selected_models/selected_ids18_subset_dbn_shallow_rep5/ann_model_epoch_210.pickle
2019-12-24 08:11:53,002 [INFO] epoch = 240. Intermediate model saved to results_selected_models/selected_ids18_subset_dbn_shallow_rep5/ann_model_epoch_240.pickle
2019-12-24 08:25:07,702 [INFO] epoch = 270. Intermediate model saved to results_selected_models/selected_ids18_subset_dbn_shallow_rep5/ann_model_epoch_270.pickle
2019-12-24 08:38:10,918 [INFO] WeightRestorer::on_train_end(): restoring best weights
2019-12-24 08:38:46,792 [INFO] Last epoch loss evaluation: train_loss = 0.007894, val_loss = 0.007937
2019-12-24 08:38:46,838 [INFO] Training complete. time_to_train = 8335.80 sec, 138.93 min
2019-12-24 08:38:46,842 [INFO] Model saved to results_selected_models/selected_ids18_subset_dbn_shallow_rep5/best_model.pickle
2019-12-24 08:38:46,977 [INFO] Plot saved to: results_selected_models/selected_ids18_subset_dbn_shallow_rep5/training_error_history.png
2019-12-24 08:38:47,101 [INFO] Plot saved to: results_selected_models/selected_ids18_subset_dbn_shallow_rep5/training_f1_history.png
2019-12-24 08:38:47,102 [INFO] Making predictions on training, validation, testing data
2019-12-24 08:39:56,183 [INFO] Evaluating predictions (results)
2019-12-24 08:40:08,392 [INFO] Dataset: Testing. Classification report below
2019-12-24 08:40:08,392 [INFO] 
                          precision    recall  f1-score   support

                  Benign       0.99      1.00      0.99    535650
                     Bot       1.00      1.00      1.00     11465
        Brute Force -Web       0.00      0.00      0.00        24
        Brute Force -XSS       1.00      0.33      0.50         9
        DDOS attack-HOIC       1.00      1.00      1.00     27447
    DDOS attack-LOIC-UDP       0.71      1.00      0.83        67
  DDoS attacks-LOIC-HTTP       0.99      0.99      0.99     23010
   DoS attacks-GoldenEye       0.99      1.00      0.99      1651
        DoS attacks-Hulk       1.00      1.00      1.00     18478
DoS attacks-SlowHTTPTest       0.74      0.53      0.61      5596
   DoS attacks-Slowloris       0.95      0.95      0.95       440
          FTP-BruteForce       0.72      0.86      0.78      7718
           Infilteration       0.41      0.01      0.01      6404
           SQL Injection       0.00      0.00      0.00         4
          SSH-Bruteforce       1.00      1.00      1.00      7525

               micro avg       0.98      0.98      0.98    645488
               macro avg       0.77      0.71      0.71    645488
            weighted avg       0.98      0.98      0.98    645488

2019-12-24 08:40:08,392 [INFO] Overall accuracy (micro avg): 0.9836325384825124
2019-12-24 08:40:22,262 [INFO] Average metrics for Testing dataset below
   average type  avg accuracy  avg precision  avg detection rate (recall)  avg false alarm rate  avg false negative rate  avg f1
0     Micro avg        0.9836         0.9836                       0.9836                0.0012                   0.0164  0.9836
1     Macro avg        0.9978         0.7663                       0.7114                0.0044                   0.2886  0.7112
2  Weighted avg        0.9910         0.9780                       0.9836                0.0498                   0.0164  0.9786
2019-12-24 08:40:34,465 [INFO] Dataset: Validation. Classification report below
2019-12-24 08:40:34,465 [INFO] 
                          precision    recall  f1-score   support

                  Benign       0.99      1.00      0.99    535650
                     Bot       1.00      1.00      1.00     11465
        Brute Force -Web       0.00      0.00      0.00        25
        Brute Force -XSS       1.00      0.67      0.80         9
        DDOS attack-HOIC       1.00      1.00      1.00     27447
    DDOS attack-LOIC-UDP       0.76      0.99      0.86        68
  DDoS attacks-LOIC-HTTP       0.99      0.99      0.99     23009
   DoS attacks-GoldenEye       0.99      1.00      1.00      1651
        DoS attacks-Hulk       1.00      1.00      1.00     18478
DoS attacks-SlowHTTPTest       0.74      0.52      0.61      5596
   DoS attacks-Slowloris       0.94      0.96      0.95       439
          FTP-BruteForce       0.71      0.87      0.79      7718
           Infilteration       0.44      0.01      0.01      6403
           SQL Injection       0.00      0.00      0.00         4
          SSH-Bruteforce       1.00      1.00      1.00      7525

               micro avg       0.98      0.98      0.98    645487
               macro avg       0.77      0.73      0.73    645487
            weighted avg       0.98      0.98      0.98    645487

2019-12-24 08:40:34,465 [INFO] Overall accuracy (micro avg): 0.9836867357514559
2019-12-24 08:40:48,331 [INFO] Average metrics for Validation dataset below
   average type  avg accuracy  avg precision  avg detection rate (recall)  avg false alarm rate  avg false negative rate  avg f1
0     Micro avg        0.9837         0.9837                       0.9837                0.0012                   0.0163  0.9837
1     Macro avg        0.9978         0.7714                       0.7330                0.0044                   0.2670  0.7333
2  Weighted avg        0.9910         0.9784                       0.9837                0.0495                   0.0163  0.9787
2019-12-24 08:41:28,352 [INFO] Dataset: Training. Classification report below
2019-12-24 08:41:28,352 [INFO] 
                          precision    recall  f1-score   support

                  Benign       0.99      1.00      0.99   1606949
                     Bot       1.00      1.00      1.00     34396
        Brute Force -Web       0.00      0.00      0.00        73
        Brute Force -XSS       1.00      0.50      0.67        26
        DDOS attack-HOIC       1.00      1.00      1.00     82341
    DDOS attack-LOIC-UDP       0.72      0.98      0.83       203
  DDoS attacks-LOIC-HTTP       0.99      0.99      0.99     69029
   DoS attacks-GoldenEye       0.99      1.00      1.00      4954
        DoS attacks-Hulk       1.00      1.00      1.00     55435
DoS attacks-SlowHTTPTest       0.74      0.52      0.61     16787
   DoS attacks-Slowloris       0.96      0.98      0.97      1318
          FTP-BruteForce       0.71      0.87      0.78     23153
           Infilteration       0.45      0.01      0.01     19210
           SQL Injection       0.00      0.00      0.00        12
          SSH-Bruteforce       1.00      1.00      1.00     22576

               micro avg       0.98      0.98      0.98   1936462
               macro avg       0.77      0.72      0.72   1936462
            weighted avg       0.98      0.98      0.98   1936462

2019-12-24 08:41:28,352 [INFO] Overall accuracy (micro avg): 0.9836573090512492
2019-12-24 08:42:13,789 [INFO] Average metrics for Training dataset below
   average type  avg accuracy  avg precision  avg detection rate (recall)  avg false alarm rate  avg false negative rate  avg f1
0     Micro avg        0.9837         0.9837                       0.9837                0.0012                   0.0163  0.9837
1     Macro avg        0.9978         0.7700                       0.7229                0.0044                   0.2771  0.7236
2  Weighted avg        0.9910         0.9784                       0.9837                0.0495                   0.0163  0.9786
2019-12-24 08:42:13,816 [INFO] Results saved to: results_selected_models/selected_ids18_subset_dbn_shallow_rep5/selected_ids18_subset_dbn_shallow_rep5_results.xlsx
2019-12-24 08:42:13,821 [INFO] ================= Finished running experiment no. 5 ================= 

2019-12-24 08:42:13,903 [INFO] ================= Finished running 15 experiments ================= 

