2019-12-21 09:24:00,511 [INFO] Initialized logging. log_filename = results_selected_models/selected_kdd99_ann_shallow_rep2/run_log.log
2019-12-21 09:24:00,511 [INFO] ================= Running experiment no. 2  ================= 

2019-12-21 09:24:00,511 [INFO] Experiment parameters given below
2019-12-21 09:24:00,511 [INFO] 
{'experiment_num': 2, 'results_dir': 'results_selected_models/selected_kdd99_ann_shallow_rep2', 'model_type': 'classifier', 'model': 'ann', 'normal_label': 'normal', 'training_data_feed': 'preload', 'scaling_type': 'NA', 'ann_layer_units': [256], 'ann_layer_activations': ['relu'], 'ann_layer_dropout_rates': [0.2], 'epochs': 300, 'early_stop_patience': 50, 'batch_size': 256, 'training_set': 'train_set_only', 'dataset_dir': '../Datasets/full_datasets/kdd99_five_classes', 'description': 'selected_kdd99_ann_shallow_rep2'}
2019-12-21 09:24:00,511 [INFO] Created tensorboard log directory: results_selected_models/selected_kdd99_ann_shallow_rep2/tf_logs_run_2019_12_21-09_24_00
2019-12-21 09:24:00,511 [INFO] Loading datsets from: ../Datasets/full_datasets/kdd99_five_classes
2019-12-21 09:24:00,511 [INFO] Reading X, y files
2019-12-21 09:24:00,511 [INFO] Reading HDF dataset ../Datasets/full_datasets/kdd99_five_classes/X_train.h5
2019-12-21 09:24:06,875 [INFO] Reading complete. time_to_read=6.36 seconds
2019-12-21 09:24:06,875 [INFO] Reading HDF dataset ../Datasets/full_datasets/kdd99_five_classes/X_val.h5
2019-12-21 09:24:08,551 [INFO] Reading complete. time_to_read=1.68 seconds
2019-12-21 09:24:08,551 [INFO] Reading HDF dataset ../Datasets/full_datasets/kdd99_five_classes/X_test.h5
2019-12-21 09:24:09,023 [INFO] Reading complete. time_to_read=0.47 seconds
2019-12-21 09:24:09,023 [INFO] Reading HDF dataset ../Datasets/full_datasets/kdd99_five_classes/y_train.h5
2019-12-21 09:24:09,266 [INFO] Reading complete. time_to_read=0.24 seconds
2019-12-21 09:24:09,266 [INFO] Reading HDF dataset ../Datasets/full_datasets/kdd99_five_classes/y_val.h5
2019-12-21 09:24:09,323 [INFO] Reading complete. time_to_read=0.06 seconds
2019-12-21 09:24:09,323 [INFO] Reading HDF dataset ../Datasets/full_datasets/kdd99_five_classes/y_test.h5
2019-12-21 09:24:09,343 [INFO] Reading complete. time_to_read=0.02 seconds
2019-12-21 09:24:16,371 [INFO] Initializing model
2019-12-21 09:24:16,497 [INFO] _________________________________________________________________
2019-12-21 09:24:16,497 [INFO] Layer (type)                 Output Shape              Param #   
2019-12-21 09:24:16,497 [INFO] =================================================================
2019-12-21 09:24:16,497 [INFO] dense_23 (Dense)             (None, 256)               31744     
2019-12-21 09:24:16,497 [INFO] _________________________________________________________________
2019-12-21 09:24:16,497 [INFO] batch_normalization_12 (Batc (None, 256)               1024      
2019-12-21 09:24:16,497 [INFO] _________________________________________________________________
2019-12-21 09:24:16,497 [INFO] dropout_12 (Dropout)         (None, 256)               0         
2019-12-21 09:24:16,497 [INFO] _________________________________________________________________
2019-12-21 09:24:16,498 [INFO] dense_24 (Dense)             (None, 5)                 1285      
2019-12-21 09:24:16,498 [INFO] =================================================================
2019-12-21 09:24:16,498 [INFO] Total params: 34,053
2019-12-21 09:24:16,498 [INFO] Trainable params: 33,541
2019-12-21 09:24:16,498 [INFO] Non-trainable params: 512
2019-12-21 09:24:16,498 [INFO] _________________________________________________________________
2019-12-21 09:24:16,498 [INFO] Training model
2019-12-21 10:19:22,046 [INFO] epoch = 30. Intermediate model saved to results_selected_models/selected_kdd99_ann_shallow_rep2/ann_model_epoch_30.pickle
2019-12-21 11:13:31,059 [INFO] epoch = 60. Intermediate model saved to results_selected_models/selected_kdd99_ann_shallow_rep2/ann_model_epoch_60.pickle
2019-12-21 12:07:18,142 [INFO] epoch = 90. Intermediate model saved to results_selected_models/selected_kdd99_ann_shallow_rep2/ann_model_epoch_90.pickle
2019-12-21 13:01:33,971 [INFO] epoch = 120. Intermediate model saved to results_selected_models/selected_kdd99_ann_shallow_rep2/ann_model_epoch_120.pickle
2019-12-21 13:36:21,333 [INFO] WeightRestorer::on_train_end(): restoring best weights
2019-12-21 13:39:13,947 [INFO] Last epoch loss evaluation: train_loss = 0.000216, val_loss = 0.000273
2019-12-21 13:39:13,947 [INFO] Training complete. time_to_train = 15297.45 sec, 254.96 min
2019-12-21 13:39:13,952 [INFO] Model saved to results_selected_models/selected_kdd99_ann_shallow_rep2/best_model.pickle
2019-12-21 13:39:14,146 [INFO] Plot saved to: results_selected_models/selected_kdd99_ann_shallow_rep2/training_error_history.png
2019-12-21 13:39:14,326 [INFO] Plot saved to: results_selected_models/selected_kdd99_ann_shallow_rep2/training_f1_history.png
2019-12-21 13:39:14,326 [INFO] Making predictions on training, validation, testing data
2019-12-21 13:41:22,057 [INFO] Evaluating predictions (results)
2019-12-21 13:41:30,830 [INFO] Dataset: Testing. Classification report below
2019-12-21 13:41:30,830 [INFO] 
              precision    recall  f1-score   support

         dos       1.00      0.97      0.99    229853
     normal.       0.72      0.99      0.84     60593
       probe       0.80      0.79      0.80      4166
         r2l       0.82      0.03      0.05     13781
         u2r       1.00      0.00      0.00      2636

    accuracy                           0.92    311029
   macro avg       0.87      0.56      0.53    311029
weighted avg       0.94      0.92      0.90    311029

2019-12-21 13:41:30,830 [INFO] Overall accuracy (micro avg): 0.9232515296001338
2019-12-21 13:41:40,218 [INFO] Average metrics for Testing dataset below
   average type  avg accuracy  avg precision  avg detection rate (recall)  avg false alarm rate  avg false negative rate  avg f1
0     Micro avg        0.9233         0.9233                       0.9233                0.0192                   0.0767  0.9233
1     Macro avg        0.9693         0.8689                       0.5561                0.0193                   0.4439  0.5346
2  Weighted avg        0.9680         0.9350                       0.9233                0.0196                   0.0767  0.9044
2019-12-21 13:42:10,517 [INFO] Dataset: Validation. Classification report below
2019-12-21 13:42:10,517 [INFO] 
              precision    recall  f1-score   support

         dos       1.00      1.00      1.00    776675
     normal.       1.00      1.00      1.00    194556
       probe       1.00      1.00      1.00      8221
         r2l       0.97      0.89      0.93       225
         u2r       1.00      0.20      0.33        10

    accuracy                           1.00    979687
   macro avg       0.99      0.82      0.85    979687
weighted avg       1.00      1.00      1.00    979687

2019-12-21 13:42:10,517 [INFO] Overall accuracy (micro avg): 0.9998877192409412
2019-12-21 13:42:43,216 [INFO] Average metrics for Validation dataset below
   average type  avg accuracy  avg precision  avg detection rate (recall)  avg false alarm rate  avg false negative rate  avg f1
0     Micro avg        0.9999         0.9999                       0.9999                0.0000                   0.0001  0.9999
1     Macro avg        1.0000         0.9928                       0.8168                0.0000                   0.1832  0.8511
2  Weighted avg        1.0000         0.9999                       0.9999                0.0001                   0.0001  0.9999
2019-12-21 13:44:56,523 [INFO] Dataset: Training. Classification report below
2019-12-21 13:44:56,523 [INFO] 
              precision    recall  f1-score   support

         dos       1.00      1.00      1.00   3106695
     normal.       1.00      1.00      1.00    778225
       probe       1.00      1.00      1.00     32881
         r2l       0.95      0.89      0.92       901
         u2r       1.00      0.52      0.69        42

    accuracy                           1.00   3918744
   macro avg       0.99      0.88      0.92   3918744
weighted avg       1.00      1.00      1.00   3918744

2019-12-21 13:44:56,523 [INFO] Overall accuracy (micro avg): 0.9998961401918574
2019-12-21 13:47:20,653 [INFO] Average metrics for Training dataset below
   average type  avg accuracy  avg precision  avg detection rate (recall)  avg false alarm rate  avg false negative rate  avg f1
0     Micro avg        0.9999         0.9999                       0.9999                0.0000                   0.0001  0.9999
1     Macro avg        1.0000         0.9891                       0.8828                0.0000                   0.1172  0.9209
2  Weighted avg        1.0000         0.9999                       0.9999                0.0001                   0.0001  0.9999
2019-12-21 13:47:20,700 [INFO] Results saved to: results_selected_models/selected_kdd99_ann_shallow_rep2/selected_kdd99_ann_shallow_rep2_results.xlsx
2019-12-21 13:47:20,707 [INFO] ================= Finished running experiment no. 2 ================= 

2019-12-21 13:47:20,729 [INFO] Created directory: results_selected_models/selected_kdd99_ann_shallow_rep3
