2019-12-29 16:09:23,121 [INFO] Initialized logging. log_filename = results_selected_models/selected_kdd99_dbn_shallow_rep3/run_log.log
2019-12-29 16:09:23,121 [INFO] ================= Running experiment no. 3  ================= 

2019-12-29 16:09:23,122 [INFO] Experiment parameters given below
2019-12-29 16:09:23,122 [INFO] 
{'experiment_num': 3, 'results_dir': 'results_selected_models/selected_kdd99_dbn_shallow_rep3', 'model_type': 'classifier', 'model': 'dbn', 'normal_label': 'normal', 'scaling_type': 'NA', 'dbn_layer_units': [32], 'ann_layer_activations': ['relu'], 'ann_layer_dropout_rates': [0.2], 'unsupervised_ratio': 0.5, 'dbn_learning_rate': 0.0001, 'pretrain_epochs': 50, 'fine_tune_epochs': 300, 'early_stop_patience': 50, 'batch_size': 256, 'dataset_dir': '../Datasets/full_datasets/kdd99_five_classes', 'description': 'selected_kdd99_dbn_shallow_rep3'}
2019-12-29 16:09:23,122 [INFO] Created tensorboard log directory: results_selected_models/selected_kdd99_dbn_shallow_rep3/tf_logs_run_2019_12_29-16_09_23
2019-12-29 16:09:23,122 [INFO] Loading datsets from: ../Datasets/full_datasets/kdd99_five_classes
2019-12-29 16:09:23,122 [INFO] Reading X, y files
2019-12-29 16:09:23,122 [INFO] Reading HDF dataset ../Datasets/full_datasets/kdd99_five_classes/X_train.h5
2019-12-29 16:09:29,533 [INFO] Reading complete. time_to_read=6.41 seconds
2019-12-29 16:09:29,533 [INFO] Reading HDF dataset ../Datasets/full_datasets/kdd99_five_classes/X_val.h5
2019-12-29 16:09:31,148 [INFO] Reading complete. time_to_read=1.61 seconds
2019-12-29 16:09:31,148 [INFO] Reading HDF dataset ../Datasets/full_datasets/kdd99_five_classes/X_test.h5
2019-12-29 16:09:31,610 [INFO] Reading complete. time_to_read=0.46 seconds
2019-12-29 16:09:31,610 [INFO] Reading HDF dataset ../Datasets/full_datasets/kdd99_five_classes/y_train.h5
2019-12-29 16:09:31,818 [INFO] Reading complete. time_to_read=0.21 seconds
2019-12-29 16:09:31,818 [INFO] Reading HDF dataset ../Datasets/full_datasets/kdd99_five_classes/y_val.h5
2019-12-29 16:09:31,874 [INFO] Reading complete. time_to_read=0.06 seconds
2019-12-29 16:09:31,874 [INFO] Reading HDF dataset ../Datasets/full_datasets/kdd99_five_classes/y_test.h5
2019-12-29 16:09:31,894 [INFO] Reading complete. time_to_read=0.02 seconds
2019-12-29 16:09:39,064 [INFO] Initializing model
2019-12-29 16:09:39,065 [INFO] Training model
2019-12-29 16:09:39,065 [INFO] Splitting train set into 2 sets (unsupervised, supervised), random_seed = None
2019-12-29 16:10:19,806 [INFO] Split sizes (instances). total = 3918744, unsupervised = 1959372, supervised = 1959372, unsupervised dataset hash = ec32ff04d5e193355f8ef193f3b169950433de0c
2019-12-29 16:10:19,806 [INFO] Pretraining Deep Belief Network
2019-12-29 16:30:53,043 [INFO] Pretraining Complete
2019-12-29 16:30:53,043 [INFO] Getting pretrained weights
2019-12-29 16:30:53,044 [INFO] Creating and initializing feed forward neural network
2019-12-29 16:30:53,164 [INFO] _________________________________________________________________
2019-12-29 16:30:53,164 [INFO] Layer (type)                 Output Shape              Param #   
2019-12-29 16:30:53,164 [INFO] =================================================================
2019-12-29 16:30:53,165 [INFO] dense_5 (Dense)              (None, 32)                3968      
2019-12-29 16:30:53,165 [INFO] _________________________________________________________________
2019-12-29 16:30:53,165 [INFO] batch_normalization_3 (Batch (None, 32)                128       
2019-12-29 16:30:53,165 [INFO] _________________________________________________________________
2019-12-29 16:30:53,165 [INFO] dropout_3 (Dropout)          (None, 32)                0         
2019-12-29 16:30:53,165 [INFO] _________________________________________________________________
2019-12-29 16:30:53,165 [INFO] dense_6 (Dense)              (None, 5)                 165       
2019-12-29 16:30:53,165 [INFO] =================================================================
2019-12-29 16:30:53,165 [INFO] Total params: 4,261
2019-12-29 16:30:53,165 [INFO] Trainable params: 4,197
2019-12-29 16:30:53,166 [INFO] Non-trainable params: 64
2019-12-29 16:30:53,166 [INFO] _________________________________________________________________
2019-12-29 16:30:53,350 [INFO] Fine-tuning final neural network
2019-12-29 16:51:24,505 [INFO] epoch = 30. Intermediate model saved to results_selected_models/selected_kdd99_dbn_shallow_rep3/ann_model_epoch_30.pickle
2019-12-29 17:11:37,821 [INFO] epoch = 60. Intermediate model saved to results_selected_models/selected_kdd99_dbn_shallow_rep3/ann_model_epoch_60.pickle
2019-12-29 17:31:51,259 [INFO] epoch = 90. Intermediate model saved to results_selected_models/selected_kdd99_dbn_shallow_rep3/ann_model_epoch_90.pickle
2019-12-29 17:52:04,260 [INFO] epoch = 120. Intermediate model saved to results_selected_models/selected_kdd99_dbn_shallow_rep3/ann_model_epoch_120.pickle
2019-12-29 18:12:17,216 [INFO] epoch = 150. Intermediate model saved to results_selected_models/selected_kdd99_dbn_shallow_rep3/ann_model_epoch_150.pickle
2019-12-29 18:32:30,256 [INFO] epoch = 180. Intermediate model saved to results_selected_models/selected_kdd99_dbn_shallow_rep3/ann_model_epoch_180.pickle
2019-12-29 18:52:41,734 [INFO] epoch = 210. Intermediate model saved to results_selected_models/selected_kdd99_dbn_shallow_rep3/ann_model_epoch_210.pickle
2019-12-29 19:12:54,833 [INFO] epoch = 240. Intermediate model saved to results_selected_models/selected_kdd99_dbn_shallow_rep3/ann_model_epoch_240.pickle
2019-12-29 19:33:08,276 [INFO] epoch = 270. Intermediate model saved to results_selected_models/selected_kdd99_dbn_shallow_rep3/ann_model_epoch_270.pickle
2019-12-29 19:52:58,071 [INFO] WeightRestorer::on_train_end(): restoring best weights
2019-12-29 19:53:58,975 [INFO] Last epoch loss evaluation: train_loss = 0.000216, val_loss = 0.000344
2019-12-29 19:53:58,990 [INFO] Training complete. time_to_train = 13459.92 sec, 224.33 min
2019-12-29 19:53:58,994 [INFO] Model saved to results_selected_models/selected_kdd99_dbn_shallow_rep3/best_model.pickle
2019-12-29 19:53:58,997 [INFO] Training history saved to: results_selected_models/selected_kdd99_dbn_shallow_rep3/training_error_history.csv
2019-12-29 19:53:59,184 [INFO] Plot saved to: results_selected_models/selected_kdd99_dbn_shallow_rep3/training_error_history.png
2019-12-29 19:53:59,346 [INFO] Plot saved to: results_selected_models/selected_kdd99_dbn_shallow_rep3/training_f1_history.png
2019-12-29 19:53:59,346 [INFO] Making predictions on training, validation, testing data
2019-12-29 19:55:23,584 [INFO] Evaluating predictions (results)
2019-12-29 19:55:32,285 [INFO] Dataset: Testing. Classification report below
2019-12-29 19:55:32,285 [INFO] 
              precision    recall  f1-score   support

         dos       1.00      0.97      0.99    229853
     normal.       0.73      0.98      0.84     60593
       probe       0.71      0.78      0.74      4166
         r2l       0.97      0.03      0.06     13781
         u2r       0.86      0.01      0.01      2636

    accuracy                           0.92    311029
   macro avg       0.85      0.55      0.53    311029
weighted avg       0.94      0.92      0.90    311029

2019-12-29 19:55:32,285 [INFO] Overall accuracy (micro avg): 0.9228014108009222
2019-12-29 19:55:41,598 [INFO] Average metrics for Testing dataset below
   average type  avg accuracy  avg precision  avg detection rate (recall)  avg false alarm rate  avg false negative rate  avg f1
0     Micro avg        0.9228         0.9228                       0.9228                0.0193                   0.0772  0.9228
1     Macro avg        0.9691         0.8525                       0.5538                0.0194                   0.4462  0.5268
2  Weighted avg        0.9682         0.9394                       0.9228                0.0200                   0.0772  0.9041
2019-12-29 19:56:11,873 [INFO] Dataset: Validation. Classification report below
2019-12-29 19:56:11,873 [INFO] 
              precision    recall  f1-score   support

         dos       1.00      1.00      1.00    776675
     normal.       1.00      1.00      1.00    194556
       probe       1.00      0.99      0.99      8221
         r2l       0.92      0.90      0.91       225
         u2r       0.50      0.30      0.37        10

    accuracy                           1.00    979687
   macro avg       0.88      0.84      0.86    979687
weighted avg       1.00      1.00      1.00    979687

2019-12-29 19:56:11,873 [INFO] Overall accuracy (micro avg): 0.9998356617981049
2019-12-29 19:56:44,539 [INFO] Average metrics for Validation dataset below
   average type  avg accuracy  avg precision  avg detection rate (recall)  avg false alarm rate  avg false negative rate  avg f1
0     Micro avg        0.9998         0.9998                       0.9998                0.0000                   0.0002  0.9998
1     Macro avg        0.9999         0.8826                       0.8384                0.0001                   0.1616  0.8555
2  Weighted avg        0.9999         0.9998                       0.9998                0.0001                   0.0002  0.9998
2019-12-29 19:58:57,633 [INFO] Dataset: Training. Classification report below
2019-12-29 19:58:57,633 [INFO] 
              precision    recall  f1-score   support

         dos       1.00      1.00      1.00   3106695
     normal.       1.00      1.00      1.00    778225
       probe       1.00      0.99      1.00     32881
         r2l       0.89      0.93      0.91       901
         u2r       0.79      0.52      0.63        42

    accuracy                           1.00   3918744
   macro avg       0.93      0.89      0.91   3918744
weighted avg       1.00      1.00      1.00   3918744

2019-12-29 19:58:57,633 [INFO] Overall accuracy (micro avg): 0.9998448482472956
2019-12-29 20:01:21,294 [INFO] Average metrics for Training dataset below
   average type  avg accuracy  avg precision  avg detection rate (recall)  avg false alarm rate  avg false negative rate  avg f1
0     Micro avg        0.9998         0.9998                       0.9998                0.0000                   0.0002  0.9998
1     Macro avg        0.9999         0.9346                       0.8898                0.0001                   0.1102  0.9069
2  Weighted avg        0.9999         0.9998                       0.9998                0.0001                   0.0002  0.9998
2019-12-29 20:01:21,341 [INFO] Results saved to: results_selected_models/selected_kdd99_dbn_shallow_rep3/selected_kdd99_dbn_shallow_rep3_results.xlsx
2019-12-29 20:01:21,348 [INFO] ================= Finished running experiment no. 3 ================= 

2019-12-29 20:01:21,373 [INFO] Created directory: results_selected_models/selected_kdd99_dbn_shallow_rep4
