2019-12-27 00:01:25,757 [INFO] Initialized logging. log_filename = results_additional_exps/ann_depth_nsl_layers_3/run_log.log
2019-12-27 00:01:25,757 [INFO] ================= Running experiment no. 3  ================= 

2019-12-27 00:01:25,757 [INFO] Experiment parameters given below
2019-12-27 00:01:25,758 [INFO] 
{'experiment_num': 3, 'results_dir': 'results_additional_exps/ann_depth_nsl_layers_3', 'model_type': 'classifier', 'model': 'ann', 'normal_label': 'normal', 'training_data_feed': 'preload', 'scaling_type': 'NA', 'ann_layer_units': [64, 32, 16], 'ann_layer_activations': ['relu', 'relu', 'relu', 'relu', 'relu', 'relu', 'relu', 'relu', 'relu', 'relu'], 'ann_layer_dropout_rates': [0.2, 0.2, 0.2, 0.2, 0.2, 0.2, 0.2, 0.2, 0.2, 0.2], 'epochs': 200, 'early_stop_patience': 50, 'batch_size': 256, 'training_set': 'train_set_only', 'dataset_dir': '../Datasets/small_datasets/nsl_kdd_five_classes', 'description': 'ann_depth_nsl_layers_3'}
2019-12-27 00:01:25,758 [INFO] Created tensorboard log directory: results_additional_exps/ann_depth_nsl_layers_3/tf_logs_run_2019_12_27-00_01_25
2019-12-27 00:01:25,758 [INFO] Loading datsets from: ../Datasets/small_datasets/nsl_kdd_five_classes
2019-12-27 00:01:25,758 [INFO] Reading X, y files
2019-12-27 00:01:25,758 [INFO] Reading HDF dataset ../Datasets/small_datasets/nsl_kdd_five_classes/X_train.h5
2019-12-27 00:01:26,005 [INFO] Reading complete. time_to_read=0.25 seconds
2019-12-27 00:01:26,006 [INFO] Reading HDF dataset ../Datasets/small_datasets/nsl_kdd_five_classes/X_val.h5
2019-12-27 00:01:26,068 [INFO] Reading complete. time_to_read=0.06 seconds
2019-12-27 00:01:26,068 [INFO] Reading HDF dataset ../Datasets/small_datasets/nsl_kdd_five_classes/X_test.h5
2019-12-27 00:01:26,125 [INFO] Reading complete. time_to_read=0.06 seconds
2019-12-27 00:01:26,125 [INFO] Reading HDF dataset ../Datasets/small_datasets/nsl_kdd_five_classes/y_train.h5
2019-12-27 00:01:26,132 [INFO] Reading complete. time_to_read=0.01 seconds
2019-12-27 00:01:26,132 [INFO] Reading HDF dataset ../Datasets/small_datasets/nsl_kdd_five_classes/y_val.h5
2019-12-27 00:01:26,136 [INFO] Reading complete. time_to_read=0.00 seconds
2019-12-27 00:01:26,136 [INFO] Reading HDF dataset ../Datasets/small_datasets/nsl_kdd_five_classes/y_test.h5
2019-12-27 00:01:26,139 [INFO] Reading complete. time_to_read=0.00 seconds
2019-12-27 00:01:26,326 [INFO] Initializing model
2019-12-27 00:01:26,647 [INFO] _________________________________________________________________
2019-12-27 00:01:26,647 [INFO] Layer (type)                 Output Shape              Param #   
2019-12-27 00:01:26,647 [INFO] =================================================================
2019-12-27 00:01:26,647 [INFO] dense_6 (Dense)              (None, 64)                7872      
2019-12-27 00:01:26,647 [INFO] _________________________________________________________________
2019-12-27 00:01:26,648 [INFO] batch_normalization_4 (Batch (None, 64)                256       
2019-12-27 00:01:26,648 [INFO] _________________________________________________________________
2019-12-27 00:01:26,648 [INFO] dropout_4 (Dropout)          (None, 64)                0         
2019-12-27 00:01:26,648 [INFO] _________________________________________________________________
2019-12-27 00:01:26,648 [INFO] dense_7 (Dense)              (None, 32)                2080      
2019-12-27 00:01:26,648 [INFO] _________________________________________________________________
2019-12-27 00:01:26,648 [INFO] batch_normalization_5 (Batch (None, 32)                128       
2019-12-27 00:01:26,648 [INFO] _________________________________________________________________
2019-12-27 00:01:26,648 [INFO] dropout_5 (Dropout)          (None, 32)                0         
2019-12-27 00:01:26,648 [INFO] _________________________________________________________________
2019-12-27 00:01:26,648 [INFO] dense_8 (Dense)              (None, 16)                528       
2019-12-27 00:01:26,648 [INFO] _________________________________________________________________
2019-12-27 00:01:26,648 [INFO] batch_normalization_6 (Batch (None, 16)                64        
2019-12-27 00:01:26,648 [INFO] _________________________________________________________________
2019-12-27 00:01:26,649 [INFO] dropout_6 (Dropout)          (None, 16)                0         
2019-12-27 00:01:26,649 [INFO] _________________________________________________________________
2019-12-27 00:01:26,649 [INFO] dense_9 (Dense)              (None, 5)                 85        
2019-12-27 00:01:26,649 [INFO] =================================================================
2019-12-27 00:01:26,649 [INFO] Total params: 11,013
2019-12-27 00:01:26,649 [INFO] Trainable params: 10,789
2019-12-27 00:01:26,649 [INFO] Non-trainable params: 224
2019-12-27 00:01:26,649 [INFO] _________________________________________________________________
2019-12-27 00:01:26,649 [INFO] Training model
2019-12-27 00:01:58,776 [INFO] epoch = 20. Intermediate model saved to results_additional_exps/ann_depth_nsl_layers_3/ann_model_epoch_20.pickle
2019-12-27 00:02:27,423 [INFO] epoch = 40. Intermediate model saved to results_additional_exps/ann_depth_nsl_layers_3/ann_model_epoch_40.pickle
2019-12-27 00:02:56,216 [INFO] epoch = 60. Intermediate model saved to results_additional_exps/ann_depth_nsl_layers_3/ann_model_epoch_60.pickle
2019-12-27 00:03:24,930 [INFO] epoch = 80. Intermediate model saved to results_additional_exps/ann_depth_nsl_layers_3/ann_model_epoch_80.pickle
2019-12-27 00:03:53,683 [INFO] epoch = 100. Intermediate model saved to results_additional_exps/ann_depth_nsl_layers_3/ann_model_epoch_100.pickle
2019-12-27 00:04:22,308 [INFO] epoch = 120. Intermediate model saved to results_additional_exps/ann_depth_nsl_layers_3/ann_model_epoch_120.pickle
2019-12-27 00:04:50,981 [INFO] epoch = 140. Intermediate model saved to results_additional_exps/ann_depth_nsl_layers_3/ann_model_epoch_140.pickle
2019-12-27 00:05:19,660 [INFO] epoch = 160. Intermediate model saved to results_additional_exps/ann_depth_nsl_layers_3/ann_model_epoch_160.pickle
2019-12-27 00:05:48,299 [INFO] epoch = 180. Intermediate model saved to results_additional_exps/ann_depth_nsl_layers_3/ann_model_epoch_180.pickle
2019-12-27 00:06:15,819 [INFO] WeightRestorer::on_train_end(): restoring best weights
2019-12-27 00:06:17,705 [INFO] Last epoch loss evaluation: train_loss = 0.002250, val_loss = 0.003571
2019-12-27 00:06:17,706 [INFO] Training complete. time_to_train = 291.06 sec, 4.85 min
2019-12-27 00:06:17,711 [INFO] Model saved to results_additional_exps/ann_depth_nsl_layers_3/best_model.pickle
2019-12-27 00:06:17,714 [INFO] Training history saved to: results_additional_exps/ann_depth_nsl_layers_3/training_error_history.csv
2019-12-27 00:06:17,900 [INFO] Plot saved to: results_additional_exps/ann_depth_nsl_layers_3/training_error_history.png
2019-12-27 00:06:18,069 [INFO] Plot saved to: results_additional_exps/ann_depth_nsl_layers_3/training_f1_history.png
2019-12-27 00:06:18,069 [INFO] Making predictions on training, validation, testing data
2019-12-27 00:06:19,799 [INFO] Evaluating predictions (results)
2019-12-27 00:06:20,060 [INFO] Dataset: Testing. Classification report below
2019-12-27 00:06:20,060 [INFO] 
              precision    recall  f1-score   support

         dos       0.97      0.83      0.89      7458
      normal       0.67      0.97      0.79      9711
       probe       0.84      0.71      0.77      2421
         r2l       0.77      0.05      0.10      2421
         u2r       0.96      0.04      0.08       533

   micro avg       0.77      0.77      0.77     22544
   macro avg       0.84      0.52      0.53     22544
weighted avg       0.81      0.77      0.73     22544

2019-12-27 00:06:20,060 [INFO] Overall accuracy (micro avg): 0.7715578424414479
2019-12-27 00:06:20,355 [INFO] Average metrics for Testing dataset below
   average type  avg accuracy  avg precision  avg detection rate (recall)  avg false alarm rate  avg false negative rate  avg f1
0     Micro avg        0.7716         0.7716                       0.7716                0.0571                   0.2284  0.7716
1     Macro avg        0.9086         0.8430                       0.5185                0.0778                   0.4815  0.5267
2  Weighted avg        0.8672         0.8067                       0.7716                0.1607                   0.2284  0.7314
2019-12-27 00:06:20,687 [INFO] Dataset: Validation. Classification report below
2019-12-27 00:06:20,687 [INFO] 
              precision    recall  f1-score   support

         dos       1.00      1.00      1.00      9186
      normal       1.00      1.00      1.00     13469
       probe       1.00      0.99      0.99      2331
         r2l       0.97      0.90      0.94       199
         u2r       0.86      0.60      0.71        10

   micro avg       1.00      1.00      1.00     25195
   macro avg       0.96      0.90      0.93     25195
weighted avg       1.00      1.00      1.00     25195

2019-12-27 00:06:20,689 [INFO] Overall accuracy (micro avg): 0.9974995038698155
2019-12-27 00:06:21,045 [INFO] Average metrics for Validation dataset below
   average type  avg accuracy  avg precision  avg detection rate (recall)  avg false alarm rate  avg false negative rate  avg f1
0     Micro avg        0.9975         0.9975                       0.9975                0.0006                   0.0025  0.9975
1     Macro avg        0.9990         0.9637                       0.8989                0.0009                   0.1011  0.9266
2  Weighted avg        0.9985         0.9975                       0.9975                0.0022                   0.0025  0.9975
2019-12-27 00:06:22,483 [INFO] Dataset: Training. Classification report below
2019-12-27 00:06:22,483 [INFO] 
              precision    recall  f1-score   support

         dos       1.00      1.00      1.00     36741
      normal       1.00      1.00      1.00     53874
       probe       1.00      0.99      1.00      9325
         r2l       0.98      0.91      0.94       796
         u2r       0.91      0.71      0.80        42

   micro avg       1.00      1.00      1.00    100778
   macro avg       0.98      0.92      0.95    100778
weighted avg       1.00      1.00      1.00    100778

2019-12-27 00:06:22,483 [INFO] Overall accuracy (micro avg): 0.9979360574728612
2019-12-27 00:06:24,099 [INFO] Average metrics for Training dataset below
   average type  avg accuracy  avg precision  avg detection rate (recall)  avg false alarm rate  avg false negative rate  avg f1
0     Micro avg        0.9979         0.9979                       0.9979                0.0005                   0.0021  0.9979
1     Macro avg        0.9992         0.9761                       0.9233                0.0008                   0.0767  0.9471
2  Weighted avg        0.9987         0.9979                       0.9979                0.0019                   0.0021  0.9979
2019-12-27 00:06:24,138 [INFO] Results saved to: results_additional_exps/ann_depth_nsl_layers_3/ann_depth_nsl_layers_3_results.xlsx
2019-12-27 00:06:24,138 [INFO] ================= Finished running experiment no. 3 ================= 

2019-12-27 00:06:24,141 [INFO] Created directory: results_additional_exps/ann_depth_nsl_layers_4
