2020-01-14 13:27:17,584 [INFO] Initialized logging. log_filename = results_additional_exps/train_time_ids18_subset_dbn_shallow_rep1/run_log.log
2020-01-14 13:27:17,584 [INFO] ================= Running experiment no. 1  ================= 

2020-01-14 13:27:17,584 [INFO] Experiment parameters given below
2020-01-14 13:27:17,584 [INFO] 
{'experiment_num': 1, 'results_dir': 'results_additional_exps/train_time_ids18_subset_dbn_shallow_rep1', 'model_type': 'classifier', 'model': 'dbn', 'normal_label': 'BENIGN', 'scaling_type': 'NA', 'dbn_layer_units': [32], 'ann_layer_activations': ['relu'], 'ann_layer_dropout_rates': [0.2], 'unsupervised_ratio': 0.5, 'dbn_learning_rate': 0.0001, 'pretrain_epochs': 10, 'fine_tune_epochs': 100, 'early_stop_patience': 100, 'batch_size': 256, 'goal_metric': 0.982372891, 'training_set': 'train_set_only', 'dataset_dir': '../Datasets/small_datasets/ids2018', 'description': 'train_time_ids18_subset_dbn_shallow_rep1'}
2020-01-14 13:27:17,584 [INFO] Created tensorboard log directory: results_additional_exps/train_time_ids18_subset_dbn_shallow_rep1/tf_logs_run_2020_01_14-13_27_17
2020-01-14 13:27:17,584 [INFO] Loading datsets from: ../Datasets/small_datasets/ids2018
2020-01-14 13:27:17,585 [INFO] Reading X, y files
2020-01-14 13:27:17,585 [INFO] Reading HDF dataset ../Datasets/small_datasets/ids2018/X_train.h5
2020-01-14 13:27:21,914 [INFO] Reading complete. time_to_read=4.33 seconds
2020-01-14 13:27:21,915 [INFO] Reading HDF dataset ../Datasets/small_datasets/ids2018/X_val.h5
2020-01-14 13:27:23,407 [INFO] Reading complete. time_to_read=1.49 seconds
2020-01-14 13:27:23,407 [INFO] Reading HDF dataset ../Datasets/small_datasets/ids2018/X_test.h5
2020-01-14 13:27:24,900 [INFO] Reading complete. time_to_read=1.49 seconds
2020-01-14 13:27:24,900 [INFO] Reading HDF dataset ../Datasets/small_datasets/ids2018/y_train.h5
2020-01-14 13:27:25,146 [INFO] Reading complete. time_to_read=0.25 seconds
2020-01-14 13:27:25,146 [INFO] Reading HDF dataset ../Datasets/small_datasets/ids2018/y_val.h5
2020-01-14 13:27:25,223 [INFO] Reading complete. time_to_read=0.08 seconds
2020-01-14 13:27:25,223 [INFO] Reading HDF dataset ../Datasets/small_datasets/ids2018/y_test.h5
2020-01-14 13:27:25,301 [INFO] Reading complete. time_to_read=0.08 seconds
2020-01-14 13:27:28,943 [INFO] Initializing model
2020-01-14 13:27:28,943 [INFO] Training model
2020-01-14 13:27:28,943 [INFO] Splitting train set into 2 sets (unsupervised, supervised), random_seed = None
2020-01-14 13:27:49,548 [INFO] Split sizes (instances). total = 1936462, unsupervised = 968231, supervised = 968231, unsupervised dataset hash = f54c6d235fcc7c4f14ddab578639468feedb607b
2020-01-14 13:27:49,548 [INFO] Pretraining Deep Belief Network
2020-01-14 13:29:09,646 [INFO] Pretraining Complete
2020-01-14 13:29:09,646 [INFO] Getting pretrained weights
2020-01-14 13:29:09,646 [INFO] Creating and initializing feed forward neural network
2020-01-14 13:29:09,755 [INFO] _________________________________________________________________
2020-01-14 13:29:09,755 [INFO] Layer (type)                 Output Shape              Param #   
2020-01-14 13:29:09,755 [INFO] =================================================================
2020-01-14 13:29:09,755 [INFO] dense_13 (Dense)             (None, 32)                2496      
2020-01-14 13:29:09,755 [INFO] _________________________________________________________________
2020-01-14 13:29:09,756 [INFO] batch_normalization_7 (Batch (None, 32)                128       
2020-01-14 13:29:09,756 [INFO] _________________________________________________________________
2020-01-14 13:29:09,756 [INFO] dropout_7 (Dropout)          (None, 32)                0         
2020-01-14 13:29:09,756 [INFO] _________________________________________________________________
2020-01-14 13:29:09,756 [INFO] dense_14 (Dense)             (None, 15)                495       
2020-01-14 13:29:09,756 [INFO] =================================================================
2020-01-14 13:29:09,756 [INFO] Total params: 3,119
2020-01-14 13:29:09,756 [INFO] Trainable params: 3,055
2020-01-14 13:29:09,756 [INFO] Non-trainable params: 64
2020-01-14 13:29:09,756 [INFO] _________________________________________________________________
2020-01-14 13:29:10,280 [INFO] Fine-tuning final neural network
2020-01-14 13:32:56,029 [INFO] StopperOnGoal: reached goal_metric (accuracy). Stopping training. goal_metric = 0.9824, current_metric = 0.9827, num_epochs = 9
2020-01-14 13:32:56,030 [INFO] WeightRestorer::on_train_end(): restoring best weights
2020-01-14 13:33:18,249 [INFO] Last epoch loss evaluation: train_loss = 0.008422, val_loss = 0.008422
2020-01-14 13:33:18,288 [INFO] Training complete. time_to_train = 349.35 sec, 5.82 min
2020-01-14 13:33:18,743 [INFO] Model saved to results_additional_exps/train_time_ids18_subset_dbn_shallow_rep1/best_model.pickle
2020-01-14 13:33:18,745 [INFO] Training history saved to: results_additional_exps/train_time_ids18_subset_dbn_shallow_rep1/training_error_history.csv
2020-01-14 13:33:18,922 [INFO] Plot saved to: results_additional_exps/train_time_ids18_subset_dbn_shallow_rep1/training_error_history.png
2020-01-14 13:33:19,101 [INFO] Plot saved to: results_additional_exps/train_time_ids18_subset_dbn_shallow_rep1/training_f1_history.png
2020-01-14 13:33:19,101 [INFO] Making predictions on training, validation, testing data
2020-01-14 13:33:56,643 [INFO] Making predictions complete. time_to_predict = 37.54 sec, 0.63 min
2020-01-14 13:33:56,702 [INFO] Evaluating predictions (results)
2020-01-14 13:34:08,689 [INFO] Dataset: Testing. Classification report below
2020-01-14 13:34:08,689 [INFO] 
                          precision    recall  f1-score   support

                  Benign       0.99      1.00      0.99    535650
                     Bot       0.99      1.00      1.00     11465
        Brute Force -Web       0.00      0.00      0.00        24
        Brute Force -XSS       0.00      0.00      0.00         9
        DDOS attack-HOIC       1.00      1.00      1.00     27447
    DDOS attack-LOIC-UDP       0.70      1.00      0.82        67
  DDoS attacks-LOIC-HTTP       0.99      0.99      0.99     23010
   DoS attacks-GoldenEye       0.98      0.98      0.98      1651
        DoS attacks-Hulk       1.00      1.00      1.00     18478
DoS attacks-SlowHTTPTest       0.74      0.44      0.55      5596
   DoS attacks-Slowloris       0.99      0.71      0.83       440
          FTP-BruteForce       0.68      0.89      0.77      7718
           Infilteration       0.00      0.00      0.00      6404
           SQL Injection       0.00      0.00      0.00         4
          SSH-Bruteforce       1.00      1.00      1.00      7525

               micro avg       0.98      0.98      0.98    645488
               macro avg       0.67      0.67      0.66    645488
            weighted avg       0.97      0.98      0.98    645488

2020-01-14 13:34:08,689 [INFO] Overall accuracy (micro avg): 0.9826844186104157
2020-01-14 13:34:22,328 [INFO] Average metrics for Testing dataset below
   average type  avg accuracy  avg precision  avg detection rate (recall)  avg false alarm rate  avg false negative rate  avg f1
0     Micro avg        0.9827         0.9827                       0.9827                0.0012                   0.0173  0.9827
1     Macro avg        0.9977         0.6713                       0.6667                0.0046                   0.3333  0.6621
2  Weighted avg        0.9906         0.9731                       0.9827                0.0516                   0.0173  0.9773
2020-01-14 13:34:34,331 [INFO] Dataset: Validation. Classification report below
2020-01-14 13:34:34,331 [INFO] 
                          precision    recall  f1-score   support

                  Benign       0.99      1.00      0.99    535650
                     Bot       0.99      1.00      1.00     11465
        Brute Force -Web       0.00      0.00      0.00        25
        Brute Force -XSS       0.00      0.00      0.00         9
        DDOS attack-HOIC       1.00      1.00      1.00     27447
    DDOS attack-LOIC-UDP       0.75      0.99      0.85        68
  DDoS attacks-LOIC-HTTP       0.99      0.99      0.99     23009
   DoS attacks-GoldenEye       0.99      0.99      0.99      1651
        DoS attacks-Hulk       1.00      1.00      1.00     18478
DoS attacks-SlowHTTPTest       0.75      0.43      0.55      5596
   DoS attacks-Slowloris       0.98      0.76      0.86       439
          FTP-BruteForce       0.69      0.90      0.78      7718
           Infilteration       0.00      0.00      0.00      6403
           SQL Injection       0.00      0.00      0.00         4
          SSH-Bruteforce       1.00      1.00      1.00      7525

               micro avg       0.98      0.98      0.98    645487
               macro avg       0.68      0.67      0.67    645487
            weighted avg       0.97      0.98      0.98    645487

2020-01-14 13:34:34,333 [INFO] Overall accuracy (micro avg): 0.9828331167010335
2020-01-14 13:34:47,957 [INFO] Average metrics for Validation dataset below
   average type  avg accuracy  avg precision  avg detection rate (recall)  avg false alarm rate  avg false negative rate  avg f1
0     Micro avg        0.9828         0.9828                       0.9828                0.0012                   0.0172  0.9828
1     Macro avg        0.9977         0.6754                       0.6698                0.0046                   0.3302  0.6668
2  Weighted avg        0.9907         0.9732                       0.9828                0.0512                   0.0172  0.9775
2020-01-14 13:35:27,215 [INFO] Dataset: Training. Classification report below
2020-01-14 13:35:27,215 [INFO] 
                          precision    recall  f1-score   support

                  Benign       0.99      1.00      0.99   1606949
                     Bot       0.99      1.00      1.00     34396
        Brute Force -Web       0.00      0.00      0.00        73
        Brute Force -XSS       0.00      0.00      0.00        26
        DDOS attack-HOIC       1.00      1.00      1.00     82341
    DDOS attack-LOIC-UDP       0.72      0.98      0.83       203
  DDoS attacks-LOIC-HTTP       0.99      0.99      0.99     69029
   DoS attacks-GoldenEye       0.98      0.99      0.99      4954
        DoS attacks-Hulk       1.00      1.00      1.00     55435
DoS attacks-SlowHTTPTest       0.74      0.43      0.55     16787
   DoS attacks-Slowloris       1.00      0.74      0.85      1318
          FTP-BruteForce       0.68      0.89      0.77     23153
           Infilteration       0.00      0.00      0.00     19210
           SQL Injection       0.00      0.00      0.00        12
          SSH-Bruteforce       1.00      1.00      1.00     22576

               micro avg       0.98      0.98      0.98   1936462
               macro avg       0.67      0.67      0.66   1936462
            weighted avg       0.97      0.98      0.98   1936462

2020-01-14 13:35:27,215 [INFO] Overall accuracy (micro avg): 0.9827587631463979
2020-01-14 13:36:11,800 [INFO] Average metrics for Training dataset below
   average type  avg accuracy  avg precision  avg detection rate (recall)  avg false alarm rate  avg false negative rate  avg f1
0     Micro avg        0.9828         0.9828                       0.9828                0.0012                   0.0172  0.9828
1     Macro avg        0.9977         0.6729                       0.6678                0.0046                   0.3322  0.6641
2  Weighted avg        0.9907         0.9732                       0.9828                0.0513                   0.0172  0.9774
2020-01-14 13:36:11,860 [INFO] Results saved to: results_additional_exps/train_time_ids18_subset_dbn_shallow_rep1/train_time_ids18_subset_dbn_shallow_rep1_results.xlsx
2020-01-14 13:36:11,864 [INFO] ================= Finished running experiment no. 1 ================= 

2020-01-14 13:36:11,943 [INFO] Created directory: results_additional_exps/train_time_ids18_subset_dbn_shallow_rep2
