2020-01-07 21:00:33,377 [INFO] Initialized logging. log_filename = results_additional_exps/semi_sup_perf_nsl_ann_rep3/run_log.log
2020-01-07 21:00:33,377 [INFO] ================= Running experiment no. 3  ================= 

2020-01-07 21:00:33,377 [INFO] Experiment parameters given below
2020-01-07 21:00:33,377 [INFO] 
{'experiment_num': 3, 'results_dir': 'results_additional_exps/semi_sup_perf_nsl_ann_rep3', 'model_type': 'classifier', 'model': 'ann', 'normal_label': 'normal', 'training_data_feed': 'preload', 'split_random_seed': 42, 'dataset_split_ratio': 0.75, 'ann_layer_units': [64], 'ann_layer_activations': ['relu'], 'ann_layer_dropout_rates': [0.2], 'epochs': 300, 'early_stop_patience': 50, 'batch_size': 256, 'training_set': 'train_set_only', 'dataset_dir': '../Datasets/small_datasets/nsl_kdd_five_classes', 'description': 'semi_sup_perf_nsl_ann_rep3'}
2020-01-07 21:00:33,377 [INFO] Created tensorboard log directory: results_additional_exps/semi_sup_perf_nsl_ann_rep3/tf_logs_run_2020_01_07-21_00_33
2020-01-07 21:00:33,377 [INFO] Loading datsets from: ../Datasets/small_datasets/nsl_kdd_five_classes
2020-01-07 21:00:33,378 [INFO] Reading X, y files
2020-01-07 21:00:33,378 [INFO] Reading HDF dataset ../Datasets/small_datasets/nsl_kdd_five_classes/X_train.h5
2020-01-07 21:00:33,605 [INFO] Reading complete. time_to_read=0.23 seconds
2020-01-07 21:00:33,605 [INFO] Reading HDF dataset ../Datasets/small_datasets/nsl_kdd_five_classes/X_val.h5
2020-01-07 21:00:33,667 [INFO] Reading complete. time_to_read=0.06 seconds
2020-01-07 21:00:33,667 [INFO] Reading HDF dataset ../Datasets/small_datasets/nsl_kdd_five_classes/X_test.h5
2020-01-07 21:00:33,723 [INFO] Reading complete. time_to_read=0.06 seconds
2020-01-07 21:00:33,723 [INFO] Reading HDF dataset ../Datasets/small_datasets/nsl_kdd_five_classes/y_train.h5
2020-01-07 21:00:33,731 [INFO] Reading complete. time_to_read=0.01 seconds
2020-01-07 21:00:33,732 [INFO] Reading HDF dataset ../Datasets/small_datasets/nsl_kdd_five_classes/y_val.h5
2020-01-07 21:00:33,736 [INFO] Reading complete. time_to_read=0.00 seconds
2020-01-07 21:00:33,736 [INFO] Reading HDF dataset ../Datasets/small_datasets/nsl_kdd_five_classes/y_test.h5
2020-01-07 21:00:33,740 [INFO] Reading complete. time_to_read=0.00 seconds
2020-01-07 21:00:33,854 [INFO] Initializing model
2020-01-07 21:00:33,974 [INFO] _________________________________________________________________
2020-01-07 21:00:33,974 [INFO] Layer (type)                 Output Shape              Param #   
2020-01-07 21:00:33,974 [INFO] =================================================================
2020-01-07 21:00:33,974 [INFO] dense_5 (Dense)              (None, 64)                7872      
2020-01-07 21:00:33,974 [INFO] _________________________________________________________________
2020-01-07 21:00:33,974 [INFO] batch_normalization_3 (Batch (None, 64)                256       
2020-01-07 21:00:33,974 [INFO] _________________________________________________________________
2020-01-07 21:00:33,975 [INFO] dropout_3 (Dropout)          (None, 64)                0         
2020-01-07 21:00:33,975 [INFO] _________________________________________________________________
2020-01-07 21:00:33,975 [INFO] dense_6 (Dense)              (None, 5)                 325       
2020-01-07 21:00:33,975 [INFO] =================================================================
2020-01-07 21:00:33,975 [INFO] Total params: 8,453
2020-01-07 21:00:33,975 [INFO] Trainable params: 8,325
2020-01-07 21:00:33,975 [INFO] Non-trainable params: 128
2020-01-07 21:00:33,975 [INFO] _________________________________________________________________
2020-01-07 21:00:33,975 [INFO] Training model
2020-01-07 21:00:33,975 [INFO] Splitting train set into 2 sets (set1, set2), random_seed = 42
2020-01-07 21:00:34,999 [INFO] Split sizes (instances). total = 100778, set1 = 75583, set2 = 25195, set1 dataset hash = 40fcc5b399aca9d2e6f9581990505c20b3f01fda
2020-01-07 21:01:01,004 [INFO] epoch = 30. Intermediate model saved to results_additional_exps/semi_sup_perf_nsl_ann_rep3/ann_model_epoch_30.pickle
2020-01-07 21:01:24,827 [INFO] epoch = 60. Intermediate model saved to results_additional_exps/semi_sup_perf_nsl_ann_rep3/ann_model_epoch_60.pickle
2020-01-07 21:01:48,627 [INFO] epoch = 90. Intermediate model saved to results_additional_exps/semi_sup_perf_nsl_ann_rep3/ann_model_epoch_90.pickle
2020-01-07 21:02:12,468 [INFO] epoch = 120. Intermediate model saved to results_additional_exps/semi_sup_perf_nsl_ann_rep3/ann_model_epoch_120.pickle
2020-01-07 21:02:36,272 [INFO] epoch = 150. Intermediate model saved to results_additional_exps/semi_sup_perf_nsl_ann_rep3/ann_model_epoch_150.pickle
2020-01-07 21:02:40,645 [INFO] WeightRestorer::on_train_end(): restoring best weights
2020-01-07 21:02:41,706 [INFO] Last epoch loss evaluation: train_loss = 0.002606, val_loss = 0.008487
2020-01-07 21:02:41,707 [INFO] Training complete. time_to_train = 127.73 sec, 2.13 min
2020-01-07 21:02:41,711 [INFO] Model saved to results_additional_exps/semi_sup_perf_nsl_ann_rep3/best_model.pickle
2020-01-07 21:02:41,714 [INFO] Training history saved to: results_additional_exps/semi_sup_perf_nsl_ann_rep3/training_error_history.csv
2020-01-07 21:02:41,904 [INFO] Plot saved to: results_additional_exps/semi_sup_perf_nsl_ann_rep3/training_error_history.png
2020-01-07 21:02:42,075 [INFO] Plot saved to: results_additional_exps/semi_sup_perf_nsl_ann_rep3/training_f1_history.png
2020-01-07 21:02:42,075 [INFO] Making predictions on training, validation, testing data
2020-01-07 21:02:44,488 [INFO] Evaluating predictions (results)
2020-01-07 21:02:45,045 [INFO] Dataset: Testing. Classification report below
2020-01-07 21:02:45,045 [INFO] 
              precision    recall  f1-score   support

         dos       0.97      0.85      0.91      7458
      normal       0.69      0.97      0.81      9711
       probe       0.86      0.71      0.78      2421
         r2l       0.88      0.10      0.18      2421
         u2r       0.79      0.06      0.11       533

    accuracy                           0.79     22544
   macro avg       0.84      0.54      0.56     22544
weighted avg       0.82      0.79      0.75     22544

2020-01-07 21:02:45,045 [INFO] Overall accuracy (micro avg): 0.7890347764371894
2020-01-07 21:02:45,643 [INFO] Average metrics for Testing dataset below
   average type  avg accuracy  avg precision  avg detection rate (recall)  avg false alarm rate  avg false negative rate  avg f1
0     Micro avg        0.7890         0.7890                       0.7890                0.0527                   0.2110  0.7890
1     Macro avg        0.9156         0.8377                       0.5391                0.0717                   0.4609  0.5564
2  Weighted avg        0.8792         0.8231                       0.7890                0.1478                   0.2110  0.7533
2020-01-07 21:02:46,324 [INFO] Dataset: Validation. Classification report below
2020-01-07 21:02:46,324 [INFO] 
              precision    recall  f1-score   support

         dos       1.00      1.00      1.00      9186
      normal       1.00      1.00      1.00     13469
       probe       0.99      0.99      0.99      2331
         r2l       0.96      0.89      0.92       199
         u2r       0.67      0.40      0.50        10

    accuracy                           1.00     25195
   macro avg       0.92      0.86      0.88     25195
weighted avg       1.00      1.00      1.00     25195

2020-01-07 21:02:46,324 [INFO] Overall accuracy (micro avg): 0.9957531256201627
2020-01-07 21:02:47,000 [INFO] Average metrics for Validation dataset below
   average type  avg accuracy  avg precision  avg detection rate (recall)  avg false alarm rate  avg false negative rate  avg f1
0     Micro avg        0.9958         0.9958                       0.9958                0.0011                   0.0042  0.9958
1     Macro avg        0.9983         0.9212                       0.8551                0.0015                   0.1449  0.8812
2  Weighted avg        0.9973         0.9957                       0.9958                0.0030                   0.0042  0.9957
2020-01-07 21:02:49,849 [INFO] Dataset: Training. Classification report below
2020-01-07 21:02:49,851 [INFO] 
              precision    recall  f1-score   support

         dos       1.00      1.00      1.00     36741
      normal       1.00      1.00      1.00     53874
       probe       0.99      0.99      0.99      9325
         r2l       0.97      0.90      0.93       796
         u2r       0.81      0.60      0.68        42

    accuracy                           1.00    100778
   macro avg       0.95      0.90      0.92    100778
weighted avg       1.00      1.00      1.00    100778

2020-01-07 21:02:49,851 [INFO] Overall accuracy (micro avg): 0.9963583321756733
2020-01-07 21:02:52,902 [INFO] Average metrics for Training dataset below
   average type  avg accuracy  avg precision  avg detection rate (recall)  avg false alarm rate  avg false negative rate  avg f1
0     Micro avg        0.9964         0.9964                       0.9964                0.0009                   0.0036  0.9964
1     Macro avg        0.9985         0.9525                       0.8953                0.0013                   0.1047  0.9205
2  Weighted avg        0.9977         0.9963                       0.9964                0.0028                   0.0036  0.9963
2020-01-07 21:02:52,949 [INFO] Results saved to: results_additional_exps/semi_sup_perf_nsl_ann_rep3/semi_sup_perf_nsl_ann_rep3_results.xlsx
2020-01-07 21:02:52,949 [INFO] ================= Finished running experiment no. 3 ================= 

2020-01-07 21:02:52,950 [INFO] Created directory: results_additional_exps/semi_sup_perf_ids17_ann_rep1
