2019-12-27 09:39:50,891 [INFO] Initialized logging. log_filename = results_selected_models/selected_ids18_subset_lstm_deep_rep5/run_log.log
2019-12-27 09:39:50,891 [INFO] ================= Running experiment no. 5  ================= 

2019-12-27 09:39:50,891 [INFO] Experiment parameters given below
2019-12-27 09:39:50,891 [INFO] 
{'experiment_num': 5, 'results_dir': 'results_selected_models/selected_ids18_subset_lstm_deep_rep5', 'model': 'lstm', 'model_type': 'classifier', 'normal_label': 'BENIGN', 'lstm_time_steps': 32, 'lstm_layer_units': [64, 32], 'lstm_layer_activations': ['relu', 'relu'], 'lstm_layer_dropout_rates': [0.2, 0.2], 'batch_size': 256, 'epochs': 300, 'early_stop_patience': 50, 'dataset_dir': '../Datasets/small_datasets/ids2018', 'description': 'selected_ids18_subset_lstm_deep_rep5'}
2019-12-27 09:39:50,891 [INFO] Created tensorboard log directory: results_selected_models/selected_ids18_subset_lstm_deep_rep5/tf_logs_run_2019_12_27-09_39_50
2019-12-27 09:39:50,891 [INFO] Loading datsets from: ../Datasets/small_datasets/ids2018
2019-12-27 09:39:50,892 [INFO] Reading X, y files
2019-12-27 09:39:50,892 [INFO] Reading HDF dataset ../Datasets/small_datasets/ids2018/X_train.h5
2019-12-27 09:39:56,274 [INFO] Reading complete. time_to_read=5.38 seconds
2019-12-27 09:39:56,275 [INFO] Reading HDF dataset ../Datasets/small_datasets/ids2018/X_val.h5
2019-12-27 09:39:57,843 [INFO] Reading complete. time_to_read=1.57 seconds
2019-12-27 09:39:57,843 [INFO] Reading HDF dataset ../Datasets/small_datasets/ids2018/X_test.h5
2019-12-27 09:39:59,503 [INFO] Reading complete. time_to_read=1.66 seconds
2019-12-27 09:39:59,503 [INFO] Reading HDF dataset ../Datasets/small_datasets/ids2018/y_train.h5
2019-12-27 09:39:59,950 [INFO] Reading complete. time_to_read=0.45 seconds
2019-12-27 09:39:59,950 [INFO] Reading HDF dataset ../Datasets/small_datasets/ids2018/y_val.h5
2019-12-27 09:40:00,126 [INFO] Reading complete. time_to_read=0.18 seconds
2019-12-27 09:40:00,126 [INFO] Reading HDF dataset ../Datasets/small_datasets/ids2018/y_test.h5
2019-12-27 09:40:00,311 [INFO] Reading complete. time_to_read=0.19 seconds
2019-12-27 09:40:03,077 [INFO] Preparing flow sequences
2019-12-27 09:40:27,940 [INFO] Extracting flows complete. time_taken = 24.86 sec
2019-12-27 09:40:29,212 [INFO] Initializing model
2019-12-27 09:40:29,665 [INFO] _________________________________________________________________
2019-12-27 09:40:29,665 [INFO] Layer (type)                 Output Shape              Param #   
2019-12-27 09:40:29,665 [INFO] =================================================================
2019-12-27 09:40:29,665 [INFO] lstm_29 (LSTM)               (None, 32, 64)            36352     
2019-12-27 09:40:29,665 [INFO] _________________________________________________________________
2019-12-27 09:40:29,665 [INFO] batch_normalization_29 (Batc (None, 32, 64)            256       
2019-12-27 09:40:29,665 [INFO] _________________________________________________________________
2019-12-27 09:40:29,665 [INFO] dropout_29 (Dropout)         (None, 32, 64)            0         
2019-12-27 09:40:29,665 [INFO] _________________________________________________________________
2019-12-27 09:40:29,665 [INFO] lstm_30 (LSTM)               (None, 32, 32)            12416     
2019-12-27 09:40:29,665 [INFO] _________________________________________________________________
2019-12-27 09:40:29,665 [INFO] batch_normalization_30 (Batc (None, 32, 32)            128       
2019-12-27 09:40:29,665 [INFO] _________________________________________________________________
2019-12-27 09:40:29,665 [INFO] dropout_30 (Dropout)         (None, 32, 32)            0         
2019-12-27 09:40:29,665 [INFO] _________________________________________________________________
2019-12-27 09:40:29,665 [INFO] time_distributed_15 (TimeDis (None, 32, 15)            495       
2019-12-27 09:40:29,666 [INFO] =================================================================
2019-12-27 09:40:29,666 [INFO] Total params: 49,647
2019-12-27 09:40:29,666 [INFO] Trainable params: 49,455
2019-12-27 09:40:29,666 [INFO] Non-trainable params: 192
2019-12-27 09:40:29,666 [INFO] _________________________________________________________________
2019-12-27 09:40:29,666 [INFO] Training model
2019-12-27 09:50:21,697 [INFO] epoch = 30. Intermediate model saved to results_selected_models/selected_ids18_subset_lstm_deep_rep5/_model_epoch_30.pickle
2019-12-27 09:59:42,331 [INFO] epoch = 60. Intermediate model saved to results_selected_models/selected_ids18_subset_lstm_deep_rep5/_model_epoch_60.pickle
2019-12-27 10:09:03,200 [INFO] epoch = 90. Intermediate model saved to results_selected_models/selected_ids18_subset_lstm_deep_rep5/_model_epoch_90.pickle
2019-12-27 10:18:23,875 [INFO] epoch = 120. Intermediate model saved to results_selected_models/selected_ids18_subset_lstm_deep_rep5/_model_epoch_120.pickle
2019-12-27 10:27:44,773 [INFO] epoch = 150. Intermediate model saved to results_selected_models/selected_ids18_subset_lstm_deep_rep5/_model_epoch_150.pickle
2019-12-27 10:37:05,941 [INFO] epoch = 180. Intermediate model saved to results_selected_models/selected_ids18_subset_lstm_deep_rep5/_model_epoch_180.pickle
2019-12-27 10:42:27,560 [INFO] WeightRestorer::on_train_end(): restoring best weights
2019-12-27 10:42:42,141 [INFO] Last epoch loss evaluation: train_loss = 0.007596, val_loss = 0.007895
2019-12-27 10:42:42,141 [INFO] Training complete. time_to_train = 3732.47 sec, 62.21 min
2019-12-27 10:42:42,148 [INFO] Model saved to results_selected_models/selected_ids18_subset_lstm_deep_rep5/best_model.pickle
2019-12-27 10:42:42,151 [INFO] Training history saved to: results_selected_models/selected_ids18_subset_lstm_deep_rep5/training_error_history.csv
2019-12-27 10:42:42,299 [INFO] Plot saved to: results_selected_models/selected_ids18_subset_lstm_deep_rep5/training_error_history.png
2019-12-27 10:42:42,420 [INFO] Plot saved to: results_selected_models/selected_ids18_subset_lstm_deep_rep5/training_f1_history.png
2019-12-27 10:42:42,420 [INFO] Making predictions on training, validation, testing data
2019-12-27 10:42:58,273 [INFO] Evaluating predictions (results)
2019-12-27 10:43:10,332 [INFO] Dataset: Testing. Classification report below
2019-12-27 10:43:10,332 [INFO] 
                          precision    recall  f1-score   support

                  Benign       0.99      1.00      0.99    535639
                     Bot       1.00      1.00      1.00     11465
        Brute Force -Web       0.00      0.00      0.00        24
        Brute Force -XSS       1.00      0.22      0.36         9
        DDOS attack-HOIC       1.00      1.00      1.00     27446
    DDOS attack-LOIC-UDP       0.68      0.88      0.77        67
  DDoS attacks-LOIC-HTTP       0.99      0.99      0.99     23008
   DoS attacks-GoldenEye       0.99      1.00      1.00      1651
        DoS attacks-Hulk       1.00      1.00      1.00     18477
DoS attacks-SlowHTTPTest       0.72      0.54      0.61      5596
   DoS attacks-Slowloris       0.95      0.95      0.95       440
          FTP-BruteForce       0.72      0.85      0.78      7718
           Infilteration       0.40      0.00      0.00      6403
           SQL Injection       0.00      0.00      0.00         4
          SSH-Bruteforce       1.00      1.00      1.00      7525

               micro avg       0.98      0.98      0.98    645472
               macro avg       0.76      0.70      0.70    645472
            weighted avg       0.98      0.98      0.98    645472

2019-12-27 10:43:10,332 [INFO] Overall accuracy (micro avg): 0.9834849536463239
2019-12-27 10:43:24,015 [INFO] Average metrics for Testing dataset below
   average type  avg accuracy  avg precision  avg detection rate (recall)  avg false alarm rate  avg false negative rate  avg f1
0     Micro avg        0.9835         0.9835                       0.9835                0.0012                   0.0165  0.9835
1     Macro avg        0.9978         0.7623                       0.6950                0.0044                   0.3050  0.6968
2  Weighted avg        0.9910         0.9776                       0.9835                0.0499                   0.0165  0.9784
2019-12-27 10:43:36,313 [INFO] Dataset: Validation. Classification report below
2019-12-27 10:43:36,313 [INFO] 
                          precision    recall  f1-score   support

                  Benign       0.99      1.00      0.99    535636
                     Bot       1.00      1.00      1.00     11464
        Brute Force -Web       0.00      0.00      0.00        25
        Brute Force -XSS       1.00      0.56      0.71         9
        DDOS attack-HOIC       1.00      1.00      1.00     27447
    DDOS attack-LOIC-UDP       0.73      0.88      0.80        68
  DDoS attacks-LOIC-HTTP       0.99      0.99      0.99     23009
   DoS attacks-GoldenEye       1.00      1.00      1.00      1651
        DoS attacks-Hulk       1.00      1.00      1.00     18478
DoS attacks-SlowHTTPTest       0.72      0.53      0.61      5596
   DoS attacks-Slowloris       0.94      0.95      0.94       439
          FTP-BruteForce       0.71      0.85      0.78      7718
           Infilteration       0.42      0.00      0.00      6403
           SQL Injection       0.00      0.00      0.00         4
          SSH-Bruteforce       1.00      1.00      1.00      7525

               micro avg       0.98      0.98      0.98    645472
               macro avg       0.77      0.72      0.72    645472
            weighted avg       0.98      0.98      0.98    645472

2019-12-27 10:43:36,313 [INFO] Overall accuracy (micro avg): 0.9834865029002032
2019-12-27 10:43:50,293 [INFO] Average metrics for Validation dataset below
   average type  avg accuracy  avg precision  avg detection rate (recall)  avg false alarm rate  avg false negative rate  avg f1
0     Micro avg        0.9835         0.9835                       0.9835                0.0012                   0.0165  0.9835
1     Macro avg        0.9978         0.7663                       0.7172                0.0044                   0.2828  0.7218
2  Weighted avg        0.9910         0.9778                       0.9835                0.0499                   0.0165  0.9784
2019-12-27 10:44:30,150 [INFO] Dataset: Training. Classification report below
2019-12-27 10:44:30,150 [INFO] 
                          precision    recall  f1-score   support

                  Benign       0.99      1.00      0.99   1606935
                     Bot       1.00      1.00      1.00     34396
        Brute Force -Web       0.00      0.00      0.00        73
        Brute Force -XSS       1.00      0.35      0.51        26
        DDOS attack-HOIC       1.00      1.00      1.00     82341
    DDOS attack-LOIC-UDP       0.71      0.90      0.80       203
  DDoS attacks-LOIC-HTTP       0.99      0.99      0.99     69029
   DoS attacks-GoldenEye       1.00      1.00      1.00      4954
        DoS attacks-Hulk       1.00      1.00      1.00     55435
DoS attacks-SlowHTTPTest       0.74      0.54      0.62     16787
   DoS attacks-Slowloris       0.96      0.99      0.98      1318
          FTP-BruteForce       0.72      0.86      0.78     23153
           Infilteration       0.67      0.00      0.00     19210
           SQL Injection       1.00      0.17      0.29        12
          SSH-Bruteforce       1.00      1.00      1.00     22576

               micro avg       0.98      0.98      0.98   1936448
               macro avg       0.85      0.72      0.73   1936448
            weighted avg       0.98      0.98      0.98   1936448

2019-12-27 10:44:30,150 [INFO] Overall accuracy (micro avg): 0.9838580741646561
2019-12-27 10:45:15,395 [INFO] Average metrics for Training dataset below
   average type  avg accuracy  avg precision  avg detection rate (recall)  avg false alarm rate  avg false negative rate  avg f1
0     Micro avg        0.9839         0.9839                       0.9839                0.0012                   0.0161  0.9839
1     Macro avg        0.9978         0.8521                       0.7198                0.0044                   0.2802  0.7313
2  Weighted avg        0.9911         0.9807                       0.9839                0.0496                   0.0161  0.9787
2019-12-27 10:45:15,433 [INFO] Results saved to: results_selected_models/selected_ids18_subset_lstm_deep_rep5/selected_ids18_subset_lstm_deep_rep5_results.xlsx
2019-12-27 10:45:15,438 [INFO] ================= Finished running experiment no. 5 ================= 

2019-12-27 10:45:15,523 [INFO] ================= Finished running 15 experiments ================= 

