2020-01-08 10:22:43,364 [INFO] Initialized logging. log_filename = results_additional_exps/semi_sup_perf_ids18_subset_ae_ann_rep1/run_log.log
2020-01-08 10:22:43,364 [INFO] ================= Running experiment no. 1  ================= 

2020-01-08 10:22:43,364 [INFO] Experiment parameters given below
2020-01-08 10:22:43,364 [INFO] 
{'experiment_num': 1, 'results_dir': 'results_additional_exps/semi_sup_perf_ids18_subset_ae_ann_rep1', 'model_type': 'classifier', 'model': 'ae_ann', 'normal_label': 'BENIGN', 'split_random_seed': 42, 'unsupervised_ratio': 0.75, 'ae_encoder_units': [64], 'ae_encoder_activations': ['relu'], 'ae_encoder_dropout_rates': [0.2], 'ae_encoder_l1_param': -1, 'ae_decoder_units': '', 'ae_decoder_activations': '', 'ae_decoder_dropout_rates': '', 'output_activation': 'sigmoid', 'loss_function': 'binary_crossentropy', 'ae_epochs': 200, 'ann_layer_units': [64], 'ann_layer_activations': ['relu'], 'ann_layer_dropout_rates': [0.2], 'ann_epochs': 200, 'early_stop_patience': 50, 'batch_size': 256, 'dataset_dir': '../Datasets/small_datasets/ids2018', 'description': 'semi_sup_perf_ids18_subset_ae_ann_rep1'}
2020-01-08 10:22:43,364 [INFO] Created tensorboard log directory: results_additional_exps/semi_sup_perf_ids18_subset_ae_ann_rep1/tf_logs_run_2020_01_08-10_22_43
2020-01-08 10:22:43,364 [INFO] Loading datsets from: ../Datasets/small_datasets/ids2018
2020-01-08 10:22:43,365 [INFO] Reading X, y files
2020-01-08 10:22:43,365 [INFO] Reading HDF dataset ../Datasets/small_datasets/ids2018/X_train.h5
2020-01-08 10:22:47,841 [INFO] Reading complete. time_to_read=4.48 seconds
2020-01-08 10:22:47,841 [INFO] Reading HDF dataset ../Datasets/small_datasets/ids2018/X_val.h5
2020-01-08 10:22:49,373 [INFO] Reading complete. time_to_read=1.53 seconds
2020-01-08 10:22:49,373 [INFO] Reading HDF dataset ../Datasets/small_datasets/ids2018/X_test.h5
2020-01-08 10:22:50,899 [INFO] Reading complete. time_to_read=1.53 seconds
2020-01-08 10:22:50,900 [INFO] Reading HDF dataset ../Datasets/small_datasets/ids2018/y_train.h5
2020-01-08 10:22:51,187 [INFO] Reading complete. time_to_read=0.29 seconds
2020-01-08 10:22:51,187 [INFO] Reading HDF dataset ../Datasets/small_datasets/ids2018/y_val.h5
2020-01-08 10:22:51,272 [INFO] Reading complete. time_to_read=0.08 seconds
2020-01-08 10:22:51,272 [INFO] Reading HDF dataset ../Datasets/small_datasets/ids2018/y_test.h5
2020-01-08 10:22:51,356 [INFO] Reading complete. time_to_read=0.08 seconds
2020-01-08 10:22:55,266 [INFO] Initializing model
2020-01-08 10:22:55,266 [WARNING] From /home/hasitha/anaconda3/lib/python3.7/site-packages/keras/backend/tensorflow_backend.py:74: The name tf.get_default_graph is deprecated. Please use tf.compat.v1.get_default_graph instead.

2020-01-08 10:22:55,276 [WARNING] From /home/hasitha/anaconda3/lib/python3.7/site-packages/keras/backend/tensorflow_backend.py:517: The name tf.placeholder is deprecated. Please use tf.compat.v1.placeholder instead.

2020-01-08 10:22:55,277 [WARNING] From /home/hasitha/anaconda3/lib/python3.7/site-packages/keras/backend/tensorflow_backend.py:4138: The name tf.random_uniform is deprecated. Please use tf.random.uniform instead.

2020-01-08 10:22:55,336 [WARNING] From /home/hasitha/anaconda3/lib/python3.7/site-packages/keras/backend/tensorflow_backend.py:133: The name tf.placeholder_with_default is deprecated. Please use tf.compat.v1.placeholder_with_default instead.

2020-01-08 10:22:55,351 [WARNING] From /home/hasitha/anaconda3/lib/python3.7/site-packages/keras/backend/tensorflow_backend.py:3445: calling dropout (from tensorflow.python.ops.nn_ops) with keep_prob is deprecated and will be removed in a future version.
Instructions for updating:
Please use `rate` instead of `keep_prob`. Rate should be set to `rate = 1 - keep_prob`.
2020-01-08 10:22:55,372 [WARNING] From /home/hasitha/anaconda3/lib/python3.7/site-packages/keras/optimizers.py:790: The name tf.train.Optimizer is deprecated. Please use tf.compat.v1.train.Optimizer instead.

2020-01-08 10:22:55,386 [WARNING] From /home/hasitha/anaconda3/lib/python3.7/site-packages/keras/backend/tensorflow_backend.py:3376: The name tf.log is deprecated. Please use tf.math.log instead.

2020-01-08 10:22:55,389 [WARNING] From /home/hasitha/anaconda3/lib/python3.7/site-packages/tensorflow/python/ops/nn_impl.py:180: add_dispatch_support.<locals>.wrapper (from tensorflow.python.ops.array_ops) is deprecated and will be removed in a future version.
Instructions for updating:
Use tf.where in 2.0, which has the same broadcast rule as np.where
2020-01-08 10:22:55,399 [INFO] _________________________________________________________________
2020-01-08 10:22:55,400 [INFO] Layer (type)                 Output Shape              Param #   
2020-01-08 10:22:55,400 [INFO] =================================================================
2020-01-08 10:22:55,400 [INFO] dense_1 (Dense)              (None, 64)                4992      
2020-01-08 10:22:55,400 [INFO] _________________________________________________________________
2020-01-08 10:22:55,400 [INFO] batch_normalization_1 (Batch (None, 64)                256       
2020-01-08 10:22:55,400 [INFO] _________________________________________________________________
2020-01-08 10:22:55,400 [INFO] dropout_1 (Dropout)          (None, 64)                0         
2020-01-08 10:22:55,400 [INFO] _________________________________________________________________
2020-01-08 10:22:55,400 [INFO] dense_2 (Dense)              (None, 77)                5005      
2020-01-08 10:22:55,400 [INFO] =================================================================
2020-01-08 10:22:55,400 [INFO] Total params: 10,253
2020-01-08 10:22:55,400 [INFO] Trainable params: 10,125
2020-01-08 10:22:55,400 [INFO] Non-trainable params: 128
2020-01-08 10:22:55,400 [INFO] _________________________________________________________________
2020-01-08 10:22:55,511 [INFO] _________________________________________________________________
2020-01-08 10:22:55,511 [INFO] Layer (type)                 Output Shape              Param #   
2020-01-08 10:22:55,511 [INFO] =================================================================
2020-01-08 10:22:55,511 [INFO] dense_3 (Dense)              (None, 64)                4160      
2020-01-08 10:22:55,511 [INFO] _________________________________________________________________
2020-01-08 10:22:55,511 [INFO] batch_normalization_2 (Batch (None, 64)                256       
2020-01-08 10:22:55,511 [INFO] _________________________________________________________________
2020-01-08 10:22:55,511 [INFO] dropout_2 (Dropout)          (None, 64)                0         
2020-01-08 10:22:55,511 [INFO] _________________________________________________________________
2020-01-08 10:22:55,511 [INFO] dense_4 (Dense)              (None, 15)                975       
2020-01-08 10:22:55,511 [INFO] =================================================================
2020-01-08 10:22:55,512 [INFO] Total params: 5,391
2020-01-08 10:22:55,512 [INFO] Trainable params: 5,263
2020-01-08 10:22:55,512 [INFO] Non-trainable params: 128
2020-01-08 10:22:55,512 [INFO] _________________________________________________________________
2020-01-08 10:22:55,512 [INFO] Training model
2020-01-08 10:22:55,512 [INFO] Splitting train set into 2 sets (unsupervised, supervised), random_seed = 42
2020-01-08 10:23:18,468 [INFO] Split sizes (instances). total = 1936462, unsupervised = 1452346, supervised = 484116, unsupervised dataset hash = 380d72269f5bf1f4655cd65f184fdaf215e4cb4b
2020-01-08 10:23:18,468 [INFO] Training autoencoder
2020-01-08 10:23:19,396 [WARNING] From /home/hasitha/anaconda3/lib/python3.7/site-packages/keras/callbacks.py:850: The name tf.summary.merge_all is deprecated. Please use tf.compat.v1.summary.merge_all instead.

2020-01-08 10:23:19,396 [WARNING] From /home/hasitha/anaconda3/lib/python3.7/site-packages/keras/callbacks.py:853: The name tf.summary.FileWriter is deprecated. Please use tf.compat.v1.summary.FileWriter instead.

2020-01-08 10:31:27,359 [INFO] epoch = 20. Intermediate model saved to results_additional_exps/semi_sup_perf_ids18_subset_ae_ann_rep1/ae_model_epoch_20.pickle
2020-01-08 10:39:12,312 [INFO] epoch = 40. Intermediate model saved to results_additional_exps/semi_sup_perf_ids18_subset_ae_ann_rep1/ae_model_epoch_40.pickle
2020-01-08 10:46:57,348 [INFO] epoch = 60. Intermediate model saved to results_additional_exps/semi_sup_perf_ids18_subset_ae_ann_rep1/ae_model_epoch_60.pickle
2020-01-08 10:54:43,872 [INFO] epoch = 80. Intermediate model saved to results_additional_exps/semi_sup_perf_ids18_subset_ae_ann_rep1/ae_model_epoch_80.pickle
2020-01-08 11:02:30,613 [INFO] epoch = 100. Intermediate model saved to results_additional_exps/semi_sup_perf_ids18_subset_ae_ann_rep1/ae_model_epoch_100.pickle
2020-01-08 11:10:17,169 [INFO] epoch = 120. Intermediate model saved to results_additional_exps/semi_sup_perf_ids18_subset_ae_ann_rep1/ae_model_epoch_120.pickle
2020-01-08 11:18:03,822 [INFO] epoch = 140. Intermediate model saved to results_additional_exps/semi_sup_perf_ids18_subset_ae_ann_rep1/ae_model_epoch_140.pickle
2020-01-08 11:25:50,271 [INFO] epoch = 160. Intermediate model saved to results_additional_exps/semi_sup_perf_ids18_subset_ae_ann_rep1/ae_model_epoch_160.pickle
2020-01-08 11:33:36,439 [INFO] epoch = 180. Intermediate model saved to results_additional_exps/semi_sup_perf_ids18_subset_ae_ann_rep1/ae_model_epoch_180.pickle
2020-01-08 11:40:59,261 [INFO] WeightRestorer::on_train_end(): restoring best weights
2020-01-08 11:41:27,305 [INFO] Last epoch loss evaluation: train_loss = -3.673298, val_loss = -3.677948
2020-01-08 11:41:27,305 [INFO] Training autoencoder complete
2020-01-08 11:41:27,305 [INFO] Encoding data for supervised training
2020-01-08 11:41:40,786 [INFO] Encoding complete
2020-01-08 11:41:40,786 [INFO] Training neural network layers (after autoencoder)
2020-01-08 11:46:14,559 [INFO] epoch = 20. Intermediate model saved to results_additional_exps/semi_sup_perf_ids18_subset_ae_ann_rep1/ann_model_epoch_20.pickle
2020-01-08 11:50:43,051 [INFO] epoch = 40. Intermediate model saved to results_additional_exps/semi_sup_perf_ids18_subset_ae_ann_rep1/ann_model_epoch_40.pickle
2020-01-08 11:55:11,558 [INFO] epoch = 60. Intermediate model saved to results_additional_exps/semi_sup_perf_ids18_subset_ae_ann_rep1/ann_model_epoch_60.pickle
2020-01-08 11:59:40,307 [INFO] epoch = 80. Intermediate model saved to results_additional_exps/semi_sup_perf_ids18_subset_ae_ann_rep1/ann_model_epoch_80.pickle
2020-01-08 12:04:07,246 [INFO] epoch = 100. Intermediate model saved to results_additional_exps/semi_sup_perf_ids18_subset_ae_ann_rep1/ann_model_epoch_100.pickle
2020-01-08 12:08:35,204 [INFO] epoch = 120. Intermediate model saved to results_additional_exps/semi_sup_perf_ids18_subset_ae_ann_rep1/ann_model_epoch_120.pickle
2020-01-08 12:13:03,221 [INFO] epoch = 140. Intermediate model saved to results_additional_exps/semi_sup_perf_ids18_subset_ae_ann_rep1/ann_model_epoch_140.pickle
2020-01-08 12:17:32,481 [INFO] epoch = 160. Intermediate model saved to results_additional_exps/semi_sup_perf_ids18_subset_ae_ann_rep1/ann_model_epoch_160.pickle
2020-01-08 12:22:02,083 [INFO] epoch = 180. Intermediate model saved to results_additional_exps/semi_sup_perf_ids18_subset_ae_ann_rep1/ann_model_epoch_180.pickle
2020-01-08 12:25:59,419 [INFO] WeightRestorer::on_train_end(): restoring best weights
2020-01-08 12:26:16,750 [INFO] Last epoch loss evaluation: train_loss = 0.007548, val_loss = 0.007739
2020-01-08 12:26:16,793 [INFO] Training complete. time_to_train = 7401.28 sec, 123.35 min
2020-01-08 12:26:16,800 [INFO] Model saved to results_additional_exps/semi_sup_perf_ids18_subset_ae_ann_rep1/best_model.pickle
2020-01-08 12:26:16,803 [INFO] Training history saved to: results_additional_exps/semi_sup_perf_ids18_subset_ae_ann_rep1/training_error_history.csv
2020-01-08 12:26:16,962 [INFO] Plot saved to: results_additional_exps/semi_sup_perf_ids18_subset_ae_ann_rep1/training_error_history.png
2020-01-08 12:26:17,108 [INFO] Plot saved to: results_additional_exps/semi_sup_perf_ids18_subset_ae_ann_rep1/training_f1_history.png
2020-01-08 12:26:17,108 [INFO] Making predictions on training, validation, testing data
2020-01-08 12:27:34,221 [INFO] Evaluating predictions (results)
2020-01-08 12:27:46,398 [INFO] Dataset: Testing. Classification report below
2020-01-08 12:27:46,398 [INFO] 
                          precision    recall  f1-score   support

                  Benign       0.99      1.00      0.99    535650
                     Bot       1.00      1.00      1.00     11465
        Brute Force -Web       1.00      0.12      0.22        24
        Brute Force -XSS       0.60      0.33      0.43         9
        DDOS attack-HOIC       1.00      1.00      1.00     27447
    DDOS attack-LOIC-UDP       0.76      0.97      0.86        67
  DDoS attacks-LOIC-HTTP       0.99      0.99      0.99     23010
   DoS attacks-GoldenEye       0.99      1.00      1.00      1651
        DoS attacks-Hulk       1.00      1.00      1.00     18478
DoS attacks-SlowHTTPTest       0.74      0.53      0.61      5596
   DoS attacks-Slowloris       0.86      0.97      0.91       440
          FTP-BruteForce       0.72      0.86      0.78      7718
           Infilteration       0.45      0.01      0.02      6404
           SQL Injection       1.00      0.25      0.40         4
          SSH-Bruteforce       1.00      1.00      1.00      7525

               micro avg       0.98      0.98      0.98    645488
               macro avg       0.87      0.74      0.75    645488
            weighted avg       0.98      0.98      0.98    645488

2020-01-08 12:27:46,398 [INFO] Overall accuracy (micro avg): 0.9836216939741714
2020-01-08 12:28:00,223 [INFO] Average metrics for Testing dataset below
   average type  avg accuracy  avg precision  avg detection rate (recall)  avg false alarm rate  avg false negative rate  avg f1
0     Micro avg        0.9836         0.9836                       0.9836                0.0012                   0.0164  0.9836
1     Macro avg        0.9978         0.8737                       0.7356                0.0044                   0.2644  0.7475
2  Weighted avg        0.9910         0.9785                       0.9836                0.0494                   0.0164  0.9786
2020-01-08 12:28:12,429 [INFO] Dataset: Validation. Classification report below
2020-01-08 12:28:12,429 [INFO] 
                          precision    recall  f1-score   support

                  Benign       0.99      1.00      0.99    535650
                     Bot       1.00      1.00      1.00     11465
        Brute Force -Web       1.00      0.20      0.33        25
        Brute Force -XSS       0.60      0.67      0.63         9
        DDOS attack-HOIC       1.00      1.00      1.00     27447
    DDOS attack-LOIC-UDP       0.80      0.99      0.88        68
  DDoS attacks-LOIC-HTTP       0.99      0.99      0.99     23009
   DoS attacks-GoldenEye       0.99      1.00      1.00      1651
        DoS attacks-Hulk       1.00      1.00      1.00     18478
DoS attacks-SlowHTTPTest       0.74      0.52      0.61      5596
   DoS attacks-Slowloris       0.87      0.97      0.92       439
          FTP-BruteForce       0.71      0.87      0.79      7718
           Infilteration       0.45      0.01      0.02      6403
           SQL Injection       0.00      0.00      0.00         4
          SSH-Bruteforce       1.00      1.00      1.00      7525

               micro avg       0.98      0.98      0.98    645487
               macro avg       0.81      0.75      0.74    645487
            weighted avg       0.98      0.98      0.98    645487

2020-01-08 12:28:12,429 [INFO] Overall accuracy (micro avg): 0.9836743420084371
2020-01-08 12:28:26,317 [INFO] Average metrics for Validation dataset below
   average type  avg accuracy  avg precision  avg detection rate (recall)  avg false alarm rate  avg false negative rate  avg f1
0     Micro avg        0.9837         0.9837                       0.9837                0.0012                   0.0163  0.9837
1     Macro avg        0.9978         0.8105                       0.7476                0.0044                   0.2524  0.7443
2  Weighted avg        0.9910         0.9786                       0.9837                0.0493                   0.0163  0.9787
2020-01-08 12:29:05,945 [INFO] Dataset: Training. Classification report below
2020-01-08 12:29:05,945 [INFO] 
                          precision    recall  f1-score   support

                  Benign       0.99      1.00      0.99   1606949
                     Bot       1.00      1.00      1.00     34396
        Brute Force -Web       1.00      0.12      0.22        73
        Brute Force -XSS       0.62      0.50      0.55        26
        DDOS attack-HOIC       1.00      1.00      1.00     82341
    DDOS attack-LOIC-UDP       0.77      0.96      0.85       203
  DDoS attacks-LOIC-HTTP       0.99      0.99      0.99     69029
   DoS attacks-GoldenEye       1.00      1.00      1.00      4954
        DoS attacks-Hulk       1.00      1.00      1.00     55435
DoS attacks-SlowHTTPTest       0.74      0.52      0.61     16787
   DoS attacks-Slowloris       0.89      0.98      0.93      1318
          FTP-BruteForce       0.71      0.87      0.78     23153
           Infilteration       0.55      0.01      0.02     19210
           SQL Injection       0.80      0.33      0.47        12
          SSH-Bruteforce       1.00      1.00      1.00     22576

               micro avg       0.98      0.98      0.98   1936462
               macro avg       0.87      0.75      0.76   1936462
            weighted avg       0.98      0.98      0.98   1936462

2020-01-08 12:29:05,945 [INFO] Overall accuracy (micro avg): 0.9836728012220224
2020-01-08 12:29:50,959 [INFO] Average metrics for Training dataset below
   average type  avg accuracy  avg precision  avg detection rate (recall)  avg false alarm rate  avg false negative rate  avg f1
0     Micro avg        0.9837         0.9837                       0.9837                0.0012                   0.0163  0.9837
1     Macro avg        0.9978         0.8700                       0.7528                0.0044                   0.2472  0.7619
2  Weighted avg        0.9910         0.9795                       0.9837                0.0492                   0.0163  0.9787
2020-01-08 12:29:51,006 [INFO] Results saved to: results_additional_exps/semi_sup_perf_ids18_subset_ae_ann_rep1/semi_sup_perf_ids18_subset_ae_ann_rep1_results.xlsx
2020-01-08 12:29:51,013 [INFO] ================= Finished running experiment no. 1 ================= 

2020-01-08 12:29:51,089 [INFO] Created directory: results_additional_exps/semi_sup_perf_ids18_subset_ae_ann_rep2
