2019-12-25 15:36:09,782 [INFO] Initialized logging. log_filename = results_selected_models/selected_ids18_subset_dbn_deep_rep4/run_log.log
2019-12-25 15:36:09,782 [INFO] ================= Running experiment no. 1  ================= 

2019-12-25 15:36:09,782 [INFO] Experiment parameters given below
2019-12-25 15:36:09,782 [INFO] 
{'experiment_num': 1, 'results_dir': 'results_selected_models/selected_ids18_subset_dbn_deep_rep4', 'model_type': 'classifier', 'model': 'dbn', 'normal_label': 'BENIGN', 'scaling_type': 'NA', 'dbn_layer_units': [128, 64, 35], 'ann_layer_activations': ['relu', 'relu', 'relu'], 'ann_layer_dropout_rates': [0.2, 0.2, 0.5], 'unsupervised_ratio': 0.5, 'dbn_learning_rate': 0.0001, 'pretrain_epochs': 50, 'fine_tune_epochs': 300, 'early_stop_patience': 50, 'batch_size': 256, 'dataset_dir': '../Datasets/small_datasets/ids2018', 'description': 'selected_ids18_subset_dbn_deep_rep4'}
2019-12-25 15:36:09,782 [INFO] Created tensorboard log directory: results_selected_models/selected_ids18_subset_dbn_deep_rep4/tf_logs_run_2019_12_25-15_36_09
2019-12-25 15:36:09,782 [INFO] Loading datsets from: ../Datasets/small_datasets/ids2018
2019-12-25 15:36:09,795 [INFO] Reading X, y files
2019-12-25 15:36:09,795 [INFO] Reading HDF dataset ../Datasets/small_datasets/ids2018/X_train.h5
2019-12-25 15:36:15,869 [INFO] Reading complete. time_to_read=6.07 seconds
2019-12-25 15:36:15,869 [INFO] Reading HDF dataset ../Datasets/small_datasets/ids2018/X_val.h5
2019-12-25 15:36:17,530 [INFO] Reading complete. time_to_read=1.66 seconds
2019-12-25 15:36:17,530 [INFO] Reading HDF dataset ../Datasets/small_datasets/ids2018/X_test.h5
2019-12-25 15:36:19,188 [INFO] Reading complete. time_to_read=1.66 seconds
2019-12-25 15:36:19,188 [INFO] Reading HDF dataset ../Datasets/small_datasets/ids2018/y_train.h5
2019-12-25 15:36:19,673 [INFO] Reading complete. time_to_read=0.49 seconds
2019-12-25 15:36:19,673 [INFO] Reading HDF dataset ../Datasets/small_datasets/ids2018/y_val.h5
2019-12-25 15:36:19,868 [INFO] Reading complete. time_to_read=0.19 seconds
2019-12-25 15:36:19,868 [INFO] Reading HDF dataset ../Datasets/small_datasets/ids2018/y_test.h5
2019-12-25 15:36:20,044 [INFO] Reading complete. time_to_read=0.18 seconds
2019-12-25 15:36:23,971 [INFO] Initializing model
2019-12-25 15:36:23,971 [INFO] Training model
2019-12-25 15:36:23,971 [INFO] Splitting train set into 2 sets (unsupervised, supervised), random_seed = None
2019-12-25 15:36:48,318 [INFO] Split sizes (instances). total = 1936462, unsupervised = 968231, supervised = 968231, unsupervised dataset hash = 2b9e3002e614a8027a60bbf392ada8cdd5a42e14
2019-12-25 15:36:48,318 [INFO] Pretraining Deep Belief Network
2019-12-25 16:11:32,914 [INFO] Pretraining Complete
2019-12-25 16:11:32,914 [INFO] Getting pretrained weights
2019-12-25 16:11:32,914 [INFO] Creating and initializing feed forward neural network
2019-12-25 16:11:33,751 [INFO] _________________________________________________________________
2019-12-25 16:11:33,751 [INFO] Layer (type)                 Output Shape              Param #   
2019-12-25 16:11:33,751 [INFO] =================================================================
2019-12-25 16:11:33,751 [INFO] dense_53 (Dense)             (None, 128)               9984      
2019-12-25 16:11:33,751 [INFO] _________________________________________________________________
2019-12-25 16:11:33,751 [INFO] batch_normalization_40 (Batc (None, 128)               512       
2019-12-25 16:11:33,751 [INFO] _________________________________________________________________
2019-12-25 16:11:33,752 [INFO] dropout_40 (Dropout)         (None, 128)               0         
2019-12-25 16:11:33,752 [INFO] _________________________________________________________________
2019-12-25 16:11:33,752 [INFO] dense_54 (Dense)             (None, 64)                8256      
2019-12-25 16:11:33,752 [INFO] _________________________________________________________________
2019-12-25 16:11:33,752 [INFO] batch_normalization_41 (Batc (None, 64)                256       
2019-12-25 16:11:33,752 [INFO] _________________________________________________________________
2019-12-25 16:11:33,752 [INFO] dropout_41 (Dropout)         (None, 64)                0         
2019-12-25 16:11:33,752 [INFO] _________________________________________________________________
2019-12-25 16:11:33,752 [INFO] dense_55 (Dense)             (None, 35)                2275      
2019-12-25 16:11:33,752 [INFO] _________________________________________________________________
2019-12-25 16:11:33,752 [INFO] batch_normalization_42 (Batc (None, 35)                140       
2019-12-25 16:11:33,752 [INFO] _________________________________________________________________
2019-12-25 16:11:33,752 [INFO] dropout_42 (Dropout)         (None, 35)                0         
2019-12-25 16:11:33,752 [INFO] _________________________________________________________________
2019-12-25 16:11:33,752 [INFO] dense_56 (Dense)             (None, 15)                540       
2019-12-25 16:11:33,752 [INFO] =================================================================
2019-12-25 16:11:33,753 [INFO] Total params: 21,963
2019-12-25 16:11:33,753 [INFO] Trainable params: 21,509
2019-12-25 16:11:33,753 [INFO] Non-trainable params: 454
2019-12-25 16:11:33,753 [INFO] _________________________________________________________________
2019-12-25 16:11:38,600 [INFO] Fine-tuning final neural network
2019-12-25 16:34:22,315 [INFO] epoch = 30. Intermediate model saved to results_selected_models/selected_ids18_subset_dbn_deep_rep4/ann_model_epoch_30.pickle
2019-12-25 16:56:29,750 [INFO] epoch = 60. Intermediate model saved to results_selected_models/selected_ids18_subset_dbn_deep_rep4/ann_model_epoch_60.pickle
2019-12-25 17:18:41,494 [INFO] epoch = 90. Intermediate model saved to results_selected_models/selected_ids18_subset_dbn_deep_rep4/ann_model_epoch_90.pickle
2019-12-25 17:40:49,343 [INFO] epoch = 120. Intermediate model saved to results_selected_models/selected_ids18_subset_dbn_deep_rep4/ann_model_epoch_120.pickle
2019-12-25 18:03:01,260 [INFO] epoch = 150. Intermediate model saved to results_selected_models/selected_ids18_subset_dbn_deep_rep4/ann_model_epoch_150.pickle
2019-12-25 18:25:09,437 [INFO] epoch = 180. Intermediate model saved to results_selected_models/selected_ids18_subset_dbn_deep_rep4/ann_model_epoch_180.pickle
2019-12-25 18:47:22,973 [INFO] epoch = 210. Intermediate model saved to results_selected_models/selected_ids18_subset_dbn_deep_rep4/ann_model_epoch_210.pickle
2019-12-25 19:09:31,436 [INFO] epoch = 240. Intermediate model saved to results_selected_models/selected_ids18_subset_dbn_deep_rep4/ann_model_epoch_240.pickle
2019-12-25 19:31:44,533 [INFO] epoch = 270. Intermediate model saved to results_selected_models/selected_ids18_subset_dbn_deep_rep4/ann_model_epoch_270.pickle
2019-12-25 19:53:29,956 [INFO] WeightRestorer::on_train_end(): restoring best weights
2019-12-25 19:54:23,409 [INFO] Last epoch loss evaluation: train_loss = 0.007712, val_loss = 0.007767
2019-12-25 19:54:23,455 [INFO] Training complete. time_to_train = 15479.48 sec, 257.99 min
2019-12-25 19:54:23,463 [INFO] Model saved to results_selected_models/selected_ids18_subset_dbn_deep_rep4/best_model.pickle
2019-12-25 19:54:23,529 [INFO] Training history saved to: results_selected_models/selected_ids18_subset_dbn_deep_rep4/training_error_history.csv
2019-12-25 19:54:23,909 [INFO] Plot saved to: results_selected_models/selected_ids18_subset_dbn_deep_rep4/training_error_history.png
2019-12-25 19:54:24,038 [INFO] Plot saved to: results_selected_models/selected_ids18_subset_dbn_deep_rep4/training_f1_history.png
2019-12-25 19:54:24,038 [INFO] Making predictions on training, validation, testing data
2019-12-25 19:56:08,297 [INFO] Evaluating predictions (results)
2019-12-25 19:56:20,481 [INFO] Dataset: Testing. Classification report below
2019-12-25 19:56:20,481 [INFO] 
                          precision    recall  f1-score   support

                  Benign       0.99      1.00      0.99    535650
                     Bot       1.00      1.00      1.00     11465
        Brute Force -Web       0.00      0.00      0.00        24
        Brute Force -XSS       0.00      0.00      0.00         9
        DDOS attack-HOIC       1.00      1.00      1.00     27447
    DDOS attack-LOIC-UDP       0.68      1.00      0.81        67
  DDoS attacks-LOIC-HTTP       1.00      0.99      0.99     23010
   DoS attacks-GoldenEye       0.99      1.00      0.99      1651
        DoS attacks-Hulk       1.00      1.00      1.00     18478
DoS attacks-SlowHTTPTest       0.74      0.52      0.61      5596
   DoS attacks-Slowloris       0.96      0.97      0.96       440
          FTP-BruteForce       0.71      0.87      0.78      7718
           Infilteration       0.43      0.01      0.01      6404
           SQL Injection       0.00      0.00      0.00         4
          SSH-Bruteforce       1.00      1.00      1.00      7525

               micro avg       0.98      0.98      0.98    645488
               macro avg       0.70      0.69      0.68    645488
            weighted avg       0.98      0.98      0.98    645488

2019-12-25 19:56:20,481 [INFO] Overall accuracy (micro avg): 0.9836542274991944
2019-12-25 19:56:34,391 [INFO] Average metrics for Testing dataset below
   average type  avg accuracy  avg precision  avg detection rate (recall)  avg false alarm rate  avg false negative rate  avg f1
0     Micro avg        0.9837         0.9837                       0.9837                0.0012                   0.0163  0.9837
1     Macro avg        0.9978         0.6998                       0.6898                0.0044                   0.3102  0.6772
2  Weighted avg        0.9910         0.9783                       0.9837                0.0498                   0.0163  0.9786
2019-12-25 19:56:46,552 [INFO] Dataset: Validation. Classification report below
2019-12-25 19:56:46,553 [INFO] 
                          precision    recall  f1-score   support

                  Benign       0.99      1.00      0.99    535650
                     Bot       1.00      1.00      1.00     11465
        Brute Force -Web       0.00      0.00      0.00        25
        Brute Force -XSS       0.00      0.00      0.00         9
        DDOS attack-HOIC       1.00      1.00      1.00     27447
    DDOS attack-LOIC-UDP       0.72      1.00      0.84        68
  DDoS attacks-LOIC-HTTP       1.00      0.99      0.99     23009
   DoS attacks-GoldenEye       0.99      1.00      1.00      1651
        DoS attacks-Hulk       1.00      1.00      1.00     18478
DoS attacks-SlowHTTPTest       0.74      0.51      0.61      5596
   DoS attacks-Slowloris       0.95      0.97      0.96       439
          FTP-BruteForce       0.71      0.87      0.78      7718
           Infilteration       0.40      0.01      0.01      6403
           SQL Injection       0.00      0.00      0.00         4
          SSH-Bruteforce       1.00      1.00      1.00      7525

               micro avg       0.98      0.98      0.98    645487
               macro avg       0.70      0.69      0.68    645487
            weighted avg       0.98      0.98      0.98    645487

2019-12-25 19:56:46,553 [INFO] Overall accuracy (micro avg): 0.9836727927905596
2019-12-25 19:57:00,349 [INFO] Average metrics for Validation dataset below
   average type  avg accuracy  avg precision  avg detection rate (recall)  avg false alarm rate  avg false negative rate  avg f1
0     Micro avg        0.9837         0.9837                       0.9837                0.0012                   0.0163  0.9837
1     Macro avg        0.9978         0.7004                       0.6902                0.0044                   0.3098  0.6790
2  Weighted avg        0.9910         0.9780                       0.9837                0.0498                   0.0163  0.9786
2019-12-25 19:57:40,078 [INFO] Dataset: Training. Classification report below
2019-12-25 19:57:40,078 [INFO] 
                          precision    recall  f1-score   support

                  Benign       0.99      1.00      0.99   1606949
                     Bot       1.00      1.00      1.00     34396
        Brute Force -Web       0.00      0.00      0.00        73
        Brute Force -XSS       0.00      0.00      0.00        26
        DDOS attack-HOIC       1.00      1.00      1.00     82341
    DDOS attack-LOIC-UDP       0.70      0.99      0.82       203
  DDoS attacks-LOIC-HTTP       1.00      0.99      0.99     69029
   DoS attacks-GoldenEye       0.99      1.00      1.00      4954
        DoS attacks-Hulk       1.00      1.00      1.00     55435
DoS attacks-SlowHTTPTest       0.74      0.51      0.61     16787
   DoS attacks-Slowloris       0.96      0.99      0.98      1318
          FTP-BruteForce       0.71      0.87      0.78     23153
           Infilteration       0.49      0.01      0.01     19210
           SQL Injection       0.00      0.00      0.00        12
          SSH-Bruteforce       1.00      1.00      1.00     22576

               micro avg       0.98      0.98      0.98   1936462
               macro avg       0.71      0.69      0.68   1936462
            weighted avg       0.98      0.98      0.98   1936462

2019-12-25 19:57:40,078 [INFO] Overall accuracy (micro avg): 0.9837012035351068
2019-12-25 19:58:25,151 [INFO] Average metrics for Training dataset below
   average type  avg accuracy  avg precision  avg detection rate (recall)  avg false alarm rate  avg false negative rate  avg f1
0     Micro avg        0.9837         0.9837                       0.9837                0.0012                   0.0163  0.9837
1     Macro avg        0.9978         0.7054                       0.6903                0.0044                   0.3097  0.6788
2  Weighted avg        0.9911         0.9788                       0.9837                0.0497                   0.0163  0.9786
2019-12-25 19:58:25,202 [INFO] Results saved to: results_selected_models/selected_ids18_subset_dbn_deep_rep4/selected_ids18_subset_dbn_deep_rep4_results.xlsx
2019-12-25 19:58:25,209 [INFO] ================= Finished running experiment no. 1 ================= 

2019-12-25 19:58:25,304 [INFO] Created directory: results_selected_models/selected_ids18_subset_dbn_deep_rep5
