2020-01-08 14:31:34,808 [INFO] Initialized logging. log_filename = results_additional_exps/ann_depth_ids17_layers_1/run_log.log
2020-01-08 14:31:34,808 [INFO] ================= Running experiment no. 1  ================= 

2020-01-08 14:31:34,808 [INFO] Experiment parameters given below
2020-01-08 14:31:34,808 [INFO] 
{'experiment_num': 1, 'results_dir': 'results_additional_exps/ann_depth_ids17_layers_1', 'model_type': 'classifier', 'model': 'ann', 'normal_label': 'BENIGN', 'training_data_feed': 'preload', 'scaling_type': 'NA', 'ann_layer_units': [64], 'ann_layer_activations': ['relu', 'relu', 'relu', 'relu', 'relu', 'relu', 'relu', 'relu', 'relu', 'relu'], 'ann_layer_dropout_rates': [0.2, 0.2, 0.2, 0.2, 0.2, 0.2, 0.2, 0.2, 0.2, 0.2], 'epochs': 200, 'early_stop_patience': 50, 'batch_size': 256, 'training_set': 'train_set_only', 'dataset_dir': '../Datasets/full_datasets/ids2017', 'description': 'ann_depth_ids17_layers_1'}
2020-01-08 14:31:34,808 [INFO] Created tensorboard log directory: results_additional_exps/ann_depth_ids17_layers_1/tf_logs_run_2020_01_08-14_31_34
2020-01-08 14:31:34,809 [INFO] Loading datsets from: ../Datasets/full_datasets/ids2017
2020-01-08 14:31:34,831 [INFO] Reading X, y files
2020-01-08 14:31:34,831 [INFO] Reading HDF dataset ../Datasets/full_datasets/ids2017/X_train.h5
2020-01-08 14:31:35,256 [INFO] NumExpr defaulting to 4 threads.
2020-01-08 14:31:46,924 [INFO] Reading complete. time_to_read=12.09 seconds
2020-01-08 14:31:46,924 [INFO] Reading HDF dataset ../Datasets/full_datasets/ids2017/X_val.h5
2020-01-08 14:31:51,680 [INFO] Reading complete. time_to_read=4.76 seconds
2020-01-08 14:31:51,680 [INFO] Reading HDF dataset ../Datasets/full_datasets/ids2017/X_test.h5
2020-01-08 14:31:55,771 [INFO] Reading complete. time_to_read=4.09 seconds
2020-01-08 14:31:55,772 [INFO] Reading HDF dataset ../Datasets/full_datasets/ids2017/y_train.h5
2020-01-08 14:31:56,622 [INFO] Reading complete. time_to_read=0.85 seconds
2020-01-08 14:31:56,622 [INFO] Reading HDF dataset ../Datasets/full_datasets/ids2017/y_val.h5
2020-01-08 14:31:57,015 [INFO] Reading complete. time_to_read=0.39 seconds
2020-01-08 14:31:57,016 [INFO] Reading HDF dataset ../Datasets/full_datasets/ids2017/y_test.h5
2020-01-08 14:31:57,380 [INFO] Reading complete. time_to_read=0.36 seconds
2020-01-08 14:32:00,194 [INFO] Initializing model
2020-01-08 14:32:00,308 [WARNING] From /home/nilwala/anaconda3/envs/ml_env/lib/python3.7/site-packages/tensorflow/python/framework/op_def_library.py:263: colocate_with (from tensorflow.python.framework.ops) is deprecated and will be removed in a future version.
Instructions for updating:
Colocations handled automatically by placer.
2020-01-08 14:32:00,472 [WARNING] From /home/nilwala/anaconda3/envs/ml_env/lib/python3.7/site-packages/keras/backend/tensorflow_backend.py:3445: calling dropout (from tensorflow.python.ops.nn_ops) with keep_prob is deprecated and will be removed in a future version.
Instructions for updating:
Please use `rate` instead of `keep_prob`. Rate should be set to `rate = 1 - keep_prob`.
2020-01-08 14:32:00,512 [INFO] _________________________________________________________________
2020-01-08 14:32:00,512 [INFO] Layer (type)                 Output Shape              Param #   
2020-01-08 14:32:00,512 [INFO] =================================================================
2020-01-08 14:32:00,512 [INFO] dense_1 (Dense)              (None, 64)                5056      
2020-01-08 14:32:00,512 [INFO] _________________________________________________________________
2020-01-08 14:32:00,512 [INFO] batch_normalization_1 (Batch (None, 64)                256       
2020-01-08 14:32:00,512 [INFO] _________________________________________________________________
2020-01-08 14:32:00,512 [INFO] dropout_1 (Dropout)          (None, 64)                0         
2020-01-08 14:32:00,512 [INFO] _________________________________________________________________
2020-01-08 14:32:00,512 [INFO] dense_2 (Dense)              (None, 12)                780       
2020-01-08 14:32:00,512 [INFO] =================================================================
2020-01-08 14:32:00,512 [INFO] Total params: 6,092
2020-01-08 14:32:00,512 [INFO] Trainable params: 5,964
2020-01-08 14:32:00,512 [INFO] Non-trainable params: 128
2020-01-08 14:32:00,513 [INFO] _________________________________________________________________
2020-01-08 14:32:00,513 [INFO] Training model
2020-01-08 14:32:07,531 [WARNING] From /home/nilwala/anaconda3/envs/ml_env/lib/python3.7/site-packages/tensorflow/python/ops/math_ops.py:3066: to_int32 (from tensorflow.python.ops.math_ops) is deprecated and will be removed in a future version.
Instructions for updating:
Use tf.cast instead.
2020-01-08 14:39:13,658 [INFO] epoch = 20. Intermediate model saved to results_additional_exps/ann_depth_ids17_layers_1/ann_model_epoch_20.pickle
2020-01-08 14:46:00,030 [INFO] epoch = 40. Intermediate model saved to results_additional_exps/ann_depth_ids17_layers_1/ann_model_epoch_40.pickle
2020-01-08 14:52:46,709 [INFO] epoch = 60. Intermediate model saved to results_additional_exps/ann_depth_ids17_layers_1/ann_model_epoch_60.pickle
2020-01-08 14:59:33,974 [INFO] epoch = 80. Intermediate model saved to results_additional_exps/ann_depth_ids17_layers_1/ann_model_epoch_80.pickle
2020-01-08 15:06:21,780 [INFO] epoch = 100. Intermediate model saved to results_additional_exps/ann_depth_ids17_layers_1/ann_model_epoch_100.pickle
2020-01-08 15:13:09,678 [INFO] epoch = 120. Intermediate model saved to results_additional_exps/ann_depth_ids17_layers_1/ann_model_epoch_120.pickle
2020-01-08 15:19:58,327 [INFO] epoch = 140. Intermediate model saved to results_additional_exps/ann_depth_ids17_layers_1/ann_model_epoch_140.pickle
2020-01-08 15:26:45,914 [INFO] epoch = 160. Intermediate model saved to results_additional_exps/ann_depth_ids17_layers_1/ann_model_epoch_160.pickle
2020-01-08 15:33:34,785 [INFO] epoch = 180. Intermediate model saved to results_additional_exps/ann_depth_ids17_layers_1/ann_model_epoch_180.pickle
2020-01-08 15:37:05,161 [INFO] WeightRestorer::on_train_end(): restoring best weights
2020-01-08 15:37:31,577 [INFO] Last epoch loss evaluation: train_loss = 0.002277, val_loss = 0.002334
2020-01-08 15:37:31,577 [INFO] Training complete. time_to_train = 3931.06 sec, 65.52 min
2020-01-08 15:37:31,581 [INFO] Model saved to results_additional_exps/ann_depth_ids17_layers_1/best_model.pickle
2020-01-08 15:37:31,598 [INFO] Training history saved to: results_additional_exps/ann_depth_ids17_layers_1/training_error_history.csv
2020-01-08 15:37:31,880 [INFO] Plot saved to: results_additional_exps/ann_depth_ids17_layers_1/training_error_history.png
2020-01-08 15:37:32,090 [INFO] Plot saved to: results_additional_exps/ann_depth_ids17_layers_1/training_f1_history.png
2020-01-08 15:37:32,090 [INFO] Making predictions on training, validation, testing data
2020-01-08 15:37:59,398 [INFO] Evaluating predictions (results)
2020-01-08 15:38:18,075 [INFO] Dataset: Testing. Classification report below
2020-01-08 15:38:18,075 [INFO] 
                        precision    recall  f1-score   support

                BENIGN       1.00      1.00      1.00    454265
                   Bot       0.97      0.38      0.54       391
                  DDoS       1.00      1.00      1.00     25605
         DoS GoldenEye       1.00      0.97      0.98      2058
              DoS Hulk       0.98      0.98      0.98     46025
      DoS Slowhttptest       0.89      0.99      0.94      1100
         DoS slowloris       0.99      0.96      0.98      1159
           FTP-Patator       1.00      1.00      1.00      1587
              PortScan       0.99      1.00      1.00     31761
           SSH-Patator       0.94      0.98      0.96      1179
Web Attack Brute Force       0.74      0.10      0.18       302
        Web Attack XSS       0.00      0.00      0.00       130

              accuracy                           0.99    565562
             macro avg       0.87      0.78      0.80    565562
          weighted avg       0.99      0.99      0.99    565562

2020-01-08 15:38:18,075 [INFO] Overall accuracy (micro avg): 0.9949978958982393
2020-01-08 15:38:37,852 [INFO] Average metrics for Testing dataset below
   average type  avg accuracy  avg precision  avg detection rate (recall)  avg false alarm rate  avg false negative rate  avg f1
0     Micro avg        0.9950         0.9950                       0.9950                0.0005                   0.0050  0.9950
1     Macro avg        0.9992         0.8749                       0.7801                0.0013                   0.2199  0.7965
2  Weighted avg        0.9958         0.9947                       0.9950                0.0112                   0.0050  0.9946
2020-01-08 15:38:56,446 [INFO] Dataset: Validation. Classification report below
2020-01-08 15:38:56,446 [INFO] 
                        precision    recall  f1-score   support

                BENIGN       1.00      1.00      1.00    454264
                   Bot       0.97      0.36      0.52       391
                  DDoS       1.00      1.00      1.00     25605
         DoS GoldenEye       1.00      0.97      0.98      2059
              DoS Hulk       0.98      0.99      0.98     46025
      DoS Slowhttptest       0.89      0.98      0.93      1099
         DoS slowloris       0.99      0.96      0.98      1159
           FTP-Patator       1.00      1.00      1.00      1587
              PortScan       0.99      1.00      1.00     31761
           SSH-Patator       0.94      0.98      0.96      1180
Web Attack Brute Force       0.65      0.07      0.12       301
        Web Attack XSS       0.57      0.03      0.06       131

              accuracy                           1.00    565562
             macro avg       0.92      0.78      0.79    565562
          weighted avg       0.99      1.00      0.99    565562

2020-01-08 15:38:56,446 [INFO] Overall accuracy (micro avg): 0.9951517251866285
2020-01-08 15:39:16,430 [INFO] Average metrics for Validation dataset below
   average type  avg accuracy  avg precision  avg detection rate (recall)  avg false alarm rate  avg false negative rate  avg f1
0     Micro avg        0.9952         0.9952                       0.9952                0.0004                   0.0048  0.9952
1     Macro avg        0.9992         0.9150                       0.7763                0.0013                   0.2237  0.7937
2  Weighted avg        0.9960         0.9949                       0.9952                0.0107                   0.0048  0.9947
2020-01-08 15:40:18,132 [INFO] Dataset: Training. Classification report below
2020-01-08 15:40:18,132 [INFO] 
                        precision    recall  f1-score   support

                BENIGN       1.00      1.00      1.00   1362791
                   Bot       0.98      0.37      0.54      1174
                  DDoS       1.00      1.00      1.00     76815
         DoS GoldenEye       0.99      0.98      0.98      6176
              DoS Hulk       0.98      0.98      0.98    138074
      DoS Slowhttptest       0.91      0.98      0.94      3300
         DoS slowloris       0.99      0.97      0.98      3478
           FTP-Patator       1.00      0.99      1.00      4761
              PortScan       0.99      1.00      1.00     95282
           SSH-Patator       0.96      0.98      0.97      3538
Web Attack Brute Force       0.72      0.09      0.16       904
        Web Attack XSS       0.86      0.03      0.06       391

              accuracy                           1.00   1696684
             macro avg       0.95      0.78      0.80   1696684
          weighted avg       1.00      1.00      0.99   1696684

2020-01-08 15:40:18,132 [INFO] Overall accuracy (micro avg): 0.9952018171916515
2020-01-08 15:41:24,687 [INFO] Average metrics for Training dataset below
   average type  avg accuracy  avg precision  avg detection rate (recall)  avg false alarm rate  avg false negative rate  avg f1
0     Micro avg        0.9952         0.9952                       0.9952                0.0004                   0.0048  0.9952
1     Macro avg        0.9992         0.9487                       0.7808                0.0013                   0.2192  0.8001
2  Weighted avg        0.9960         0.9951                       0.9952                0.0110                   0.0048  0.9948
2020-01-08 15:41:24,751 [INFO] Results saved to: results_additional_exps/ann_depth_ids17_layers_1/ann_depth_ids17_layers_1_results.xlsx
2020-01-08 15:41:24,756 [INFO] ================= Finished running experiment no. 1 ================= 

2020-01-08 15:41:24,793 [INFO] Created directory: results_additional_exps/ann_depth_ids17_layers_2
