2019-12-21 06:22:03,889 [INFO] Initialized logging. log_filename = results_selected_models/selected_kdd99_ann_deep_rep1/run_log.log
2019-12-21 06:22:03,889 [INFO] ================= Running experiment no. 1  ================= 

2019-12-21 06:22:03,889 [INFO] Experiment parameters given below
2019-12-21 06:22:03,889 [INFO] 
{'experiment_num': 1, 'results_dir': 'results_selected_models/selected_kdd99_ann_deep_rep1', 'model_type': 'classifier', 'model': 'ann', 'normal_label': 'normal', 'training_data_feed': 'preload', 'scaling_type': 'NA', 'ann_layer_units': [64, 32, 64], 'ann_layer_activations': ['relu', 'relu', 'relu'], 'ann_layer_dropout_rates': [0.2, 0.2, 0.2], 'epochs': 300, 'early_stop_patience': 50, 'batch_size': 256, 'training_set': 'train_set_only', 'dataset_dir': '../Datasets/full_datasets/kdd99_five_classes', 'description': 'selected_kdd99_ann_deep_rep1'}
2019-12-21 06:22:03,889 [INFO] Created tensorboard log directory: results_selected_models/selected_kdd99_ann_deep_rep1/tf_logs_run_2019_12_21-06_22_03
2019-12-21 06:22:03,889 [INFO] Loading datsets from: ../Datasets/full_datasets/kdd99_five_classes
2019-12-21 06:22:03,906 [INFO] Reading X, y files
2019-12-21 06:22:03,906 [INFO] Reading HDF dataset ../Datasets/full_datasets/kdd99_five_classes/X_train.h5
2019-12-21 06:22:12,512 [INFO] Reading complete. time_to_read=8.61 seconds
2019-12-21 06:22:12,512 [INFO] Reading HDF dataset ../Datasets/full_datasets/kdd99_five_classes/X_val.h5
2019-12-21 06:22:14,722 [INFO] Reading complete. time_to_read=2.21 seconds
2019-12-21 06:22:14,723 [INFO] Reading HDF dataset ../Datasets/full_datasets/kdd99_five_classes/X_test.h5
2019-12-21 06:22:15,385 [INFO] Reading complete. time_to_read=0.66 seconds
2019-12-21 06:22:15,385 [INFO] Reading HDF dataset ../Datasets/full_datasets/kdd99_five_classes/y_train.h5
2019-12-21 06:22:15,810 [INFO] Reading complete. time_to_read=0.43 seconds
2019-12-21 06:22:15,810 [INFO] Reading HDF dataset ../Datasets/full_datasets/kdd99_five_classes/y_val.h5
2019-12-21 06:22:15,928 [INFO] Reading complete. time_to_read=0.12 seconds
2019-12-21 06:22:15,928 [INFO] Reading HDF dataset ../Datasets/full_datasets/kdd99_five_classes/y_test.h5
2019-12-21 06:22:15,974 [INFO] Reading complete. time_to_read=0.05 seconds
2019-12-21 06:23:10,567 [INFO] Initializing model
2019-12-21 06:23:14,479 [INFO] _________________________________________________________________
2019-12-21 06:23:14,482 [INFO] Layer (type)                 Output Shape              Param #   
2019-12-21 06:23:14,483 [INFO] =================================================================
2019-12-21 06:23:14,484 [INFO] dense_26 (Dense)             (None, 64)                7936      
2019-12-21 06:23:14,485 [INFO] _________________________________________________________________
2019-12-21 06:23:14,485 [INFO] batch_normalization_21 (Batc (None, 64)                256       
2019-12-21 06:23:14,486 [INFO] _________________________________________________________________
2019-12-21 06:23:14,486 [INFO] dropout_21 (Dropout)         (None, 64)                0         
2019-12-21 06:23:14,487 [INFO] _________________________________________________________________
2019-12-21 06:23:14,487 [INFO] dense_27 (Dense)             (None, 32)                2080      
2019-12-21 06:23:14,488 [INFO] _________________________________________________________________
2019-12-21 06:23:14,489 [INFO] batch_normalization_22 (Batc (None, 32)                128       
2019-12-21 06:23:14,490 [INFO] _________________________________________________________________
2019-12-21 06:23:14,490 [INFO] dropout_22 (Dropout)         (None, 32)                0         
2019-12-21 06:23:14,491 [INFO] _________________________________________________________________
2019-12-21 06:23:14,492 [INFO] dense_28 (Dense)             (None, 64)                2112      
2019-12-21 06:23:14,492 [INFO] _________________________________________________________________
2019-12-21 06:23:14,493 [INFO] batch_normalization_23 (Batc (None, 64)                256       
2019-12-21 06:23:14,493 [INFO] _________________________________________________________________
2019-12-21 06:23:14,494 [INFO] dropout_23 (Dropout)         (None, 64)                0         
2019-12-21 06:23:14,495 [INFO] _________________________________________________________________
2019-12-21 06:23:14,495 [INFO] dense_29 (Dense)             (None, 5)                 325       
2019-12-21 06:23:14,496 [INFO] =================================================================
2019-12-21 06:23:14,514 [INFO] Total params: 13,093
2019-12-21 06:23:14,514 [INFO] Trainable params: 12,773
2019-12-21 06:23:14,515 [INFO] Non-trainable params: 320
2019-12-21 06:23:14,515 [INFO] _________________________________________________________________
2019-12-21 06:23:14,516 [INFO] Training model
2019-12-21 07:17:21,448 [INFO] epoch = 30. Intermediate model saved to results_selected_models/selected_kdd99_ann_deep_rep1/ann_model_epoch_30.pickle
2019-12-21 08:08:05,527 [INFO] epoch = 60. Intermediate model saved to results_selected_models/selected_kdd99_ann_deep_rep1/ann_model_epoch_60.pickle
2019-12-21 08:58:53,348 [INFO] epoch = 90. Intermediate model saved to results_selected_models/selected_kdd99_ann_deep_rep1/ann_model_epoch_90.pickle
2019-12-21 09:22:58,932 [INFO] WeightRestorer::on_train_end(): restoring best weights
2019-12-21 09:24:53,606 [INFO] Last epoch loss evaluation: train_loss = 0.000171, val_loss = 0.000216
2019-12-21 09:24:53,606 [INFO] Training complete. time_to_train = 10899.09 sec, 181.65 min
2019-12-21 09:24:53,613 [INFO] Model saved to results_selected_models/selected_kdd99_ann_deep_rep1/best_model.pickle
2019-12-21 09:24:54,190 [INFO] Plot saved to: results_selected_models/selected_kdd99_ann_deep_rep1/training_error_history.png
2019-12-21 09:24:54,312 [INFO] Plot saved to: results_selected_models/selected_kdd99_ann_deep_rep1/training_f1_history.png
2019-12-21 09:24:54,312 [INFO] Making predictions on training, validation, testing data
2019-12-21 09:26:51,929 [INFO] Evaluating predictions (results)
2019-12-21 09:26:56,606 [INFO] Dataset: Testing. Classification report below
2019-12-21 09:26:56,606 [INFO] 
              precision    recall  f1-score   support

         dos       1.00      0.97      0.99    229853
     normal.       0.73      0.99      0.84     60593
       probe       0.79      0.81      0.80      4166
         r2l       0.94      0.03      0.05     13781
         u2r       0.78      0.01      0.01      2636

   micro avg       0.92      0.92      0.92    311029
   macro avg       0.85      0.56      0.54    311029
weighted avg       0.94      0.92      0.90    311029

2019-12-21 09:26:56,607 [INFO] Overall accuracy (micro avg): 0.9237466602792666
2019-12-21 09:27:02,043 [INFO] Average metrics for Testing dataset below
   average type  avg accuracy  avg precision  avg detection rate (recall)  avg false alarm rate  avg false negative rate  avg f1
0     Micro avg        0.9237         0.9237                       0.9237                0.0191                   0.0763  0.9237
1     Macro avg        0.9695         0.8475                       0.5606                0.0193                   0.4394  0.5371
2  Weighted avg        0.9682         0.9385                       0.9237                0.0203                   0.0763  0.9047
2019-12-21 09:27:18,404 [INFO] Dataset: Validation. Classification report below
2019-12-21 09:27:18,404 [INFO] 
              precision    recall  f1-score   support

         dos       1.00      1.00      1.00    776675
     normal.       1.00      1.00      1.00    194556
       probe       1.00      0.99      1.00      8221
         r2l       0.97      0.80      0.88       225
         u2r       0.50      0.30      0.37        10

   micro avg       1.00      1.00      1.00    979687
   macro avg       0.89      0.82      0.85    979687
weighted avg       1.00      1.00      1.00    979687

2019-12-21 09:27:18,404 [INFO] Overall accuracy (micro avg): 0.9998652630891295
2019-12-21 09:27:36,994 [INFO] Average metrics for Validation dataset below
   average type  avg accuracy  avg precision  avg detection rate (recall)  avg false alarm rate  avg false negative rate  avg f1
0     Micro avg        0.9999         0.9999                       0.9999                0.0000                   0.0001  0.9999
1     Macro avg        0.9999         0.8931                       0.8189                0.0000                   0.1811  0.8494
2  Weighted avg        1.0000         0.9999                       0.9999                0.0001                   0.0001  0.9999
2019-12-21 09:28:49,047 [INFO] Dataset: Training. Classification report below
2019-12-21 09:28:49,047 [INFO] 
              precision    recall  f1-score   support

         dos       1.00      1.00      1.00   3106695
     normal.       1.00      1.00      1.00    778225
       probe       1.00      1.00      1.00     32881
         r2l       0.97      0.86      0.91       901
         u2r       0.96      0.60      0.74        42

   micro avg       1.00      1.00      1.00   3918744
   macro avg       0.99      0.89      0.93   3918744
weighted avg       1.00      1.00      1.00   3918744

2019-12-21 09:28:49,047 [INFO] Overall accuracy (micro avg): 0.9998925676186043
2019-12-21 09:30:10,947 [INFO] Average metrics for Training dataset below
   average type  avg accuracy  avg precision  avg detection rate (recall)  avg false alarm rate  avg false negative rate  avg f1
0     Micro avg        0.9999         0.9999                       0.9999                0.0000                   0.0001  0.9999
1     Macro avg        1.0000         0.9862                       0.8906                0.0000                   0.1094  0.9291
2  Weighted avg        1.0000         0.9999                       0.9999                0.0001                   0.0001  0.9999
2019-12-21 09:30:11,023 [INFO] Results saved to: results_selected_models/selected_kdd99_ann_deep_rep1/selected_kdd99_ann_deep_rep1_results.xlsx
2019-12-21 09:30:11,034 [INFO] ================= Finished running experiment no. 1 ================= 

2019-12-21 09:30:11,312 [INFO] Created directory: results_selected_models/selected_kdd99_ann_deep_rep2
