2019-12-30 21:09:00,479 [INFO] Initialized logging. log_filename = results_additional_exps/ann_depth_ids18_subset_layers_4/run_log.log
2019-12-30 21:09:00,479 [INFO] ================= Running experiment no. 4  ================= 

2019-12-30 21:09:00,479 [INFO] Experiment parameters given below
2019-12-30 21:09:00,479 [INFO] 
{'experiment_num': 4, 'results_dir': 'results_additional_exps/ann_depth_ids18_subset_layers_4', 'model_type': 'classifier', 'model': 'ann', 'normal_label': 'BENIGN', 'training_data_feed': 'preload', 'scaling_type': 'NA', 'ann_layer_units': [128, 64, 32, 16], 'ann_layer_activations': ['relu', 'relu', 'relu', 'relu', 'relu', 'relu', 'relu', 'relu', 'relu', 'relu'], 'ann_layer_dropout_rates': [0.2, 0.2, 0.2, 0.2, 0.2, 0.2, 0.2, 0.2, 0.2, 0.2], 'epochs': 200, 'early_stop_patience': 50, 'batch_size': 256, 'training_set': 'train_set_only', 'dataset_dir': '../Datasets/small_datasets/ids2018', 'description': 'ann_depth_ids18_subset_layers_4'}
2019-12-30 21:09:00,480 [INFO] Created tensorboard log directory: results_additional_exps/ann_depth_ids18_subset_layers_4/tf_logs_run_2019_12_30-21_09_00
2019-12-30 21:09:00,480 [INFO] Loading datsets from: ../Datasets/small_datasets/ids2018
2019-12-30 21:09:00,480 [INFO] Reading X, y files
2019-12-30 21:09:00,480 [INFO] Reading HDF dataset ../Datasets/small_datasets/ids2018/X_train.h5
2019-12-30 21:09:04,950 [INFO] Reading complete. time_to_read=4.47 seconds
2019-12-30 21:09:04,950 [INFO] Reading HDF dataset ../Datasets/small_datasets/ids2018/X_val.h5
2019-12-30 21:09:06,483 [INFO] Reading complete. time_to_read=1.53 seconds
2019-12-30 21:09:06,484 [INFO] Reading HDF dataset ../Datasets/small_datasets/ids2018/X_test.h5
2019-12-30 21:09:08,013 [INFO] Reading complete. time_to_read=1.53 seconds
2019-12-30 21:09:08,013 [INFO] Reading HDF dataset ../Datasets/small_datasets/ids2018/y_train.h5
2019-12-30 21:09:08,268 [INFO] Reading complete. time_to_read=0.25 seconds
2019-12-30 21:09:08,268 [INFO] Reading HDF dataset ../Datasets/small_datasets/ids2018/y_val.h5
2019-12-30 21:09:08,353 [INFO] Reading complete. time_to_read=0.08 seconds
2019-12-30 21:09:08,353 [INFO] Reading HDF dataset ../Datasets/small_datasets/ids2018/y_test.h5
2019-12-30 21:09:08,437 [INFO] Reading complete. time_to_read=0.08 seconds
2019-12-30 21:09:12,334 [INFO] Initializing model
2019-12-30 21:09:12,779 [INFO] _________________________________________________________________
2019-12-30 21:09:12,780 [INFO] Layer (type)                 Output Shape              Param #   
2019-12-30 21:09:12,780 [INFO] =================================================================
2019-12-30 21:09:12,780 [INFO] dense_10 (Dense)             (None, 128)               9984      
2019-12-30 21:09:12,780 [INFO] _________________________________________________________________
2019-12-30 21:09:12,780 [INFO] batch_normalization_7 (Batch (None, 128)               512       
2019-12-30 21:09:12,780 [INFO] _________________________________________________________________
2019-12-30 21:09:12,780 [INFO] dropout_7 (Dropout)          (None, 128)               0         
2019-12-30 21:09:12,780 [INFO] _________________________________________________________________
2019-12-30 21:09:12,780 [INFO] dense_11 (Dense)             (None, 64)                8256      
2019-12-30 21:09:12,780 [INFO] _________________________________________________________________
2019-12-30 21:09:12,780 [INFO] batch_normalization_8 (Batch (None, 64)                256       
2019-12-30 21:09:12,780 [INFO] _________________________________________________________________
2019-12-30 21:09:12,780 [INFO] dropout_8 (Dropout)          (None, 64)                0         
2019-12-30 21:09:12,780 [INFO] _________________________________________________________________
2019-12-30 21:09:12,780 [INFO] dense_12 (Dense)             (None, 32)                2080      
2019-12-30 21:09:12,780 [INFO] _________________________________________________________________
2019-12-30 21:09:12,781 [INFO] batch_normalization_9 (Batch (None, 32)                128       
2019-12-30 21:09:12,781 [INFO] _________________________________________________________________
2019-12-30 21:09:12,781 [INFO] dropout_9 (Dropout)          (None, 32)                0         
2019-12-30 21:09:12,781 [INFO] _________________________________________________________________
2019-12-30 21:09:12,781 [INFO] dense_13 (Dense)             (None, 16)                528       
2019-12-30 21:09:12,781 [INFO] _________________________________________________________________
2019-12-30 21:09:12,781 [INFO] batch_normalization_10 (Batc (None, 16)                64        
2019-12-30 21:09:12,781 [INFO] _________________________________________________________________
2019-12-30 21:09:12,781 [INFO] dropout_10 (Dropout)         (None, 16)                0         
2019-12-30 21:09:12,781 [INFO] _________________________________________________________________
2019-12-30 21:09:12,781 [INFO] dense_14 (Dense)             (None, 15)                255       
2019-12-30 21:09:12,781 [INFO] =================================================================
2019-12-30 21:09:12,781 [INFO] Total params: 22,063
2019-12-30 21:09:12,781 [INFO] Trainable params: 21,583
2019-12-30 21:09:12,781 [INFO] Non-trainable params: 480
2019-12-30 21:09:12,782 [INFO] _________________________________________________________________
2019-12-30 21:09:12,782 [INFO] Training model
2019-12-30 21:26:44,414 [INFO] epoch = 20. Intermediate model saved to results_additional_exps/ann_depth_ids18_subset_layers_4/ann_model_epoch_20.pickle
2019-12-30 21:43:36,018 [INFO] epoch = 40. Intermediate model saved to results_additional_exps/ann_depth_ids18_subset_layers_4/ann_model_epoch_40.pickle
2019-12-30 22:00:27,966 [INFO] epoch = 60. Intermediate model saved to results_additional_exps/ann_depth_ids18_subset_layers_4/ann_model_epoch_60.pickle
2019-12-30 22:17:20,391 [INFO] epoch = 80. Intermediate model saved to results_additional_exps/ann_depth_ids18_subset_layers_4/ann_model_epoch_80.pickle
2019-12-30 22:34:13,713 [INFO] epoch = 100. Intermediate model saved to results_additional_exps/ann_depth_ids18_subset_layers_4/ann_model_epoch_100.pickle
2019-12-30 22:51:09,069 [INFO] epoch = 120. Intermediate model saved to results_additional_exps/ann_depth_ids18_subset_layers_4/ann_model_epoch_120.pickle
2019-12-30 23:08:04,069 [INFO] epoch = 140. Intermediate model saved to results_additional_exps/ann_depth_ids18_subset_layers_4/ann_model_epoch_140.pickle
2019-12-30 23:24:59,542 [INFO] epoch = 160. Intermediate model saved to results_additional_exps/ann_depth_ids18_subset_layers_4/ann_model_epoch_160.pickle
2019-12-30 23:41:54,607 [INFO] epoch = 180. Intermediate model saved to results_additional_exps/ann_depth_ids18_subset_layers_4/ann_model_epoch_180.pickle
2019-12-30 23:58:11,264 [INFO] WeightRestorer::on_train_end(): restoring best weights
2019-12-30 23:59:02,334 [INFO] Last epoch loss evaluation: train_loss = 0.007550, val_loss = 0.007585
2019-12-30 23:59:02,334 [INFO] Training complete. time_to_train = 10189.55 sec, 169.83 min
2019-12-30 23:59:02,343 [INFO] Model saved to results_additional_exps/ann_depth_ids18_subset_layers_4/best_model.pickle
2019-12-30 23:59:02,346 [INFO] Training history saved to: results_additional_exps/ann_depth_ids18_subset_layers_4/training_error_history.csv
2019-12-30 23:59:02,485 [INFO] Plot saved to: results_additional_exps/ann_depth_ids18_subset_layers_4/training_error_history.png
2019-12-30 23:59:02,621 [INFO] Plot saved to: results_additional_exps/ann_depth_ids18_subset_layers_4/training_f1_history.png
2019-12-30 23:59:02,621 [INFO] Making predictions on training, validation, testing data
2019-12-30 23:59:58,976 [INFO] Evaluating predictions (results)
2019-12-31 00:00:11,122 [INFO] Dataset: Testing. Classification report below
2019-12-31 00:00:11,122 [INFO] 
                          precision    recall  f1-score   support

                  Benign       0.99      1.00      0.99    535650
                     Bot       1.00      1.00      1.00     11465
        Brute Force -Web       0.00      0.00      0.00        24
        Brute Force -XSS       0.75      0.33      0.46         9
        DDOS attack-HOIC       1.00      1.00      1.00     27447
    DDOS attack-LOIC-UDP       0.69      1.00      0.82        67
  DDoS attacks-LOIC-HTTP       0.99      0.99      0.99     23010
   DoS attacks-GoldenEye       0.99      1.00      1.00      1651
        DoS attacks-Hulk       1.00      1.00      1.00     18478
DoS attacks-SlowHTTPTest       0.73      0.53      0.61      5596
   DoS attacks-Slowloris       0.96      0.98      0.97       440
          FTP-BruteForce       0.71      0.86      0.78      7718
           Infilteration       0.46      0.02      0.03      6404
           SQL Injection       0.00      0.00      0.00         4
          SSH-Bruteforce       1.00      1.00      1.00      7525

               micro avg       0.98      0.98      0.98    645488
               macro avg       0.75      0.71      0.71    645488
            weighted avg       0.98      0.98      0.98    645488

2019-12-31 00:00:11,122 [INFO] Overall accuracy (micro avg): 0.983674367300399
2019-12-31 00:00:24,921 [INFO] Average metrics for Testing dataset below
   average type  avg accuracy  avg precision  avg detection rate (recall)  avg false alarm rate  avg false negative rate  avg f1
0     Micro avg        0.9837         0.9837                       0.9837                0.0012                   0.0163  0.9837
1     Macro avg        0.9978         0.7522                       0.7137                0.0043                   0.2863  0.7104
2  Weighted avg        0.9911         0.9787                       0.9837                0.0489                   0.0163  0.9789
2019-12-31 00:00:37,083 [INFO] Dataset: Validation. Classification report below
2019-12-31 00:00:37,084 [INFO] 
                          precision    recall  f1-score   support

                  Benign       0.99      1.00      0.99    535650
                     Bot       1.00      1.00      1.00     11465
        Brute Force -Web       0.00      0.00      0.00        25
        Brute Force -XSS       1.00      0.67      0.80         9
        DDOS attack-HOIC       1.00      1.00      1.00     27447
    DDOS attack-LOIC-UDP       0.74      0.99      0.84        68
  DDoS attacks-LOIC-HTTP       0.99      0.99      0.99     23009
   DoS attacks-GoldenEye       1.00      1.00      1.00      1651
        DoS attacks-Hulk       1.00      1.00      1.00     18478
DoS attacks-SlowHTTPTest       0.74      0.52      0.61      5596
   DoS attacks-Slowloris       0.95      0.98      0.96       439
          FTP-BruteForce       0.71      0.87      0.78      7718
           Infilteration       0.44      0.02      0.03      6403
           SQL Injection       0.00      0.00      0.00         4
          SSH-Bruteforce       1.00      1.00      1.00      7525

               micro avg       0.98      0.98      0.98    645487
               macro avg       0.77      0.74      0.73    645487
            weighted avg       0.98      0.98      0.98    645487

2019-12-31 00:00:37,084 [INFO] Overall accuracy (micro avg): 0.9837502536844274
2019-12-31 00:00:50,913 [INFO] Average metrics for Validation dataset below
   average type  avg accuracy  avg precision  avg detection rate (recall)  avg false alarm rate  avg false negative rate  avg f1
0     Micro avg        0.9838         0.9838                       0.9838                0.0012                   0.0162  0.9838
1     Macro avg        0.9978         0.7703                       0.7353                0.0043                   0.2647  0.7345
2  Weighted avg        0.9911         0.9785                       0.9838                0.0488                   0.0162  0.9789
2019-12-31 00:01:30,501 [INFO] Dataset: Training. Classification report below
2019-12-31 00:01:30,501 [INFO] 
                          precision    recall  f1-score   support

                  Benign       0.99      1.00      0.99   1606949
                     Bot       1.00      1.00      1.00     34396
        Brute Force -Web       0.00      0.00      0.00        73
        Brute Force -XSS       1.00      0.50      0.67        26
        DDOS attack-HOIC       1.00      1.00      1.00     82341
    DDOS attack-LOIC-UDP       0.71      0.98      0.82       203
  DDoS attacks-LOIC-HTTP       0.99      0.99      0.99     69029
   DoS attacks-GoldenEye       1.00      1.00      1.00      4954
        DoS attacks-Hulk       1.00      1.00      1.00     55435
DoS attacks-SlowHTTPTest       0.74      0.52      0.61     16787
   DoS attacks-Slowloris       0.97      0.99      0.98      1318
          FTP-BruteForce       0.71      0.87      0.78     23153
           Infilteration       0.52      0.02      0.04     19210
           SQL Injection       0.00      0.00      0.00        12
          SSH-Bruteforce       1.00      1.00      1.00     22576

               micro avg       0.98      0.98      0.98   1936462
               macro avg       0.77      0.72      0.73   1936462
            weighted avg       0.98      0.98      0.98   1936462

2019-12-31 00:01:30,501 [INFO] Overall accuracy (micro avg): 0.9837745331434338
2019-12-31 00:02:15,480 [INFO] Average metrics for Training dataset below
   average type  avg accuracy  avg precision  avg detection rate (recall)  avg false alarm rate  avg false negative rate  avg f1
0     Micro avg        0.9838         0.9838                       0.9838                0.0012                   0.0162  0.9838
1     Macro avg        0.9978         0.7745                       0.7248                0.0043                   0.2752  0.7255
2  Weighted avg        0.9911         0.9793                       0.9838                0.0487                   0.0162  0.9790
2019-12-31 00:02:15,519 [INFO] Results saved to: results_additional_exps/ann_depth_ids18_subset_layers_4/ann_depth_ids18_subset_layers_4_results.xlsx
2019-12-31 00:02:15,524 [INFO] ================= Finished running experiment no. 4 ================= 

2019-12-31 00:02:15,603 [INFO] Created directory: results_additional_exps/ann_depth_ids18_subset_layers_5
