2020-01-07 22:38:04,474 [INFO] Initialized logging. log_filename = results_additional_exps/ann_data_efficiency_ids18_p50/run_log.log
2020-01-07 22:38:04,474 [INFO] ================= Running experiment no. 5  ================= 

2020-01-07 22:38:04,474 [INFO] Experiment parameters given below
2020-01-07 22:38:04,474 [INFO] 
{'experiment_num': 5, 'results_dir': 'results_additional_exps/ann_data_efficiency_ids18_p50', 'model_type': 'classifier', 'model': 'ann', 'normal_label': 'BENIGN', 'training_data_feed': 'preload', 'split_random_seed': 42, 'dataset_split_ratio': 0.5, 'ann_layer_units': [64], 'ann_layer_activations': ['relu'], 'ann_layer_dropout_rates': [0.2], 'epochs': 100, 'early_stop_patience': 20, 'batch_size': 256, 'training_set': 'train_set_only', 'dataset_dir': '../Datasets/small_datasets/ids2018', 'description': 'ann_data_efficiency_ids18_p50'}
2020-01-07 22:38:04,474 [INFO] Created tensorboard log directory: results_additional_exps/ann_data_efficiency_ids18_p50/tf_logs_run_2020_01_07-22_38_04
2020-01-07 22:38:04,474 [INFO] Loading datsets from: ../Datasets/small_datasets/ids2018
2020-01-07 22:38:04,475 [INFO] Reading X, y files
2020-01-07 22:38:04,475 [INFO] Reading HDF dataset ../Datasets/small_datasets/ids2018/X_train.h5
2020-01-07 22:38:08,810 [INFO] Reading complete. time_to_read=4.34 seconds
2020-01-07 22:38:08,810 [INFO] Reading HDF dataset ../Datasets/small_datasets/ids2018/X_val.h5
2020-01-07 22:38:10,298 [INFO] Reading complete. time_to_read=1.49 seconds
2020-01-07 22:38:10,298 [INFO] Reading HDF dataset ../Datasets/small_datasets/ids2018/X_test.h5
2020-01-07 22:38:11,788 [INFO] Reading complete. time_to_read=1.49 seconds
2020-01-07 22:38:11,788 [INFO] Reading HDF dataset ../Datasets/small_datasets/ids2018/y_train.h5
2020-01-07 22:38:12,019 [INFO] Reading complete. time_to_read=0.23 seconds
2020-01-07 22:38:12,019 [INFO] Reading HDF dataset ../Datasets/small_datasets/ids2018/y_val.h5
2020-01-07 22:38:12,095 [INFO] Reading complete. time_to_read=0.08 seconds
2020-01-07 22:38:12,095 [INFO] Reading HDF dataset ../Datasets/small_datasets/ids2018/y_test.h5
2020-01-07 22:38:12,171 [INFO] Reading complete. time_to_read=0.08 seconds
2020-01-07 22:38:15,829 [INFO] Initializing model
2020-01-07 22:38:15,933 [INFO] _________________________________________________________________
2020-01-07 22:38:15,933 [INFO] Layer (type)                 Output Shape              Param #   
2020-01-07 22:38:15,933 [INFO] =================================================================
2020-01-07 22:38:15,934 [INFO] dense_9 (Dense)              (None, 64)                4992      
2020-01-07 22:38:15,934 [INFO] _________________________________________________________________
2020-01-07 22:38:15,934 [INFO] batch_normalization_5 (Batch (None, 64)                256       
2020-01-07 22:38:15,934 [INFO] _________________________________________________________________
2020-01-07 22:38:15,934 [INFO] dropout_5 (Dropout)          (None, 64)                0         
2020-01-07 22:38:15,934 [INFO] _________________________________________________________________
2020-01-07 22:38:15,934 [INFO] dense_10 (Dense)             (None, 15)                975       
2020-01-07 22:38:15,934 [INFO] =================================================================
2020-01-07 22:38:15,934 [INFO] Total params: 6,223
2020-01-07 22:38:15,934 [INFO] Trainable params: 6,095
2020-01-07 22:38:15,934 [INFO] Non-trainable params: 128
2020-01-07 22:38:15,934 [INFO] _________________________________________________________________
2020-01-07 22:38:15,934 [INFO] Training model
2020-01-07 22:38:15,934 [INFO] Splitting train set into 2 sets (set1, set2), random_seed = 42
2020-01-07 22:38:36,328 [INFO] Split sizes (instances). total = 1936462, set1 = 968231, set2 = 968231, set1 dataset hash = df2add71ad9b72cb5233a111509b2b74ff33670a
2020-01-07 22:41:41,351 [INFO] epoch = 10. Intermediate model saved to results_additional_exps/ann_data_efficiency_ids18_p50/ann_model_epoch_10.pickle
2020-01-07 22:44:33,233 [INFO] epoch = 20. Intermediate model saved to results_additional_exps/ann_data_efficiency_ids18_p50/ann_model_epoch_20.pickle
2020-01-07 22:47:26,348 [INFO] epoch = 30. Intermediate model saved to results_additional_exps/ann_data_efficiency_ids18_p50/ann_model_epoch_30.pickle
2020-01-07 22:50:17,470 [INFO] epoch = 40. Intermediate model saved to results_additional_exps/ann_data_efficiency_ids18_p50/ann_model_epoch_40.pickle
2020-01-07 22:53:08,339 [INFO] epoch = 50. Intermediate model saved to results_additional_exps/ann_data_efficiency_ids18_p50/ann_model_epoch_50.pickle
2020-01-07 22:56:00,688 [INFO] epoch = 60. Intermediate model saved to results_additional_exps/ann_data_efficiency_ids18_p50/ann_model_epoch_60.pickle
2020-01-07 22:58:53,209 [INFO] epoch = 70. Intermediate model saved to results_additional_exps/ann_data_efficiency_ids18_p50/ann_model_epoch_70.pickle
2020-01-07 23:01:44,739 [INFO] epoch = 80. Intermediate model saved to results_additional_exps/ann_data_efficiency_ids18_p50/ann_model_epoch_80.pickle
2020-01-07 23:04:10,009 [INFO] WeightRestorer::on_train_end(): restoring best weights
2020-01-07 23:04:30,857 [INFO] Last epoch loss evaluation: train_loss = 0.007826, val_loss = 0.007855
2020-01-07 23:04:30,901 [INFO] Training complete. time_to_train = 1574.97 sec, 26.25 min
2020-01-07 23:04:30,904 [INFO] Model saved to results_additional_exps/ann_data_efficiency_ids18_p50/best_model.pickle
2020-01-07 23:04:30,906 [INFO] Training history saved to: results_additional_exps/ann_data_efficiency_ids18_p50/training_error_history.csv
2020-01-07 23:04:31,076 [INFO] Plot saved to: results_additional_exps/ann_data_efficiency_ids18_p50/training_error_history.png
2020-01-07 23:04:31,240 [INFO] Plot saved to: results_additional_exps/ann_data_efficiency_ids18_p50/training_f1_history.png
2020-01-07 23:04:31,240 [INFO] Making predictions on training, validation, testing data
2020-01-07 23:05:03,181 [INFO] Evaluating predictions (results)
2020-01-07 23:05:15,171 [INFO] Dataset: Testing. Classification report below
2020-01-07 23:05:15,171 [INFO] 
                          precision    recall  f1-score   support

                  Benign       0.99      1.00      0.99    535650
                     Bot       1.00      1.00      1.00     11465
        Brute Force -Web       1.00      0.12      0.22        24
        Brute Force -XSS       1.00      0.33      0.50         9
        DDOS attack-HOIC       1.00      1.00      1.00     27447
    DDOS attack-LOIC-UDP       0.79      0.45      0.57        67
  DDoS attacks-LOIC-HTTP       0.99      0.99      0.99     23010
   DoS attacks-GoldenEye       0.99      1.00      0.99      1651
        DoS attacks-Hulk       1.00      1.00      1.00     18478
DoS attacks-SlowHTTPTest       0.72      0.47      0.57      5596
   DoS attacks-Slowloris       0.92      0.96      0.94       440
          FTP-BruteForce       0.69      0.87      0.77      7718
           Infilteration       0.47      0.01      0.02      6404
           SQL Injection       1.00      0.50      0.67         4
          SSH-Bruteforce       1.00      1.00      1.00      7525

               micro avg       0.98      0.98      0.98    645488
               macro avg       0.90      0.71      0.75    645488
            weighted avg       0.98      0.98      0.98    645488

2020-01-07 23:05:15,171 [INFO] Overall accuracy (micro avg): 0.9831336910988275
2020-01-07 23:05:28,807 [INFO] Average metrics for Testing dataset below
   average type  avg accuracy  avg precision  avg detection rate (recall)  avg false alarm rate  avg false negative rate  avg f1
0     Micro avg        0.9831         0.9831                       0.9831                0.0012                   0.0169  0.9831
1     Macro avg        0.9978         0.9042                       0.7134                0.0044                   0.2866  0.7495
2  Weighted avg        0.9910         0.9782                       0.9831                0.0494                   0.0169  0.9781
2020-01-07 23:05:40,822 [INFO] Dataset: Validation. Classification report below
2020-01-07 23:05:40,822 [INFO] 
                          precision    recall  f1-score   support

                  Benign       0.99      1.00      0.99    535650
                     Bot       1.00      1.00      1.00     11465
        Brute Force -Web       1.00      0.20      0.33        25
        Brute Force -XSS       1.00      0.67      0.80         9
        DDOS attack-HOIC       1.00      1.00      1.00     27447
    DDOS attack-LOIC-UDP       0.74      0.43      0.54        68
  DDoS attacks-LOIC-HTTP       0.99      0.99      0.99     23009
   DoS attacks-GoldenEye       0.99      1.00      0.99      1651
        DoS attacks-Hulk       1.00      1.00      1.00     18478
DoS attacks-SlowHTTPTest       0.73      0.46      0.57      5596
   DoS attacks-Slowloris       0.92      0.96      0.94       439
          FTP-BruteForce       0.69      0.88      0.77      7718
           Infilteration       0.46      0.01      0.02      6403
           SQL Injection       1.00      0.25      0.40         4
          SSH-Bruteforce       1.00      1.00      1.00      7525

               micro avg       0.98      0.98      0.98    645487
               macro avg       0.90      0.72      0.76    645487
            weighted avg       0.98      0.98      0.98    645487

2020-01-07 23:05:40,822 [INFO] Overall accuracy (micro avg): 0.9831785922876836
2020-01-07 23:05:54,454 [INFO] Average metrics for Validation dataset below
   average type  avg accuracy  avg precision  avg detection rate (recall)  avg false alarm rate  avg false negative rate  avg f1
0     Micro avg        0.9832         0.9832                       0.9832                0.0012                   0.0168  0.9832
1     Macro avg        0.9978         0.9010                       0.7230                0.0044                   0.2770  0.7572
2  Weighted avg        0.9910         0.9782                       0.9832                0.0493                   0.0168  0.9782
2020-01-07 23:06:33,689 [INFO] Dataset: Training. Classification report below
2020-01-07 23:06:33,689 [INFO] 
                          precision    recall  f1-score   support

                  Benign       0.99      1.00      0.99   1606949
                     Bot       1.00      1.00      1.00     34396
        Brute Force -Web       1.00      0.12      0.22        73
        Brute Force -XSS       0.93      0.50      0.65        26
        DDOS attack-HOIC       1.00      1.00      1.00     82341
    DDOS attack-LOIC-UDP       0.78      0.46      0.58       203
  DDoS attacks-LOIC-HTTP       0.99      0.99      0.99     69029
   DoS attacks-GoldenEye       0.99      1.00      1.00      4954
        DoS attacks-Hulk       1.00      1.00      1.00     55435
DoS attacks-SlowHTTPTest       0.73      0.46      0.56     16787
   DoS attacks-Slowloris       0.94      0.98      0.96      1318
          FTP-BruteForce       0.69      0.87      0.77     23153
           Infilteration       0.52      0.01      0.03     19210
           SQL Injection       1.00      0.33      0.50        12
          SSH-Bruteforce       1.00      1.00      1.00     22576

               micro avg       0.98      0.98      0.98   1936462
               macro avg       0.90      0.72      0.75   1936462
            weighted avg       0.98      0.98      0.98   1936462

2020-01-07 23:06:33,689 [INFO] Overall accuracy (micro avg): 0.9831951259565125
2020-01-07 23:07:18,238 [INFO] Average metrics for Training dataset below
   average type  avg accuracy  avg precision  avg detection rate (recall)  avg false alarm rate  avg false negative rate  avg f1
0     Micro avg        0.9832         0.9832                       0.9832                0.0012                   0.0168  0.9832
1     Macro avg        0.9978         0.9039                       0.7158                0.0044                   0.2842  0.7503
2  Weighted avg        0.9910         0.9788                       0.9832                0.0492                   0.0168  0.9782
2020-01-07 23:07:18,297 [INFO] Results saved to: results_additional_exps/ann_data_efficiency_ids18_p50/ann_data_efficiency_ids18_p50_results.xlsx
2020-01-07 23:07:18,301 [INFO] ================= Finished running experiment no. 5 ================= 

2020-01-07 23:07:18,383 [INFO] Created directory: results_additional_exps/ann_data_efficiency_ids18_p60
