2019-12-23 14:25:12,193 [INFO] Initialized logging. log_filename = results_selected_models/selected_kdd99_ae_ann_shallow_rep2/run_log.log
2019-12-23 14:25:12,193 [INFO] ================= Running experiment no. 2  ================= 

2019-12-23 14:25:12,193 [INFO] Experiment parameters given below
2019-12-23 14:25:12,193 [INFO] 
{'experiment_num': 2, 'results_dir': 'results_selected_models/selected_kdd99_ae_ann_shallow_rep2', 'model_type': 'classifier', 'model': 'ae_ann', 'normal_label': 'normal', 'scaling_type': 'NA', 'unsupervised_ratio': 0.5, 'ae_encoder_units': [32], 'ae_encoder_activations': ['relu'], 'ae_encoder_dropout_rates': [0.2], 'ae_encoder_l1_param': -1, 'ae_decoder_units': '', 'ae_decoder_activations': '', 'ae_decoder_dropout_rates': '', 'output_activation': 'relu', 'loss_function': 'mean_squared_error', 'ae_epochs': 200, 'ann_layer_units': [32], 'ann_layer_activations': ['relu'], 'ann_layer_dropout_rates': [0.2], 'ann_epochs': 200, 'early_stop_patience': 50, 'batch_size': 256, 'dataset_dir': '../Datasets/full_datasets/kdd99_five_classes', 'description': 'selected_kdd99_ae_ann_shallow_rep2'}
2019-12-23 14:25:12,193 [INFO] Created tensorboard log directory: results_selected_models/selected_kdd99_ae_ann_shallow_rep2/tf_logs_run_2019_12_23-14_25_12
2019-12-23 14:25:12,193 [INFO] Loading datsets from: ../Datasets/full_datasets/kdd99_five_classes
2019-12-23 14:25:12,193 [INFO] Reading X, y files
2019-12-23 14:25:12,193 [INFO] Reading HDF dataset ../Datasets/full_datasets/kdd99_five_classes/X_train.h5
2019-12-23 14:25:18,560 [INFO] Reading complete. time_to_read=6.37 seconds
2019-12-23 14:25:18,561 [INFO] Reading HDF dataset ../Datasets/full_datasets/kdd99_five_classes/X_val.h5
2019-12-23 14:25:20,174 [INFO] Reading complete. time_to_read=1.61 seconds
2019-12-23 14:25:20,174 [INFO] Reading HDF dataset ../Datasets/full_datasets/kdd99_five_classes/X_test.h5
2019-12-23 14:25:20,629 [INFO] Reading complete. time_to_read=0.46 seconds
2019-12-23 14:25:20,629 [INFO] Reading HDF dataset ../Datasets/full_datasets/kdd99_five_classes/y_train.h5
2019-12-23 14:25:20,836 [INFO] Reading complete. time_to_read=0.21 seconds
2019-12-23 14:25:20,836 [INFO] Reading HDF dataset ../Datasets/full_datasets/kdd99_five_classes/y_val.h5
2019-12-23 14:25:20,889 [INFO] Reading complete. time_to_read=0.05 seconds
2019-12-23 14:25:20,889 [INFO] Reading HDF dataset ../Datasets/full_datasets/kdd99_five_classes/y_test.h5
2019-12-23 14:25:20,908 [INFO] Reading complete. time_to_read=0.02 seconds
2019-12-23 14:25:28,052 [INFO] Initializing model
2019-12-23 14:25:28,167 [INFO] _________________________________________________________________
2019-12-23 14:25:28,167 [INFO] Layer (type)                 Output Shape              Param #   
2019-12-23 14:25:28,167 [INFO] =================================================================
2019-12-23 14:25:28,167 [INFO] dense_5 (Dense)              (None, 32)                3968      
2019-12-23 14:25:28,167 [INFO] _________________________________________________________________
2019-12-23 14:25:28,167 [INFO] batch_normalization_3 (Batch (None, 32)                128       
2019-12-23 14:25:28,167 [INFO] _________________________________________________________________
2019-12-23 14:25:28,168 [INFO] dropout_3 (Dropout)          (None, 32)                0         
2019-12-23 14:25:28,168 [INFO] _________________________________________________________________
2019-12-23 14:25:28,168 [INFO] dense_6 (Dense)              (None, 123)               4059      
2019-12-23 14:25:28,168 [INFO] =================================================================
2019-12-23 14:25:28,168 [INFO] Total params: 8,155
2019-12-23 14:25:28,168 [INFO] Trainable params: 8,091
2019-12-23 14:25:28,168 [INFO] Non-trainable params: 64
2019-12-23 14:25:28,168 [INFO] _________________________________________________________________
2019-12-23 14:25:28,287 [INFO] _________________________________________________________________
2019-12-23 14:25:28,287 [INFO] Layer (type)                 Output Shape              Param #   
2019-12-23 14:25:28,288 [INFO] =================================================================
2019-12-23 14:25:28,288 [INFO] dense_7 (Dense)              (None, 32)                1056      
2019-12-23 14:25:28,288 [INFO] _________________________________________________________________
2019-12-23 14:25:28,288 [INFO] batch_normalization_4 (Batch (None, 32)                128       
2019-12-23 14:25:28,288 [INFO] _________________________________________________________________
2019-12-23 14:25:28,288 [INFO] dropout_4 (Dropout)          (None, 32)                0         
2019-12-23 14:25:28,288 [INFO] _________________________________________________________________
2019-12-23 14:25:28,288 [INFO] dense_8 (Dense)              (None, 5)                 165       
2019-12-23 14:25:28,288 [INFO] =================================================================
2019-12-23 14:25:28,289 [INFO] Total params: 1,349
2019-12-23 14:25:28,289 [INFO] Trainable params: 1,285
2019-12-23 14:25:28,289 [INFO] Non-trainable params: 64
2019-12-23 14:25:28,289 [INFO] _________________________________________________________________
2019-12-23 14:25:28,289 [INFO] Training model
2019-12-23 14:25:28,289 [INFO] Splitting train set into 2 sets (unsupervised, supervised), random_seed = None
2019-12-23 14:26:09,065 [INFO] Split sizes (instances). total = 3918744, unsupervised = 1959372, supervised = 1959372, unsupervised dataset hash = c0034363f187b98ba91274700b7a2d79509e3a71
2019-12-23 14:26:09,065 [INFO] Training autoencoder
2019-12-23 14:36:40,495 [INFO] epoch = 20. Intermediate model saved to results_selected_models/selected_kdd99_ae_ann_shallow_rep2/ae_model_epoch_20.pickle
2019-12-23 14:46:38,724 [INFO] epoch = 40. Intermediate model saved to results_selected_models/selected_kdd99_ae_ann_shallow_rep2/ae_model_epoch_40.pickle
2019-12-23 14:55:39,349 [INFO] WeightRestorer::on_train_end(): restoring best weights
2019-12-23 14:56:48,254 [INFO] Last epoch loss evaluation: train_loss = 0.490030, val_loss = 0.392839
2019-12-23 14:56:48,254 [INFO] Training autoencoder complete
2019-12-23 14:56:48,254 [INFO] Encoding data for supervised training
2019-12-23 14:57:38,766 [INFO] Encoding complete
2019-12-23 14:57:38,766 [INFO] Training neural network layers (after autoencoder)
2019-12-23 15:09:03,004 [INFO] epoch = 20. Intermediate model saved to results_selected_models/selected_kdd99_ae_ann_shallow_rep2/ann_model_epoch_20.pickle
2019-12-23 15:20:08,316 [INFO] epoch = 40. Intermediate model saved to results_selected_models/selected_kdd99_ae_ann_shallow_rep2/ann_model_epoch_40.pickle
2019-12-23 15:31:14,100 [INFO] epoch = 60. Intermediate model saved to results_selected_models/selected_kdd99_ae_ann_shallow_rep2/ann_model_epoch_60.pickle
2019-12-23 15:42:19,790 [INFO] epoch = 80. Intermediate model saved to results_selected_models/selected_kdd99_ae_ann_shallow_rep2/ann_model_epoch_80.pickle
2019-12-23 15:53:24,809 [INFO] epoch = 100. Intermediate model saved to results_selected_models/selected_kdd99_ae_ann_shallow_rep2/ann_model_epoch_100.pickle
2019-12-23 16:04:30,406 [INFO] epoch = 120. Intermediate model saved to results_selected_models/selected_kdd99_ae_ann_shallow_rep2/ann_model_epoch_120.pickle
2019-12-23 16:15:36,071 [INFO] epoch = 140. Intermediate model saved to results_selected_models/selected_kdd99_ae_ann_shallow_rep2/ann_model_epoch_140.pickle
2019-12-23 16:26:41,463 [INFO] epoch = 160. Intermediate model saved to results_selected_models/selected_kdd99_ae_ann_shallow_rep2/ann_model_epoch_160.pickle
2019-12-23 16:37:47,153 [INFO] epoch = 180. Intermediate model saved to results_selected_models/selected_kdd99_ae_ann_shallow_rep2/ann_model_epoch_180.pickle
2019-12-23 16:48:35,625 [INFO] WeightRestorer::on_train_end(): restoring best weights
2019-12-23 16:49:30,519 [INFO] Last epoch loss evaluation: train_loss = 0.000431, val_loss = 0.000586
2019-12-23 16:49:30,541 [INFO] Training complete. time_to_train = 8642.25 sec, 144.04 min
2019-12-23 16:49:30,549 [INFO] Model saved to results_selected_models/selected_kdd99_ae_ann_shallow_rep2/best_model.pickle
2019-12-23 16:49:30,736 [INFO] Plot saved to: results_selected_models/selected_kdd99_ae_ann_shallow_rep2/training_error_history.png
2019-12-23 16:49:30,911 [INFO] Plot saved to: results_selected_models/selected_kdd99_ae_ann_shallow_rep2/training_f1_history.png
2019-12-23 16:49:30,911 [INFO] Making predictions on training, validation, testing data
2019-12-23 16:52:21,337 [INFO] Evaluating predictions (results)
2019-12-23 16:52:30,019 [INFO] Dataset: Testing. Classification report below
2019-12-23 16:52:30,019 [INFO] 
              precision    recall  f1-score   support

         dos       1.00      0.97      0.99    229853
     normal.       0.73      0.98      0.84     60593
       probe       0.75      0.74      0.75      4166
         r2l       0.99      0.05      0.10     13781
         u2r       0.51      0.01      0.01      2636

    accuracy                           0.92    311029
   macro avg       0.80      0.55      0.54    311029
weighted avg       0.94      0.92      0.91    311029

2019-12-23 16:52:30,019 [INFO] Overall accuracy (micro avg): 0.9232676052715342
2019-12-23 16:52:39,314 [INFO] Average metrics for Testing dataset below
   average type  avg accuracy  avg precision  avg detection rate (recall)  avg false alarm rate  avg false negative rate  avg f1
0     Micro avg        0.9233         0.9233                       0.9233                0.0192                   0.0767  0.9233
1     Macro avg        0.9693         0.7953                       0.5521                0.0199                   0.4479  0.5368
2  Weighted avg        0.9675         0.9370                       0.9233                0.0226                   0.0767  0.9057
2019-12-23 16:53:09,581 [INFO] Dataset: Validation. Classification report below
2019-12-23 16:53:09,582 [INFO] 
              precision    recall  f1-score   support

         dos       1.00      1.00      1.00    776675
     normal.       1.00      1.00      1.00    194556
       probe       0.99      0.99      0.99      8221
         r2l       0.85      0.78      0.81       225
         u2r       0.21      0.30      0.25        10

    accuracy                           1.00    979687
   macro avg       0.81      0.81      0.81    979687
weighted avg       1.00      1.00      1.00    979687

2019-12-23 16:53:09,582 [INFO] Overall accuracy (micro avg): 0.9996917382796751
2019-12-23 16:53:42,229 [INFO] Average metrics for Validation dataset below
   average type  avg accuracy  avg precision  avg detection rate (recall)  avg false alarm rate  avg false negative rate  avg f1
0     Micro avg        0.9997         0.9997                       0.9997                0.0001                   0.0003  0.9997
1     Macro avg        0.9999         0.8102                       0.8141                0.0001                   0.1859  0.8105
2  Weighted avg        0.9999         0.9997                       0.9997                0.0003                   0.0003  0.9997
2019-12-23 16:55:55,901 [INFO] Dataset: Training. Classification report below
2019-12-23 16:55:55,901 [INFO] 
              precision    recall  f1-score   support

         dos       1.00      1.00      1.00   3106695
     normal.       1.00      1.00      1.00    778225
       probe       0.99      0.99      0.99     32881
         r2l       0.87      0.81      0.84       901
         u2r       0.33      0.52      0.41        42

    accuracy                           1.00   3918744
   macro avg       0.84      0.86      0.85   3918744
weighted avg       1.00      1.00      1.00   3918744

2019-12-23 16:55:55,901 [INFO] Overall accuracy (micro avg): 0.9997203185510459
2019-12-23 16:58:20,161 [INFO] Average metrics for Training dataset below
   average type  avg accuracy  avg precision  avg detection rate (recall)  avg false alarm rate  avg false negative rate  avg f1
0     Micro avg        0.9997         0.9997                       0.9997                0.0001                   0.0003  0.9997
1     Macro avg        0.9999         0.8394                       0.8635                0.0001                   0.1365  0.8469
2  Weighted avg        0.9999         0.9997                       0.9997                0.0003                   0.0003  0.9997
2019-12-23 16:58:20,208 [INFO] Results saved to: results_selected_models/selected_kdd99_ae_ann_shallow_rep2/selected_kdd99_ae_ann_shallow_rep2_results.xlsx
2019-12-23 16:58:20,215 [INFO] ================= Finished running experiment no. 2 ================= 

2019-12-23 16:58:20,239 [INFO] Created directory: results_selected_models/selected_kdd99_ae_ann_shallow_rep3
